DKMS make.log for beegfs-7.1.5 for kernel 4.19.0-20-amd64 (x86_64)
Tue Mar 22 09:07:47 UTC 2022
make: Entering directory '/var/lib/dkms/beegfs/7.1.5/build/build'
make -C /lib/modules/4.19.0-20-amd64/build "M=/var/lib/dkms/beegfs/7.1.5/build/build/../source" \
"EXTRA_CFLAGS=  -DOFED_HAS_SET_SERVICE_TYPE   -DOFED_SPLIT_WR -DOFED_UNSAFE_GLOBAL_RKEY  -DKERNEL_HAS_IHOLD -DKERNEL_HAS_FSYNC_RANGE -DKERNEL_HAS_S_D_OP  -DKERNEL_HAS_PDE_DATA -DKERNEL_HAS_I_UID_READ -DKERNEL_HAS_ATOMIC_OPEN -DKERNEL_HAS_UMODE_T -DKERNEL_HAS_DIRECT_IO_ITER -DKERNEL_HAS_FILE_INODE   -DKERNEL_HAS_POSIX_GET_ACL -DKERNEL_HAS_CONST_XATTR_HANDLER   -DKERNEL_HAS_IOV_ITER_TRUNCATE  -DKERNEL_HAS_CURRENT_UMASK -DKERNEL_HAS_SHOW_OPTIONS_DENTRY -DKERNEL_HAS_XATTR_HANDLER_PTR_ARG -DKERNEL_HAS_DENTRY_XATTR_HANDLER -DKERNEL_HAS_XATTR_HANDLER_NAME -DKERNEL_HAS_LOCKS_LOCK_INODE_WAIT -DKERNEL_HAS_GET_LINK -DKERNEL_HAS_I_MMAP_LOCK -DKERNEL_HAS_I_MMAP_RWSEM   -DKERNEL_HAS_I_MMAP_CACHED_RBTREE   -DKERNEL_HAS_IOV_DIO  -DKERNEL_HAS_XATTR_HANDLERS_INODE_ARG -DKERNEL_HAS_INODE_LOCK  -DKERNEL_HAS_PAGE_ENDIO  -DKERNEL_HAS_FILE_REMOVE_PRIVS  -DKERNEL_HAS_MEMDUP_USER -DKERNEL_HAS_FAULTATTR_DNAME  -DKERNEL_HAS_SOCK_CREATE_KERN_NS -DKERNEL_HAS_SOCK_SENDMSG_NOLEN -DKERNEL_HAS_MSGHDR_ITER -DKERNEL_HAS_IOV_ITER_INIT_DIR -DKERNEL_HAS_ITER_BVEC -DKERNEL_HAS_ITER_IS_IOVEC  -DKERNEL_HAS_IOV_ITER_IOVEC   -DKERNEL_HAS_SET_NLINK -DKERNEL_HAS_DENTRY_PATH_RAW   -DKERNEL_HAS_ITER_FILE_SPLICE_WRITE  -DKERNEL_HAS_ITERATE_DIR -DKERNEL_HAS_ENCODE_FH_INODE -DKERNEL_HAS_D_DELETE_CONST_ARG  -DKERNEL_HAS_POSIX_ACL_XATTR_USERNS_ARG -DKERNEL_HAS_D_MAKE_ROOT -DKERNEL_HAS_GENERIC_WRITE_CHECKS_ITER -DKERNEL_HAS_GENERIC_PERMISSION_2  -DKERNEL_HAS_WRITE_ITER  -DKERNEL_HAS_INVALIDATEPAGE_RANGE -DKERNEL_HAS_PERMISSION_2     -DKERNEL_HAS_SB_BDI     -DKERNEL_HAS_SET_ACL -DKERNEL_HAS_IOCB_DIRECT  -DKERNEL_HAS_COPY_FROM_ITER -DKERNEL_HAS_ALLOC_WORKQUEUE  -DKERNEL_HAS_WAIT_QUEUE_ENTRY_T  -DKERNEL_HAS_64BIT_TIMESTAMPS -DKERNEL_HAS_KTIME_GET -DKERNEL_HAS_SB_NODIRATIME  -DKERNEL_HAS_SETATTR_PREPARE  -DKERNEL_HAS_RENAME_FLAGS -DKERNEL_ACCESS_OK_WANTS_TYPE -I/var/lib/dkms/beegfs/7.1.5/build/build/../source -Wextra -Wno-unused-parameter -Wno-missing-field-initializers -DBEEGFS_MODULE_NAME_STR='\"beegfs\"' -Wno-type-limits -Wuninitialized '-DBEEGFS_VERSION=\"7.1.5\"' "  modules
make[1]: Entering directory '/usr/src/linux-headers-4.19.0-20-amd64'
  CC [M]  /var/lib/dkms/beegfs/7.1.5/build/build/../source/fault-inject/fault-inject.o
  CC [M]  /var/lib/dkms/beegfs/7.1.5/build/build/../source/os/atomic64.o
  CC [M]  /var/lib/dkms/beegfs/7.1.5/build/build/../source/os/OsCompat.o
  CC [M]  /var/lib/dkms/beegfs/7.1.5/build/build/../source/os/OsDeps.o
  CC [M]  /var/lib/dkms/beegfs/7.1.5/build/build/../source/net/message/NetMessageFactory.o
  CC [M]  /var/lib/dkms/beegfs/7.1.5/build/build/../source/net/filesystem/FhgfsOpsCommKit.o
  CC [M]  /var/lib/dkms/beegfs/7.1.5/build/build/../source/net/filesystem/FhgfsOpsRemoting.o
  CC [M]  /var/lib/dkms/beegfs/7.1.5/build/build/../source/net/filesystem/FhgfsOpsCommKitVec.o
  CC [M]  /var/lib/dkms/beegfs/7.1.5/build/build/../source/common/system/System.o
  CC [M]  /var/lib/dkms/beegfs/7.1.5/build/build/../source/common/net/sock/Socket.o
  CC [M]  /var/lib/dkms/beegfs/7.1.5/build/build/../source/common/net/sock/NicAddress.o
  CC [M]  /var/lib/dkms/beegfs/7.1.5/build/build/../source/common/net/sock/NetworkInterfaceCard.o
  CC [M]  /var/lib/dkms/beegfs/7.1.5/build/build/../source/common/net/sock/RDMASocket.o
  CC [M]  /var/lib/dkms/beegfs/7.1.5/build/build/../source/common/net/sock/ibv/IBVSocket.o
  CC [M]  /var/lib/dkms/beegfs/7.1.5/build/build/../source/common/net/sock/ibv/IBVBuffer.o
  CC [M]  /var/lib/dkms/beegfs/7.1.5/build/build/../source/common/net/sock/ibv/No_IBVSocket.o
  CC [M]  /var/lib/dkms/beegfs/7.1.5/build/build/../source/common/net/sock/StandardSocket.o
  CC [M]  /var/lib/dkms/beegfs/7.1.5/build/build/../source/common/net/message/control/PeerInfoMsg.o
  CC [M]  /var/lib/dkms/beegfs/7.1.5/build/build/../source/common/net/message/helperd/GetHostByNameMsg.o
  CC [M]  /var/lib/dkms/beegfs/7.1.5/build/build/../source/common/net/message/helperd/LogMsg.o
  CC [M]  /var/lib/dkms/beegfs/7.1.5/build/build/../source/common/net/message/helperd/GetHostByNameRespMsg.o
  CC [M]  /var/lib/dkms/beegfs/7.1.5/build/build/../source/common/net/message/SimpleIntMsg.o
  CC [M]  /var/lib/dkms/beegfs/7.1.5/build/build/../source/common/net/message/NetMessage.o
  CC [M]  /var/lib/dkms/beegfs/7.1.5/build/build/../source/common/net/message/session/locking/FLockEntryMsg.o
  CC [M]  /var/lib/dkms/beegfs/7.1.5/build/build/../source/common/net/message/session/locking/FLockAppendMsg.o
  CC [M]  /var/lib/dkms/beegfs/7.1.5/build/build/../source/common/net/message/session/locking/LockGrantedMsgEx.o
  CC [M]  /var/lib/dkms/beegfs/7.1.5/build/build/../source/common/net/message/session/locking/FLockRangeMsg.o
  CC [M]  /var/lib/dkms/beegfs/7.1.5/build/build/../source/common/net/message/session/GetFileVersionRespMsg.o
  CC [M]  /var/lib/dkms/beegfs/7.1.5/build/build/../source/common/net/message/session/rw/ReadLocalFileV2Msg.o
  CC [M]  /var/lib/dkms/beegfs/7.1.5/build/build/../source/common/net/message/session/rw/WriteLocalFileMsg.o
  CC [M]  /var/lib/dkms/beegfs/7.1.5/build/build/../source/common/net/message/session/FSyncLocalFileMsg.o
  CC [M]  /var/lib/dkms/beegfs/7.1.5/build/build/../source/common/net/message/session/GetFileVersionMsg.o
  CC [M]  /var/lib/dkms/beegfs/7.1.5/build/build/../source/common/net/message/session/opening/OpenFileMsg.o
  CC [M]  /var/lib/dkms/beegfs/7.1.5/build/build/../source/common/net/message/session/opening/OpenFileRespMsg.o
  CC [M]  /var/lib/dkms/beegfs/7.1.5/build/build/../source/common/net/message/session/opening/CloseFileMsg.o
  CC [M]  /var/lib/dkms/beegfs/7.1.5/build/build/../source/common/net/message/session/BumpFileVersion.o
  CC [M]  /var/lib/dkms/beegfs/7.1.5/build/build/../source/common/net/message/SimpleInt64Msg.o
  CC [M]  /var/lib/dkms/beegfs/7.1.5/build/build/../source/common/net/message/SimpleUInt16Msg.o
  CC [M]  /var/lib/dkms/beegfs/7.1.5/build/build/../source/common/net/message/SimpleStringMsg.o
  CC [M]  /var/lib/dkms/beegfs/7.1.5/build/build/../source/common/net/message/SimpleIntStringMsg.o
  CC [M]  /var/lib/dkms/beegfs/7.1.5/build/build/../source/common/net/message/nodes/RegisterNodeMsg.o
  CC [M]  /var/lib/dkms/beegfs/7.1.5/build/build/../source/common/net/message/nodes/RegisterNodeRespMsg.o
  CC [M]  /var/lib/dkms/beegfs/7.1.5/build/build/../source/common/net/message/nodes/HeartbeatRequestMsgEx.o
  CC [M]  /var/lib/dkms/beegfs/7.1.5/build/build/../source/common/net/message/nodes/MapTargetsMsgEx.o
  CC [M]  /var/lib/dkms/beegfs/7.1.5/build/build/../source/common/net/message/nodes/GetTargetMappingsRespMsg.o
  CC [M]  /var/lib/dkms/beegfs/7.1.5/build/build/../source/common/net/message/nodes/HeartbeatMsgEx.o
  CC [M]  /var/lib/dkms/beegfs/7.1.5/build/build/../source/common/net/message/nodes/RemoveNodeMsgEx.o
  CC [M]  /var/lib/dkms/beegfs/7.1.5/build/build/../source/common/net/message/nodes/GetStatesAndBuddyGroupsRespMsg.o
  CC [M]  /var/lib/dkms/beegfs/7.1.5/build/build/../source/common/net/message/nodes/RefreshTargetStatesMsgEx.o
  CC [M]  /var/lib/dkms/beegfs/7.1.5/build/build/../source/common/net/message/nodes/GetNodesRespMsg.o
  CC [M]  /var/lib/dkms/beegfs/7.1.5/build/build/../source/common/net/message/nodes/SetMirrorBuddyGroupMsgEx.o
  CC [M]  /var/lib/dkms/beegfs/7.1.5/build/build/../source/common/net/message/SimpleMsg.o
  CC [M]  /var/lib/dkms/beegfs/7.1.5/build/build/../source/common/net/message/storage/moving/RenameMsg.o
  CC [M]  /var/lib/dkms/beegfs/7.1.5/build/build/../source/common/net/message/storage/StatStoragePathRespMsg.o
  CC [M]  /var/lib/dkms/beegfs/7.1.5/build/build/../source/common/net/message/storage/creating/HardlinkMsg.o
  CC [M]  /var/lib/dkms/beegfs/7.1.5/build/build/../source/common/net/message/storage/creating/MkFileMsg.o
  CC [M]  /var/lib/dkms/beegfs/7.1.5/build/build/../source/common/net/message/storage/creating/MkDirMsg.o
  CC [M]  /var/lib/dkms/beegfs/7.1.5/build/build/../source/common/net/message/storage/creating/UnlinkFileMsg.o
  CC [M]  /var/lib/dkms/beegfs/7.1.5/build/build/../source/common/net/message/storage/creating/MkDirRespMsg.o
  CC [M]  /var/lib/dkms/beegfs/7.1.5/build/build/../source/common/net/message/storage/creating/RmDirMsg.o
  CC [M]  /var/lib/dkms/beegfs/7.1.5/build/build/../source/common/net/message/storage/creating/MkFileRespMsg.o
  CC [M]  /var/lib/dkms/beegfs/7.1.5/build/build/../source/common/net/message/storage/attribs/StatRespMsg.o
  CC [M]  /var/lib/dkms/beegfs/7.1.5/build/build/../source/common/net/message/storage/attribs/ListXAttrRespMsg.o
  CC [M]  /var/lib/dkms/beegfs/7.1.5/build/build/../source/common/net/message/storage/attribs/SetAttrMsg.o
  CC [M]  /var/lib/dkms/beegfs/7.1.5/build/build/../source/common/net/message/storage/attribs/ListXAttrMsg.o
  CC [M]  /var/lib/dkms/beegfs/7.1.5/build/build/../source/common/net/message/storage/attribs/RefreshEntryInfoMsg.o
  CC [M]  /var/lib/dkms/beegfs/7.1.5/build/build/../source/common/net/message/storage/attribs/StatMsg.o
  CC [M]  /var/lib/dkms/beegfs/7.1.5/build/build/../source/common/net/message/storage/attribs/GetXAttrRespMsg.o
  CC [M]  /var/lib/dkms/beegfs/7.1.5/build/build/../source/common/net/message/storage/attribs/GetXAttrMsg.o
  CC [M]  /var/lib/dkms/beegfs/7.1.5/build/build/../source/common/net/message/storage/attribs/RemoveXAttrMsg.o
  CC [M]  /var/lib/dkms/beegfs/7.1.5/build/build/../source/common/net/message/storage/attribs/SetXAttrMsg.o
  CC [M]  /var/lib/dkms/beegfs/7.1.5/build/build/../source/common/net/message/storage/lookup/LookupIntentRespMsg.o
  CC [M]  /var/lib/dkms/beegfs/7.1.5/build/build/../source/common/net/message/storage/lookup/LookupIntentMsg.o
  CC [M]  /var/lib/dkms/beegfs/7.1.5/build/build/../source/common/net/message/storage/TruncFileMsg.o
  CC [M]  /var/lib/dkms/beegfs/7.1.5/build/build/../source/common/net/message/storage/listing/ListDirFromOffsetRespMsg.o
  CC [M]  /var/lib/dkms/beegfs/7.1.5/build/build/../source/common/net/message/storage/listing/ListDirFromOffsetMsg.o
  CC [M]  /var/lib/dkms/beegfs/7.1.5/build/build/../source/common/threading/Thread.o
  CC [M]  /var/lib/dkms/beegfs/7.1.5/build/build/../source/common/toolkit/Serialization.o
  CC [M]  /var/lib/dkms/beegfs/7.1.5/build/build/../source/common/toolkit/MessagingTk.o
  CC [M]  /var/lib/dkms/beegfs/7.1.5/build/build/../source/common/toolkit/HashTk.o
  CC [M]  /var/lib/dkms/beegfs/7.1.5/build/build/../source/common/toolkit/ackstore/WaitAckMap.o
  CC [M]  /var/lib/dkms/beegfs/7.1.5/build/build/../source/common/toolkit/ackstore/AcknowledgmentStore.o
  CC [M]  /var/lib/dkms/beegfs/7.1.5/build/build/../source/common/toolkit/ackstore/AckStoreMap.o
  CC [M]  /var/lib/dkms/beegfs/7.1.5/build/build/../source/common/toolkit/Random.o
  CC [M]  /var/lib/dkms/beegfs/7.1.5/build/build/../source/common/toolkit/tree/IntMap.o
  CC [M]  /var/lib/dkms/beegfs/7.1.5/build/build/../source/common/toolkit/tree/StrCpyMap.o
  CC [M]  /var/lib/dkms/beegfs/7.1.5/build/build/../source/common/toolkit/tree/PointerRBTree.o
  CC [M]  /var/lib/dkms/beegfs/7.1.5/build/build/../source/common/toolkit/NodesTk.o
  CC [M]  /var/lib/dkms/beegfs/7.1.5/build/build/../source/common/toolkit/SocketTk.o
  CC [M]  /var/lib/dkms/beegfs/7.1.5/build/build/../source/common/toolkit/MetadataTk.o
  CC [M]  /var/lib/dkms/beegfs/7.1.5/build/build/../source/common/toolkit/TimeAbs.o
  CC [M]  /var/lib/dkms/beegfs/7.1.5/build/build/../source/common/toolkit/StringTk.o
  CC [M]  /var/lib/dkms/beegfs/7.1.5/build/build/../source/common/toolkit/ListTk.o
  CC [M]  /var/lib/dkms/beegfs/7.1.5/build/build/../source/common/Types.o
  CC [M]  /var/lib/dkms/beegfs/7.1.5/build/build/../source/common/nodes/Node.o
  CC [M]  /var/lib/dkms/beegfs/7.1.5/build/build/../source/common/nodes/TargetMapper.o
  CC [M]  /var/lib/dkms/beegfs/7.1.5/build/build/../source/common/nodes/MirrorBuddyGroup.o
  CC [M]  /var/lib/dkms/beegfs/7.1.5/build/build/../source/common/nodes/NumNodeID.o
  CC [M]  /var/lib/dkms/beegfs/7.1.5/build/build/../source/common/nodes/TargetStateStore.o
  CC [M]  /var/lib/dkms/beegfs/7.1.5/build/build/../source/common/nodes/NodeTree.o
  CC [M]  /var/lib/dkms/beegfs/7.1.5/build/build/../source/common/nodes/MirrorBuddyGroupMapper.o
  CC [M]  /var/lib/dkms/beegfs/7.1.5/build/build/../source/common/nodes/NodeConnPool.o
  CC [M]  /var/lib/dkms/beegfs/7.1.5/build/build/../source/common/storage/StorageErrors.o
  CC [M]  /var/lib/dkms/beegfs/7.1.5/build/build/../source/common/storage/StatData.o
  CC [M]  /var/lib/dkms/beegfs/7.1.5/build/build/../source/common/storage/striping/BuddyMirrorPattern.o
  CC [M]  /var/lib/dkms/beegfs/7.1.5/build/build/../source/common/storage/striping/SimplePattern.o
  CC [M]  /var/lib/dkms/beegfs/7.1.5/build/build/../source/common/storage/striping/StripePattern.o
  CC [M]  /var/lib/dkms/beegfs/7.1.5/build/build/../source/common/storage/striping/Raid10Pattern.o
  CC [M]  /var/lib/dkms/beegfs/7.1.5/build/build/../source/common/storage/striping/Raid0Pattern.o
  CC [M]  /var/lib/dkms/beegfs/7.1.5/build/build/../source/common/storage/PathInfo.o
  CC [M]  /var/lib/dkms/beegfs/7.1.5/build/build/../source/common/storage/EntryInfo.o
  CC [M]  /var/lib/dkms/beegfs/7.1.5/build/build/../source/common/storage/StoragePoolId.o
  CC [M]  /var/lib/dkms/beegfs/7.1.5/build/build/../source/common/storage/FileEvent.o
  CC [M]  /var/lib/dkms/beegfs/7.1.5/build/build/../source/program/Main.o
  CC [M]  /var/lib/dkms/beegfs/7.1.5/build/build/../source/toolkit/FhgfsChunkPageVec.o
  CC [M]  /var/lib/dkms/beegfs/7.1.5/build/build/../source/toolkit/StatFsCache.o
  CC [M]  /var/lib/dkms/beegfs/7.1.5/build/build/../source/toolkit/NoAllocBufferStore.o
  CC [M]  /var/lib/dkms/beegfs/7.1.5/build/build/../source/toolkit/InodeRefStore.o
  CC [M]  /var/lib/dkms/beegfs/7.1.5/build/build/../source/toolkit/ExternalHelperd.o
  CC [M]  /var/lib/dkms/beegfs/7.1.5/build/build/../source/toolkit/BitStore.o
  CC [M]  /var/lib/dkms/beegfs/7.1.5/build/build/../source/components/DatagramListener.o
  CC [M]  /var/lib/dkms/beegfs/7.1.5/build/build/../source/components/InternodeSyncer.o
  CC [M]  /var/lib/dkms/beegfs/7.1.5/build/build/../source/components/Flusher.o
  CC [M]  /var/lib/dkms/beegfs/7.1.5/build/build/../source/components/worker/RWPagesWork.o
  CC [M]  /var/lib/dkms/beegfs/7.1.5/build/build/../source/components/AckManager.o
  CC [M]  /var/lib/dkms/beegfs/7.1.5/build/build/../source/nodes/NodeStoreEx.o
  CC [M]  /var/lib/dkms/beegfs/7.1.5/build/build/../source/filesystem/ProcFs.o
  CC [M]  /var/lib/dkms/beegfs/7.1.5/build/build/../source/filesystem/FhgfsOpsPages.o
  CC [M]  /var/lib/dkms/beegfs/7.1.5/build/build/../source/filesystem/FhgfsOpsFile.o
  CC [M]  /var/lib/dkms/beegfs/7.1.5/build/build/../source/filesystem/FhgfsOpsInode.o
  CC [M]  /var/lib/dkms/beegfs/7.1.5/build/build/../source/filesystem/FhgfsOpsFileNative.o
  CC [M]  /var/lib/dkms/beegfs/7.1.5/build/build/../source/filesystem/FhgfsInode.o
  CC [M]  /var/lib/dkms/beegfs/7.1.5/build/build/../source/filesystem/helper/IoctlHelper.o
  CC [M]  /var/lib/dkms/beegfs/7.1.5/build/build/../source/filesystem/FsFileInfo.o
  CC [M]  /var/lib/dkms/beegfs/7.1.5/build/build/../source/filesystem/ProcFsHelper.o
  CC [M]  /var/lib/dkms/beegfs/7.1.5/build/build/../source/filesystem/FhgfsOpsSuper.o
  CC [M]  /var/lib/dkms/beegfs/7.1.5/build/build/../source/filesystem/FhgfsOps_versions.o
  CC [M]  /var/lib/dkms/beegfs/7.1.5/build/build/../source/filesystem/FhgfsXAttrHandlers.o
  CC [M]  /var/lib/dkms/beegfs/7.1.5/build/build/../source/filesystem/FhgfsOpsDir.o
  CC [M]  /var/lib/dkms/beegfs/7.1.5/build/build/../source/filesystem/FhgfsOpsIoctl.o
  CC [M]  /var/lib/dkms/beegfs/7.1.5/build/build/../source/filesystem/FhgfsOpsExport.o
  CC [M]  /var/lib/dkms/beegfs/7.1.5/build/build/../source/filesystem/FhgfsOpsHelper.o
  CC [M]  /var/lib/dkms/beegfs/7.1.5/build/build/../source/app/App.o
  CC [M]  /var/lib/dkms/beegfs/7.1.5/build/build/../source/app/log/Logger.o
  CC [M]  /var/lib/dkms/beegfs/7.1.5/build/build/../source/app/config/MountConfig.o
  CC [M]  /var/lib/dkms/beegfs/7.1.5/build/build/../source/app/config/Config.o
  LD [M]  /var/lib/dkms/beegfs/7.1.5/build/build/../source/beegfs.o
  Building modules, stage 2.
  MODPOST 1 modules
  CC      /var/lib/dkms/beegfs/7.1.5/build/build/../source/beegfs.mod.o
  LD [M]  /var/lib/dkms/beegfs/7.1.5/build/build/../source/beegfs.ko
make[1]: Leaving directory '/usr/src/linux-headers-4.19.0-20-amd64'
make: Leaving directory '/var/lib/dkms/beegfs/7.1.5/build/build'
