----------------- Options ---------------
               add_binary: False                         
               batch_size: 32                            	[default: 64]
                blur_prob: 0                             
                 blur_sig: 0.5                           
          checkpoints_dir: /scratch_net/kringel/chuqli/CNNDetection/checkpoints	[default: ./checkpoints]
                class_bal: False                         
           continue_train: False                         
                 cropSize: 224                           
                 data_aug: False                         
                 dataroot: /srv/beegfs02/scratch/generative_modeling/data/Deepfake/DoGAN_data/new/GanFake	[default: /srv/beegfs02/scratch/generative_modeling/data/Deepfake/Adam-NSCL]
          earlystop_epoch: 5                             
                    epoch: latest                        
                 fine_tun: False                         
                    gpuid: [1]                           
                init_gain: 0.02                          
                  init_lr: 0.0005                        
                init_type: normal                        
                  isTrain: True                          	[default: None]
               jpg_method: cv2                           
                 jpg_prob: 0                             
                 jpg_qual: 75                            
                 loadSize: 256                           
                     mode: binary                        
               model_name: resnet18                      
               model_type: resnet                        
            model_weights: /home/chuqli/scratch/CNNDetection/checkpoints/no_aug/model_epoch_best.pth	[default: None]
               multiclass: [1, 1, 0, 1, 1]               	[default: [1]]
                     name: icarl_df                      	[default: experiment_name]
                  no_flip: False                         
              num_classes: 2                             
               num_epochs: 30                            	[default: 12]
              num_threads: 4                             
                  outfile: temp_0.1.csv                  
            pretrain_name:                               
           resize_or_crop: scale_and_crop                
                rz_interp: bilinear                      
          save_epoch_freq: 20                            
         save_latest_freq: 2000                          
           serial_batches: False                         
                   suffix:                               
                task_name: cyclegan,progan256,progan1024,glow,stargan	[default: ]
              train_split: train                         
                val_split: val                           
----------------- End -------------------
{'All': 10}
Task order: ['cyclegan', 'progan256', 'progan1024', 'glow', 'stargan']
=> Load model weights: /home/chuqli/scratch/CNNDetection/checkpoints/no_aug/model_epoch_best.pth
=> Load Done
Traceback (most recent call last):
  File "main_icarl_CNND.py", line 502, in <module>
    main()
  File "main_icarl_CNND.py", line 212, in main
    for task_idx, (train_dataset, task_info) in enumerate(protocol):
  File "/home/chuqli/icarl-pytorch/cl_dataset_tools.py", line 235, in __next__
    return self.get_current_training_set(), self
  File "/home/chuqli/icarl-pytorch/cl_dataset_tools.py", line 239, in get_current_training_set
    return self.train_subset_factory(self.classes_in_this_task, bucket_classes=bucket_classes,
  File "/home/chuqli/icarl-pytorch/cl_dataset_tools.py", line 152, in make_transformation_subset
    return TransformationSubset(dataset, get_indexes_from_set(dataset.targets, classes,
AttributeError: 'CacheClassLabel1' object has no attribute 'targets'
----------------- Options ---------------
               add_binary: True                          	[default: False]
               batch_size: 32                            	[default: 64]
                blur_prob: 0                             
                 blur_sig: 0.5                           
          checkpoints_dir: /scratch_net/kringel/chuqli/CNNDetection/checkpoints	[default: ./checkpoints]
                class_bal: False                         
           continue_train: False                         
                 cropSize: 224                           
                 data_aug: False                         
                 dataroot: /srv/beegfs02/scratch/generative_modeling/data/Deepfake/DoGAN_data/new/GanFake	[default: /srv/beegfs02/scratch/generative_modeling/data/Deepfake/Adam-NSCL]
          earlystop_epoch: 5                             
                    epoch: latest                        
                 fine_tun: False                         
                    gpuid: [1]                           
                init_gain: 0.02                          
                  init_lr: 0.0005                        
                init_type: normal                        
                  isTrain: True                          	[default: None]
               jpg_method: cv2                           
                 jpg_prob: 0                             
                 jpg_qual: 75                            
                 loadSize: 256                           
                     mode: binary                        
               model_name: resnet18                      
               model_type: resnet                        
            model_weights: /home/chuqli/scratch/CNNDetection/checkpoints/no_aug/model_epoch_best.pth	[default: None]
               multiclass: [1, 1, 0, 1, 1]               	[default: [1]]
                     name: icarl_df                      	[default: experiment_name]
                  no_flip: False                         
              num_classes: 2                             
               num_epochs: 30                            	[default: 12]
              num_threads: 4                             
                  outfile: temp_0.1.csv                  
            pretrain_name:                               
           resize_or_crop: scale_and_crop                
                rz_interp: bilinear                      
          save_epoch_freq: 20                            
         save_latest_freq: 2000                          
           serial_batches: False                         
                   suffix:                               
                task_name: cyclegan,progan256,progan1024,glow,stargan	[default: ]
              train_split: train                         
                val_split: val                           
----------------- End -------------------
{'All': 10}
Task order: ['cyclegan', 'progan256', 'progan1024', 'glow', 'stargan']
=> Load model weights: /home/chuqli/scratch/CNNDetection/checkpoints/no_aug/model_epoch_best.pth
=> Load Done
Classes in this batch: tensor([0, 1])
Data Size: 7196


Before first epoch
  validation loss:		2.615354
  top 1 accuracy:		15.87 %
  top 2 accuracy:		16.04 %
Batch of classes number 1 arrives ...
3.4862024784088135
0.04651877284049988
0.013766653835773468
Batch of classes 1 out of 5 batches
Epoch 1 of 30 took 55.656s
  training loss:		0.155064
  validation loss:		0.629323
  top 1 accuracy:		75.15 %
  top 2 accuracy:		94.27 %
0.03322147950530052
0.013949684798717499
0.037699729204177856
Batch of classes 1 out of 5 batches
Epoch 2 of 30 took 51.693s
  training loss:		0.029519
  validation loss:		0.134007
  top 1 accuracy:		78.00 %
  top 2 accuracy:		99.83 %
0.05097043141722679
0.023066669702529907
0.004745087120682001
Batch of classes 1 out of 5 batches
Epoch 3 of 30 took 53.040s
  training loss:		0.022050
  validation loss:		0.278425
  top 1 accuracy:		75.60 %
  top 2 accuracy:		96.31 %
0.0029447295237332582
0.000306274916511029
0.0005213306285440922
Batch of classes 1 out of 5 batches
Epoch 4 of 30 took 52.969s
  training loss:		0.015641
  validation loss:		0.063284
  top 1 accuracy:		87.12 %
  top 2 accuracy:		100.00 %
0.02010543830692768
0.0005943665746599436
0.007406901568174362
Batch of classes 1 out of 5 batches
Epoch 5 of 30 took 51.489s
  training loss:		0.013271
  validation loss:		0.088862
  top 1 accuracy:		82.96 %
  top 2 accuracy:		99.90 %
0.010456309653818607
0.0003962053742725402
0.034268107265233994
Batch of classes 1 out of 5 batches
Epoch 6 of 30 took 51.527s
  training loss:		0.011671
  validation loss:		0.069518
  top 1 accuracy:		88.46 %
  top 2 accuracy:		99.87 %
5.8823319704970345e-05
0.004603683482855558
0.0055168867111206055
Batch of classes 1 out of 5 batches
Epoch 7 of 30 took 53.017s
  training loss:		0.012562
  validation loss:		0.030259
  top 1 accuracy:		93.52 %
  top 2 accuracy:		100.00 %
0.011655277572572231
0.015755366533994675
0.026066042482852936
Batch of classes 1 out of 5 batches
Epoch 8 of 30 took 52.912s
  training loss:		0.010528
  validation loss:		0.531882
  top 1 accuracy:		75.38 %
  top 2 accuracy:		92.92 %
0.046793460845947266
0.05080418288707733
0.0783454030752182
Batch of classes 1 out of 5 batches
Epoch 9 of 30 took 51.584s
  training loss:		0.013438
  validation loss:		0.143838
  top 1 accuracy:		77.60 %
  top 2 accuracy:		99.60 %
0.002560356166213751
0.003610956948250532
0.02926190197467804
Batch of classes 1 out of 5 batches
Epoch 10 of 30 took 56.655s
  training loss:		0.010084
  validation loss:		0.350031
  top 1 accuracy:		75.08 %
  top 2 accuracy:		96.40 %
0.0007656954694539309
0.0031274333596229553
0.018040921539068222
Batch of classes 1 out of 5 batches
Epoch 11 of 30 took 59.091s
  training loss:		0.009056
  validation loss:		0.123570
  top 1 accuracy:		80.02 %
  top 2 accuracy:		99.98 %
0.0006792732165195048
0.0020805636886507273
0.012538854032754898
Batch of classes 1 out of 5 batches
Epoch 12 of 30 took 51.376s
  training loss:		0.011215
  validation loss:		0.163988
  top 1 accuracy:		77.48 %
  top 2 accuracy:		99.79 %
0.0020186996553093195
0.0007602536352351308
0.03112214058637619
Batch of classes 1 out of 5 batches
Epoch 13 of 30 took 51.534s
  training loss:		0.006891
  validation loss:		0.855151
  top 1 accuracy:		75.25 %
  top 2 accuracy:		88.17 %
0.0014583026058971882
0.004632256459444761
0.0038229883648455143
Batch of classes 1 out of 5 batches
Epoch 14 of 30 took 51.201s
  training loss:		0.007058
  validation loss:		0.445744
  top 1 accuracy:		74.92 %
  top 2 accuracy:		94.17 %
0.0001820059260353446
0.001363709568977356
0.0013695049565285444
Batch of classes 1 out of 5 batches
Epoch 15 of 30 took 56.324s
  training loss:		0.006320
  validation loss:		0.115863
  top 1 accuracy:		79.75 %
  top 2 accuracy:		99.92 %
0.0004437413881532848
0.0007568367291241884
0.0001448188122594729
Batch of classes 1 out of 5 batches
Epoch 16 of 30 took 53.273s
  training loss:		0.002914
  validation loss:		0.256389
  top 1 accuracy:		75.85 %
  top 2 accuracy:		98.90 %
0.0010127902496606112
0.0008945660083554685
0.0003491588868200779
Batch of classes 1 out of 5 batches
Epoch 17 of 30 took 53.219s
  training loss:		0.001111
  validation loss:		0.388962
  top 1 accuracy:		75.38 %
  top 2 accuracy:		94.96 %
0.0007249887567013502
0.0012534614652395248
1.3652936104335822e-05
Batch of classes 1 out of 5 batches
Epoch 18 of 30 took 52.832s
  training loss:		0.000673
  validation loss:		0.362415
  top 1 accuracy:		76.73 %
  top 2 accuracy:		95.42 %
3.6176621506456286e-05
0.0003428058116696775
1.47359496622812e-05
Batch of classes 1 out of 5 batches
Epoch 19 of 30 took 53.065s
  training loss:		0.001049
  validation loss:		0.398749
  top 1 accuracy:		75.52 %
  top 2 accuracy:		94.44 %
4.130444722250104e-05
2.6342153432779014e-05
4.38151546404697e-05
Batch of classes 1 out of 5 batches
Epoch 20 of 30 took 54.201s
  training loss:		0.000854
  validation loss:		0.336249
  top 1 accuracy:		75.88 %
  top 2 accuracy:		96.71 %
0.00013953595771454275
0.00022115926549304277
0.0016338983550667763
Batch of classes 1 out of 5 batches
Epoch 21 of 30 took 52.878s
  training loss:		0.000914
  validation loss:		0.241767
  top 1 accuracy:		77.48 %
  top 2 accuracy:		98.40 %
8.978357072919607e-05
0.024923477321863174
0.0040803635492920876
Batch of classes 1 out of 5 batches
Epoch 22 of 30 took 53.114s
  training loss:		0.001183
  validation loss:		0.132016
  top 1 accuracy:		78.81 %
  top 2 accuracy:		99.85 %
1.6657757441862486e-05
0.0008634487167000771
4.424305006978102e-05
Batch of classes 1 out of 5 batches
Epoch 23 of 30 took 53.370s
  training loss:		0.000427
  validation loss:		0.271183
  top 1 accuracy:		77.35 %
  top 2 accuracy:		97.94 %
4.1003222577273846e-05
1.858375981100835e-05
1.9514445739332587e-05
Batch of classes 1 out of 5 batches
Epoch 24 of 30 took 52.893s
  training loss:		0.000930
  validation loss:		0.366128
  top 1 accuracy:		76.13 %
  top 2 accuracy:		95.69 %
0.006560182198882103
1.300597705267137e-05
0.0001894269953481853
Batch of classes 1 out of 5 batches
Epoch 25 of 30 took 59.104s
  training loss:		0.000783
  validation loss:		0.565362
  top 1 accuracy:		75.31 %
  top 2 accuracy:		90.50 %
1.5742403775220737e-05
4.19657735619694e-05
4.143029946135357e-05
Batch of classes 1 out of 5 batches
Epoch 26 of 30 took 52.807s
  training loss:		0.000423
  validation loss:		0.543250
  top 1 accuracy:		75.25 %
  top 2 accuracy:		90.15 %
0.0004811722901649773
1.5352072296082042e-05
1.1258858648943715e-05
Batch of classes 1 out of 5 batches
Epoch 27 of 30 took 52.376s
  training loss:		0.000273
  validation loss:		0.587365
  top 1 accuracy:		75.42 %
  top 2 accuracy:		90.17 %
1.1007497960235924e-05
8.090743904176634e-06
6.669250979030039e-06
Batch of classes 1 out of 5 batches
Epoch 28 of 30 took 53.301s
  training loss:		0.000157
  validation loss:		0.744495
  top 1 accuracy:		75.38 %
  top 2 accuracy:		87.88 %
1.1462149814178701e-05
8.446119318250567e-05
8.017846994334832e-06
Batch of classes 1 out of 5 batches
Epoch 29 of 30 took 56.915s
  training loss:		0.000239
  validation loss:		0.574068
  top 1 accuracy:		75.27 %
  top 2 accuracy:		89.58 %
1.66760273714317e-05
0.00016415680875070393
1.5955560229485855e-05
Batch of classes 1 out of 5 batches
Epoch 30 of 30 took 51.366s
  training loss:		0.000068
  validation loss:		0.732347
  top 1 accuracy:		75.23 %
  top 2 accuracy:		86.98 %
=> Load model weights: /home/chuqli/scratch/CNNDetection/checkpoints/no_aug/model_epoch_best.pth
=> Load Done
Updating exemplar set...
Computing mean-of_exemplars and theoretical mean...
Computing accuracy on the original batch of classes...
Final results on cyclegan classes:
  top 1 accuracy iCaRL          :		75.58 %
  top 1 accuracy Hybrid 1       :		75.23 %
  top 1 accuracy NCM            :		75.58 %
Binary accuracy:
Final results on cyclegan classes:
  top 1 accuracy iCaRL          :		75.58 %
  top 1 accuracy Hybrid 1       :		75.23 %
  top 1 accuracy NCM            :		75.58 %
Final results on cumul of classes:
  top 1 accuracy iCaRL          :		75.58 %
  top 1 accuracy Hybrid 1       :		75.23 %
  top 1 accuracy NCM            :		75.58 %
Binary accuracy:
Final results on binary cumul of classes:
  top 1 accuracy iCaRL          :		75.58 %
  top 1 accuracy Hybrid 1       :		75.23 %
  top 1 accuracy NCM            :		75.58 %
Classes in this batch: tensor([2, 3])
Data Size: 7200


Before first epoch
  validation loss:		10.170736
  top 1 accuracy:		0.00 %
  top 2 accuracy:		0.00 %
Batch of classes number 2 arrives ...
2.1494064331054688
0.2829754054546356
0.19868886470794678
Batch of classes 2 out of 5 batches
Epoch 1 of 30 took 72.156s
  training loss:		0.312825
  validation loss:		0.079738
  top 1 accuracy:		85.02 %
  top 2 accuracy:		99.17 %
0.13050556182861328
0.036953315138816833
0.05212259292602539
Batch of classes 2 out of 5 batches
Epoch 2 of 30 took 71.428s
  training loss:		0.072192
  validation loss:		0.010716
  top 1 accuracy:		98.54 %
  top 2 accuracy:		99.94 %
0.09732452780008316
0.023555424064397812
0.04042837396264076
Batch of classes 2 out of 5 batches
Epoch 3 of 30 took 70.154s
  training loss:		0.044755
  validation loss:		0.008693
  top 1 accuracy:		98.90 %
  top 2 accuracy:		99.85 %
0.024318475276231766
0.15656597912311554
0.10344770550727844
Batch of classes 2 out of 5 batches
Epoch 4 of 30 took 70.230s
  training loss:		0.034014
  validation loss:		0.019745
  top 1 accuracy:		96.85 %
  top 2 accuracy:		99.65 %
0.018407698720693588
0.016859764233231544
0.024077340960502625
Batch of classes 2 out of 5 batches
Epoch 5 of 30 took 70.952s
  training loss:		0.027139
  validation loss:		0.004312
  top 1 accuracy:		99.56 %
  top 2 accuracy:		99.98 %
0.00790533795952797
0.023549074307084084
0.025591695681214333
Batch of classes 2 out of 5 batches
Epoch 6 of 30 took 69.928s
  training loss:		0.027456
  validation loss:		0.007614
  top 1 accuracy:		98.94 %
  top 2 accuracy:		99.96 %
0.03450349345803261
0.0019385996274650097
0.02692682296037674
Batch of classes 2 out of 5 batches
Epoch 7 of 30 took 72.974s
  training loss:		0.020038
  validation loss:		0.006620
  top 1 accuracy:		99.17 %
  top 2 accuracy:		99.92 %
0.01667560636997223
0.002289842115715146
0.00697534903883934
Batch of classes 2 out of 5 batches
Epoch 8 of 30 took 70.849s
  training loss:		0.013140
  validation loss:		0.010601
  top 1 accuracy:		98.48 %
  top 2 accuracy:		99.81 %
0.02435401640832424
0.01063671987503767
0.0005236518918536603
Batch of classes 2 out of 5 batches
Epoch 9 of 30 took 72.142s
  training loss:		0.011170
  validation loss:		0.012088
  top 1 accuracy:		98.10 %
  top 2 accuracy:		99.71 %
0.0066346172243356705
0.014840172603726387
0.01719057932496071
Batch of classes 2 out of 5 batches
Epoch 10 of 30 took 72.180s
  training loss:		0.015808
  validation loss:		0.004014
  top 1 accuracy:		99.54 %
  top 2 accuracy:		99.94 %
0.008983433246612549
0.002533233491703868
0.0010262812720611691
Batch of classes 2 out of 5 batches
Epoch 11 of 30 took 75.114s
  training loss:		0.011198
  validation loss:		0.049035
  top 1 accuracy:		92.56 %
  top 2 accuracy:		99.12 %
0.0034620731603354216
0.0008987913024611771
0.0034176455810666084
Batch of classes 2 out of 5 batches
Epoch 12 of 30 took 70.335s
  training loss:		0.010398
  validation loss:		0.010258
  top 1 accuracy:		98.25 %
  top 2 accuracy:		99.90 %
0.05300462245941162
0.005308699794113636
0.011981328949332237
Batch of classes 2 out of 5 batches
Epoch 13 of 30 took 72.093s
  training loss:		0.011126
  validation loss:		0.001178
  top 1 accuracy:		99.90 %
  top 2 accuracy:		100.00 %
0.0021335154306143522
0.006988697685301304
0.025478359311819077
Batch of classes 2 out of 5 batches
Epoch 14 of 30 took 70.674s
  training loss:		0.007931
  validation loss:		0.006225
  top 1 accuracy:		98.98 %
  top 2 accuracy:		99.98 %
0.006949302740395069
0.0073746200650930405
0.002409612759947777
Batch of classes 2 out of 5 batches
Epoch 15 of 30 took 72.562s
  training loss:		0.009436
  validation loss:		0.002397
  top 1 accuracy:		99.69 %
  top 2 accuracy:		99.96 %
0.004003177396953106
0.007197270169854164
0.0007141325040720403
Batch of classes 2 out of 5 batches
Epoch 16 of 30 took 69.864s
  training loss:		0.003761
  validation loss:		0.001440
  top 1 accuracy:		99.87 %
  top 2 accuracy:		100.00 %
0.0004984827828593552
0.0005019587697461247
0.002974187256768346
Batch of classes 2 out of 5 batches
Epoch 17 of 30 took 70.040s
  training loss:		0.003184
  validation loss:		0.002307
  top 1 accuracy:		99.73 %
  top 2 accuracy:		99.98 %
0.0002333485899725929
0.00011803275992861018
0.00023816886823624372
Batch of classes 2 out of 5 batches
Epoch 18 of 30 took 72.185s
  training loss:		0.002121
  validation loss:		0.001410
  top 1 accuracy:		99.83 %
  top 2 accuracy:		100.00 %
0.00014859650400467217
0.002298980252817273
0.0016317203408107162
Batch of classes 2 out of 5 batches
Epoch 19 of 30 took 71.883s
  training loss:		0.002364
  validation loss:		0.001327
  top 1 accuracy:		99.85 %
  top 2 accuracy:		100.00 %
0.0009211576543748379
0.0034586733672767878
0.0005912923370487988
Batch of classes 2 out of 5 batches
Epoch 20 of 30 took 72.305s
  training loss:		0.001771
  validation loss:		0.002156
  top 1 accuracy:		99.67 %
  top 2 accuracy:		99.98 %
0.00357566075399518
0.0018162676133215427
0.0016239621909335256
Batch of classes 2 out of 5 batches
Epoch 21 of 30 took 70.424s
  training loss:		0.002723
  validation loss:		0.001194
  top 1 accuracy:		99.83 %
  top 2 accuracy:		100.00 %
0.00038934272015467286
0.00011073695350205526
0.0006766621372662485
Batch of classes 2 out of 5 batches
Epoch 22 of 30 took 70.764s
  training loss:		0.001419
  validation loss:		0.000923
  top 1 accuracy:		99.87 %
  top 2 accuracy:		100.00 %
0.0020041761454194784
0.00016256897652056068
0.0043357964605093
Batch of classes 2 out of 5 batches
Epoch 23 of 30 took 72.621s
  training loss:		0.002925
  validation loss:		0.000994
  top 1 accuracy:		99.81 %
  top 2 accuracy:		99.98 %
0.00037991791032254696
0.0013614734634757042
0.006034285761415958
Batch of classes 2 out of 5 batches
Epoch 24 of 30 took 72.600s
  training loss:		0.002263
  validation loss:		0.001254
  top 1 accuracy:		99.79 %
  top 2 accuracy:		100.00 %
0.001971340039744973
0.0002521102724131197
0.00010863153147511184
Batch of classes 2 out of 5 batches
Epoch 25 of 30 took 72.052s
  training loss:		0.002743
  validation loss:		0.002768
  top 1 accuracy:		99.62 %
  top 2 accuracy:		100.00 %
0.006459103897213936
0.007429524790495634
0.0009925583144649863
Batch of classes 2 out of 5 batches
Epoch 26 of 30 took 72.197s
  training loss:		0.002479
  validation loss:		0.001199
  top 1 accuracy:		99.85 %
  top 2 accuracy:		100.00 %
0.003537106094881892
0.002300975378602743
0.0025795232504606247
Batch of classes 2 out of 5 batches
Epoch 27 of 30 took 70.585s
  training loss:		0.001275
  validation loss:		0.001915
  top 1 accuracy:		99.77 %
  top 2 accuracy:		100.00 %
0.0025055455043911934
6.497633148683235e-05
0.002007707953453064
Batch of classes 2 out of 5 batches
Epoch 28 of 30 took 71.973s
  training loss:		0.001210
  validation loss:		0.001124
  top 1 accuracy:		99.87 %
  top 2 accuracy:		100.00 %
0.000338942016242072
0.0008653050754219294
0.0034914412535727024
Batch of classes 2 out of 5 batches
Epoch 29 of 30 took 72.077s
  training loss:		0.001056
  validation loss:		0.000536
  top 1 accuracy:		99.92 %
  top 2 accuracy:		100.00 %
0.0002840137458406389
0.0003251864982303232
4.449563130037859e-05
Batch of classes 2 out of 5 batches
Epoch 30 of 30 took 72.803s
  training loss:		0.000869
  validation loss:		0.000917
  top 1 accuracy:		99.94 %
  top 2 accuracy:		100.00 %
Updating exemplar set...
Computing mean-of_exemplars and theoretical mean...
Computing accuracy on the original batch of classes...
Final results on cyclegan classes:
  top 1 accuracy iCaRL          :		77.62 %
  top 1 accuracy Hybrid 1       :		77.33 %
  top 1 accuracy NCM            :		77.46 %
Binary accuracy:
Final results on cyclegan classes:
  top 1 accuracy iCaRL          :		78.79 %
  top 1 accuracy Hybrid 1       :		80.27 %
  top 1 accuracy NCM            :		78.58 %
Final results on progan256 classes:
  top 1 accuracy iCaRL          :		99.81 %
  top 1 accuracy Hybrid 1       :		99.94 %
  top 1 accuracy NCM            :		99.79 %
Binary accuracy:
Final results on progan256 classes:
  top 1 accuracy iCaRL          :		99.92 %
  top 1 accuracy Hybrid 1       :		100.00 %
  top 1 accuracy NCM            :		99.90 %
Final results on cumul of classes:
  top 1 accuracy iCaRL          :		88.72 %
  top 1 accuracy Hybrid 1       :		88.64 %
  top 1 accuracy NCM            :		88.62 %
Binary accuracy:
Final results on binary cumul of classes:
  top 1 accuracy iCaRL          :		89.35 %
  top 1 accuracy Hybrid 1       :		90.14 %
  top 1 accuracy NCM            :		89.24 %
Classes in this batch: tensor([4, 5])
Data Size: 7201


Before first epoch
  validation loss:		1.696127
  top 1 accuracy:		0.00 %
  top 2 accuracy:		0.00 %
Batch of classes number 3 arrives ...
1.294184684753418
0.06671963632106781
0.08667023479938507
Batch of classes 3 out of 5 batches
Epoch 1 of 30 took 294.111s
  training loss:		0.133327
  validation loss:		0.201450
  top 1 accuracy:		76.92 %
  top 2 accuracy:		99.27 %
0.040195971727371216
0.02352575771510601
0.01591208390891552
Batch of classes 3 out of 5 batches
Epoch 2 of 30 took 279.016s
  training loss:		0.036717
  validation loss:		0.046621
  top 1 accuracy:		91.56 %
  top 2 accuracy:		99.33 %
0.03407794609665871
0.036240678280591965
0.009045791812241077
Batch of classes 3 out of 5 batches
Epoch 3 of 30 took 277.954s
  training loss:		0.025708
  validation loss:		0.012935
  top 1 accuracy:		97.81 %
  top 2 accuracy:		99.77 %
0.00636620819568634
0.00975759420543909
0.002049471950158477
Batch of classes 3 out of 5 batches
Epoch 4 of 30 took 223.386s
  training loss:		0.025832
  validation loss:		0.006619
  top 1 accuracy:		99.31 %
  top 2 accuracy:		99.96 %
0.001802254468202591
0.016637206077575684
0.0035189539194107056
Batch of classes 3 out of 5 batches
Epoch 5 of 30 took 222.308s
  training loss:		0.017573
  validation loss:		0.146854
  top 1 accuracy:		82.15 %
  top 2 accuracy:		96.10 %
0.010733045637607574
0.07387810945510864
0.03551201894879341
Batch of classes 3 out of 5 batches
Epoch 6 of 30 took 218.621s
  training loss:		0.018430
  validation loss:		0.007513
  top 1 accuracy:		98.77 %
  top 2 accuracy:		99.94 %
0.0006784385768696666
0.0025937166064977646
0.014133425429463387
Batch of classes 3 out of 5 batches
Epoch 7 of 30 took 218.063s
  training loss:		0.015517
  validation loss:		0.017161
  top 1 accuracy:		97.71 %
  top 2 accuracy:		99.73 %
0.002312062308192253
0.026446480304002762
0.006385358516126871
Batch of classes 3 out of 5 batches
Epoch 8 of 30 took 217.435s
  training loss:		0.021800
  validation loss:		0.007528
  top 1 accuracy:		98.90 %
  top 2 accuracy:		99.94 %
0.011768441647291183
0.005545663647353649
0.02490384131669998
Batch of classes 3 out of 5 batches
Epoch 9 of 30 took 217.111s
  training loss:		0.014220
  validation loss:		0.060397
  top 1 accuracy:		93.00 %
  top 2 accuracy:		98.19 %
0.020612290129065514
0.008337501436471939
0.0009137169690802693
Batch of classes 3 out of 5 batches
Epoch 10 of 30 took 217.691s
  training loss:		0.013435
  validation loss:		0.008798
  top 1 accuracy:		98.73 %
  top 2 accuracy:		99.87 %
0.0014722701162099838
0.0013348483480513096
0.0014338736655190587
Batch of classes 3 out of 5 batches
Epoch 11 of 30 took 217.871s
  training loss:		0.011687
  validation loss:		0.033935
  top 1 accuracy:		95.56 %
  top 2 accuracy:		99.71 %
0.003283787053078413
0.0013958931667730212
0.009021729230880737
Batch of classes 3 out of 5 batches
Epoch 12 of 30 took 217.684s
  training loss:		0.011286
  validation loss:		0.003494
  top 1 accuracy:		99.44 %
  top 2 accuracy:		100.00 %
0.0005374021711759269
0.010353238321840763
0.1002718135714531
Batch of classes 3 out of 5 batches
Epoch 13 of 30 took 217.680s
  training loss:		0.037061
  validation loss:		0.051456
  top 1 accuracy:		90.42 %
  top 2 accuracy:		99.10 %
0.0156560018658638
0.020551620051264763
0.006484336219727993
Batch of classes 3 out of 5 batches
Epoch 14 of 30 took 218.003s
  training loss:		0.016165
  validation loss:		0.006501
  top 1 accuracy:		99.04 %
  top 2 accuracy:		99.98 %
0.01966051571071148
0.011321972124278545
0.0018829475156962872
Batch of classes 3 out of 5 batches
Epoch 15 of 30 took 217.029s
  training loss:		0.010753
  validation loss:		0.020014
  top 1 accuracy:		96.17 %
  top 2 accuracy:		99.96 %
0.009130056947469711
0.0009954283013939857
0.010738163255155087
Batch of classes 3 out of 5 batches
Epoch 16 of 30 took 218.147s
  training loss:		0.005614
  validation loss:		0.001646
  top 1 accuracy:		99.85 %
  top 2 accuracy:		99.98 %
0.0009693384636193514
0.0003507821529638022
0.0017015341436490417
Batch of classes 3 out of 5 batches
Epoch 17 of 30 took 218.136s
  training loss:		0.003693
  validation loss:		0.001479
  top 1 accuracy:		99.87 %
  top 2 accuracy:		99.98 %
9.761231194715947e-05
0.0019525073003023863
0.0003396676038391888
Batch of classes 3 out of 5 batches
Epoch 18 of 30 took 216.697s
  training loss:		0.003479
  validation loss:		0.002060
  top 1 accuracy:		99.79 %
  top 2 accuracy:		99.96 %
0.0005802490632049739
0.00045575533295050263
0.0009136341977864504
Batch of classes 3 out of 5 batches
Epoch 19 of 30 took 217.311s
  training loss:		0.002989
  validation loss:		0.001300
  top 1 accuracy:		99.87 %
  top 2 accuracy:		99.98 %
0.0008907432784326375
0.00017284968635067344
0.00014850037405267358
Batch of classes 3 out of 5 batches
Epoch 20 of 30 took 216.115s
  training loss:		0.002451
  validation loss:		0.001868
  top 1 accuracy:		99.77 %
  top 2 accuracy:		99.96 %
0.00029677036218345165
0.0075191836804151535
0.002548727672547102
Batch of classes 3 out of 5 batches
Epoch 21 of 30 took 218.030s
  training loss:		0.006475
  validation loss:		0.001136
  top 1 accuracy:		99.83 %
  top 2 accuracy:		99.98 %
0.0013490051496773958
0.0003719632513821125
0.0005251518450677395
Batch of classes 3 out of 5 batches
Epoch 22 of 30 took 218.389s
  training loss:		0.001677
  validation loss:		0.002599
  top 1 accuracy:		99.54 %
  top 2 accuracy:		99.98 %
0.0007841510814614594
0.00010186903818976134
0.001085973926819861
Batch of classes 3 out of 5 batches
Epoch 23 of 30 took 216.545s
  training loss:		0.003130
  validation loss:		0.001759
  top 1 accuracy:		99.75 %
  top 2 accuracy:		99.98 %
0.0009099201415665448
0.0012402506545186043
0.000232850230531767
Batch of classes 3 out of 5 batches
Epoch 24 of 30 took 217.898s
  training loss:		0.002577
  validation loss:		0.003586
  top 1 accuracy:		99.50 %
  top 2 accuracy:		100.00 %
0.00017513860075268894
7.568370347144082e-05
0.0019184596603736281
Batch of classes 3 out of 5 batches
Epoch 25 of 30 took 219.257s
  training loss:		0.006176
  validation loss:		0.001246
  top 1 accuracy:		99.81 %
  top 2 accuracy:		99.98 %
0.0014319318579509854
0.0009893111418932676
0.00044937728671357036
Batch of classes 3 out of 5 batches
Epoch 26 of 30 took 218.739s
  training loss:		0.005940
  validation loss:		0.001439
  top 1 accuracy:		99.81 %
  top 2 accuracy:		99.98 %
0.00028757989639416337
0.00025087138055823743
0.00011625390470726416
Batch of classes 3 out of 5 batches
Epoch 27 of 30 took 217.049s
  training loss:		0.001590
  validation loss:		0.001828
  top 1 accuracy:		99.83 %
  top 2 accuracy:		99.96 %
0.00030229019466787577
0.003137777326628566
0.001360091962851584
Batch of classes 3 out of 5 batches
Epoch 28 of 30 took 217.965s
  training loss:		0.001691
  validation loss:		0.001176
  top 1 accuracy:		99.87 %
  top 2 accuracy:		99.98 %
0.0006964681087993085
0.00013649888569489121
0.0002750680432654917
Batch of classes 3 out of 5 batches
Epoch 29 of 30 took 217.954s
  training loss:		0.000875
  validation loss:		0.001345
  top 1 accuracy:		99.85 %
  top 2 accuracy:		99.98 %
0.0015267491107806563
9.76873270701617e-05
6.303977716015652e-05
Batch of classes 3 out of 5 batches
Epoch 30 of 30 took 217.242s
  training loss:		0.001397
  validation loss:		0.001352
  top 1 accuracy:		99.87 %
  top 2 accuracy:		99.98 %
Updating exemplar set...
Computing mean-of_exemplars and theoretical mean...
Computing accuracy on the original batch of classes...
Final results on cyclegan classes:
  top 1 accuracy iCaRL          :		79.75 %
  top 1 accuracy Hybrid 1       :		79.35 %
  top 1 accuracy NCM            :		79.40 %
Binary accuracy:
Final results on cyclegan classes:
  top 1 accuracy iCaRL          :		81.96 %
  top 1 accuracy Hybrid 1       :		82.35 %
  top 1 accuracy NCM            :		81.65 %
Final results on progan256 classes:
  top 1 accuracy iCaRL          :		98.23 %
  top 1 accuracy Hybrid 1       :		96.48 %
  top 1 accuracy NCM            :		98.21 %
Binary accuracy:
Final results on progan256 classes:
  top 1 accuracy iCaRL          :		98.60 %
  top 1 accuracy Hybrid 1       :		97.02 %
  top 1 accuracy NCM            :		98.58 %
Final results on progan1024 classes:
  top 1 accuracy iCaRL          :		99.75 %
  top 1 accuracy Hybrid 1       :		99.88 %
  top 1 accuracy NCM            :		99.75 %
Binary accuracy:
Final results on progan1024 classes:
  top 1 accuracy iCaRL          :		99.90 %
  top 1 accuracy Hybrid 1       :		99.92 %
  top 1 accuracy NCM            :		99.90 %
Final results on cumul of classes:
  top 1 accuracy iCaRL          :		92.58 %
  top 1 accuracy Hybrid 1       :		91.90 %
  top 1 accuracy NCM            :		92.45 %
Binary accuracy:
Final results on binary cumul of classes:
  top 1 accuracy iCaRL          :		93.49 %
  top 1 accuracy Hybrid 1       :		93.10 %
  top 1 accuracy NCM            :		93.38 %
Classes in this batch: tensor([6, 7])
Data Size: 7200


Before first epoch
  validation loss:		1.875952
  top 1 accuracy:		0.00 %
  top 2 accuracy:		0.02 %
Batch of classes number 4 arrives ...
1.2930840253829956
0.11269441246986389
0.01787496730685234
Batch of classes 4 out of 5 batches
Epoch 1 of 30 took 73.107s
  training loss:		0.139100
  validation loss:		0.024083
  top 1 accuracy:		96.25 %
  top 2 accuracy:		99.90 %
0.05175033211708069
0.005511589348316193
0.005520118400454521
Batch of classes 4 out of 5 batches
Epoch 2 of 30 took 72.111s
  training loss:		0.031680
  validation loss:		0.017255
  top 1 accuracy:		97.54 %
  top 2 accuracy:		99.94 %
0.022343963384628296
0.02988792583346367
0.005181838292628527
Batch of classes 4 out of 5 batches
Epoch 3 of 30 took 75.764s
  training loss:		0.025934
  validation loss:		0.052241
  top 1 accuracy:		90.21 %
  top 2 accuracy:		99.29 %
0.015164045616984367
0.016837388277053833
0.022857774049043655
Batch of classes 4 out of 5 batches
Epoch 4 of 30 took 73.579s
  training loss:		0.023487
  validation loss:		0.034416
  top 1 accuracy:		93.12 %
  top 2 accuracy:		99.94 %
0.02163715846836567
0.03645344078540802
0.009055539965629578
Batch of classes 4 out of 5 batches
Epoch 5 of 30 took 73.104s
  training loss:		0.019212
  validation loss:		0.022790
  top 1 accuracy:		96.42 %
  top 2 accuracy:		99.81 %
0.026070566847920418
0.01692882366478443
0.0471903420984745
Batch of classes 4 out of 5 batches
Epoch 6 of 30 took 71.544s
  training loss:		0.019080
  validation loss:		0.031581
  top 1 accuracy:		94.94 %
  top 2 accuracy:		99.90 %
0.01170244812965393
0.027766160666942596
0.01849423162639141
Batch of classes 4 out of 5 batches
Epoch 7 of 30 took 71.847s
  training loss:		0.013730
  validation loss:		0.068250
  top 1 accuracy:		87.46 %
  top 2 accuracy:		97.75 %
0.010055027902126312
0.07106444984674454
0.016927219927310944
Batch of classes 4 out of 5 batches
Epoch 8 of 30 took 71.912s
  training loss:		0.015360
  validation loss:		0.100659
  top 1 accuracy:		86.06 %
  top 2 accuracy:		99.02 %
0.0935472697019577
0.011387398466467857
0.0011680681491270661
Batch of classes 4 out of 5 batches
Epoch 9 of 30 took 72.121s
  training loss:		0.021740
  validation loss:		0.006472
  top 1 accuracy:		99.31 %
  top 2 accuracy:		99.92 %
0.018773606047034264
0.015123107470571995
0.0014079726533964276
Batch of classes 4 out of 5 batches
Epoch 10 of 30 took 71.638s
  training loss:		0.011050
  validation loss:		0.007825
  top 1 accuracy:		98.96 %
  top 2 accuracy:		99.98 %
0.004015642683953047
0.023249369114637375
0.019842730835080147
Batch of classes 4 out of 5 batches
Epoch 11 of 30 took 71.309s
  training loss:		0.012465
  validation loss:		0.011011
  top 1 accuracy:		98.19 %
  top 2 accuracy:		99.98 %
0.015381885692477226
0.014675691723823547
0.0012039991561323404
Batch of classes 4 out of 5 batches
Epoch 12 of 30 took 71.708s
  training loss:		0.014775
  validation loss:		0.020829
  top 1 accuracy:		98.08 %
  top 2 accuracy:		99.85 %
0.03553988039493561
0.01531023159623146
0.0008329804986715317
Batch of classes 4 out of 5 batches
Epoch 13 of 30 took 71.446s
  training loss:		0.017493
  validation loss:		0.011784
  top 1 accuracy:		98.04 %
  top 2 accuracy:		99.85 %
0.0012952180113643408
0.0019929413683712482
0.002651577116921544
Batch of classes 4 out of 5 batches
Epoch 14 of 30 took 73.760s
  training loss:		0.010890
  validation loss:		0.014666
  top 1 accuracy:		97.79 %
  top 2 accuracy:		99.56 %
0.0017028688453137875
0.0030914233066141605
0.004180679097771645
Batch of classes 4 out of 5 batches
Epoch 15 of 30 took 72.672s
  training loss:		0.012759
  validation loss:		0.022362
  top 1 accuracy:		96.25 %
  top 2 accuracy:		99.79 %
0.02671924978494644
0.0051292902790009975
0.0021791267208755016
Batch of classes 4 out of 5 batches
Epoch 16 of 30 took 71.767s
  training loss:		0.006181
  validation loss:		0.005447
  top 1 accuracy:		99.27 %
  top 2 accuracy:		99.98 %
0.0013142989482730627
0.0018819862743839622
0.001113042701035738
Batch of classes 4 out of 5 batches
Epoch 17 of 30 took 71.471s
  training loss:		0.003190
  validation loss:		0.005152
  top 1 accuracy:		99.35 %
  top 2 accuracy:		100.00 %
0.009688635356724262
0.0019724848680198193
0.001884382450953126
Batch of classes 4 out of 5 batches
Epoch 18 of 30 took 71.630s
  training loss:		0.003757
  validation loss:		0.003498
  top 1 accuracy:		99.50 %
  top 2 accuracy:		100.00 %
0.00017873867182061076
0.03421127423644066
0.0021408717148005962
Batch of classes 4 out of 5 batches
Epoch 19 of 30 took 73.084s
  training loss:		0.005904
  validation loss:		0.004571
  top 1 accuracy:		99.44 %
  top 2 accuracy:		99.94 %
0.00022239447571337223
0.006604367401450872
0.003374404739588499
Batch of classes 4 out of 5 batches
Epoch 20 of 30 took 72.226s
  training loss:		0.004335
  validation loss:		0.003915
  top 1 accuracy:		99.52 %
  top 2 accuracy:		99.98 %
0.001129679149016738
0.0001937627821462229
0.0010861612390726805
Batch of classes 4 out of 5 batches
Epoch 21 of 30 took 71.426s
  training loss:		0.002756
  validation loss:		0.004193
  top 1 accuracy:		99.50 %
  top 2 accuracy:		99.98 %
0.0006628584233112633
0.0016942863585427403
0.0004355571873020381
Batch of classes 4 out of 5 batches
Epoch 22 of 30 took 71.423s
  training loss:		0.002240
  validation loss:		0.005087
  top 1 accuracy:		99.35 %
  top 2 accuracy:		100.00 %
0.00972362607717514
0.00015272076416295022
0.0025547370314598083
Batch of classes 4 out of 5 batches
Epoch 23 of 30 took 72.836s
  training loss:		0.001870
  validation loss:		0.004389
  top 1 accuracy:		99.42 %
  top 2 accuracy:		99.98 %
0.0021641284693032503
0.0006238283240236342
0.004596683196723461
Batch of classes 4 out of 5 batches
Epoch 24 of 30 took 73.884s
  training loss:		0.001609
  validation loss:		0.003048
  top 1 accuracy:		99.65 %
  top 2 accuracy:		99.98 %
0.0041432143189013
0.00026227900525555015
0.0013483604416251183
Batch of classes 4 out of 5 batches
Epoch 25 of 30 took 72.954s
  training loss:		0.002030
  validation loss:		0.003821
  top 1 accuracy:		99.52 %
  top 2 accuracy:		99.98 %
0.0003400240675546229
0.00039499803096987307
0.0018167500384151936
Batch of classes 4 out of 5 batches
Epoch 26 of 30 took 73.527s
  training loss:		0.001557
  validation loss:		0.003653
  top 1 accuracy:		99.52 %
  top 2 accuracy:		100.00 %
0.00010567680874373764
0.0035638632252812386
0.00023174143279902637
Batch of classes 4 out of 5 batches
Epoch 27 of 30 took 71.976s
  training loss:		0.001274
  validation loss:		0.003350
  top 1 accuracy:		99.56 %
  top 2 accuracy:		99.96 %
0.0008717342279851437
0.00021951987582724541
0.0008773537119850516
Batch of classes 4 out of 5 batches
Epoch 28 of 30 took 73.318s
  training loss:		0.001612
  validation loss:		0.005016
  top 1 accuracy:		99.46 %
  top 2 accuracy:		99.98 %
0.00014352255675476044
0.00018398066458757967
0.00014845527766738087
Batch of classes 4 out of 5 batches
Epoch 29 of 30 took 72.123s
  training loss:		0.000997
  validation loss:		0.003487
  top 1 accuracy:		99.52 %
  top 2 accuracy:		99.98 %
0.0017522437265142798
0.00011844297114294022
6.160573684610426e-05
Batch of classes 4 out of 5 batches
Epoch 30 of 30 took 73.258s
  training loss:		0.001746
  validation loss:		0.003494
  top 1 accuracy:		99.58 %
  top 2 accuracy:		100.00 %
Updating exemplar set...
Computing mean-of_exemplars and theoretical mean...
Computing accuracy on the original batch of classes...
Final results on cyclegan classes:
  top 1 accuracy iCaRL          :		74.29 %
  top 1 accuracy Hybrid 1       :		73.56 %
  top 1 accuracy NCM            :		74.27 %
Binary accuracy:
Final results on cyclegan classes:
  top 1 accuracy iCaRL          :		79.50 %
  top 1 accuracy Hybrid 1       :		79.52 %
  top 1 accuracy NCM            :		79.46 %
Final results on progan256 classes:
  top 1 accuracy iCaRL          :		96.12 %
  top 1 accuracy Hybrid 1       :		93.75 %
  top 1 accuracy NCM            :		95.90 %
Binary accuracy:
Final results on progan256 classes:
  top 1 accuracy iCaRL          :		96.54 %
  top 1 accuracy Hybrid 1       :		94.25 %
  top 1 accuracy NCM            :		96.31 %
Final results on progan1024 classes:
  top 1 accuracy iCaRL          :		93.27 %
  top 1 accuracy Hybrid 1       :		85.19 %
  top 1 accuracy NCM            :		94.23 %
Binary accuracy:
Final results on progan1024 classes:
  top 1 accuracy iCaRL          :		98.38 %
  top 1 accuracy Hybrid 1       :		98.04 %
  top 1 accuracy NCM            :		98.44 %
Final results on glow classes:
  top 1 accuracy iCaRL          :		99.21 %
  top 1 accuracy Hybrid 1       :		99.58 %
  top 1 accuracy NCM            :		99.06 %
Binary accuracy:
Final results on glow classes:
  top 1 accuracy iCaRL          :		99.65 %
  top 1 accuracy Hybrid 1       :		99.71 %
  top 1 accuracy NCM            :		99.65 %
Final results on cumul of classes:
  top 1 accuracy iCaRL          :		90.72 %
  top 1 accuracy Hybrid 1       :		88.02 %
  top 1 accuracy NCM            :		90.86 %
Binary accuracy:
Final results on binary cumul of classes:
  top 1 accuracy iCaRL          :		93.52 %
  top 1 accuracy Hybrid 1       :		92.88 %
  top 1 accuracy NCM            :		93.46 %
Classes in this batch: tensor([8, 9])
Data Size: 7200


Before first epoch
  validation loss:		1.964125
  top 1 accuracy:		0.00 %
  top 2 accuracy:		11.08 %
Batch of classes number 5 arrives ...
1.0570486783981323
0.054369788616895676
0.03386659547686577
Batch of classes 5 out of 5 batches
Epoch 1 of 30 took 79.575s
  training loss:		0.179949
  validation loss:		0.009010
  top 1 accuracy:		99.44 %
  top 2 accuracy:		99.94 %
0.04188454523682594
0.017158925533294678
0.02886705845594406
Batch of classes 5 out of 5 batches
Epoch 2 of 30 took 78.450s
  training loss:		0.028502
  validation loss:		0.008287
  top 1 accuracy:		99.15 %
  top 2 accuracy:		99.94 %
0.005882455036044121
0.006556674838066101
0.011682670563459396
Batch of classes 5 out of 5 batches
Epoch 3 of 30 took 79.430s
  training loss:		0.024517
  validation loss:		0.004930
  top 1 accuracy:		99.67 %
  top 2 accuracy:		99.98 %
0.01201062835752964
0.05000174045562744
0.03728388622403145
Batch of classes 5 out of 5 batches
Epoch 4 of 30 took 82.038s
  training loss:		0.022269
  validation loss:		0.005645
  top 1 accuracy:		99.62 %
  top 2 accuracy:		99.98 %
0.00944956112653017
0.022651268169283867
0.005528291687369347
Batch of classes 5 out of 5 batches
Epoch 5 of 30 took 80.646s
  training loss:		0.020648
  validation loss:		0.006466
  top 1 accuracy:		99.48 %
  top 2 accuracy:		99.94 %
0.004714461043477058
0.0031218146905303
0.006123627535998821
Batch of classes 5 out of 5 batches
Epoch 6 of 30 took 81.455s
  training loss:		0.018749
  validation loss:		0.007055
  top 1 accuracy:		99.73 %
  top 2 accuracy:		100.00 %
0.054959941655397415
0.06505453586578369
0.02203516848385334
Batch of classes 5 out of 5 batches
Epoch 7 of 30 took 80.072s
  training loss:		0.019267
  validation loss:		0.005480
  top 1 accuracy:		99.69 %
  top 2 accuracy:		100.00 %
0.04199496656656265
0.013701201416552067
0.024482429027557373
Batch of classes 5 out of 5 batches
Epoch 8 of 30 took 81.092s
  training loss:		0.017191
  validation loss:		0.005177
  top 1 accuracy:		99.65 %
  top 2 accuracy:		100.00 %
0.008611870929598808
0.015288055874407291
0.035175323486328125
Batch of classes 5 out of 5 batches
Epoch 9 of 30 took 81.431s
  training loss:		0.016316
  validation loss:		0.003235
  top 1 accuracy:		99.79 %
  top 2 accuracy:		100.00 %
0.004817852284759283
0.006532557308673859
0.002313062082976103
Batch of classes 5 out of 5 batches
Epoch 10 of 30 took 79.981s
  training loss:		0.015094
  validation loss:		0.001885
  top 1 accuracy:		99.96 %
  top 2 accuracy:		100.00 %
0.019799834117293358
0.040231406688690186
0.007186640985310078
Batch of classes 5 out of 5 batches
Epoch 11 of 30 took 79.943s
  training loss:		0.013974
  validation loss:		0.001994
  top 1 accuracy:		99.83 %
  top 2 accuracy:		100.00 %
0.005939838010817766
0.001943286624737084
0.04178369790315628
Batch of classes 5 out of 5 batches
Epoch 12 of 30 took 82.271s
  training loss:		0.010674
  validation loss:		0.001429
  top 1 accuracy:		99.75 %
  top 2 accuracy:		100.00 %
0.0011819014325737953
0.005533948075026274
0.012562533840537071
Batch of classes 5 out of 5 batches
Epoch 13 of 30 took 78.522s
  training loss:		0.009387
  validation loss:		0.002668
  top 1 accuracy:		99.71 %
  top 2 accuracy:		99.98 %
0.012473680078983307
0.0018033025553449988
0.006981618236750364
Batch of classes 5 out of 5 batches
Epoch 14 of 30 took 78.662s
  training loss:		0.006509
  validation loss:		0.006674
  top 1 accuracy:		98.90 %
  top 2 accuracy:		99.85 %
0.0010973903117701411
0.001339827082119882
0.0010365719208493829
Batch of classes 5 out of 5 batches
Epoch 15 of 30 took 77.984s
  training loss:		0.005920
  validation loss:		0.003518
  top 1 accuracy:		99.50 %
  top 2 accuracy:		100.00 %
0.0031329363118857145
0.000587384682148695
0.0021714065223932266
Batch of classes 5 out of 5 batches
Epoch 16 of 30 took 78.262s
  training loss:		0.002965
  validation loss:		0.001702
  top 1 accuracy:		99.81 %
  top 2 accuracy:		100.00 %
0.0019526219693943858
0.0001976065250346437
0.0009870720095932484
Batch of classes 5 out of 5 batches
Epoch 17 of 30 took 79.004s
  training loss:		0.001639
  validation loss:		0.001571
  top 1 accuracy:		99.77 %
  top 2 accuracy:		100.00 %
0.00016446752124466002
0.001155566773377359
0.0003409480268601328
Batch of classes 5 out of 5 batches
Epoch 18 of 30 took 79.998s
  training loss:		0.001798
  validation loss:		0.001169
  top 1 accuracy:		99.81 %
  top 2 accuracy:		100.00 %
0.00016478303587064147
0.0012380537809804082
0.0009620245546102524
Batch of classes 5 out of 5 batches
Epoch 19 of 30 took 79.777s
  training loss:		0.001289
  validation loss:		0.002331
  top 1 accuracy:		99.65 %
  top 2 accuracy:		99.98 %
0.000553736521396786
0.0006948256632313132
0.0006132473354227841
Batch of classes 5 out of 5 batches
Epoch 20 of 30 took 79.077s
  training loss:		0.000876
  validation loss:		0.001482
  top 1 accuracy:		99.79 %
  top 2 accuracy:		100.00 %
0.0009684012038633227
0.0014403886161744595
0.00020981929264962673
Batch of classes 5 out of 5 batches
Epoch 21 of 30 took 80.701s
  training loss:		0.000825
  validation loss:		0.001392
  top 1 accuracy:		99.81 %
  top 2 accuracy:		100.00 %
0.0001173311029560864
0.00015459572023246437
0.0006406978936865926
Batch of classes 5 out of 5 batches
Epoch 22 of 30 took 78.716s
  training loss:		0.001418
  validation loss:		0.001243
  top 1 accuracy:		99.83 %
  top 2 accuracy:		100.00 %
0.0008201241726055741
0.0006323471898213029
0.0002712265122681856
Batch of classes 5 out of 5 batches
Epoch 23 of 30 took 79.774s
  training loss:		0.001065
  validation loss:		0.001124
  top 1 accuracy:		99.83 %
  top 2 accuracy:		100.00 %
0.0013985508121550083
0.008269524201750755
0.0001660482375882566
Batch of classes 5 out of 5 batches
Epoch 24 of 30 took 75.943s
  training loss:		0.000902
  validation loss:		0.001102
  top 1 accuracy:		99.83 %
  top 2 accuracy:		100.00 %
0.00031383585883304477
4.8832160246092826e-05
0.00023624271852895617
Batch of classes 5 out of 5 batches
Epoch 25 of 30 took 73.754s
  training loss:		0.000720
  validation loss:		0.001488
  top 1 accuracy:		99.75 %
  top 2 accuracy:		100.00 %
0.00011957729293499142
0.003111341269686818
0.0004931756993755698
Batch of classes 5 out of 5 batches
Epoch 26 of 30 took 72.519s
  training loss:		0.000462
  validation loss:		0.001059
  top 1 accuracy:		99.83 %
  top 2 accuracy:		100.00 %
3.658944115159102e-05
0.0002331071300432086
0.00012537490692920983
Batch of classes 5 out of 5 batches
Epoch 27 of 30 took 72.534s
  training loss:		0.000720
  validation loss:		0.001019
  top 1 accuracy:		99.83 %
  top 2 accuracy:		100.00 %
0.00040612826705910265
0.005750915035605431
9.718089859234169e-05
Batch of classes 5 out of 5 batches
Epoch 28 of 30 took 73.029s
  training loss:		0.000671
  validation loss:		0.000897
  top 1 accuracy:		99.87 %
  top 2 accuracy:		100.00 %
0.00040447484934702516
7.907583494670689e-05
0.00043855683179572225
Batch of classes 5 out of 5 batches
Epoch 29 of 30 took 74.840s
  training loss:		0.000582
  validation loss:		0.000952
  top 1 accuracy:		99.85 %
  top 2 accuracy:		100.00 %
0.00015537765284534544
0.0001526962878415361
7.887345418566838e-05
Batch of classes 5 out of 5 batches
Epoch 30 of 30 took 74.107s
  training loss:		0.000670
  validation loss:		0.000720
  top 1 accuracy:		99.85 %
  top 2 accuracy:		100.00 %
Updating exemplar set...
Computing mean-of_exemplars and theoretical mean...
Computing accuracy on the original batch of classes...
Final results on cyclegan classes:
  top 1 accuracy iCaRL          :		75.04 %
  top 1 accuracy Hybrid 1       :		74.96 %
  top 1 accuracy NCM            :		75.23 %
Binary accuracy:
Final results on cyclegan classes:
  top 1 accuracy iCaRL          :		78.42 %
  top 1 accuracy Hybrid 1       :		79.23 %
  top 1 accuracy NCM            :		78.31 %
Final results on progan256 classes:
  top 1 accuracy iCaRL          :		97.92 %
  top 1 accuracy Hybrid 1       :		97.08 %
  top 1 accuracy NCM            :		97.54 %
Binary accuracy:
Final results on progan256 classes:
  top 1 accuracy iCaRL          :		98.15 %
  top 1 accuracy Hybrid 1       :		97.35 %
  top 1 accuracy NCM            :		97.79 %
Final results on progan1024 classes:
  top 1 accuracy iCaRL          :		91.75 %
  top 1 accuracy Hybrid 1       :		85.88 %
  top 1 accuracy NCM            :		92.98 %
Binary accuracy:
Final results on progan1024 classes:
  top 1 accuracy iCaRL          :		97.98 %
  top 1 accuracy Hybrid 1       :		97.62 %
  top 1 accuracy NCM            :		97.96 %
Final results on glow classes:
  top 1 accuracy iCaRL          :		68.73 %
  top 1 accuracy Hybrid 1       :		46.73 %
  top 1 accuracy NCM            :		73.23 %
Binary accuracy:
Final results on glow classes:
  top 1 accuracy iCaRL          :		98.85 %
  top 1 accuracy Hybrid 1       :		96.52 %
  top 1 accuracy NCM            :		98.85 %
Final results on stargan classes:
  top 1 accuracy iCaRL          :		79.71 %
  top 1 accuracy Hybrid 1       :		99.85 %
  top 1 accuracy NCM            :		74.21 %
Binary accuracy:
Final results on stargan classes:
  top 1 accuracy iCaRL          :		99.96 %
  top 1 accuracy Hybrid 1       :		99.96 %
  top 1 accuracy NCM            :		99.96 %
Final results on cumul of classes:
  top 1 accuracy iCaRL          :		82.63 %
  top 1 accuracy Hybrid 1       :		80.90 %
  top 1 accuracy NCM            :		82.64 %
Binary accuracy:
Final results on binary cumul of classes:
  top 1 accuracy iCaRL          :		94.67 %
  top 1 accuracy Hybrid 1       :		94.14 %
  top 1 accuracy NCM            :		94.57 %
