----------------- Options ---------------
               add_binary: True                          	[default: False]
               batch_size: 32                            	[default: 64]
                blur_prob: 0                             
                 blur_sig: 0.5                           
          checkpoints_dir: /scratch_net/kringel/chuqli/CNNDetection/checkpoints	[default: ./checkpoints]
                class_bal: False                         
           continue_train: False                         
                 cropSize: 224                           
                 data_aug: False                         
                 dataroot: /srv/beegfs02/scratch/generative_modeling/data/Deepfake/test	[default: /srv/beegfs02/scratch/generative_modeling/data/Deepfake/Adam-NSCL]
          earlystop_epoch: 5                             
                    epoch: latest                        
                 fine_tun: False                         
                    gpuid: [1]                           
                init_gain: 0.02                          
                  init_lr: 0.0005                        
                init_type: normal                        
                  isTrain: True                          	[default: None]
               jpg_method: cv2                           
                 jpg_prob: 0                             
                 jpg_qual: 75                            
                 loadSize: 256                           
                     matr: results/acc_matr.npz          
                     mode: binary                        
               model_name: resnet18                      
               model_type: resnet                        
            model_weights: /home/chuqli/scratch/CNNDetection/checkpoints/no_aug/model_epoch_best.pth	[default: None]
               multiclass: [0, 0, 1, 0, 0, 0, 0]         	[default: [1]]
                     name: icarl_df                      	[default: experiment_name]
                  no_flip: False                         
              num_classes: 2                             
               num_epochs: 30                            	[default: 12]
              num_threads: 4                             
                  outfile: temp_0.1.csv                  
            pretrain_name:                               
           resize_or_crop: scale_and_crop                
                rz_interp: bilinear                      
          save_epoch_freq: 20                            
         save_latest_freq: 2000                          
           serial_batches: False                         
                   suffix:                               
                task_name: gaugan,biggan,cyclegan,imle,deepfake,crn,wild	[default: ]
              train_split: train                         
                val_split: val                           
----------------- End -------------------
{'All': 14}
Task order: ['gaugan', 'biggan', 'cyclegan', 'imle', 'deepfake', 'crn', 'wild']
=> Load model weights: /home/chuqli/scratch/CNNDetection/checkpoints/no_aug/model_epoch_best.pth
=> Load Done
Classes in this batch: tensor([0, 1])
Data Size: 6000


Before first epoch
  validation loss:		1.309705
  top 1 accuracy:		17.05 %
  top 2 accuracy:		17.30 %
Batch of classes number 1 arrives ...
2.342214345932007
1.2226622104644775
Batch of classes 1 out of 7 batches
Epoch 1 of 30 took 40.185s
  training loss:		1.034355
  validation loss:		0.086862
  top 1 accuracy:		74.85 %
  top 2 accuracy:		99.95 %
0.6099548935890198
0.3656744956970215
Batch of classes 1 out of 7 batches
Epoch 2 of 30 took 38.978s
  training loss:		0.537733
  validation loss:		0.067620
  top 1 accuracy:		81.60 %
  top 2 accuracy:		99.70 %
0.3107278048992157
0.24673381447792053
Batch of classes 1 out of 7 batches
Epoch 3 of 30 took 39.177s
  training loss:		0.405151
  validation loss:		0.081813
  top 1 accuracy:		76.35 %
  top 2 accuracy:		100.00 %
0.1983429193496704
0.18650449812412262
Batch of classes 1 out of 7 batches
Epoch 4 of 30 took 39.168s
  training loss:		0.363345
  validation loss:		0.052407
  top 1 accuracy:		85.20 %
  top 2 accuracy:		99.90 %
0.24158179759979248
0.3260546624660492
Batch of classes 1 out of 7 batches
Epoch 5 of 30 took 38.772s
  training loss:		0.300656
  validation loss:		0.073981
  top 1 accuracy:		81.00 %
  top 2 accuracy:		100.00 %
0.4051628112792969
0.2562546730041504
Batch of classes 1 out of 7 batches
Epoch 6 of 30 took 38.905s
  training loss:		0.251300
  validation loss:		0.045158
  top 1 accuracy:		88.30 %
  top 2 accuracy:		99.85 %
0.6074479818344116
0.11914140731096268
Batch of classes 1 out of 7 batches
Epoch 7 of 30 took 38.463s
  training loss:		0.265932
  validation loss:		0.049810
  top 1 accuracy:		87.20 %
  top 2 accuracy:		100.00 %
0.09613948315382004
0.5461729168891907
Batch of classes 1 out of 7 batches
Epoch 8 of 30 took 39.104s
  training loss:		0.231979
  validation loss:		0.049338
  top 1 accuracy:		87.15 %
  top 2 accuracy:		100.00 %
0.4785395562648773
0.23924846947193146
Batch of classes 1 out of 7 batches
Epoch 9 of 30 took 38.924s
  training loss:		0.207545
  validation loss:		0.052713
  top 1 accuracy:		86.60 %
  top 2 accuracy:		100.00 %
0.1199764683842659
0.19018690288066864
Batch of classes 1 out of 7 batches
Epoch 10 of 30 took 39.552s
  training loss:		0.177074
  validation loss:		0.042015
  top 1 accuracy:		89.30 %
  top 2 accuracy:		100.00 %
0.09084746241569519
0.12373404949903488
Batch of classes 1 out of 7 batches
Epoch 11 of 30 took 39.213s
  training loss:		0.159549
  validation loss:		0.041846
  top 1 accuracy:		89.35 %
  top 2 accuracy:		100.00 %
0.07616760581731796
0.1447058469057083
Batch of classes 1 out of 7 batches
Epoch 12 of 30 took 38.816s
  training loss:		0.161919
  validation loss:		0.020067
  top 1 accuracy:		94.70 %
  top 2 accuracy:		100.00 %
0.13599862158298492
0.05585431680083275
Batch of classes 1 out of 7 batches
Epoch 13 of 30 took 39.535s
  training loss:		0.125256
  validation loss:		0.036644
  top 1 accuracy:		91.20 %
  top 2 accuracy:		99.95 %
0.19110028445720673
0.4385741353034973
Batch of classes 1 out of 7 batches
Epoch 14 of 30 took 38.815s
  training loss:		0.107663
  validation loss:		0.011712
  top 1 accuracy:		97.20 %
  top 2 accuracy:		100.00 %
0.28408879041671753
0.053941868245601654
Batch of classes 1 out of 7 batches
Epoch 15 of 30 took 38.501s
  training loss:		0.080092
  validation loss:		0.019501
  top 1 accuracy:		95.25 %
  top 2 accuracy:		100.00 %
0.06696044653654099
0.0035816130694001913
Batch of classes 1 out of 7 batches
Epoch 16 of 30 took 38.949s
  training loss:		0.056008
  validation loss:		0.018758
  top 1 accuracy:		95.20 %
  top 2 accuracy:		100.00 %
0.02839149720966816
0.00476981233805418
Batch of classes 1 out of 7 batches
Epoch 17 of 30 took 38.656s
  training loss:		0.051777
  validation loss:		0.017833
  top 1 accuracy:		94.95 %
  top 2 accuracy:		99.95 %
0.10070374608039856
0.19609051942825317
Batch of classes 1 out of 7 batches
Epoch 18 of 30 took 38.923s
  training loss:		0.048120
  validation loss:		0.016903
  top 1 accuracy:		95.45 %
  top 2 accuracy:		100.00 %
0.20136798918247223
0.014809384942054749
Batch of classes 1 out of 7 batches
Epoch 19 of 30 took 38.559s
  training loss:		0.043382
  validation loss:		0.009419
  top 1 accuracy:		97.80 %
  top 2 accuracy:		100.00 %
0.0013142412062734365
0.008988583460450172
Batch of classes 1 out of 7 batches
Epoch 20 of 30 took 39.006s
  training loss:		0.033003
  validation loss:		0.010303
  top 1 accuracy:		97.10 %
  top 2 accuracy:		99.95 %
0.0037660354282706976
0.006358921527862549
Batch of classes 1 out of 7 batches
Epoch 21 of 30 took 39.750s
  training loss:		0.015710
  validation loss:		0.002379
  top 1 accuracy:		99.50 %
  top 2 accuracy:		100.00 %
0.004494696855545044
0.0017008829163387418
Batch of classes 1 out of 7 batches
Epoch 22 of 30 took 39.487s
  training loss:		0.011295
  validation loss:		0.002422
  top 1 accuracy:		99.50 %
  top 2 accuracy:		100.00 %
0.025247275829315186
0.0030208146199584007
Batch of classes 1 out of 7 batches
Epoch 23 of 30 took 39.407s
  training loss:		0.009173
  validation loss:		0.002258
  top 1 accuracy:		99.45 %
  top 2 accuracy:		100.00 %
0.0019729831255972385
0.0012490460649132729
Batch of classes 1 out of 7 batches
Epoch 24 of 30 took 39.592s
  training loss:		0.007528
  validation loss:		0.002202
  top 1 accuracy:		99.75 %
  top 2 accuracy:		99.95 %
0.0011204490438103676
0.0013562827371060848
Batch of classes 1 out of 7 batches
Epoch 25 of 30 took 39.707s
  training loss:		0.006581
  validation loss:		0.001681
  top 1 accuracy:		99.45 %
  top 2 accuracy:		100.00 %
0.0014270086539909244
0.001787408022210002
Batch of classes 1 out of 7 batches
Epoch 26 of 30 took 38.626s
  training loss:		0.006447
  validation loss:		0.002801
  top 1 accuracy:		99.40 %
  top 2 accuracy:		99.95 %
0.0029864038806408644
0.0067761726677417755
Batch of classes 1 out of 7 batches
Epoch 27 of 30 took 39.598s
  training loss:		0.005301
  validation loss:		0.001934
  top 1 accuracy:		99.70 %
  top 2 accuracy:		100.00 %
0.005258255172520876
0.0003368450852576643
Batch of classes 1 out of 7 batches
Epoch 28 of 30 took 38.948s
  training loss:		0.005544
  validation loss:		0.001959
  top 1 accuracy:		99.60 %
  top 2 accuracy:		100.00 %
0.0018223286606371403
0.0063456036150455475
Batch of classes 1 out of 7 batches
Epoch 29 of 30 took 39.572s
  training loss:		0.006322
  validation loss:		0.002163
  top 1 accuracy:		99.55 %
  top 2 accuracy:		100.00 %
0.00016796751879155636
0.0005517523968592286
Batch of classes 1 out of 7 batches
Epoch 30 of 30 took 38.826s
  training loss:		0.003722
  validation loss:		0.001585
  top 1 accuracy:		99.70 %
  top 2 accuracy:		100.00 %
=> Load model weights: /home/chuqli/scratch/CNNDetection/checkpoints/no_aug/model_epoch_best.pth
=> Load Done
Updating exemplar set...
Computing mean-of_exemplars and theoretical mean...
Computing accuracy on the original batch of classes...
Final results on gaugan classes:
  top 1 accuracy iCaRL          :		99.60 %
  top 1 accuracy Hybrid 1       :		99.70 %
  top 1 accuracy NCM            :		99.60 %
Binary accuracy:
Final results on gaugan classes:
  top 1 accuracy iCaRL          :		99.60 %
  top 1 accuracy Hybrid 1       :		99.70 %
  top 1 accuracy NCM            :		99.60 %
Final results on cumul of classes:
  top 1 accuracy iCaRL          :		99.60 %
  top 1 accuracy Hybrid 1       :		99.70 %
  top 1 accuracy NCM            :		99.60 %
Binary accuracy:
Final results on binary cumul of classes:
  top 1 accuracy iCaRL          :		99.60 %
  top 1 accuracy Hybrid 1       :		99.70 %
  top 1 accuracy NCM            :		99.60 %
Classes in this batch: tensor([2, 3])
Data Size: 2400


Before first epoch
  validation loss:		1.378114
  top 1 accuracy:		0.00 %
  top 2 accuracy:		0.12 %
Batch of classes number 2 arrives ...
1.7686758041381836
0.5052807331085205
Batch of classes 2 out of 7 batches
Epoch 1 of 30 took 27.759s
  training loss:		1.038981
  validation loss:		0.132701
  top 1 accuracy:		58.75 %
  top 2 accuracy:		85.50 %
0.7654213309288025
0.4387834668159485
Batch of classes 2 out of 7 batches
Epoch 2 of 30 took 27.162s
  training loss:		0.522325
  validation loss:		0.098218
  top 1 accuracy:		84.25 %
  top 2 accuracy:		91.12 %
0.5913205742835999
0.34288543462753296
Batch of classes 2 out of 7 batches
Epoch 3 of 30 took 27.450s
  training loss:		0.475906
  validation loss:		0.088580
  top 1 accuracy:		81.00 %
  top 2 accuracy:		93.25 %
0.4142917990684509
0.4004442095756531
Batch of classes 2 out of 7 batches
Epoch 4 of 30 took 27.293s
  training loss:		0.408121
  validation loss:		0.109129
  top 1 accuracy:		76.88 %
  top 2 accuracy:		89.63 %
0.3700557351112366
0.27013781666755676
Batch of classes 2 out of 7 batches
Epoch 5 of 30 took 27.065s
  training loss:		0.341612
  validation loss:		0.099531
  top 1 accuracy:		78.50 %
  top 2 accuracy:		93.12 %
0.408671110868454
0.26170825958251953
Batch of classes 2 out of 7 batches
Epoch 6 of 30 took 27.431s
  training loss:		0.331197
  validation loss:		0.087638
  top 1 accuracy:		80.87 %
  top 2 accuracy:		93.75 %
0.18761612474918365
0.3064762055873871
Batch of classes 2 out of 7 batches
Epoch 7 of 30 took 27.341s
  training loss:		0.307110
  validation loss:		0.110236
  top 1 accuracy:		73.75 %
  top 2 accuracy:		86.62 %
0.3834710121154785
0.31143638491630554
Batch of classes 2 out of 7 batches
Epoch 8 of 30 took 27.147s
  training loss:		0.260865
  validation loss:		0.074303
  top 1 accuracy:		86.25 %
  top 2 accuracy:		95.88 %
0.32876789569854736
0.14587244391441345
Batch of classes 2 out of 7 batches
Epoch 9 of 30 took 27.197s
  training loss:		0.226610
  validation loss:		0.089996
  top 1 accuracy:		78.62 %
  top 2 accuracy:		93.00 %
0.12466727197170258
0.1989271342754364
Batch of classes 2 out of 7 batches
Epoch 10 of 30 took 27.348s
  training loss:		0.245593
  validation loss:		0.094656
  top 1 accuracy:		77.63 %
  top 2 accuracy:		95.00 %
0.13243228197097778
0.49155914783477783
Batch of classes 2 out of 7 batches
Epoch 11 of 30 took 27.435s
  training loss:		0.246408
  validation loss:		0.082821
  top 1 accuracy:		82.13 %
  top 2 accuracy:		95.13 %
0.19231414794921875
0.11845319718122482
Batch of classes 2 out of 7 batches
Epoch 12 of 30 took 27.375s
  training loss:		0.207168
  validation loss:		0.064492
  top 1 accuracy:		86.75 %
  top 2 accuracy:		98.62 %
0.09369835257530212
0.12181288003921509
Batch of classes 2 out of 7 batches
Epoch 13 of 30 took 27.174s
  training loss:		0.235539
  validation loss:		0.066165
  top 1 accuracy:		87.88 %
  top 2 accuracy:		96.13 %
0.21579605340957642
0.11648187786340714
Batch of classes 2 out of 7 batches
Epoch 14 of 30 took 27.071s
  training loss:		0.233339
  validation loss:		0.064550
  top 1 accuracy:		88.38 %
  top 2 accuracy:		95.88 %
0.1544041782617569
0.24365320801734924
Batch of classes 2 out of 7 batches
Epoch 15 of 30 took 27.508s
  training loss:		0.212956
  validation loss:		0.076267
  top 1 accuracy:		79.75 %
  top 2 accuracy:		94.13 %
0.2878588140010834
0.10336586087942123
Batch of classes 2 out of 7 batches
Epoch 16 of 30 took 27.330s
  training loss:		0.187691
  validation loss:		0.070053
  top 1 accuracy:		85.25 %
  top 2 accuracy:		96.25 %
0.10037972033023834
0.10812046378850937
Batch of classes 2 out of 7 batches
Epoch 17 of 30 took 27.527s
  training loss:		0.164954
  validation loss:		0.057014
  top 1 accuracy:		90.62 %
  top 2 accuracy:		97.50 %
0.23986975848674774
0.1727757453918457
Batch of classes 2 out of 7 batches
Epoch 18 of 30 took 27.350s
  training loss:		0.160958
  validation loss:		0.064401
  top 1 accuracy:		87.12 %
  top 2 accuracy:		97.12 %
0.09227954596281052
0.13723525404930115
Batch of classes 2 out of 7 batches
Epoch 19 of 30 took 27.271s
  training loss:		0.140681
  validation loss:		0.082620
  top 1 accuracy:		81.25 %
  top 2 accuracy:		96.75 %
0.21554619073867798
0.14306050539016724
Batch of classes 2 out of 7 batches
Epoch 20 of 30 took 27.149s
  training loss:		0.181184
  validation loss:		0.077575
  top 1 accuracy:		83.00 %
  top 2 accuracy:		94.00 %
0.09897437691688538
0.05836457759141922
Batch of classes 2 out of 7 batches
Epoch 21 of 30 took 27.416s
  training loss:		0.096898
  validation loss:		0.049524
  top 1 accuracy:		89.00 %
  top 2 accuracy:		99.37 %
0.0893644392490387
0.0707857608795166
Batch of classes 2 out of 7 batches
Epoch 22 of 30 took 27.093s
  training loss:		0.097620
  validation loss:		0.049775
  top 1 accuracy:		89.13 %
  top 2 accuracy:		99.25 %
0.07757198065519333
0.05858997628092766
Batch of classes 2 out of 7 batches
Epoch 23 of 30 took 27.073s
  training loss:		0.085938
  validation loss:		0.046000
  top 1 accuracy:		92.12 %
  top 2 accuracy:		99.00 %
0.060872845351696014
0.049248434603214264
Batch of classes 2 out of 7 batches
Epoch 24 of 30 took 27.233s
  training loss:		0.081166
  validation loss:		0.045593
  top 1 accuracy:		92.37 %
  top 2 accuracy:		98.75 %
0.055298831313848495
0.09136815369129181
Batch of classes 2 out of 7 batches
Epoch 25 of 30 took 27.350s
  training loss:		0.073188
  validation loss:		0.044602
  top 1 accuracy:		92.62 %
  top 2 accuracy:		99.00 %
0.07727421075105667
0.05773993209004402
Batch of classes 2 out of 7 batches
Epoch 26 of 30 took 27.406s
  training loss:		0.072034
  validation loss:		0.045333
  top 1 accuracy:		92.12 %
  top 2 accuracy:		99.37 %
0.06631194055080414
0.09295462816953659
Batch of classes 2 out of 7 batches
Epoch 27 of 30 took 27.151s
  training loss:		0.072891
  validation loss:		0.045220
  top 1 accuracy:		92.12 %
  top 2 accuracy:		99.00 %
0.08769223839044571
0.05346071720123291
Batch of classes 2 out of 7 batches
Epoch 28 of 30 took 27.433s
  training loss:		0.069074
  validation loss:		0.044674
  top 1 accuracy:		91.87 %
  top 2 accuracy:		99.12 %
0.051840655505657196
0.48839759826660156
Batch of classes 2 out of 7 batches
Epoch 29 of 30 took 27.624s
  training loss:		0.067089
  validation loss:		0.044527
  top 1 accuracy:		92.25 %
  top 2 accuracy:		98.75 %
0.12282967567443848
0.05570044368505478
Batch of classes 2 out of 7 batches
Epoch 30 of 30 took 27.351s
  training loss:		0.069571
  validation loss:		0.050081
  top 1 accuracy:		88.38 %
  top 2 accuracy:		99.12 %
Updating exemplar set...
Computing mean-of_exemplars and theoretical mean...
Computing accuracy on the original batch of classes...
Final results on gaugan classes:
  top 1 accuracy iCaRL          :		79.75 %
  top 1 accuracy Hybrid 1       :		58.30 %
  top 1 accuracy NCM            :		82.15 %
Binary accuracy:
Final results on gaugan classes:
  top 1 accuracy iCaRL          :		97.75 %
  top 1 accuracy Hybrid 1       :		97.30 %
  top 1 accuracy NCM            :		97.75 %
Final results on biggan classes:
  top 1 accuracy iCaRL          :		69.00 %
  top 1 accuracy Hybrid 1       :		88.38 %
  top 1 accuracy NCM            :		69.75 %
Binary accuracy:
Final results on biggan classes:
  top 1 accuracy iCaRL          :		97.00 %
  top 1 accuracy Hybrid 1       :		97.25 %
  top 1 accuracy NCM            :		97.00 %
Final results on cumul of classes:
  top 1 accuracy iCaRL          :		76.68 %
  top 1 accuracy Hybrid 1       :		66.89 %
  top 1 accuracy NCM            :		78.61 %
Binary accuracy:
Final results on binary cumul of classes:
  top 1 accuracy iCaRL          :		97.54 %
  top 1 accuracy Hybrid 1       :		97.29 %
  top 1 accuracy NCM            :		97.54 %
Classes in this batch: tensor([4, 5])
Data Size: 1572


Before first epoch
  validation loss:		0.831021
  top 1 accuracy:		0.00 %
  top 2 accuracy:		0.00 %
Batch of classes number 3 arrives ...
0.7121583223342896
0.4965716302394867
Batch of classes 3 out of 7 batches
Epoch 1 of 30 took 26.647s
  training loss:		0.526139
  validation loss:		0.142295
  top 1 accuracy:		36.26 %
  top 2 accuracy:		85.50 %
0.2705364227294922
0.4442611336708069
Batch of classes 3 out of 7 batches
Epoch 2 of 30 took 26.373s
  training loss:		0.333721
  validation loss:		0.186403
  top 1 accuracy:		14.12 %
  top 2 accuracy:		74.24 %
0.2965478003025055
0.6306376457214355
Batch of classes 3 out of 7 batches
Epoch 3 of 30 took 26.157s
  training loss:		0.350122
  validation loss:		0.157050
  top 1 accuracy:		43.51 %
  top 2 accuracy:		88.74 %
0.34947630763053894
0.2356330305337906
Batch of classes 3 out of 7 batches
Epoch 4 of 30 took 26.310s
  training loss:		0.345471
  validation loss:		0.140489
  top 1 accuracy:		54.77 %
  top 2 accuracy:		83.40 %
0.1913439929485321
0.28509581089019775
Batch of classes 3 out of 7 batches
Epoch 5 of 30 took 26.253s
  training loss:		0.288243
  validation loss:		0.138201
  top 1 accuracy:		66.79 %
  top 2 accuracy:		87.79 %
0.2656368017196655
0.23876012861728668
Batch of classes 3 out of 7 batches
Epoch 6 of 30 took 26.290s
  training loss:		0.258293
  validation loss:		0.130151
  top 1 accuracy:		56.11 %
  top 2 accuracy:		89.89 %
0.1806982159614563
0.17765545845031738
Batch of classes 3 out of 7 batches
Epoch 7 of 30 took 26.224s
  training loss:		0.223007
  validation loss:		0.105478
  top 1 accuracy:		80.92 %
  top 2 accuracy:		93.70 %
0.13256047666072845
0.15669862926006317
Batch of classes 3 out of 7 batches
Epoch 8 of 30 took 26.409s
  training loss:		0.287670
  validation loss:		0.115820
  top 1 accuracy:		79.96 %
  top 2 accuracy:		88.17 %
0.34681904315948486
0.14690805971622467
Batch of classes 3 out of 7 batches
Epoch 9 of 30 took 26.268s
  training loss:		0.182913
  validation loss:		0.118848
  top 1 accuracy:		80.15 %
  top 2 accuracy:		87.98 %
0.5098376274108887
0.13682860136032104
Batch of classes 3 out of 7 batches
Epoch 10 of 30 took 26.241s
  training loss:		0.178710
  validation loss:		0.123883
  top 1 accuracy:		73.28 %
  top 2 accuracy:		90.08 %
0.3804135322570801
0.16241438686847687
Batch of classes 3 out of 7 batches
Epoch 11 of 30 took 26.444s
  training loss:		0.288759
  validation loss:		0.106829
  top 1 accuracy:		81.87 %
  top 2 accuracy:		92.94 %
0.23931968212127686
0.14213429391384125
Batch of classes 3 out of 7 batches
Epoch 12 of 30 took 26.222s
  training loss:		0.207513
  validation loss:		0.132977
  top 1 accuracy:		67.37 %
  top 2 accuracy:		89.12 %
0.18161316215991974
0.11284708976745605
Batch of classes 3 out of 7 batches
Epoch 13 of 30 took 26.338s
  training loss:		0.158892
  validation loss:		0.134864
  top 1 accuracy:		73.66 %
  top 2 accuracy:		83.21 %
0.9702315926551819
0.27869439125061035
Batch of classes 3 out of 7 batches
Epoch 14 of 30 took 26.338s
  training loss:		0.434807
  validation loss:		0.105460
  top 1 accuracy:		76.53 %
  top 2 accuracy:		87.21 %
0.20044481754302979
0.20107156038284302
Batch of classes 3 out of 7 batches
Epoch 15 of 30 took 26.166s
  training loss:		0.229616
  validation loss:		0.152135
  top 1 accuracy:		71.56 %
  top 2 accuracy:		80.53 %
0.1398499459028244
0.22685478627681732
Batch of classes 3 out of 7 batches
Epoch 16 of 30 took 26.316s
  training loss:		0.275406
  validation loss:		0.104099
  top 1 accuracy:		83.40 %
  top 2 accuracy:		91.79 %
0.13858631253242493
0.1811371147632599
Batch of classes 3 out of 7 batches
Epoch 17 of 30 took 26.370s
  training loss:		0.212770
  validation loss:		0.117611
  top 1 accuracy:		79.01 %
  top 2 accuracy:		86.83 %
0.14653050899505615
0.14636248350143433
Batch of classes 3 out of 7 batches
Epoch 18 of 30 took 26.287s
  training loss:		0.190498
  validation loss:		0.093059
  top 1 accuracy:		82.06 %
  top 2 accuracy:		94.08 %
0.36574113368988037
0.26853078603744507
Batch of classes 3 out of 7 batches
Epoch 19 of 30 took 26.562s
  training loss:		0.299818
  validation loss:		0.103591
  top 1 accuracy:		76.15 %
  top 2 accuracy:		91.41 %
0.15883338451385498
0.2051212191581726
Batch of classes 3 out of 7 batches
Epoch 20 of 30 took 26.439s
  training loss:		0.296916
  validation loss:		0.089155
  top 1 accuracy:		85.50 %
  top 2 accuracy:		90.84 %
0.1250263899564743
0.15815386176109314
Batch of classes 3 out of 7 batches
Epoch 21 of 30 took 26.322s
  training loss:		0.151958
  validation loss:		0.084039
  top 1 accuracy:		85.50 %
  top 2 accuracy:		93.89 %
0.1462438404560089
0.09150909632444382
Batch of classes 3 out of 7 batches
Epoch 22 of 30 took 26.227s
  training loss:		0.134470
  validation loss:		0.084919
  top 1 accuracy:		84.35 %
  top 2 accuracy:		92.75 %
0.10070683062076569
0.10797146707773209
Batch of classes 3 out of 7 batches
Epoch 23 of 30 took 26.349s
  training loss:		0.146434
  validation loss:		0.079529
  top 1 accuracy:		86.07 %
  top 2 accuracy:		94.27 %
0.1155463382601738
0.11356528103351593
Batch of classes 3 out of 7 batches
Epoch 24 of 30 took 26.166s
  training loss:		0.134392
  validation loss:		0.081366
  top 1 accuracy:		84.92 %
  top 2 accuracy:		93.51 %
0.1605774462223053
0.11348944902420044
Batch of classes 3 out of 7 batches
Epoch 25 of 30 took 26.312s
  training loss:		0.114369
  validation loss:		0.073681
  top 1 accuracy:		88.17 %
  top 2 accuracy:		94.85 %
0.08854173123836517
0.09130460023880005
Batch of classes 3 out of 7 batches
Epoch 26 of 30 took 26.287s
  training loss:		0.135643
  validation loss:		0.075262
  top 1 accuracy:		87.40 %
  top 2 accuracy:		92.37 %
0.09801270812749863
0.08737631142139435
Batch of classes 3 out of 7 batches
Epoch 27 of 30 took 26.321s
  training loss:		0.126398
  validation loss:		0.073908
  top 1 accuracy:		87.98 %
  top 2 accuracy:		93.70 %
0.10866636037826538
0.07280096411705017
Batch of classes 3 out of 7 batches
Epoch 28 of 30 took 26.260s
  training loss:		0.127145
  validation loss:		0.072408
  top 1 accuracy:		88.74 %
  top 2 accuracy:		93.70 %
0.08493038266897202
0.14322270452976227
Batch of classes 3 out of 7 batches
Epoch 29 of 30 took 26.305s
  training loss:		0.147708
  validation loss:		0.072993
  top 1 accuracy:		87.21 %
  top 2 accuracy:		93.70 %
0.11681004613637924
0.10560600459575653
Batch of classes 3 out of 7 batches
Epoch 30 of 30 took 26.168s
  training loss:		0.135000
  validation loss:		0.072229
  top 1 accuracy:		88.74 %
  top 2 accuracy:		94.08 %
Updating exemplar set...
Computing mean-of_exemplars and theoretical mean...
Computing accuracy on the original batch of classes...
Final results on gaugan classes:
  top 1 accuracy iCaRL          :		74.65 %
  top 1 accuracy Hybrid 1       :		76.65 %
  top 1 accuracy NCM            :		72.90 %
Binary accuracy:
Final results on gaugan classes:
  top 1 accuracy iCaRL          :		97.25 %
  top 1 accuracy Hybrid 1       :		97.50 %
  top 1 accuracy NCM            :		97.35 %
Final results on biggan classes:
  top 1 accuracy iCaRL          :		45.12 %
  top 1 accuracy Hybrid 1       :		35.38 %
  top 1 accuracy NCM            :		43.88 %
Binary accuracy:
Final results on biggan classes:
  top 1 accuracy iCaRL          :		90.12 %
  top 1 accuracy Hybrid 1       :		90.38 %
  top 1 accuracy NCM            :		90.25 %
Final results on cyclegan classes:
  top 1 accuracy iCaRL          :		70.99 %
  top 1 accuracy Hybrid 1       :		88.74 %
  top 1 accuracy NCM            :		73.85 %
Binary accuracy:
Final results on cyclegan classes:
  top 1 accuracy iCaRL          :		98.47 %
  top 1 accuracy Hybrid 1       :		98.28 %
  top 1 accuracy NCM            :		98.47 %
Final results on cumul of classes:
  top 1 accuracy iCaRL          :		66.97 %
  top 1 accuracy Hybrid 1       :		68.62 %
  top 1 accuracy NCM            :		66.06 %
Binary accuracy:
Final results on binary cumul of classes:
  top 1 accuracy iCaRL          :		95.73 %
  top 1 accuracy Hybrid 1       :		95.91 %
  top 1 accuracy NCM            :		95.82 %
Classes in this batch: tensor([6, 7])
Data Size: 7656


Before first epoch
  validation loss:		0.790171
  top 1 accuracy:		0.00 %
  top 2 accuracy:		0.00 %
Batch of classes number 4 arrives ...
1.7740652561187744
0.3785282373428345
0.15251542627811432
Batch of classes 4 out of 7 batches
Epoch 1 of 30 took 75.946s
  training loss:		0.261419
  validation loss:		0.043347
  top 1 accuracy:		97.02 %
  top 2 accuracy:		98.32 %
0.05714210122823715
0.05878765508532524
0.0900455117225647
Batch of classes 4 out of 7 batches
Epoch 2 of 30 took 74.699s
  training loss:		0.111709
  validation loss:		0.016675
  top 1 accuracy:		99.57 %
  top 2 accuracy:		99.73 %
0.030963722616434097
0.19361339509487152
0.0737563818693161
Batch of classes 4 out of 7 batches
Epoch 3 of 30 took 74.911s
  training loss:		0.080561
  validation loss:		0.014190
  top 1 accuracy:		99.18 %
  top 2 accuracy:		99.61 %
0.11910801380872726
0.04973438009619713
0.12768584489822388
Batch of classes 4 out of 7 batches
Epoch 4 of 30 took 74.887s
  training loss:		0.081943
  validation loss:		0.017690
  top 1 accuracy:		99.65 %
  top 2 accuracy:		99.80 %
0.06614236533641815
0.02850748598575592
0.04544537886977196
Batch of classes 4 out of 7 batches
Epoch 5 of 30 took 75.630s
  training loss:		0.058854
  validation loss:		0.009805
  top 1 accuracy:		99.65 %
  top 2 accuracy:		99.80 %
0.046258509159088135
0.024465126916766167
0.046824827790260315
Batch of classes 4 out of 7 batches
Epoch 6 of 30 took 75.283s
  training loss:		0.053725
  validation loss:		0.006712
  top 1 accuracy:		99.88 %
  top 2 accuracy:		100.00 %
0.033231183886528015
0.19572901725769043
0.08054739981889725
Batch of classes 4 out of 7 batches
Epoch 7 of 30 took 75.403s
  training loss:		0.059315
  validation loss:		0.018876
  top 1 accuracy:		99.37 %
  top 2 accuracy:		99.73 %
0.03377620875835419
0.0631677657365799
0.046682246029376984
Batch of classes 4 out of 7 batches
Epoch 8 of 30 took 75.411s
  training loss:		0.062093
  validation loss:		0.009787
  top 1 accuracy:		99.76 %
  top 2 accuracy:		99.92 %
0.035196453332901
0.04181285202503204
0.09368693828582764
Batch of classes 4 out of 7 batches
Epoch 9 of 30 took 75.219s
  training loss:		0.054512
  validation loss:		0.006539
  top 1 accuracy:		99.88 %
  top 2 accuracy:		99.96 %
0.03152341768145561
0.12729251384735107
0.06528579443693161
Batch of classes 4 out of 7 batches
Epoch 10 of 30 took 74.942s
  training loss:		0.050456
  validation loss:		0.010274
  top 1 accuracy:		99.53 %
  top 2 accuracy:		99.80 %
0.07257623225450516
0.045629777014255524
0.10804318636655807
Batch of classes 4 out of 7 batches
Epoch 11 of 30 took 75.359s
  training loss:		0.047448
  validation loss:		0.004338
  top 1 accuracy:		99.96 %
  top 2 accuracy:		100.00 %
0.05423862487077713
0.03513257950544357
0.054511066526174545
Batch of classes 4 out of 7 batches
Epoch 12 of 30 took 74.958s
  training loss:		0.039422
  validation loss:		0.004646
  top 1 accuracy:		99.96 %
  top 2 accuracy:		100.00 %
0.030835960060358047
0.047378990799188614
0.026347042992711067
Batch of classes 4 out of 7 batches
Epoch 13 of 30 took 75.234s
  training loss:		0.031155
  validation loss:		0.002683
  top 1 accuracy:		100.00 %
  top 2 accuracy:		100.00 %
0.02137419767677784
0.026691462844610214
0.04046260192990303
Batch of classes 4 out of 7 batches
Epoch 14 of 30 took 75.285s
  training loss:		0.029734
  validation loss:		0.003793
  top 1 accuracy:		100.00 %
  top 2 accuracy:		100.00 %
0.024880098178982735
0.029247872531414032
0.021401816979050636
Batch of classes 4 out of 7 batches
Epoch 15 of 30 took 75.116s
  training loss:		0.030182
  validation loss:		0.003563
  top 1 accuracy:		100.00 %
  top 2 accuracy:		100.00 %
0.03381389379501343
0.09882150590419769
0.017419200390577316
Batch of classes 4 out of 7 batches
Epoch 16 of 30 took 74.903s
  training loss:		0.035783
  validation loss:		0.009349
  top 1 accuracy:		99.37 %
  top 2 accuracy:		99.80 %
0.017749371007084846
0.02423636056482792
0.024220848456025124
Batch of classes 4 out of 7 batches
Epoch 17 of 30 took 74.757s
  training loss:		0.033513
  validation loss:		0.002604
  top 1 accuracy:		99.92 %
  top 2 accuracy:		99.96 %
0.017410827800631523
0.06274695694446564
0.022716594859957695
Batch of classes 4 out of 7 batches
Epoch 18 of 30 took 74.984s
  training loss:		0.029605
  validation loss:		0.002423
  top 1 accuracy:		100.00 %
  top 2 accuracy:		100.00 %
0.02956296317279339
0.033051516860723495
0.029619578272104263
Batch of classes 4 out of 7 batches
Epoch 19 of 30 took 75.380s
  training loss:		0.040278
  validation loss:		0.036903
  top 1 accuracy:		92.71 %
  top 2 accuracy:		95.10 %
0.07644692063331604
0.06041688472032547
0.019567763432860374
Batch of classes 4 out of 7 batches
Epoch 20 of 30 took 75.545s
  training loss:		0.038728
  validation loss:		0.026103
  top 1 accuracy:		96.87 %
  top 2 accuracy:		97.73 %
0.02514559030532837
0.02026018500328064
0.028097881004214287
Batch of classes 4 out of 7 batches
Epoch 21 of 30 took 75.127s
  training loss:		0.028384
  validation loss:		0.001739
  top 1 accuracy:		100.00 %
  top 2 accuracy:		100.00 %
0.016202570870518684
0.021699175238609314
0.02465832233428955
Batch of classes 4 out of 7 batches
Epoch 22 of 30 took 75.476s
  training loss:		0.026023
  validation loss:		0.001596
  top 1 accuracy:		100.00 %
  top 2 accuracy:		100.00 %
0.016657667234539986
0.04493619129061699
0.02689376100897789
Batch of classes 4 out of 7 batches
Epoch 23 of 30 took 74.940s
  training loss:		0.024377
  validation loss:		0.001794
  top 1 accuracy:		100.00 %
  top 2 accuracy:		100.00 %
0.022512327879667282
0.021647637709975243
0.02600664459168911
Batch of classes 4 out of 7 batches
Epoch 24 of 30 took 75.186s
  training loss:		0.024337
  validation loss:		0.001999
  top 1 accuracy:		100.00 %
  top 2 accuracy:		100.00 %
0.025181755423545837
0.02122175134718418
0.01920250430703163
Batch of classes 4 out of 7 batches
Epoch 25 of 30 took 75.378s
  training loss:		0.023218
  validation loss:		0.001398
  top 1 accuracy:		100.00 %
  top 2 accuracy:		100.00 %
0.023283664137125015
0.020791340619325638
0.020925438031554222
Batch of classes 4 out of 7 batches
Epoch 26 of 30 took 75.917s
  training loss:		0.023070
  validation loss:		0.002089
  top 1 accuracy:		99.96 %
  top 2 accuracy:		100.00 %
0.025711772963404655
0.015601311810314655
0.013839393854141235
Batch of classes 4 out of 7 batches
Epoch 27 of 30 took 75.410s
  training loss:		0.022822
  validation loss:		0.001575
  top 1 accuracy:		100.00 %
  top 2 accuracy:		100.00 %
0.018964054062962532
0.012578134424984455
0.026029404252767563
Batch of classes 4 out of 7 batches
Epoch 28 of 30 took 75.215s
  training loss:		0.022058
  validation loss:		0.002207
  top 1 accuracy:		100.00 %
  top 2 accuracy:		100.00 %
0.010578091256320477
0.03777053952217102
0.018288247287273407
Batch of classes 4 out of 7 batches
Epoch 29 of 30 took 75.309s
  training loss:		0.022266
  validation loss:		0.001566
  top 1 accuracy:		100.00 %
  top 2 accuracy:		100.00 %
0.03748786821961403
0.033694785088300705
0.025490693747997284
Batch of classes 4 out of 7 batches
Epoch 30 of 30 took 75.267s
  training loss:		0.022587
  validation loss:		0.001267
  top 1 accuracy:		100.00 %
  top 2 accuracy:		100.00 %
Updating exemplar set...
Computing mean-of_exemplars and theoretical mean...
Computing accuracy on the original batch of classes...
Final results on gaugan classes:
  top 1 accuracy iCaRL          :		71.80 %
  top 1 accuracy Hybrid 1       :		62.25 %
  top 1 accuracy NCM            :		72.45 %
Binary accuracy:
Final results on gaugan classes:
  top 1 accuracy iCaRL          :		98.25 %
  top 1 accuracy Hybrid 1       :		98.30 %
  top 1 accuracy NCM            :		98.05 %
Final results on biggan classes:
  top 1 accuracy iCaRL          :		47.50 %
  top 1 accuracy Hybrid 1       :		52.88 %
  top 1 accuracy NCM            :		44.38 %
Binary accuracy:
Final results on biggan classes:
  top 1 accuracy iCaRL          :		93.38 %
  top 1 accuracy Hybrid 1       :		94.62 %
  top 1 accuracy NCM            :		93.75 %
Final results on cyclegan classes:
  top 1 accuracy iCaRL          :		77.29 %
  top 1 accuracy Hybrid 1       :		83.59 %
  top 1 accuracy NCM            :		77.10 %
Binary accuracy:
Final results on cyclegan classes:
  top 1 accuracy iCaRL          :		97.71 %
  top 1 accuracy Hybrid 1       :		96.95 %
  top 1 accuracy NCM            :		97.33 %
Final results on imle classes:
  top 1 accuracy iCaRL          :		99.88 %
  top 1 accuracy Hybrid 1       :		100.00 %
  top 1 accuracy NCM            :		99.88 %
Binary accuracy:
Final results on imle classes:
  top 1 accuracy iCaRL          :		100.00 %
  top 1 accuracy Hybrid 1       :		100.00 %
  top 1 accuracy NCM            :		100.00 %
Final results on cumul of classes:
  top 1 accuracy iCaRL          :		81.18 %
  top 1 accuracy Hybrid 1       :		79.27 %
  top 1 accuracy NCM            :		80.96 %
Binary accuracy:
Final results on binary cumul of classes:
  top 1 accuracy iCaRL          :		98.30 %
  top 1 accuracy Hybrid 1       :		98.42 %
  top 1 accuracy NCM            :		98.25 %
Classes in this batch: tensor([8, 9])
Data Size: 3248


Before first epoch
  validation loss:		0.807485
  top 1 accuracy:		0.00 %
  top 2 accuracy:		0.00 %
Batch of classes number 5 arrives ...
9.131778717041016
7.823243141174316
Batch of classes 5 out of 7 batches
Epoch 1 of 30 took 39.840s
  training loss:		7.984803
  validation loss:		7.328513
  top 1 accuracy:		0.00 %
  top 2 accuracy:		49.72 %
7.732640743255615
8.19735336303711
Batch of classes 5 out of 7 batches
Epoch 2 of 30 took 39.873s
  training loss:		7.761694
  validation loss:		7.313947
  top 1 accuracy:		0.00 %
  top 2 accuracy:		48.24 %
7.904990196228027
8.117923736572266
Batch of classes 5 out of 7 batches
Epoch 3 of 30 took 39.871s
  training loss:		7.736859
  validation loss:		7.309879
  top 1 accuracy:		0.00 %
  top 2 accuracy:		49.72 %
7.556739330291748
7.579351425170898
Batch of classes 5 out of 7 batches
Epoch 4 of 30 took 39.862s
  training loss:		7.721051
  validation loss:		7.369547
  top 1 accuracy:		0.00 %
  top 2 accuracy:		49.82 %
7.326949119567871
8.06389045715332
Batch of classes 5 out of 7 batches
Epoch 5 of 30 took 39.733s
  training loss:		7.717941
  validation loss:		7.338513
  top 1 accuracy:		0.00 %
  top 2 accuracy:		49.45 %
8.086249351501465
7.646450996398926
Batch of classes 5 out of 7 batches
Epoch 6 of 30 took 39.801s
  training loss:		7.708543
  validation loss:		7.312779
  top 1 accuracy:		0.00 %
  top 2 accuracy:		50.74 %
7.334211826324463
7.614631175994873
Batch of classes 5 out of 7 batches
Epoch 7 of 30 took 39.884s
  training loss:		7.701859
  validation loss:		7.299062
  top 1 accuracy:		0.00 %
  top 2 accuracy:		47.13 %
8.077794075012207
7.36238956451416
Batch of classes 5 out of 7 batches
Epoch 8 of 30 took 40.037s
  training loss:		7.706192
  validation loss:		7.304152
  top 1 accuracy:		0.00 %
  top 2 accuracy:		49.17 %
7.356682777404785
7.961261749267578
Batch of classes 5 out of 7 batches
Epoch 9 of 30 took 39.574s
  training loss:		7.695359
  validation loss:		7.282323
  top 1 accuracy:		0.00 %
  top 2 accuracy:		57.95 %
7.8344407081604
7.542060852050781
Batch of classes 5 out of 7 batches
Epoch 10 of 30 took 40.524s
  training loss:		7.694989
  validation loss:		7.292197
  top 1 accuracy:		0.00 %
  top 2 accuracy:		55.64 %
7.081904411315918
7.169438362121582
Batch of classes 5 out of 7 batches
Epoch 11 of 30 took 39.821s
  training loss:		7.693842
  validation loss:		7.289886
  top 1 accuracy:		0.00 %
  top 2 accuracy:		58.50 %
7.815443515777588
7.782944202423096
Batch of classes 5 out of 7 batches
Epoch 12 of 30 took 39.660s
  training loss:		7.687724
  validation loss:		7.285116
  top 1 accuracy:		0.00 %
  top 2 accuracy:		57.02 %
7.761964797973633
7.510477542877197
Batch of classes 5 out of 7 batches
Epoch 13 of 30 took 40.130s
  training loss:		7.679548
  validation loss:		7.289311
  top 1 accuracy:		0.00 %
  top 2 accuracy:		59.98 %
8.000692367553711
7.4067206382751465
Batch of classes 5 out of 7 batches
Epoch 14 of 30 took 39.765s
  training loss:		7.681631
  validation loss:		7.271236
  top 1 accuracy:		0.00 %
  top 2 accuracy:		58.60 %
7.864099979400635
7.276764869689941
Batch of classes 5 out of 7 batches
Epoch 15 of 30 took 39.543s
  training loss:		7.684674
  validation loss:		7.281439
  top 1 accuracy:		0.00 %
  top 2 accuracy:		61.92 %
7.757208824157715
7.447381496429443
Batch of classes 5 out of 7 batches
Epoch 16 of 30 took 39.765s
  training loss:		7.677942
  validation loss:		7.312076
  top 1 accuracy:		0.00 %
  top 2 accuracy:		61.74 %
7.984076499938965
7.491960525512695
Batch of classes 5 out of 7 batches
Epoch 17 of 30 took 39.795s
  training loss:		7.679286
  validation loss:		7.270072
  top 1 accuracy:		0.00 %
  top 2 accuracy:		64.79 %
7.813141822814941
7.696061611175537
Batch of classes 5 out of 7 batches
Epoch 18 of 30 took 39.630s
  training loss:		7.676544
  validation loss:		7.264543
  top 1 accuracy:		0.00 %
  top 2 accuracy:		64.97 %
7.779462814331055
7.647523403167725
Batch of classes 5 out of 7 batches
Epoch 19 of 30 took 39.886s
  training loss:		7.672544
  validation loss:		7.318119
  top 1 accuracy:		0.00 %
  top 2 accuracy:		60.54 %
7.53108549118042
8.054741859436035
Batch of classes 5 out of 7 batches
Epoch 20 of 30 took 40.034s
  training loss:		7.667646
  validation loss:		7.282617
  top 1 accuracy:		0.00 %
  top 2 accuracy:		60.35 %
7.988280296325684
7.923112392425537
Batch of classes 5 out of 7 batches
Epoch 21 of 30 took 39.380s
  training loss:		7.660567
  validation loss:		7.279186
  top 1 accuracy:		0.00 %
  top 2 accuracy:		63.77 %
8.028556823730469
7.94652795791626
Batch of classes 5 out of 7 batches
Epoch 22 of 30 took 39.487s
  training loss:		7.654501
  validation loss:		7.272819
  top 1 accuracy:		0.00 %
  top 2 accuracy:		65.43 %
7.302834510803223
7.531378746032715
Batch of classes 5 out of 7 batches
Epoch 23 of 30 took 39.758s
  training loss:		7.653074
  validation loss:		7.278634
  top 1 accuracy:		0.00 %
  top 2 accuracy:		65.53 %
8.00051212310791
8.04548168182373
Batch of classes 5 out of 7 batches
Epoch 24 of 30 took 39.965s
  training loss:		7.652255
  validation loss:		7.279217
  top 1 accuracy:		0.00 %
  top 2 accuracy:		64.79 %
7.3074493408203125
7.400543689727783
Batch of classes 5 out of 7 batches
Epoch 25 of 30 took 39.528s
  training loss:		7.650101
  validation loss:		7.276431
  top 1 accuracy:		0.00 %
  top 2 accuracy:		64.05 %
7.464790344238281
7.957122802734375
Batch of classes 5 out of 7 batches
Epoch 26 of 30 took 39.560s
  training loss:		7.654184
  validation loss:		7.269783
  top 1 accuracy:		0.00 %
  top 2 accuracy:		67.19 %
7.429428577423096
7.809568881988525
Batch of classes 5 out of 7 batches
Epoch 27 of 30 took 39.650s
  training loss:		7.650049
  validation loss:		7.272275
  top 1 accuracy:		0.00 %
  top 2 accuracy:		65.34 %
7.534719944000244
7.98268461227417
Batch of classes 5 out of 7 batches
Epoch 28 of 30 took 39.501s
  training loss:		7.652023
  validation loss:		7.280271
  top 1 accuracy:		0.00 %
  top 2 accuracy:		64.88 %
7.198525428771973
7.708906173706055
Batch of classes 5 out of 7 batches
Epoch 29 of 30 took 39.711s
  training loss:		7.651527
  validation loss:		7.275923
  top 1 accuracy:		0.00 %
  top 2 accuracy:		64.79 %
7.510217666625977
7.45955228805542
Batch of classes 5 out of 7 batches
Epoch 30 of 30 took 39.929s
  training loss:		7.648884
  validation loss:		7.263582
  top 1 accuracy:		0.00 %
  top 2 accuracy:		67.65 %
Updating exemplar set...
Computing mean-of_exemplars and theoretical mean...
Computing accuracy on the original batch of classes...
Final results on gaugan classes:
  top 1 accuracy iCaRL          :		2.45 %
  top 1 accuracy Hybrid 1       :		0.00 %
  top 1 accuracy NCM            :		18.55 %
Binary accuracy:
Final results on gaugan classes:
  top 1 accuracy iCaRL          :		55.50 %
  top 1 accuracy Hybrid 1       :		50.00 %
  top 1 accuracy NCM            :		57.10 %
Final results on biggan classes:
  top 1 accuracy iCaRL          :		8.38 %
  top 1 accuracy Hybrid 1       :		0.00 %
  top 1 accuracy NCM            :		2.38 %
Binary accuracy:
Final results on biggan classes:
  top 1 accuracy iCaRL          :		45.88 %
  top 1 accuracy Hybrid 1       :		50.00 %
  top 1 accuracy NCM            :		46.00 %
Final results on cyclegan classes:
  top 1 accuracy iCaRL          :		14.31 %
  top 1 accuracy Hybrid 1       :		0.00 %
  top 1 accuracy NCM            :		11.64 %
Binary accuracy:
Final results on cyclegan classes:
  top 1 accuracy iCaRL          :		51.34 %
  top 1 accuracy Hybrid 1       :		50.00 %
  top 1 accuracy NCM            :		51.34 %
Final results on imle classes:
  top 1 accuracy iCaRL          :		32.33 %
  top 1 accuracy Hybrid 1       :		50.00 %
  top 1 accuracy NCM            :		28.13 %
Binary accuracy:
Final results on imle classes:
  top 1 accuracy iCaRL          :		68.77 %
  top 1 accuracy Hybrid 1       :		50.00 %
  top 1 accuracy NCM            :		70.30 %
Final results on deepfake classes:
  top 1 accuracy iCaRL          :		59.89 %
  top 1 accuracy Hybrid 1       :		0.00 %
  top 1 accuracy NCM            :		59.98 %
Binary accuracy:
Final results on deepfake classes:
  top 1 accuracy iCaRL          :		67.19 %
  top 1 accuracy Hybrid 1       :		50.00 %
  top 1 accuracy NCM            :		67.28 %
Final results on cumul of classes:
  top 1 accuracy iCaRL          :		23.91 %
  top 1 accuracy Hybrid 1       :		18.34 %
  top 1 accuracy NCM            :		26.13 %
Binary accuracy:
Final results on binary cumul of classes:
  top 1 accuracy iCaRL          :		60.76 %
  top 1 accuracy Hybrid 1       :		50.00 %
  top 1 accuracy NCM            :		61.81 %
Classes in this batch: tensor([10, 11])
Data Size: 7658


Before first epoch
  validation loss:		7.816968
  top 1 accuracy:		0.00 %
  top 2 accuracy:		0.00 %
Batch of classes number 6 arrives ...
8.539888381958008
7.733656883239746
7.833791255950928
Batch of classes 6 out of 7 batches
Epoch 1 of 30 took 76.872s
  training loss:		7.752852
  validation loss:		7.253914
  top 1 accuracy:		0.00 %
  top 2 accuracy:		91.58 %
7.522693157196045
7.725216865539551
7.642402648925781
Batch of classes 6 out of 7 batches
Epoch 2 of 30 took 76.165s
  training loss:		7.619248
  validation loss:		7.229769
  top 1 accuracy:		0.00 %
  top 2 accuracy:		95.14 %
7.581822395324707
7.865711212158203
7.722553730010986
Batch of classes 6 out of 7 batches
Epoch 3 of 30 took 76.354s
  training loss:		7.584676
  validation loss:		7.244980
  top 1 accuracy:		0.00 %
  top 2 accuracy:		91.97 %
7.8371758460998535
7.451519012451172
7.713160037994385
Batch of classes 6 out of 7 batches
Epoch 4 of 30 took 75.945s
  training loss:		7.568428
  validation loss:		7.228394
  top 1 accuracy:		0.00 %
  top 2 accuracy:		96.51 %
7.502758502960205
7.208311080932617
7.596851348876953
Batch of classes 6 out of 7 batches
Epoch 5 of 30 took 75.633s
  training loss:		7.552229
  validation loss:		7.223536
  top 1 accuracy:		0.00 %
  top 2 accuracy:		96.47 %
7.779758453369141
7.694574356079102
7.6281657218933105
Batch of classes 6 out of 7 batches
Epoch 6 of 30 took 76.269s
  training loss:		7.544202
  validation loss:		7.228633
  top 1 accuracy:		0.00 %
  top 2 accuracy:		97.02 %
7.39493465423584
7.299798488616943
7.468074321746826
Batch of classes 6 out of 7 batches
Epoch 7 of 30 took 75.865s
  training loss:		7.526606
  validation loss:		7.241014
  top 1 accuracy:		0.00 %
  top 2 accuracy:		96.51 %
7.635525703430176
7.762210845947266
7.191086292266846
Batch of classes 6 out of 7 batches
Epoch 8 of 30 took 76.035s
  training loss:		7.516761
  validation loss:		7.192837
  top 1 accuracy:		0.00 %
  top 2 accuracy:		97.69 %
7.656703948974609
7.650200366973877
7.369307518005371
Batch of classes 6 out of 7 batches
Epoch 9 of 30 took 75.887s
  training loss:		7.504947
  validation loss:		7.217192
  top 1 accuracy:		0.00 %
  top 2 accuracy:		97.41 %
7.450801849365234
7.398019790649414
7.690145492553711
Batch of classes 6 out of 7 batches
Epoch 10 of 30 took 76.128s
  training loss:		7.504035
  validation loss:		7.253384
  top 1 accuracy:		0.00 %
  top 2 accuracy:		95.10 %
7.69663667678833
7.367849349975586
7.40583610534668
Batch of classes 6 out of 7 batches
Epoch 11 of 30 took 75.831s
  training loss:		7.499559
  validation loss:		7.202672
  top 1 accuracy:		0.00 %
  top 2 accuracy:		98.47 %
7.268238067626953
7.4668097496032715
7.513851642608643
Batch of classes 6 out of 7 batches
Epoch 12 of 30 took 75.939s
  training loss:		7.497351
  validation loss:		7.215492
  top 1 accuracy:		0.00 %
  top 2 accuracy:		95.30 %
7.69663143157959
8.02924633026123
7.676937103271484
Batch of classes 6 out of 7 batches
Epoch 13 of 30 took 75.503s
  training loss:		7.487005
  validation loss:		7.217809
  top 1 accuracy:		0.00 %
  top 2 accuracy:		98.28 %
7.584676742553711
7.295936584472656
7.417849540710449
Batch of classes 6 out of 7 batches
Epoch 14 of 30 took 75.862s
  training loss:		7.482044
  validation loss:		7.212028
  top 1 accuracy:		0.00 %
  top 2 accuracy:		97.81 %
7.684207916259766
7.52799129486084
7.6822686195373535
Batch of classes 6 out of 7 batches
Epoch 15 of 30 took 75.990s
  training loss:		7.475602
  validation loss:		7.243929
  top 1 accuracy:		0.00 %
  top 2 accuracy:		96.59 %
7.5561394691467285
7.352516174316406
7.51075553894043
Batch of classes 6 out of 7 batches
Epoch 16 of 30 took 76.351s
  training loss:		7.471116
  validation loss:		7.225128
  top 1 accuracy:		0.00 %
  top 2 accuracy:		98.08 %
7.321810245513916
7.545260906219482
7.677905559539795
Batch of classes 6 out of 7 batches
Epoch 17 of 30 took 76.205s
  training loss:		7.469643
  validation loss:		7.213738
  top 1 accuracy:		0.00 %
  top 2 accuracy:		98.47 %
7.587502956390381
7.552052021026611
7.183960437774658
Batch of classes 6 out of 7 batches
Epoch 18 of 30 took 76.596s
  training loss:		7.465279
  validation loss:		7.223233
  top 1 accuracy:		0.00 %
  top 2 accuracy:		98.20 %
7.456690311431885
7.613011360168457
7.250035762786865
Batch of classes 6 out of 7 batches
Epoch 19 of 30 took 75.377s
  training loss:		7.466215
  validation loss:		7.223286
  top 1 accuracy:		0.00 %
  top 2 accuracy:		97.30 %
7.382177352905273
7.5932440757751465
7.519355297088623
Batch of classes 6 out of 7 batches
Epoch 20 of 30 took 75.808s
  training loss:		7.461577
  validation loss:		7.223180
  top 1 accuracy:		0.00 %
  top 2 accuracy:		96.43 %
7.41556453704834
7.429150104522705
7.510094165802002
Batch of classes 6 out of 7 batches
Epoch 21 of 30 took 75.801s
  training loss:		7.443635
  validation loss:		7.220320
  top 1 accuracy:		0.00 %
  top 2 accuracy:		98.35 %
7.552121162414551
7.145492076873779
7.519086837768555
Batch of classes 6 out of 7 batches
Epoch 22 of 30 took 75.882s
  training loss:		7.443463
  validation loss:		7.226650
  top 1 accuracy:		0.00 %
  top 2 accuracy:		97.96 %
7.101753234863281
7.3214311599731445
7.660665988922119
Batch of classes 6 out of 7 batches
Epoch 23 of 30 took 76.063s
  training loss:		7.444843
  validation loss:		7.224155
  top 1 accuracy:		0.00 %
  top 2 accuracy:		98.55 %
7.112924575805664
7.221697807312012
7.6426849365234375
Batch of classes 6 out of 7 batches
Epoch 24 of 30 took 75.862s
  training loss:		7.447140
  validation loss:		7.227433
  top 1 accuracy:		0.00 %
  top 2 accuracy:		97.61 %
7.275046348571777
7.083591938018799
7.673856258392334
Batch of classes 6 out of 7 batches
Epoch 25 of 30 took 75.425s
  training loss:		7.444817
  validation loss:		7.222514
  top 1 accuracy:		0.00 %
  top 2 accuracy:		98.51 %
7.584658622741699
7.326098918914795
7.076990604400635
Batch of classes 6 out of 7 batches
Epoch 26 of 30 took 75.933s
  training loss:		7.441011
  validation loss:		7.224300
  top 1 accuracy:		0.00 %
  top 2 accuracy:		98.32 %
7.67664909362793
7.439855098724365
7.0624213218688965
Batch of classes 6 out of 7 batches
Epoch 27 of 30 took 76.194s
  training loss:		7.444166
  validation loss:		7.225304
  top 1 accuracy:		0.00 %
  top 2 accuracy:		98.04 %
7.53908634185791
7.265817642211914
7.265536308288574
Batch of classes 6 out of 7 batches
Epoch 28 of 30 took 76.382s
  training loss:		7.437880
  validation loss:		7.227597
  top 1 accuracy:		0.00 %
  top 2 accuracy:		97.84 %
7.5799736976623535
7.288900375366211
7.674540996551514
Batch of classes 6 out of 7 batches
Epoch 29 of 30 took 75.959s
  training loss:		7.440577
  validation loss:		7.228767
  top 1 accuracy:		0.00 %
  top 2 accuracy:		98.24 %
7.5856709480285645
7.394776344299316
7.240175247192383
Batch of classes 6 out of 7 batches
Epoch 30 of 30 took 76.258s
  training loss:		7.438525
  validation loss:		7.221280
  top 1 accuracy:		0.00 %
  top 2 accuracy:		98.79 %
Updating exemplar set...
Computing mean-of_exemplars and theoretical mean...
Computing accuracy on the original batch of classes...
Final results on gaugan classes:
  top 1 accuracy iCaRL          :		11.65 %
  top 1 accuracy Hybrid 1       :		0.00 %
  top 1 accuracy NCM            :		11.70 %
Binary accuracy:
Final results on gaugan classes:
  top 1 accuracy iCaRL          :		55.55 %
  top 1 accuracy Hybrid 1       :		50.00 %
  top 1 accuracy NCM            :		54.90 %
Final results on biggan classes:
  top 1 accuracy iCaRL          :		2.75 %
  top 1 accuracy Hybrid 1       :		0.00 %
  top 1 accuracy NCM            :		2.12 %
Binary accuracy:
Final results on biggan classes:
  top 1 accuracy iCaRL          :		55.25 %
  top 1 accuracy Hybrid 1       :		50.00 %
  top 1 accuracy NCM            :		56.00 %
Final results on cyclegan classes:
  top 1 accuracy iCaRL          :		35.11 %
  top 1 accuracy Hybrid 1       :		0.00 %
  top 1 accuracy NCM            :		34.54 %
Binary accuracy:
Final results on cyclegan classes:
  top 1 accuracy iCaRL          :		52.10 %
  top 1 accuracy Hybrid 1       :		50.00 %
  top 1 accuracy NCM            :		51.91 %
Final results on imle classes:
  top 1 accuracy iCaRL          :		43.85 %
  top 1 accuracy Hybrid 1       :		50.00 %
  top 1 accuracy NCM            :		46.47 %
Binary accuracy:
Final results on imle classes:
  top 1 accuracy iCaRL          :		92.67 %
  top 1 accuracy Hybrid 1       :		50.00 %
  top 1 accuracy NCM            :		92.36 %
Final results on deepfake classes:
  top 1 accuracy iCaRL          :		49.54 %
  top 1 accuracy Hybrid 1       :		0.00 %
  top 1 accuracy NCM            :		48.80 %
Binary accuracy:
Final results on deepfake classes:
  top 1 accuracy iCaRL          :		54.07 %
  top 1 accuracy Hybrid 1       :		50.00 %
  top 1 accuracy NCM            :		53.05 %
Final results on crn classes:
  top 1 accuracy iCaRL          :		73.90 %
  top 1 accuracy Hybrid 1       :		0.00 %
  top 1 accuracy NCM            :		71.08 %
Binary accuracy:
Final results on crn classes:
  top 1 accuracy iCaRL          :		94.04 %
  top 1 accuracy Hybrid 1       :		50.00 %
  top 1 accuracy NCM            :		93.65 %
Final results on cumul of classes:
  top 1 accuracy iCaRL          :		41.85 %
  top 1 accuracy Hybrid 1       :		13.42 %
  top 1 accuracy NCM            :		41.65 %
Binary accuracy:
Final results on binary cumul of classes:
  top 1 accuracy iCaRL          :		75.46 %
  top 1 accuracy Hybrid 1       :		50.00 %
  top 1 accuracy NCM            :		75.07 %
Classes in this batch: tensor([12, 13])
Data Size: 6208


Before first epoch
  validation loss:		7.769366
  top 1 accuracy:		0.00 %
  top 2 accuracy:		0.00 %
Batch of classes number 7 arrives ...
8.891878128051758
8.064714431762695
7.740833282470703
Batch of classes 7 out of 7 batches
Epoch 1 of 30 took 63.346s
  training loss:		7.973602
  validation loss:		7.293937
  top 1 accuracy:		0.00 %
  top 2 accuracy:		51.24 %
7.778752326965332
8.014328956604004
7.612532615661621
Batch of classes 7 out of 7 batches
Epoch 2 of 30 took 61.875s
  training loss:		7.887636
  validation loss:		7.315237
  top 1 accuracy:		0.00 %
  top 2 accuracy:		50.51 %
8.006218910217285
7.733671188354492
7.745666027069092
Batch of classes 7 out of 7 batches
Epoch 3 of 30 took 62.783s
  training loss:		7.876766
  validation loss:		7.282338
  top 1 accuracy:		0.00 %
  top 2 accuracy:		52.06 %
7.964253902435303
7.968688011169434
8.005990028381348
Batch of classes 7 out of 7 batches
Epoch 4 of 30 took 62.136s
  training loss:		7.874269
  validation loss:		7.289624
  top 1 accuracy:		0.00 %
  top 2 accuracy:		50.36 %
8.014957427978516
7.747008323669434
8.103785514831543
Batch of classes 7 out of 7 batches
Epoch 5 of 30 took 63.082s
  training loss:		7.871408
  validation loss:		7.291811
  top 1 accuracy:		0.00 %
  top 2 accuracy:		50.56 %
7.9982500076293945
8.045376777648926
8.067873001098633
Batch of classes 7 out of 7 batches
Epoch 6 of 30 took 62.572s
  training loss:		7.861674
  validation loss:		7.289520
  top 1 accuracy:		0.00 %
  top 2 accuracy:		50.51 %
8.006393432617188
7.853593826293945
7.990409851074219
Batch of classes 7 out of 7 batches
Epoch 7 of 30 took 62.714s
  training loss:		7.860749
  validation loss:		7.312239
  top 1 accuracy:		0.00 %
  top 2 accuracy:		51.19 %
8.041202545166016
7.514835834503174
7.968499183654785
Batch of classes 7 out of 7 batches
Epoch 8 of 30 took 63.141s
  training loss:		7.861386
  validation loss:		7.283532
  top 1 accuracy:		0.00 %
  top 2 accuracy:		52.35 %
7.724037170410156
7.952045440673828
7.739641189575195
Batch of classes 7 out of 7 batches
Epoch 9 of 30 took 62.144s
  training loss:		7.856205
  validation loss:		7.308044
  top 1 accuracy:		0.00 %
  top 2 accuracy:		50.41 %
7.538120269775391
8.034729957580566
7.590691566467285
Batch of classes 7 out of 7 batches
Epoch 10 of 30 took 63.223s
  training loss:		7.857284
  validation loss:		7.286020
  top 1 accuracy:		0.00 %
  top 2 accuracy:		51.14 %
7.967066764831543
8.009699821472168
7.530053615570068
Batch of classes 7 out of 7 batches
Epoch 11 of 30 took 62.101s
  training loss:		7.853419
  validation loss:		7.290402
  top 1 accuracy:		0.00 %
  top 2 accuracy:		53.51 %
7.712638854980469
7.371920108795166
7.756487846374512
Batch of classes 7 out of 7 batches
Epoch 12 of 30 took 62.389s
  training loss:		7.848420
  validation loss:		7.284842
  top 1 accuracy:		0.00 %
  top 2 accuracy:		53.13 %
7.706908226013184
8.029492378234863
7.7888383865356445
Batch of classes 7 out of 7 batches
Epoch 13 of 30 took 63.073s
  training loss:		7.850740
  validation loss:		7.297891
  top 1 accuracy:		0.00 %
  top 2 accuracy:		52.54 %
7.51806640625
7.977630615234375
8.036040306091309
Batch of classes 7 out of 7 batches
Epoch 14 of 30 took 63.143s
  training loss:		7.847753
  validation loss:		7.293949
  top 1 accuracy:		0.00 %
  top 2 accuracy:		52.74 %
7.905454158782959
7.91166353225708
7.961978435516357
Batch of classes 7 out of 7 batches
Epoch 15 of 30 took 62.077s
  training loss:		7.842690
  validation loss:		7.287927
  top 1 accuracy:		0.00 %
  top 2 accuracy:		54.39 %
7.518147945404053
7.548220157623291
7.7745866775512695
Batch of classes 7 out of 7 batches
Epoch 16 of 30 took 63.073s
  training loss:		7.844528
  validation loss:		7.294940
  top 1 accuracy:		0.00 %
  top 2 accuracy:		52.06 %
7.955044746398926
7.7484259605407715
8.061443328857422
Batch of classes 7 out of 7 batches
Epoch 17 of 30 took 62.101s
  training loss:		7.840447
  validation loss:		7.290167
  top 1 accuracy:		0.00 %
  top 2 accuracy:		53.76 %
7.920361518859863
7.95607852935791
7.789453506469727
Batch of classes 7 out of 7 batches
Epoch 18 of 30 took 63.039s
  training loss:		7.833961
  validation loss:		7.301634
  top 1 accuracy:		0.00 %
  top 2 accuracy:		50.95 %
7.6237568855285645
7.949463367462158
7.881449222564697
Batch of classes 7 out of 7 batches
Epoch 19 of 30 took 63.292s
  training loss:		7.834181
  validation loss:		7.290289
  top 1 accuracy:		0.00 %
  top 2 accuracy:		52.79 %
7.433589935302734
7.805309295654297
7.977495193481445
Batch of classes 7 out of 7 batches
Epoch 20 of 30 took 62.143s
  training loss:		7.835601
  validation loss:		7.290812
  top 1 accuracy:		0.00 %
  top 2 accuracy:		52.45 %
7.732989311218262
8.01713752746582
7.67387056350708
Batch of classes 7 out of 7 batches
Epoch 21 of 30 took 63.012s
  training loss:		7.824826
  validation loss:		7.286090
  top 1 accuracy:		0.00 %
  top 2 accuracy:		55.02 %
8.084478378295898
7.982590675354004
7.754343032836914
Batch of classes 7 out of 7 batches
Epoch 22 of 30 took 62.968s
  training loss:		7.820065
  validation loss:		7.287707
  top 1 accuracy:		0.00 %
  top 2 accuracy:		55.50 %
7.705220699310303
7.935498237609863
7.964365005493164
Batch of classes 7 out of 7 batches
Epoch 23 of 30 took 62.855s
  training loss:		7.815075
  validation loss:		7.285737
  top 1 accuracy:		0.00 %
  top 2 accuracy:		55.11 %
7.714296817779541
7.74967622756958
7.510331153869629
Batch of classes 7 out of 7 batches
Epoch 24 of 30 took 63.200s
  training loss:		7.820717
  validation loss:		7.282198
  top 1 accuracy:		0.00 %
  top 2 accuracy:		54.77 %
7.755986213684082
7.971906661987305
7.95114803314209
Batch of classes 7 out of 7 batches
Epoch 25 of 30 took 62.383s
  training loss:		7.815290
  validation loss:		7.295559
  top 1 accuracy:		0.00 %
  top 2 accuracy:		53.81 %
7.882631301879883
7.982539176940918
7.95170259475708
Batch of classes 7 out of 7 batches
Epoch 26 of 30 took 61.981s
  training loss:		7.813700
  validation loss:		7.284923
  top 1 accuracy:		0.00 %
  top 2 accuracy:		56.23 %
7.619697570800781
7.6996965408325195
7.830000877380371
Batch of classes 7 out of 7 batches
Epoch 27 of 30 took 62.218s
  training loss:		7.812680
  validation loss:		7.289001
  top 1 accuracy:		0.00 %
  top 2 accuracy:		55.16 %
7.933835983276367
7.692894458770752
7.9077558517456055
Batch of classes 7 out of 7 batches
Epoch 28 of 30 took 63.175s
  training loss:		7.812924
  validation loss:		7.285318
  top 1 accuracy:		0.00 %
  top 2 accuracy:		55.45 %
7.69087553024292
7.842356204986572
7.713376522064209
Batch of classes 7 out of 7 batches
Epoch 29 of 30 took 62.220s
  training loss:		7.816341
  validation loss:		7.293803
  top 1 accuracy:		0.00 %
  top 2 accuracy:		55.07 %
8.052985191345215
7.777311325073242
7.656220436096191
Batch of classes 7 out of 7 batches
Epoch 30 of 30 took 62.298s
  training loss:		7.808752
  validation loss:		7.292271
  top 1 accuracy:		0.00 %
  top 2 accuracy:		55.11 %
Updating exemplar set...
Computing mean-of_exemplars and theoretical mean...
Computing accuracy on the original batch of classes...
Final results on gaugan classes:
  top 1 accuracy iCaRL          :		8.45 %
  top 1 accuracy Hybrid 1       :		0.00 %
  top 1 accuracy NCM            :		11.60 %
Binary accuracy:
Final results on gaugan classes:
  top 1 accuracy iCaRL          :		48.90 %
  top 1 accuracy Hybrid 1       :		50.00 %
  top 1 accuracy NCM            :		51.35 %
Final results on biggan classes:
  top 1 accuracy iCaRL          :		17.75 %
  top 1 accuracy Hybrid 1       :		0.00 %
  top 1 accuracy NCM            :		4.50 %
Binary accuracy:
Final results on biggan classes:
  top 1 accuracy iCaRL          :		56.25 %
  top 1 accuracy Hybrid 1       :		50.00 %
  top 1 accuracy NCM            :		54.12 %
Final results on cyclegan classes:
  top 1 accuracy iCaRL          :		22.90 %
  top 1 accuracy Hybrid 1       :		0.00 %
  top 1 accuracy NCM            :		35.31 %
Binary accuracy:
Final results on cyclegan classes:
  top 1 accuracy iCaRL          :		54.77 %
  top 1 accuracy Hybrid 1       :		50.00 %
  top 1 accuracy NCM            :		54.39 %
Final results on imle classes:
  top 1 accuracy iCaRL          :		22.49 %
  top 1 accuracy Hybrid 1       :		50.00 %
  top 1 accuracy NCM            :		19.20 %
Binary accuracy:
Final results on imle classes:
  top 1 accuracy iCaRL          :		80.02 %
  top 1 accuracy Hybrid 1       :		50.00 %
  top 1 accuracy NCM            :		78.88 %
Final results on deepfake classes:
  top 1 accuracy iCaRL          :		35.77 %
  top 1 accuracy Hybrid 1       :		0.00 %
  top 1 accuracy NCM            :		37.34 %
Binary accuracy:
Final results on deepfake classes:
  top 1 accuracy iCaRL          :		57.49 %
  top 1 accuracy Hybrid 1       :		50.00 %
  top 1 accuracy NCM            :		56.38 %
Final results on crn classes:
  top 1 accuracy iCaRL          :		53.53 %
  top 1 accuracy Hybrid 1       :		0.00 %
  top 1 accuracy NCM            :		54.23 %
Binary accuracy:
Final results on crn classes:
  top 1 accuracy iCaRL          :		81.43 %
  top 1 accuracy Hybrid 1       :		50.00 %
  top 1 accuracy NCM            :		80.13 %
Final results on wild classes:
  top 1 accuracy iCaRL          :		29.47 %
  top 1 accuracy Hybrid 1       :		0.00 %
  top 1 accuracy NCM            :		30.30 %
Binary accuracy:
Final results on wild classes:
  top 1 accuracy iCaRL          :		53.37 %
  top 1 accuracy Hybrid 1       :		49.39 %
  top 1 accuracy NCM            :		52.98 %
Final results on cumul of classes:
  top 1 accuracy iCaRL          :		29.08 %
  top 1 accuracy Hybrid 1       :		11.03 %
  top 1 accuracy NCM            :		29.00 %
Binary accuracy:
Final results on binary cumul of classes:
  top 1 accuracy iCaRL          :		65.31 %
  top 1 accuracy Hybrid 1       :		49.89 %
  top 1 accuracy NCM            :		64.86 %
