----------------- Options ---------------
               add_binary: False                         
               batch_size: 32                            	[default: 64]
                blur_prob: 0                             
                 blur_sig: 0.5                           
          checkpoints_dir: /scratch_net/kringel/chuqli/CNNDetection/checkpoints	[default: ./checkpoints]
                class_bal: False                         
           continue_train: False                         
                 cropSize: 224                           
                 data_aug: False                         
                 dataroot: /srv/beegfs02/scratch/generative_modeling/data/Deepfake/DoGAN_data/new/GanFake	[default: /srv/beegfs02/scratch/generative_modeling/data/Deepfake/Adam-NSCL]
          earlystop_epoch: 5                             
                    epoch: latest                        
                 fine_tun: False                         
                    gpuid: [1]                           
                init_gain: 0.02                          
                  init_lr: 0.0005                        
                init_type: normal                        
                  isTrain: True                          	[default: None]
               jpg_method: cv2                           
                 jpg_prob: 0                             
                 jpg_qual: 75                            
                 loadSize: 256                           
                     mode: binary                        
               model_name: resnet18                      
               model_type: resnet                        
            model_weights: /home/chuqli/scratch/CNNDetection/checkpoints/no_aug/model_epoch_best.pth	[default: None]
               multiclass: [1, 1, 0, 1, 1]               	[default: [1]]
                     name: icarl_df                      	[default: experiment_name]
                  no_flip: False                         
              num_classes: 2                             
               num_epochs: 15                            	[default: 12]
              num_threads: 4                             
                  outfile: temp_0.1.csv                  
            pretrain_name:                               
           resize_or_crop: scale_and_crop                
                rz_interp: bilinear                      
          save_epoch_freq: 20                            
         save_latest_freq: 2000                          
           serial_batches: False                         
                   suffix:                               
                task_name: cyclegan,progan256,progan1024,glow,stargan	[default: ]
              train_split: train                         
                val_split: val                           
----------------- End -------------------
{'All': 10}
Task order: ['cyclegan', 'progan256', 'progan1024', 'glow', 'stargan']
=> Load model weights: /home/chuqli/scratch/CNNDetection/checkpoints/no_aug/model_epoch_best.pth
=> Load Done
Classes in this batch: tensor([0, 1])
Data Size: 7196


Before first epoch
  validation loss:		2.615354
  top 1 accuracy:		15.87 %
  top 2 accuracy:		16.04 %
Batch of classes number 1 arrives ...
3.2930474281311035
0.0547943077981472
0.04543522745370865
Batch of classes 1 out of 5 batches
Epoch 1 of 15 took 55.471s
  training loss:		0.135978
  validation loss:		0.182436
  top 1 accuracy:		73.90 %
  top 2 accuracy:		100.00 %
0.03006562404334545
0.03505647927522659
0.027295434847474098
Batch of classes 1 out of 5 batches
Epoch 2 of 15 took 52.185s
  training loss:		0.041439
  validation loss:		0.223662
  top 1 accuracy:		65.54 %
  top 2 accuracy:		100.00 %
0.07254758477210999
0.02301081083714962
0.00846315361559391
Batch of classes 1 out of 5 batches
Epoch 3 of 15 took 53.668s
  training loss:		0.029777
  validation loss:		0.124195
  top 1 accuracy:		78.75 %
  top 2 accuracy:		100.00 %
0.004711588378995657
0.010897849686443806
0.0029278297442942858
Batch of classes 1 out of 5 batches
Epoch 4 of 15 took 53.744s
  training loss:		0.022474
  validation loss:		1.755681
  top 1 accuracy:		70.79 %
  top 2 accuracy:		100.00 %
0.0313875749707222
0.006694284733384848
0.0179805476218462
Batch of classes 1 out of 5 batches
Epoch 5 of 15 took 53.964s
  training loss:		0.021863
  validation loss:		0.279623
  top 1 accuracy:		74.75 %
  top 2 accuracy:		100.00 %
0.007823152467608452
0.0072646006010472775
0.12462776154279709
Batch of classes 1 out of 5 batches
Epoch 6 of 15 took 55.989s
  training loss:		0.017159
  validation loss:		0.167765
  top 1 accuracy:		78.79 %
  top 2 accuracy:		100.00 %
0.010877029970288277
0.008897681720554829
0.006084040738642216
Batch of classes 1 out of 5 batches
Epoch 7 of 15 took 53.804s
  training loss:		0.016095
  validation loss:		0.042452
  top 1 accuracy:		90.04 %
  top 2 accuracy:		100.00 %
0.008938858285546303
0.010666921734809875
0.0061586531810462475
Batch of classes 1 out of 5 batches
Epoch 8 of 15 took 55.184s
  training loss:		0.014492
  validation loss:		0.386531
  top 1 accuracy:		75.44 %
  top 2 accuracy:		98.46 %
0.01134808361530304
0.011567098088562489
0.03414948284626007
Batch of classes 1 out of 5 batches
Epoch 9 of 15 took 53.083s
  training loss:		0.013060
  validation loss:		0.434948
  top 1 accuracy:		75.13 %
  top 2 accuracy:		95.52 %
0.001658922410570085
0.002975250594317913
0.021838687360286713
Batch of classes 1 out of 5 batches
Epoch 10 of 15 took 51.833s
  training loss:		0.012055
  validation loss:		0.341977
  top 1 accuracy:		75.92 %
  top 2 accuracy:		99.25 %
0.003183768829330802
0.0003418760315980762
0.007503609638661146
Batch of classes 1 out of 5 batches
Epoch 11 of 15 took 53.818s
  training loss:		0.004607
  validation loss:		0.324099
  top 1 accuracy:		75.52 %
  top 2 accuracy:		99.48 %
0.001035494264215231
0.0001798594166757539
0.00044006347889080644
Batch of classes 1 out of 5 batches
Epoch 12 of 15 took 54.015s
  training loss:		0.002469
  validation loss:		0.309517
  top 1 accuracy:		75.46 %
  top 2 accuracy:		99.52 %
0.0007037710747681558
0.00014822951925452799
0.000309247086988762
Batch of classes 1 out of 5 batches
Epoch 13 of 15 took 53.728s
  training loss:		0.001846
  validation loss:		0.345635
  top 1 accuracy:		75.50 %
  top 2 accuracy:		98.37 %
0.0001550886663608253
0.0008078946848399937
0.0013990962179377675
Batch of classes 1 out of 5 batches
Epoch 14 of 15 took 52.434s
  training loss:		0.002176
  validation loss:		0.326829
  top 1 accuracy:		75.73 %
  top 2 accuracy:		98.06 %
9.364971629111096e-05
0.015707751736044884
0.00012977341248188168
Batch of classes 1 out of 5 batches
Epoch 15 of 15 took 52.896s
  training loss:		0.001789
  validation loss:		0.323747
  top 1 accuracy:		75.90 %
  top 2 accuracy:		98.85 %
=> Load model weights: /home/chuqli/scratch/CNNDetection/checkpoints/no_aug/model_epoch_best.pth
=> Load Done
Updating exemplar set...
Computing mean-of_exemplars and theoretical mean...
Computing accuracy on the original batch of classes...
Final results on cyclegan classes:
  top 1 accuracy iCaRL          :		75.92 %
  top 1 accuracy Hybrid 1       :		75.90 %
  top 1 accuracy NCM            :		75.92 %
Binary accuracy:
Final results on cyclegan classes:
  top 1 accuracy iCaRL          :		75.92 %
  top 1 accuracy Hybrid 1       :		75.90 %
  top 1 accuracy NCM            :		75.92 %
Final results on cumul of classes:
  top 1 accuracy iCaRL          :		75.92 %
  top 1 accuracy Hybrid 1       :		75.90 %
  top 1 accuracy NCM            :		75.92 %
Binary accuracy:
Final results on binary cumul of classes:
  top 1 accuracy iCaRL          :		75.92 %
  top 1 accuracy Hybrid 1       :		75.90 %
  top 1 accuracy NCM            :		75.92 %
Classes in this batch: tensor([2, 3])
Data Size: 7200


Before first epoch
  validation loss:		4.321217
  top 1 accuracy:		0.00 %
  top 2 accuracy:		0.00 %
Batch of classes number 2 arrives ...
0.902879536151886
0.1439853459596634
0.12155956029891968
Batch of classes 2 out of 5 batches
Epoch 1 of 15 took 75.257s
  training loss:		0.155675
  validation loss:		3.300516
  top 1 accuracy:		0.06 %
  top 2 accuracy:		59.33 %
0.07932358235120773
0.08946696668863297
0.019165074452757835
Batch of classes 2 out of 5 batches
Epoch 2 of 15 took 71.328s
  training loss:		0.056074
  validation loss:		0.847130
  top 1 accuracy:		2.17 %
  top 2 accuracy:		89.27 %
0.04201328009366989
0.024971788749098778
0.0398542545735836
Batch of classes 2 out of 5 batches
Epoch 3 of 15 took 71.535s
  training loss:		0.036393
  validation loss:		0.662831
  top 1 accuracy:		0.10 %
  top 2 accuracy:		89.71 %
0.036908503621816635
0.03334897756576538
0.030590271577239037
Batch of classes 2 out of 5 batches
Epoch 4 of 15 took 71.596s
  training loss:		0.033705
  validation loss:		0.919980
  top 1 accuracy:		0.25 %
  top 2 accuracy:		97.46 %
0.07251184433698654
0.07545769214630127
0.051292724907398224
Batch of classes 2 out of 5 batches
Epoch 5 of 15 took 71.256s
  training loss:		0.026597
  validation loss:		0.803324
  top 1 accuracy:		37.13 %
  top 2 accuracy:		95.44 %
0.02448016032576561
0.014044593088328838
0.1095736175775528
Batch of classes 2 out of 5 batches
Epoch 6 of 15 took 69.020s
  training loss:		0.023862
  validation loss:		0.844382
  top 1 accuracy:		30.33 %
  top 2 accuracy:		98.40 %
0.058710403740406036
0.002463181735947728
0.026896987110376358
Batch of classes 2 out of 5 batches
Epoch 7 of 15 took 71.848s
  training loss:		0.022657
  validation loss:		0.801554
  top 1 accuracy:		24.02 %
  top 2 accuracy:		85.50 %
0.012548875994980335
0.017613353207707405
0.010427728295326233
Batch of classes 2 out of 5 batches
Epoch 8 of 15 took 71.375s
  training loss:		0.023427
  validation loss:		0.758938
  top 1 accuracy:		24.46 %
  top 2 accuracy:		81.52 %
0.018388492986559868
0.0229666605591774
0.003815195756033063
Batch of classes 2 out of 5 batches
Epoch 9 of 15 took 71.610s
  training loss:		0.019754
  validation loss:		0.717380
  top 1 accuracy:		45.81 %
  top 2 accuracy:		98.77 %
0.008480695076286793
0.0318852961063385
0.008486858569085598
Batch of classes 2 out of 5 batches
Epoch 10 of 15 took 70.778s
  training loss:		0.019876
  validation loss:		1.028468
  top 1 accuracy:		33.75 %
  top 2 accuracy:		82.52 %
0.06941449642181396
0.009840126149356365
0.002757541835308075
Batch of classes 2 out of 5 batches
Epoch 11 of 15 took 71.029s
  training loss:		0.011667
  validation loss:		0.769125
  top 1 accuracy:		53.29 %
  top 2 accuracy:		99.31 %
0.00940980389714241
0.0010894613806158304
0.008125587366521358
Batch of classes 2 out of 5 batches
Epoch 12 of 15 took 69.853s
  training loss:		0.008891
  validation loss:		0.779637
  top 1 accuracy:		62.63 %
  top 2 accuracy:		99.52 %
0.003973970655351877
0.001363930176012218
0.008492320775985718
Batch of classes 2 out of 5 batches
Epoch 13 of 15 took 70.742s
  training loss:		0.007645
  validation loss:		0.801651
  top 1 accuracy:		64.83 %
  top 2 accuracy:		99.23 %
0.0026898167561739683
0.0032059047371149063
0.0012063985923305154
Batch of classes 2 out of 5 batches
Epoch 14 of 15 took 69.727s
  training loss:		0.007165
  validation loss:		0.714078
  top 1 accuracy:		64.63 %
  top 2 accuracy:		99.08 %
0.0072881742380559444
0.0020690939854830503
0.0014403543900698423
Batch of classes 2 out of 5 batches
Epoch 15 of 15 took 71.042s
  training loss:		0.005979
  validation loss:		0.819357
  top 1 accuracy:		62.15 %
  top 2 accuracy:		99.25 %
Updating exemplar set...
Computing mean-of_exemplars and theoretical mean...
Computing accuracy on the original batch of classes...
Final results on cyclegan classes:
  top 1 accuracy iCaRL          :		75.77 %
  top 1 accuracy Hybrid 1       :		75.38 %
  top 1 accuracy NCM            :		75.96 %
Binary accuracy:
Final results on cyclegan classes:
  top 1 accuracy iCaRL          :		76.21 %
  top 1 accuracy Hybrid 1       :		75.40 %
  top 1 accuracy NCM            :		76.35 %
Final results on progan256 classes:
  top 1 accuracy iCaRL          :		98.98 %
  top 1 accuracy Hybrid 1       :		62.17 %
  top 1 accuracy NCM            :		98.94 %
Binary accuracy:
Final results on progan256 classes:
  top 1 accuracy iCaRL          :		99.35 %
  top 1 accuracy Hybrid 1       :		94.65 %
  top 1 accuracy NCM            :		99.35 %
Final results on cumul of classes:
  top 1 accuracy iCaRL          :		87.38 %
  top 1 accuracy Hybrid 1       :		68.77 %
  top 1 accuracy NCM            :		87.45 %
Binary accuracy:
Final results on binary cumul of classes:
  top 1 accuracy iCaRL          :		87.78 %
  top 1 accuracy Hybrid 1       :		85.02 %
  top 1 accuracy NCM            :		87.85 %
Classes in this batch: tensor([4, 5])
Data Size: 7201


Before first epoch
  validation loss:		1.693913
  top 1 accuracy:		0.00 %
  top 2 accuracy:		0.00 %
Batch of classes number 3 arrives ...
1.2923980951309204
0.14522521197795868
0.1718098372220993
Batch of classes 3 out of 5 batches
Epoch 1 of 15 took 287.359s
  training loss:		0.201418
  validation loss:		0.995576
  top 1 accuracy:		54.50 %
  top 2 accuracy:		65.79 %
0.15456019341945648
0.11081438511610031
0.10165996849536896
Batch of classes 3 out of 5 batches
Epoch 2 of 15 took 268.768s
  training loss:		0.106380
  validation loss:		0.491364
  top 1 accuracy:		48.96 %
  top 2 accuracy:		82.52 %
0.09853455424308777
0.10632699728012085
0.1295250505208969
Batch of classes 3 out of 5 batches
Epoch 3 of 15 took 270.656s
  training loss:		0.097723
  validation loss:		0.916520
  top 1 accuracy:		35.02 %
  top 2 accuracy:		53.71 %
0.08515613526105881
0.07003771513700485
0.0578317753970623
Batch of classes 3 out of 5 batches
Epoch 4 of 15 took 270.759s
  training loss:		0.087841
  validation loss:		0.492423
  top 1 accuracy:		82.48 %
  top 2 accuracy:		93.77 %
0.07737132906913757
0.059419896453619
0.07960613071918488
Batch of classes 3 out of 5 batches
Epoch 5 of 15 took 268.546s
  training loss:		0.088550
  validation loss:		0.392367
  top 1 accuracy:		61.75 %
  top 2 accuracy:		83.08 %
0.06430963426828384
0.06215887889266014
0.06687281280755997
Batch of classes 3 out of 5 batches
Epoch 6 of 15 took 268.796s
  training loss:		0.085246
  validation loss:		0.549858
  top 1 accuracy:		37.65 %
  top 2 accuracy:		84.38 %
0.06704967468976974
0.07635992020368576
0.09742682427167892
Batch of classes 3 out of 5 batches
Epoch 7 of 15 took 267.449s
  training loss:		0.081933
  validation loss:		0.703134
  top 1 accuracy:		41.77 %
  top 2 accuracy:		65.48 %
0.0915219783782959
0.08257642388343811
0.08198338747024536
Batch of classes 3 out of 5 batches
Epoch 8 of 15 took 273.292s
  training loss:		0.081669
  validation loss:		0.428893
  top 1 accuracy:		38.94 %
  top 2 accuracy:		73.58 %
0.06656872481107712
0.0872628465294838
0.07712291926145554
Batch of classes 3 out of 5 batches
Epoch 9 of 15 took 270.944s
  training loss:		0.082161
  validation loss:		0.374659
  top 1 accuracy:		76.77 %
  top 2 accuracy:		92.96 %
0.07885389775037766
0.08695109933614731
0.05518171936273575
Batch of classes 3 out of 5 batches
Epoch 10 of 15 took 268.995s
  training loss:		0.080657
  validation loss:		0.390003
  top 1 accuracy:		79.50 %
  top 2 accuracy:		97.83 %
0.07281940430402756
0.053878407925367355
0.08114943653345108
Batch of classes 3 out of 5 batches
Epoch 11 of 15 took 271.918s
  training loss:		0.070037
  validation loss:		0.320093
  top 1 accuracy:		95.15 %
  top 2 accuracy:		99.46 %
0.07671763747930527
0.07040461152791977
0.06090424209833145
Batch of classes 3 out of 5 batches
Epoch 12 of 15 took 275.339s
  training loss:		0.065936
  validation loss:		0.354533
  top 1 accuracy:		92.42 %
  top 2 accuracy:		99.79 %
0.10052738338708878
0.04933486506342888
0.06862352043390274
Batch of classes 3 out of 5 batches
Epoch 13 of 15 took 271.650s
  training loss:		0.065015
  validation loss:		0.374402
  top 1 accuracy:		95.60 %
  top 2 accuracy:		99.79 %
0.06043035909533501
0.07127629965543747
0.08019303530454636
Batch of classes 3 out of 5 batches
Epoch 14 of 15 took 271.791s
  training loss:		0.068348
  validation loss:		0.465393
  top 1 accuracy:		92.71 %
  top 2 accuracy:		99.31 %
0.0537414513528347
0.06774779409170151
0.06778918951749802
Batch of classes 3 out of 5 batches
Epoch 15 of 15 took 271.551s
  training loss:		0.064060
  validation loss:		0.347270
  top 1 accuracy:		95.31 %
  top 2 accuracy:		99.71 %
Updating exemplar set...
Computing mean-of_exemplars and theoretical mean...
Computing accuracy on the original batch of classes...
Final results on cyclegan classes:
  top 1 accuracy iCaRL          :		72.73 %
  top 1 accuracy Hybrid 1       :		77.02 %
  top 1 accuracy NCM            :		72.67 %
Binary accuracy:
Final results on cyclegan classes:
  top 1 accuracy iCaRL          :		78.17 %
  top 1 accuracy Hybrid 1       :		77.23 %
  top 1 accuracy NCM            :		78.48 %
Final results on progan256 classes:
  top 1 accuracy iCaRL          :		97.46 %
  top 1 accuracy Hybrid 1       :		36.62 %
  top 1 accuracy NCM            :		97.58 %
Binary accuracy:
Final results on progan256 classes:
  top 1 accuracy iCaRL          :		98.98 %
  top 1 accuracy Hybrid 1       :		85.71 %
  top 1 accuracy NCM            :		98.85 %
Final results on progan1024 classes:
  top 1 accuracy iCaRL          :		99.19 %
  top 1 accuracy Hybrid 1       :		95.31 %
  top 1 accuracy NCM            :		99.15 %
Binary accuracy:
Final results on progan1024 classes:
  top 1 accuracy iCaRL          :		99.42 %
  top 1 accuracy Hybrid 1       :		96.98 %
  top 1 accuracy NCM            :		99.42 %
Final results on cumul of classes:
  top 1 accuracy iCaRL          :		89.79 %
  top 1 accuracy Hybrid 1       :		69.65 %
  top 1 accuracy NCM            :		89.80 %
Binary accuracy:
Final results on binary cumul of classes:
  top 1 accuracy iCaRL          :		92.19 %
  top 1 accuracy Hybrid 1       :		86.64 %
  top 1 accuracy NCM            :		92.25 %
Classes in this batch: tensor([6, 7])
Data Size: 7200


Before first epoch
  validation loss:		2.459292
  top 1 accuracy:		0.00 %
  top 2 accuracy:		0.00 %
Batch of classes number 4 arrives ...
1.282962441444397
0.10836787521839142
0.08121417462825775
Batch of classes 4 out of 5 batches
Epoch 1 of 15 took 75.761s
  training loss:		0.159634
  validation loss:		0.946928
  top 1 accuracy:		1.48 %
  top 2 accuracy:		77.96 %
0.07124154269695282
0.1341673582792282
0.11301415413618088
Batch of classes 4 out of 5 batches
Epoch 2 of 15 took 73.872s
  training loss:		0.079434
  validation loss:		0.905782
  top 1 accuracy:		7.40 %
  top 2 accuracy:		69.71 %
0.05531628057360649
0.09761776775121689
0.06979944556951523
Batch of classes 4 out of 5 batches
Epoch 3 of 15 took 72.861s
  training loss:		0.076382
  validation loss:		0.964843
  top 1 accuracy:		43.54 %
  top 2 accuracy:		93.90 %
0.07333596050739288
0.08328934758901596
0.06812947243452072
Batch of classes 4 out of 5 batches
Epoch 4 of 15 took 72.883s
  training loss:		0.073804
  validation loss:		0.930446
  top 1 accuracy:		26.77 %
  top 2 accuracy:		76.21 %
0.07004016637802124
0.09355614334344864
0.0595504529774189
Batch of classes 4 out of 5 batches
Epoch 5 of 15 took 72.593s
  training loss:		0.069326
  validation loss:		1.059173
  top 1 accuracy:		16.08 %
  top 2 accuracy:		57.81 %
0.10821504890918732
0.05701640993356705
0.09805715084075928
Batch of classes 4 out of 5 batches
Epoch 6 of 15 took 72.379s
  training loss:		0.071986
  validation loss:		0.789827
  top 1 accuracy:		44.71 %
  top 2 accuracy:		96.08 %
0.06631363928318024
0.06582368910312653
0.06661105901002884
Batch of classes 4 out of 5 batches
Epoch 7 of 15 took 72.167s
  training loss:		0.067701
  validation loss:		1.025562
  top 1 accuracy:		28.67 %
  top 2 accuracy:		70.48 %
0.06213115528225899
0.090270034968853
0.0628175362944603
Batch of classes 4 out of 5 batches
Epoch 8 of 15 took 72.227s
  training loss:		0.068454
  validation loss:		0.815258
  top 1 accuracy:		39.88 %
  top 2 accuracy:		84.67 %
0.06916499137878418
0.06381457298994064
0.042607564479112625
Batch of classes 4 out of 5 batches
Epoch 9 of 15 took 72.878s
  training loss:		0.064500
  validation loss:		0.899391
  top 1 accuracy:		52.71 %
  top 2 accuracy:		86.92 %
0.056381285190582275
0.056225746870040894
0.0625859722495079
Batch of classes 4 out of 5 batches
Epoch 10 of 15 took 72.390s
  training loss:		0.067198
  validation loss:		0.993610
  top 1 accuracy:		38.15 %
  top 2 accuracy:		87.81 %
0.07457985728979111
0.05588461831212044
0.08569177240133286
Batch of classes 4 out of 5 batches
Epoch 11 of 15 took 72.587s
  training loss:		0.057078
  validation loss:		0.897120
  top 1 accuracy:		59.69 %
  top 2 accuracy:		95.29 %
0.057149048894643784
0.049192268401384354
0.057535599917173386
Batch of classes 4 out of 5 batches
Epoch 12 of 15 took 73.620s
  training loss:		0.054838
  validation loss:		0.890701
  top 1 accuracy:		51.88 %
  top 2 accuracy:		91.87 %
0.06063983961939812
0.0519908145070076
0.03394715487957001
Batch of classes 4 out of 5 batches
Epoch 13 of 15 took 72.831s
  training loss:		0.053308
  validation loss:		0.929372
  top 1 accuracy:		69.73 %
  top 2 accuracy:		95.15 %
0.04178418591618538
0.06106523424386978
0.05809347704052925
Batch of classes 4 out of 5 batches
Epoch 14 of 15 took 73.650s
  training loss:		0.052242
  validation loss:		0.885798
  top 1 accuracy:		72.10 %
  top 2 accuracy:		95.27 %
0.05099436268210411
0.04114384576678276
0.05572063475847244
Batch of classes 4 out of 5 batches
Epoch 15 of 15 took 72.089s
  training loss:		0.054159
  validation loss:		0.987372
  top 1 accuracy:		64.56 %
  top 2 accuracy:		93.62 %
Updating exemplar set...
Computing mean-of_exemplars and theoretical mean...
Computing accuracy on the original batch of classes...
Final results on cyclegan classes:
  top 1 accuracy iCaRL          :		69.44 %
  top 1 accuracy Hybrid 1       :		77.10 %
  top 1 accuracy NCM            :		69.42 %
Binary accuracy:
Final results on cyclegan classes:
  top 1 accuracy iCaRL          :		81.04 %
  top 1 accuracy Hybrid 1       :		78.48 %
  top 1 accuracy NCM            :		81.02 %
Final results on progan256 classes:
  top 1 accuracy iCaRL          :		96.23 %
  top 1 accuracy Hybrid 1       :		36.83 %
  top 1 accuracy NCM            :		96.15 %
Binary accuracy:
Final results on progan256 classes:
  top 1 accuracy iCaRL          :		97.17 %
  top 1 accuracy Hybrid 1       :		82.33 %
  top 1 accuracy NCM            :		97.17 %
Final results on progan1024 classes:
  top 1 accuracy iCaRL          :		97.06 %
  top 1 accuracy Hybrid 1       :		81.67 %
  top 1 accuracy NCM            :		97.04 %
Binary accuracy:
Final results on progan1024 classes:
  top 1 accuracy iCaRL          :		98.56 %
  top 1 accuracy Hybrid 1       :		87.58 %
  top 1 accuracy NCM            :		98.56 %
Final results on glow classes:
  top 1 accuracy iCaRL          :		95.52 %
  top 1 accuracy Hybrid 1       :		64.56 %
  top 1 accuracy NCM            :		95.58 %
Binary accuracy:
Final results on glow classes:
  top 1 accuracy iCaRL          :		99.15 %
  top 1 accuracy Hybrid 1       :		87.90 %
  top 1 accuracy NCM            :		99.15 %
Final results on cumul of classes:
  top 1 accuracy iCaRL          :		89.56 %
  top 1 accuracy Hybrid 1       :		65.04 %
  top 1 accuracy NCM            :		89.55 %
Binary accuracy:
Final results on binary cumul of classes:
  top 1 accuracy iCaRL          :		93.98 %
  top 1 accuracy Hybrid 1       :		84.07 %
  top 1 accuracy NCM            :		93.97 %
Classes in this batch: tensor([8, 9])
Data Size: 7200


Before first epoch
  validation loss:		2.040536
  top 1 accuracy:		0.00 %
  top 2 accuracy:		0.00 %
Batch of classes number 5 arrives ...
1.6768878698349
0.16630001366138458
0.16475413739681244
Batch of classes 5 out of 5 batches
Epoch 1 of 15 took 77.073s
  training loss:		0.217922
  validation loss:		0.884911
  top 1 accuracy:		46.52 %
  top 2 accuracy:		49.17 %
0.14367426931858063
0.1351301670074463
0.15488000214099884
Batch of classes 5 out of 5 batches
Epoch 2 of 15 took 74.154s
  training loss:		0.150230
  validation loss:		0.767985
  top 1 accuracy:		49.67 %
  top 2 accuracy:		57.38 %
0.1523524969816208
0.133794367313385
0.12646137177944183
Batch of classes 5 out of 5 batches
Epoch 3 of 15 took 73.977s
  training loss:		0.145343
  validation loss:		0.894123
  top 1 accuracy:		50.06 %
  top 2 accuracy:		58.52 %
0.17735548317432404
0.1504281759262085
0.13112322986125946
Batch of classes 5 out of 5 batches
Epoch 4 of 15 took 74.269s
  training loss:		0.145522
  validation loss:		0.910144
  top 1 accuracy:		49.58 %
  top 2 accuracy:		53.65 %
0.13898268342018127
0.13142827153205872
0.1838291883468628
Batch of classes 5 out of 5 batches
Epoch 5 of 15 took 73.470s
  training loss:		0.145362
  validation loss:		0.744111
  top 1 accuracy:		51.13 %
  top 2 accuracy:		63.73 %
0.1544148176908493
0.14979715645313263
0.13554126024246216
Batch of classes 5 out of 5 batches
Epoch 6 of 15 took 74.443s
  training loss:		0.143172
  validation loss:		0.833698
  top 1 accuracy:		49.96 %
  top 2 accuracy:		54.17 %
0.13136105239391327
0.1378292739391327
0.1442725509405136
Batch of classes 5 out of 5 batches
Epoch 7 of 15 took 73.948s
  training loss:		0.142696
  validation loss:		1.003686
  top 1 accuracy:		22.44 %
  top 2 accuracy:		30.29 %
0.16902892291545868
0.14666688442230225
0.1506659984588623
Batch of classes 5 out of 5 batches
Epoch 8 of 15 took 75.218s
  training loss:		0.144189
  validation loss:		0.825358
  top 1 accuracy:		47.40 %
  top 2 accuracy:		55.31 %
0.13365308940410614
0.12264785915613174
0.12972261011600494
Batch of classes 5 out of 5 batches
Epoch 9 of 15 took 74.611s
  training loss:		0.140913
  validation loss:		0.941162
  top 1 accuracy:		37.21 %
  top 2 accuracy:		49.52 %
0.14218731224536896
0.13854077458381653
0.1653364598751068
Batch of classes 5 out of 5 batches
Epoch 10 of 15 took 74.520s
  training loss:		0.142308
  validation loss:		0.851205
  top 1 accuracy:		50.15 %
  top 2 accuracy:		53.69 %
0.13815699517726898
0.1536073237657547
0.11641184240579605
Batch of classes 5 out of 5 batches
Epoch 11 of 15 took 71.957s
  training loss:		0.135036
  validation loss:		0.904802
  top 1 accuracy:		50.25 %
  top 2 accuracy:		54.31 %
0.14581452310085297
0.1449006050825119
0.1315494179725647
Batch of classes 5 out of 5 batches
Epoch 12 of 15 took 73.326s
  training loss:		0.132281
  validation loss:		0.891510
  top 1 accuracy:		50.27 %
  top 2 accuracy:		55.40 %
0.15889625251293182
0.1060561090707779
0.12282811850309372
Batch of classes 5 out of 5 batches
Epoch 13 of 15 took 75.334s
  training loss:		0.131911
  validation loss:		0.908420
  top 1 accuracy:		51.67 %
  top 2 accuracy:		60.48 %
0.12968793511390686
0.12727616727352142
0.15090911090373993
Batch of classes 5 out of 5 batches
Epoch 14 of 15 took 74.621s
  training loss:		0.131172
  validation loss:		0.929092
  top 1 accuracy:		51.73 %
  top 2 accuracy:		58.96 %
0.15977445244789124
0.11876516789197922
0.1437193900346756
Batch of classes 5 out of 5 batches
Epoch 15 of 15 took 72.336s
  training loss:		0.130052
  validation loss:		0.893429
  top 1 accuracy:		55.50 %
  top 2 accuracy:		67.15 %
Updating exemplar set...
Computing mean-of_exemplars and theoretical mean...
Computing accuracy on the original batch of classes...
Final results on cyclegan classes:
  top 1 accuracy iCaRL          :		70.56 %
  top 1 accuracy Hybrid 1       :		78.17 %
  top 1 accuracy NCM            :		70.15 %
Binary accuracy:
Final results on cyclegan classes:
  top 1 accuracy iCaRL          :		77.94 %
  top 1 accuracy Hybrid 1       :		78.50 %
  top 1 accuracy NCM            :		77.31 %
Final results on progan256 classes:
  top 1 accuracy iCaRL          :		96.65 %
  top 1 accuracy Hybrid 1       :		28.62 %
  top 1 accuracy NCM            :		96.48 %
Binary accuracy:
Final results on progan256 classes:
  top 1 accuracy iCaRL          :		97.69 %
  top 1 accuracy Hybrid 1       :		69.96 %
  top 1 accuracy NCM            :		97.54 %
Final results on progan1024 classes:
  top 1 accuracy iCaRL          :		94.77 %
  top 1 accuracy Hybrid 1       :		80.46 %
  top 1 accuracy NCM            :		94.92 %
Binary accuracy:
Final results on progan1024 classes:
  top 1 accuracy iCaRL          :		98.15 %
  top 1 accuracy Hybrid 1       :		88.00 %
  top 1 accuracy NCM            :		98.17 %
Final results on glow classes:
  top 1 accuracy iCaRL          :		70.77 %
  top 1 accuracy Hybrid 1       :		31.69 %
  top 1 accuracy NCM            :		74.04 %
Binary accuracy:
Final results on glow classes:
  top 1 accuracy iCaRL          :		99.21 %
  top 1 accuracy Hybrid 1       :		60.83 %
  top 1 accuracy NCM            :		99.21 %
Final results on stargan classes:
  top 1 accuracy iCaRL          :		75.85 %
  top 1 accuracy Hybrid 1       :		55.50 %
  top 1 accuracy NCM            :		73.38 %
Binary accuracy:
Final results on stargan classes:
  top 1 accuracy iCaRL          :		99.67 %
  top 1 accuracy Hybrid 1       :		99.98 %
  top 1 accuracy NCM            :		99.62 %
Final results on cumul of classes:
  top 1 accuracy iCaRL          :		81.72 %
  top 1 accuracy Hybrid 1       :		54.89 %
  top 1 accuracy NCM            :		81.79 %
Binary accuracy:
Final results on binary cumul of classes:
  top 1 accuracy iCaRL          :		94.53 %
  top 1 accuracy Hybrid 1       :		79.45 %
  top 1 accuracy NCM            :		94.37 %
----------------- Options ---------------
               add_binary: True                          	[default: False]
               batch_size: 32                            	[default: 64]
                blur_prob: 0                             
                 blur_sig: 0.5                           
          checkpoints_dir: /scratch_net/kringel/chuqli/CNNDetection/checkpoints	[default: ./checkpoints]
                class_bal: False                         
           continue_train: False                         
                 cropSize: 224                           
                 data_aug: False                         
                 dataroot: /srv/beegfs02/scratch/generative_modeling/data/Deepfake/DoGAN_data/new/GanFake	[default: /srv/beegfs02/scratch/generative_modeling/data/Deepfake/Adam-NSCL]
          earlystop_epoch: 5                             
                    epoch: latest                        
                 fine_tun: False                         
                    gpuid: [1]                           
                init_gain: 0.02                          
                  init_lr: 0.0005                        
                init_type: normal                        
                  isTrain: True                          	[default: None]
               jpg_method: cv2                           
                 jpg_prob: 0                             
                 jpg_qual: 75                            
                 loadSize: 256                           
                     mode: binary                        
               model_name: resnet18                      
               model_type: resnet                        
            model_weights: /home/chuqli/scratch/CNNDetection/checkpoints/no_aug/model_epoch_best.pth	[default: None]
               multiclass: [1, 1, 0, 1, 1]               	[default: [1]]
                     name: icarl_df                      	[default: experiment_name]
                  no_flip: False                         
              num_classes: 2                             
               num_epochs: 15                            	[default: 12]
              num_threads: 4                             
                  outfile: temp_0.1.csv                  
            pretrain_name:                               
           resize_or_crop: scale_and_crop                
                rz_interp: bilinear                      
          save_epoch_freq: 20                            
         save_latest_freq: 2000                          
           serial_batches: False                         
                   suffix:                               
                task_name: cyclegan,progan256,progan1024,glow,stargan	[default: ]
              train_split: train                         
                val_split: val                           
----------------- End -------------------
{'All': 10}
Task order: ['cyclegan', 'progan256', 'progan1024', 'glow', 'stargan']
=> Load model weights: /home/chuqli/scratch/CNNDetection/checkpoints/no_aug/model_epoch_best.pth
=> Load Done
Classes in this batch: tensor([0, 1])
Data Size: 7196


Before first epoch
  validation loss:		2.615354
  top 1 accuracy:		15.87 %
  top 2 accuracy:		16.04 %
Batch of classes number 1 arrives ...
3.6358885765075684
0.5213224291801453
0.25122982263565063
Batch of classes 1 out of 5 batches
Epoch 1 of 15 took 57.299s
  training loss:		0.385135
  validation loss:		0.310780
  top 1 accuracy:		72.60 %
  top 2 accuracy:		100.00 %
0.13546547293663025
0.1921345442533493
0.15380756556987762
Batch of classes 1 out of 5 batches
Epoch 2 of 15 took 55.952s
  training loss:		0.194145
  validation loss:		0.230532
  top 1 accuracy:		73.77 %
  top 2 accuracy:		100.00 %
0.138645738363266
0.10875192284584045
0.05368577688932419
Batch of classes 1 out of 5 batches
Epoch 3 of 15 took 53.190s
  training loss:		0.165582
  validation loss:		8.155748
  top 1 accuracy:		50.00 %
  top 2 accuracy:		50.42 %
0.6772345304489136
0.3728746175765991
0.2461417317390442
Batch of classes 1 out of 5 batches
Epoch 4 of 15 took 52.445s
  training loss:		0.450659
  validation loss:		0.122101
  top 1 accuracy:		72.27 %
  top 2 accuracy:		100.00 %
0.284915566444397
0.16200457513332367
0.23818495869636536
Batch of classes 1 out of 5 batches
Epoch 5 of 15 took 54.236s
  training loss:		0.274561
  validation loss:		0.141476
  top 1 accuracy:		69.02 %
  top 2 accuracy:		100.00 %
0.21637611091136932
0.2186923772096634
0.4682930111885071
Batch of classes 1 out of 5 batches
Epoch 6 of 15 took 53.649s
  training loss:		0.247013
  validation loss:		0.120284
  top 1 accuracy:		70.17 %
  top 2 accuracy:		100.00 %
0.19994044303894043
0.2699527144432068
0.29242372512817383
Batch of classes 1 out of 5 batches
Epoch 7 of 15 took 53.923s
  training loss:		0.224917
  validation loss:		0.171559
  top 1 accuracy:		63.96 %
  top 2 accuracy:		100.00 %
0.21013540029525757
0.12539033591747284
0.22133836150169373
Batch of classes 1 out of 5 batches
Epoch 8 of 15 took 54.244s
  training loss:		0.211047
  validation loss:		0.130935
  top 1 accuracy:		73.19 %
  top 2 accuracy:		100.00 %
0.28920936584472656
0.2120131105184555
0.3590879440307617
Batch of classes 1 out of 5 batches
Epoch 9 of 15 took 54.623s
  training loss:		0.207563
  validation loss:		0.135452
  top 1 accuracy:		68.12 %
  top 2 accuracy:		100.00 %
0.14986088871955872
0.08871876448392868
0.0700363889336586
Batch of classes 1 out of 5 batches
Epoch 10 of 15 took 54.412s
  training loss:		0.191311
  validation loss:		0.101550
  top 1 accuracy:		76.00 %
  top 2 accuracy:		100.00 %
0.14947164058685303
0.25649768114089966
0.27580246329307556
Batch of classes 1 out of 5 batches
Epoch 11 of 15 took 54.832s
  training loss:		0.178158
  validation loss:		0.144129
  top 1 accuracy:		69.50 %
  top 2 accuracy:		100.00 %
0.1667858362197876
0.19865861535072327
0.1167374774813652
Batch of classes 1 out of 5 batches
Epoch 12 of 15 took 54.034s
  training loss:		0.165522
  validation loss:		0.124524
  top 1 accuracy:		71.90 %
  top 2 accuracy:		100.00 %
0.19249895215034485
0.26729509234428406
0.19669729471206665
Batch of classes 1 out of 5 batches
Epoch 13 of 15 took 52.997s
  training loss:		0.164112
  validation loss:		0.134685
  top 1 accuracy:		70.75 %
  top 2 accuracy:		100.00 %
0.24345804750919342
0.17115440964698792
0.1386585831642151
Batch of classes 1 out of 5 batches
Epoch 14 of 15 took 56.463s
  training loss:		0.167955
  validation loss:		0.104854
  top 1 accuracy:		76.50 %
  top 2 accuracy:		100.00 %
0.07989031076431274
0.20810404419898987
0.08440607041120529
Batch of classes 1 out of 5 batches
Epoch 15 of 15 took 54.421s
  training loss:		0.163107
  validation loss:		0.133874
  top 1 accuracy:		70.75 %
  top 2 accuracy:		100.00 %
=> Load model weights: /home/chuqli/scratch/CNNDetection/checkpoints/no_aug/model_epoch_best.pth
=> Load Done
Updating exemplar set...
Computing mean-of_exemplars and theoretical mean...
Computing accuracy on the original batch of classes...
Final results on cyclegan classes:
  top 1 accuracy iCaRL          :		70.12 %
  top 1 accuracy Hybrid 1       :		70.75 %
  top 1 accuracy NCM            :		69.77 %
Binary accuracy:
Final results on cyclegan classes:
  top 1 accuracy iCaRL          :		70.17 %
  top 1 accuracy Hybrid 1       :		70.75 %
  top 1 accuracy NCM            :		69.81 %
Final results on cumul of classes:
  top 1 accuracy iCaRL          :		70.12 %
  top 1 accuracy Hybrid 1       :		70.75 %
  top 1 accuracy NCM            :		69.77 %
Binary accuracy:
Final results on binary cumul of classes:
  top 1 accuracy iCaRL          :		70.17 %
  top 1 accuracy Hybrid 1       :		70.75 %
  top 1 accuracy NCM            :		69.81 %
Classes in this batch: tensor([2, 3])
Data Size: 7200


Before first epoch
  validation loss:		2.180797
  top 1 accuracy:		0.00 %
  top 2 accuracy:		0.00 %
Batch of classes number 2 arrives ...
1.6021075248718262
0.5910546183586121
0.510084331035614
Batch of classes 2 out of 5 batches
Epoch 1 of 15 took 72.667s
  training loss:		0.703690
  validation loss:		0.160726
  top 1 accuracy:		49.27 %
  top 2 accuracy:		97.87 %
0.5538709163665771
0.5499223470687866
0.5256457328796387
Batch of classes 2 out of 5 batches
Epoch 2 of 15 took 74.045s
  training loss:		0.525845
  validation loss:		0.150500
  top 1 accuracy:		51.92 %
  top 2 accuracy:		98.81 %
0.4842036962509155
0.5187183022499084
0.5190913081169128
Batch of classes 2 out of 5 batches
Epoch 3 of 15 took 72.152s
  training loss:		0.509008
  validation loss:		0.148977
  top 1 accuracy:		50.00 %
  top 2 accuracy:		99.35 %
0.5355958938598633
0.4934496283531189
0.49461424350738525
Batch of classes 2 out of 5 batches
Epoch 4 of 15 took 73.658s
  training loss:		0.494951
  validation loss:		0.161356
  top 1 accuracy:		55.42 %
  top 2 accuracy:		98.65 %
0.49753397703170776
0.5091056823730469
0.5059554576873779
Batch of classes 2 out of 5 batches
Epoch 5 of 15 took 72.331s
  training loss:		0.488141
  validation loss:		0.143683
  top 1 accuracy:		58.56 %
  top 2 accuracy:		98.62 %
0.5016785860061646
0.4602317810058594
0.4047616720199585
Batch of classes 2 out of 5 batches
Epoch 6 of 15 took 72.079s
  training loss:		0.463514
  validation loss:		0.199901
  top 1 accuracy:		60.04 %
  top 2 accuracy:		99.04 %
0.41256940364837646
0.40890443325042725
0.3108314275741577
Batch of classes 2 out of 5 batches
Epoch 7 of 15 took 73.917s
  training loss:		0.318854
  validation loss:		0.067022
  top 1 accuracy:		87.21 %
  top 2 accuracy:		95.27 %
0.2543804347515106
0.25022849440574646
0.19200590252876282
Batch of classes 2 out of 5 batches
Epoch 8 of 15 took 71.553s
  training loss:		0.166531
  validation loss:		0.071869
  top 1 accuracy:		86.21 %
  top 2 accuracy:		97.27 %
0.09513840079307556
0.20074626803398132
0.12166115641593933
Batch of classes 2 out of 5 batches
Epoch 9 of 15 took 71.288s
  training loss:		0.131750
  validation loss:		0.029093
  top 1 accuracy:		93.83 %
  top 2 accuracy:		99.77 %
0.28417956829071045
0.19909518957138062
0.042354509234428406
Batch of classes 2 out of 5 batches
Epoch 10 of 15 took 72.529s
  training loss:		0.108983
  validation loss:		0.028283
  top 1 accuracy:		96.69 %
  top 2 accuracy:		99.33 %
0.08814749121665955
0.03673895448446274
0.06025705114006996
Batch of classes 2 out of 5 batches
Epoch 11 of 15 took 72.902s
  training loss:		0.065692
  validation loss:		0.007160
  top 1 accuracy:		99.19 %
  top 2 accuracy:		99.87 %
0.027165669947862625
0.020242933183908463
0.039307378232479095
Batch of classes 2 out of 5 batches
Epoch 12 of 15 took 72.473s
  training loss:		0.059178
  validation loss:		0.007286
  top 1 accuracy:		99.12 %
  top 2 accuracy:		99.94 %
0.07812725007534027
0.07277928292751312
0.04647734761238098
Batch of classes 2 out of 5 batches
Epoch 13 of 15 took 74.276s
  training loss:		0.056466
  validation loss:		0.006253
  top 1 accuracy:		99.31 %
  top 2 accuracy:		99.92 %
0.020950745791196823
0.009007049724459648
0.014210673049092293
Batch of classes 2 out of 5 batches
Epoch 14 of 15 took 72.439s
  training loss:		0.051369
  validation loss:		0.003673
  top 1 accuracy:		99.58 %
  top 2 accuracy:		99.94 %
0.029540661722421646
0.11824779957532883
0.047197915613651276
Batch of classes 2 out of 5 batches
Epoch 15 of 15 took 70.889s
  training loss:		0.048183
  validation loss:		0.025171
  top 1 accuracy:		95.85 %
  top 2 accuracy:		98.73 %
Updating exemplar set...
Computing mean-of_exemplars and theoretical mean...
Computing accuracy on the original batch of classes...
Final results on cyclegan classes:
  top 1 accuracy iCaRL          :		62.04 %
  top 1 accuracy Hybrid 1       :		55.77 %
  top 1 accuracy NCM            :		62.73 %
Binary accuracy:
Final results on cyclegan classes:
  top 1 accuracy iCaRL          :		64.94 %
  top 1 accuracy Hybrid 1       :		58.71 %
  top 1 accuracy NCM            :		65.40 %
Final results on progan256 classes:
  top 1 accuracy iCaRL          :		95.98 %
  top 1 accuracy Hybrid 1       :		95.85 %
  top 1 accuracy NCM            :		95.92 %
Binary accuracy:
Final results on progan256 classes:
  top 1 accuracy iCaRL          :		97.50 %
  top 1 accuracy Hybrid 1       :		97.04 %
  top 1 accuracy NCM            :		97.50 %
Final results on cumul of classes:
  top 1 accuracy iCaRL          :		79.01 %
  top 1 accuracy Hybrid 1       :		75.81 %
  top 1 accuracy NCM            :		79.32 %
Binary accuracy:
Final results on binary cumul of classes:
  top 1 accuracy iCaRL          :		81.22 %
  top 1 accuracy Hybrid 1       :		77.88 %
  top 1 accuracy NCM            :		81.45 %
Classes in this batch: tensor([4, 5])
Data Size: 7201


Before first epoch
  validation loss:		1.302972
  top 1 accuracy:		0.00 %
  top 2 accuracy:		0.00 %
Batch of classes number 3 arrives ...
1.8806242942810059
0.4449644684791565
0.28965625166893005
Batch of classes 3 out of 5 batches
Epoch 1 of 15 took 271.121s
  training loss:		0.524754
  validation loss:		0.134751
  top 1 accuracy:		75.44 %
  top 2 accuracy:		87.35 %
0.22633974254131317
0.2076219618320465
0.14156854152679443
Batch of classes 3 out of 5 batches
Epoch 2 of 15 took 263.180s
  training loss:		0.214988
  validation loss:		0.067649
  top 1 accuracy:		86.52 %
  top 2 accuracy:		99.25 %
0.19436714053153992
0.24192053079605103
0.10831408202648163
Batch of classes 3 out of 5 batches
Epoch 3 of 15 took 262.710s
  training loss:		0.152647
  validation loss:		0.034369
  top 1 accuracy:		93.73 %
  top 2 accuracy:		99.08 %
0.04242127388715744
0.12967753410339355
0.041530542075634
Batch of classes 3 out of 5 batches
Epoch 4 of 15 took 260.434s
  training loss:		0.121501
  validation loss:		0.049618
  top 1 accuracy:		90.96 %
  top 2 accuracy:		96.96 %
0.12137623131275177
0.09523467719554901
0.10097716748714447
Batch of classes 3 out of 5 batches
Epoch 5 of 15 took 266.912s
  training loss:		0.106221
  validation loss:		0.022482
  top 1 accuracy:		96.17 %
  top 2 accuracy:		99.27 %
0.04203241318464279
0.13692255318164825
0.14103958010673523
Batch of classes 3 out of 5 batches
Epoch 6 of 15 took 268.636s
  training loss:		0.101873
  validation loss:		0.052959
  top 1 accuracy:		92.31 %
  top 2 accuracy:		98.62 %
0.060078203678131104
0.033257804811000824
0.04073725640773773
Batch of classes 3 out of 5 batches
Epoch 7 of 15 took 265.428s
  training loss:		0.087092
  validation loss:		0.037596
  top 1 accuracy:		96.15 %
  top 2 accuracy:		99.50 %
0.03754991292953491
0.027061454951763153
0.20521852374076843
Batch of classes 3 out of 5 batches
Epoch 8 of 15 took 269.975s
  training loss:		0.080086
  validation loss:		0.027108
  top 1 accuracy:		95.10 %
  top 2 accuracy:		99.10 %
0.08080969005823135
0.07727355509996414
0.076366126537323
Batch of classes 3 out of 5 batches
Epoch 9 of 15 took 277.819s
  training loss:		0.074339
  validation loss:		0.036148
  top 1 accuracy:		93.62 %
  top 2 accuracy:		98.90 %
0.020470302551984787
0.13293635845184326
0.03181295096874237
Batch of classes 3 out of 5 batches
Epoch 10 of 15 took 275.908s
  training loss:		0.070001
  validation loss:		0.056150
  top 1 accuracy:		89.73 %
  top 2 accuracy:		99.08 %
0.02817733958363533
0.05150217190384865
0.028880544006824493
Batch of classes 3 out of 5 batches
Epoch 11 of 15 took 281.491s
  training loss:		0.047810
  validation loss:		0.011316
  top 1 accuracy:		98.37 %
  top 2 accuracy:		99.81 %
0.05375857651233673
0.021207276731729507
0.014227716252207756
Batch of classes 3 out of 5 batches
Epoch 12 of 15 took 284.753s
  training loss:		0.039548
  validation loss:		0.012209
  top 1 accuracy:		98.02 %
  top 2 accuracy:		99.67 %
0.030981313437223434
0.02756907418370247
0.021908197551965714
Batch of classes 3 out of 5 batches
Epoch 13 of 15 took 279.588s
  training loss:		0.045951
  validation loss:		0.009422
  top 1 accuracy:		98.48 %
  top 2 accuracy:		99.94 %
0.12341788411140442
0.034748535603284836
0.05006968975067139
Batch of classes 3 out of 5 batches
Epoch 14 of 15 took 281.138s
  training loss:		0.038996
  validation loss:		0.006834
  top 1 accuracy:		98.75 %
  top 2 accuracy:		99.79 %
0.00458385469391942
0.03377537429332733
0.008232534863054752
Batch of classes 3 out of 5 batches
Epoch 15 of 15 took 294.135s
  training loss:		0.035247
  validation loss:		0.006692
  top 1 accuracy:		98.87 %
  top 2 accuracy:		99.81 %
Updating exemplar set...
Computing mean-of_exemplars and theoretical mean...
Computing accuracy on the original batch of classes...
Final results on cyclegan classes:
  top 1 accuracy iCaRL          :		56.92 %
  top 1 accuracy Hybrid 1       :		53.67 %
  top 1 accuracy NCM            :		58.00 %
Binary accuracy:
Final results on cyclegan classes:
  top 1 accuracy iCaRL          :		59.40 %
  top 1 accuracy Hybrid 1       :		55.90 %
  top 1 accuracy NCM            :		60.27 %
Final results on progan256 classes:
  top 1 accuracy iCaRL          :		98.71 %
  top 1 accuracy Hybrid 1       :		98.33 %
  top 1 accuracy NCM            :		98.71 %
Binary accuracy:
Final results on progan256 classes:
  top 1 accuracy iCaRL          :		98.96 %
  top 1 accuracy Hybrid 1       :		99.06 %
  top 1 accuracy NCM            :		98.96 %
Final results on progan1024 classes:
  top 1 accuracy iCaRL          :		98.25 %
  top 1 accuracy Hybrid 1       :		98.88 %
  top 1 accuracy NCM            :		98.21 %
Binary accuracy:
Final results on progan1024 classes:
  top 1 accuracy iCaRL          :		98.96 %
  top 1 accuracy Hybrid 1       :		99.10 %
  top 1 accuracy NCM            :		98.94 %
Final results on cumul of classes:
  top 1 accuracy iCaRL          :		84.62 %
  top 1 accuracy Hybrid 1       :		83.62 %
  top 1 accuracy NCM            :		84.97 %
Binary accuracy:
Final results on binary cumul of classes:
  top 1 accuracy iCaRL          :		85.77 %
  top 1 accuracy Hybrid 1       :		84.69 %
  top 1 accuracy NCM            :		86.06 %
Classes in this batch: tensor([6, 7])
Data Size: 7200


Before first epoch
  validation loss:		2.456019
  top 1 accuracy:		0.00 %
  top 2 accuracy:		0.00 %
Batch of classes number 4 arrives ...
3.5547385215759277
0.18864859640598297
0.1032363772392273
Batch of classes 4 out of 5 batches
Epoch 1 of 15 took 79.464s
  training loss:		0.266518
  validation loss:		0.090720
  top 1 accuracy:		87.00 %
  top 2 accuracy:		97.12 %
0.08632413297891617
0.07982998341321945
0.08371980488300323
Batch of classes 4 out of 5 batches
Epoch 2 of 15 took 77.912s
  training loss:		0.124027
  validation loss:		0.080610
  top 1 accuracy:		86.31 %
  top 2 accuracy:		99.77 %
0.15994849801063538
0.09112311899662018
0.1401987075805664
Batch of classes 4 out of 5 batches
Epoch 3 of 15 took 77.947s
  training loss:		0.123966
  validation loss:		0.164807
  top 1 accuracy:		72.15 %
  top 2 accuracy:		98.17 %
0.23759976029396057
0.08310555666685104
0.03251232951879501
Batch of classes 4 out of 5 batches
Epoch 4 of 15 took 74.224s
  training loss:		0.098975
  validation loss:		0.017423
  top 1 accuracy:		98.19 %
  top 2 accuracy:		99.58 %
0.08942706137895584
0.09274359047412872
0.08512191474437714
Batch of classes 4 out of 5 batches
Epoch 5 of 15 took 73.850s
  training loss:		0.089289
  validation loss:		0.030984
  top 1 accuracy:		95.40 %
  top 2 accuracy:		98.73 %
0.037719935178756714
0.1294785737991333
0.015624303370714188
Batch of classes 4 out of 5 batches
Epoch 6 of 15 took 75.746s
  training loss:		0.084815
  validation loss:		0.200100
  top 1 accuracy:		69.27 %
  top 2 accuracy:		90.94 %
0.4237052798271179
0.04948693513870239
0.10897256433963776
Batch of classes 4 out of 5 batches
Epoch 7 of 15 took 74.299s
  training loss:		0.075581
  validation loss:		0.161273
  top 1 accuracy:		73.54 %
  top 2 accuracy:		93.52 %
0.047191277146339417
0.07025327533483505
0.047386880964040756
Batch of classes 4 out of 5 batches
Epoch 8 of 15 took 73.574s
  training loss:		0.068072
  validation loss:		0.177734
  top 1 accuracy:		68.85 %
  top 2 accuracy:		93.54 %
0.02169886976480484
0.05833149328827858
0.16349796950817108
Batch of classes 4 out of 5 batches
Epoch 9 of 15 took 72.705s
  training loss:		0.069507
  validation loss:		0.021361
  top 1 accuracy:		96.67 %
  top 2 accuracy:		98.98 %
0.06731270998716354
0.041448064148426056
0.08851457387208939
Batch of classes 4 out of 5 batches
Epoch 10 of 15 took 74.043s
  training loss:		0.055606
  validation loss:		0.029682
  top 1 accuracy:		94.56 %
  top 2 accuracy:		98.94 %
0.03333613649010658
0.017619673162698746
0.005986450240015984
Batch of classes 4 out of 5 batches
Epoch 11 of 15 took 72.864s
  training loss:		0.034504
  validation loss:		0.008597
  top 1 accuracy:		98.92 %
  top 2 accuracy:		99.85 %
0.052181459963321686
0.029451031237840652
0.03618038073182106
Batch of classes 4 out of 5 batches
Epoch 12 of 15 took 74.896s
  training loss:		0.031276
  validation loss:		0.011644
  top 1 accuracy:		98.42 %
  top 2 accuracy:		99.79 %
0.0039847795851528645
0.039702627807855606
0.0639868676662445
Batch of classes 4 out of 5 batches
Epoch 13 of 15 took 74.102s
  training loss:		0.029795
  validation loss:		0.011832
  top 1 accuracy:		98.00 %
  top 2 accuracy:		99.77 %
0.006788726896047592
0.013377786614000797
0.03547593951225281
Batch of classes 4 out of 5 batches
Epoch 14 of 15 took 72.830s
  training loss:		0.027157
  validation loss:		0.006726
  top 1 accuracy:		99.06 %
  top 2 accuracy:		99.90 %
0.005434426479041576
0.017013074830174446
0.02986150234937668
Batch of classes 4 out of 5 batches
Epoch 15 of 15 took 72.292s
  training loss:		0.024555
  validation loss:		0.008915
  top 1 accuracy:		98.83 %
  top 2 accuracy:		99.79 %
Updating exemplar set...
Computing mean-of_exemplars and theoretical mean...
Computing accuracy on the original batch of classes...
Final results on cyclegan classes:
  top 1 accuracy iCaRL          :		53.31 %
  top 1 accuracy Hybrid 1       :		54.48 %
  top 1 accuracy NCM            :		54.75 %
Binary accuracy:
Final results on cyclegan classes:
  top 1 accuracy iCaRL          :		60.02 %
  top 1 accuracy Hybrid 1       :		59.19 %
  top 1 accuracy NCM            :		60.44 %
Final results on progan256 classes:
  top 1 accuracy iCaRL          :		95.73 %
  top 1 accuracy Hybrid 1       :		95.33 %
  top 1 accuracy NCM            :		95.71 %
Binary accuracy:
Final results on progan256 classes:
  top 1 accuracy iCaRL          :		97.75 %
  top 1 accuracy Hybrid 1       :		97.27 %
  top 1 accuracy NCM            :		97.73 %
Final results on progan1024 classes:
  top 1 accuracy iCaRL          :		91.75 %
  top 1 accuracy Hybrid 1       :		87.40 %
  top 1 accuracy NCM            :		91.56 %
Binary accuracy:
Final results on progan1024 classes:
  top 1 accuracy iCaRL          :		95.77 %
  top 1 accuracy Hybrid 1       :		94.54 %
  top 1 accuracy NCM            :		95.69 %
Final results on glow classes:
  top 1 accuracy iCaRL          :		97.23 %
  top 1 accuracy Hybrid 1       :		98.83 %
  top 1 accuracy NCM            :		97.23 %
Binary accuracy:
Final results on glow classes:
  top 1 accuracy iCaRL          :		99.56 %
  top 1 accuracy Hybrid 1       :		99.50 %
  top 1 accuracy NCM            :		99.58 %
Final results on cumul of classes:
  top 1 accuracy iCaRL          :		84.51 %
  top 1 accuracy Hybrid 1       :		84.01 %
  top 1 accuracy NCM            :		84.81 %
Binary accuracy:
Final results on binary cumul of classes:
  top 1 accuracy iCaRL          :		88.28 %
  top 1 accuracy Hybrid 1       :		87.62 %
  top 1 accuracy NCM            :		88.36 %
Classes in this batch: tensor([8, 9])
Data Size: 7200


Before first epoch
  validation loss:		1.781939
  top 1 accuracy:		0.00 %
  top 2 accuracy:		0.00 %
Batch of classes number 5 arrives ...
2.0165274143218994
0.048998571932315826
0.08356484025716782
Batch of classes 5 out of 5 batches
Epoch 1 of 15 took 75.183s
  training loss:		0.198619
  validation loss:		0.015989
  top 1 accuracy:		98.37 %
  top 2 accuracy:		99.71 %
0.04124557971954346
0.07056592404842377
0.07113679498434067
Batch of classes 5 out of 5 batches
Epoch 2 of 15 took 73.232s
  training loss:		0.066536
  validation loss:		0.068920
  top 1 accuracy:		86.29 %
  top 2 accuracy:		91.17 %
0.036560043692588806
0.05108106881380081
0.01639580726623535
Batch of classes 5 out of 5 batches
Epoch 3 of 15 took 73.514s
  training loss:		0.066989
  validation loss:		0.412798
  top 1 accuracy:		48.48 %
  top 2 accuracy:		55.08 %
0.14481830596923828
0.06966070085763931
0.036087796092033386
Batch of classes 5 out of 5 batches
Epoch 4 of 15 took 76.134s
  training loss:		0.063537
  validation loss:		0.017306
  top 1 accuracy:		97.87 %
  top 2 accuracy:		99.94 %
0.0422535240650177
0.16238808631896973
0.2454652041196823
Batch of classes 5 out of 5 batches
Epoch 5 of 15 took 74.256s
  training loss:		0.061321
  validation loss:		0.008861
  top 1 accuracy:		99.35 %
  top 2 accuracy:		99.90 %
0.04031210392713547
0.021490486338734627
0.05167081207036972
Batch of classes 5 out of 5 batches
Epoch 6 of 15 took 74.800s
  training loss:		0.060736
  validation loss:		0.044755
  top 1 accuracy:		93.96 %
  top 2 accuracy:		99.02 %
0.048529379069805145
0.035976964980363846
0.02979247272014618
Batch of classes 5 out of 5 batches
Epoch 7 of 15 took 75.039s
  training loss:		0.055835
  validation loss:		0.224775
  top 1 accuracy:		71.38 %
  top 2 accuracy:		85.69 %
0.03659060224890709
0.040751777589321136
0.13824835419654846
Batch of classes 5 out of 5 batches
Epoch 8 of 15 took 73.576s
  training loss:		0.053498
  validation loss:		0.048211
  top 1 accuracy:		92.12 %
  top 2 accuracy:		99.06 %
0.1342417299747467
0.015718284994363785
0.06011340022087097
Batch of classes 5 out of 5 batches
Epoch 9 of 15 took 73.762s
  training loss:		0.055798
  validation loss:		0.083905
  top 1 accuracy:		86.54 %
  top 2 accuracy:		98.75 %
0.18695276975631714
0.07377348840236664
0.05234570801258087
Batch of classes 5 out of 5 batches
Epoch 10 of 15 took 74.907s
  training loss:		0.057302
  validation loss:		0.015130
  top 1 accuracy:		98.21 %
  top 2 accuracy:		99.90 %
0.02423400804400444
0.059663549065589905
0.0070639378391206264
Batch of classes 5 out of 5 batches
Epoch 11 of 15 took 72.977s
  training loss:		0.036251
  validation loss:		0.010438
  top 1 accuracy:		99.15 %
  top 2 accuracy:		99.96 %
0.008379186503589153
0.042751494795084
0.034482963383197784
Batch of classes 5 out of 5 batches
Epoch 12 of 15 took 75.117s
  training loss:		0.030740
  validation loss:		0.008226
  top 1 accuracy:		99.35 %
  top 2 accuracy:		100.00 %
0.0129254050552845
0.01079972367733717
0.02724253013730049
Batch of classes 5 out of 5 batches
Epoch 13 of 15 took 74.085s
  training loss:		0.028850
  validation loss:		0.007295
  top 1 accuracy:		99.44 %
  top 2 accuracy:		100.00 %
0.03201630711555481
0.08234338462352753
0.02042452245950699
Batch of classes 5 out of 5 batches
Epoch 14 of 15 took 73.758s
  training loss:		0.027164
  validation loss:		0.008194
  top 1 accuracy:		99.35 %
  top 2 accuracy:		99.98 %
0.03075668215751648
0.012522280216217041
0.026107214391231537
Batch of classes 5 out of 5 batches
Epoch 15 of 15 took 75.481s
  training loss:		0.025396
  validation loss:		0.009510
  top 1 accuracy:		99.21 %
  top 2 accuracy:		99.96 %
Updating exemplar set...
Computing mean-of_exemplars and theoretical mean...
Computing accuracy on the original batch of classes...
Final results on cyclegan classes:
  top 1 accuracy iCaRL          :		59.23 %
  top 1 accuracy Hybrid 1       :		60.98 %
  top 1 accuracy NCM            :		59.23 %
Binary accuracy:
Final results on cyclegan classes:
  top 1 accuracy iCaRL          :		62.71 %
  top 1 accuracy Hybrid 1       :		64.62 %
  top 1 accuracy NCM            :		62.42 %
Final results on progan256 classes:
  top 1 accuracy iCaRL          :		96.06 %
  top 1 accuracy Hybrid 1       :		95.35 %
  top 1 accuracy NCM            :		96.08 %
Binary accuracy:
Final results on progan256 classes:
  top 1 accuracy iCaRL          :		96.62 %
  top 1 accuracy Hybrid 1       :		96.58 %
  top 1 accuracy NCM            :		96.62 %
Final results on progan1024 classes:
  top 1 accuracy iCaRL          :		91.58 %
  top 1 accuracy Hybrid 1       :		87.29 %
  top 1 accuracy NCM            :		91.94 %
Binary accuracy:
Final results on progan1024 classes:
  top 1 accuracy iCaRL          :		97.23 %
  top 1 accuracy Hybrid 1       :		97.46 %
  top 1 accuracy NCM            :		97.33 %
Final results on glow classes:
  top 1 accuracy iCaRL          :		71.08 %
  top 1 accuracy Hybrid 1       :		49.10 %
  top 1 accuracy NCM            :		72.19 %
Binary accuracy:
Final results on glow classes:
  top 1 accuracy iCaRL          :		99.25 %
  top 1 accuracy Hybrid 1       :		98.90 %
  top 1 accuracy NCM            :		99.25 %
Final results on stargan classes:
  top 1 accuracy iCaRL          :		76.31 %
  top 1 accuracy Hybrid 1       :		99.21 %
  top 1 accuracy NCM            :		75.15 %
Binary accuracy:
Final results on stargan classes:
  top 1 accuracy iCaRL          :		99.69 %
  top 1 accuracy Hybrid 1       :		99.85 %
  top 1 accuracy NCM            :		99.69 %
Final results on cumul of classes:
  top 1 accuracy iCaRL          :		78.85 %
  top 1 accuracy Hybrid 1       :		78.39 %
  top 1 accuracy NCM            :		78.92 %
Binary accuracy:
Final results on binary cumul of classes:
  top 1 accuracy iCaRL          :		91.10 %
  top 1 accuracy Hybrid 1       :		91.48 %
  top 1 accuracy NCM            :		91.06 %
