----------------- Options ---------------
               add_binary: False                         
               batch_size: 32                            	[default: 64]
                blur_prob: 0                             
                 blur_sig: 0.5                           
          checkpoints_dir: /scratch_net/kringel/chuqli/CNNDetection/checkpoints	[default: ./checkpoints]
                class_bal: False                         
           continue_train: False                         
                 cropSize: 224                           
                 data_aug: False                         
                 dataroot: /srv/beegfs02/scratch/generative_modeling/data/Deepfake/test	[default: /srv/beegfs02/scratch/generative_modeling/data/Deepfake/Adam-NSCL]
          earlystop_epoch: 5                             
                    epoch: latest                        
                 fine_tun: False                         
                    gpuid: [1]                           
                init_gain: 0.02                          
                  init_lr: 0.0005                        
                init_type: normal                        
                  isTrain: True                          	[default: None]
               jpg_method: cv2                           
                 jpg_prob: 0                             
                 jpg_qual: 75                            
                 loadSize: 256                           
                     mode: binary                        
               model_name: resnet18                      
               model_type: resnet                        
            model_weights: /home/chuqli/scratch/CNNDetection/checkpoints/no_aug/model_epoch_best.pth	[default: None]
               multiclass: [0, 0, 1, 0, 0, 0, 0]         	[default: [1]]
                     name: icarl_df                      	[default: experiment_name]
                  no_flip: False                         
              num_classes: 2                             
               num_epochs: 15                            	[default: 12]
              num_threads: 4                             
                  outfile: temp_0.1.csv                  
            pretrain_name:                               
           resize_or_crop: scale_and_crop                
                rz_interp: bilinear                      
          save_epoch_freq: 20                            
         save_latest_freq: 2000                          
           serial_batches: False                         
                   suffix:                               
                task_name: gaugan,biggan,cyclegan,imle,deepfake,crn,wild	[default: ]
              train_split: train                         
                val_split: val                           
----------------- End -------------------
{'All': 14}
Task order: ['gaugan', 'biggan', 'cyclegan', 'imle', 'deepfake', 'crn', 'wild']
=> Load model weights: /home/chuqli/scratch/CNNDetection/checkpoints/no_aug/model_epoch_best.pth
=> Load Done
Classes in this batch: tensor([0, 1])
Data Size: 6000


Before first epoch
  validation loss:		1.309705
  top 1 accuracy:		17.05 %
  top 2 accuracy:		17.30 %
Batch of classes number 1 arrives ...
1.379706859588623
0.06721700727939606
Batch of classes 1 out of 7 batches
Epoch 1 of 15 took 40.702s
  training loss:		0.111107
  validation loss:		0.054526
  top 1 accuracy:		83.50 %
  top 2 accuracy:		100.00 %
0.07876048982143402
0.04333881288766861
Batch of classes 1 out of 7 batches
Epoch 2 of 15 took 40.149s
  training loss:		0.051317
  validation loss:		0.046435
  top 1 accuracy:		86.10 %
  top 2 accuracy:		100.00 %
0.03874031826853752
0.03684908151626587
Batch of classes 1 out of 7 batches
Epoch 3 of 15 took 40.514s
  training loss:		0.042958
  validation loss:		0.065648
  top 1 accuracy:		78.95 %
  top 2 accuracy:		100.00 %
0.036359887570142746
0.04183163121342659
Batch of classes 1 out of 7 batches
Epoch 4 of 15 took 40.126s
  training loss:		0.036782
  validation loss:		0.067553
  top 1 accuracy:		80.40 %
  top 2 accuracy:		100.00 %
0.015318209305405617
0.049004897475242615
Batch of classes 1 out of 7 batches
Epoch 5 of 15 took 40.363s
  training loss:		0.035108
  validation loss:		0.049562
  top 1 accuracy:		85.85 %
  top 2 accuracy:		100.00 %
0.03251877427101135
0.053027454763650894
Batch of classes 1 out of 7 batches
Epoch 6 of 15 took 40.512s
  training loss:		0.030985
  validation loss:		0.034287
  top 1 accuracy:		90.30 %
  top 2 accuracy:		100.00 %
0.06844180822372437
0.024640731513500214
Batch of classes 1 out of 7 batches
Epoch 7 of 15 took 40.243s
  training loss:		0.032347
  validation loss:		0.040954
  top 1 accuracy:		87.00 %
  top 2 accuracy:		100.00 %
0.04141918569803238
0.06488969177007675
Batch of classes 1 out of 7 batches
Epoch 8 of 15 took 40.253s
  training loss:		0.025663
  validation loss:		0.055827
  top 1 accuracy:		85.55 %
  top 2 accuracy:		100.00 %
0.009268313646316528
0.03860308602452278
Batch of classes 1 out of 7 batches
Epoch 9 of 15 took 40.333s
  training loss:		0.023305
  validation loss:		0.042419
  top 1 accuracy:		86.85 %
  top 2 accuracy:		100.00 %
0.016329627484083176
0.012200064025819302
Batch of classes 1 out of 7 batches
Epoch 10 of 15 took 40.491s
  training loss:		0.025264
  validation loss:		0.043969
  top 1 accuracy:		86.40 %
  top 2 accuracy:		100.00 %
0.009852593764662743
0.005099682603031397
Batch of classes 1 out of 7 batches
Epoch 11 of 15 took 39.997s
  training loss:		0.013028
  validation loss:		0.009737
  top 1 accuracy:		97.50 %
  top 2 accuracy:		100.00 %
0.003962670918554068
0.0037346493918448687
Batch of classes 1 out of 7 batches
Epoch 12 of 15 took 40.242s
  training loss:		0.009325
  validation loss:		0.007192
  top 1 accuracy:		98.00 %
  top 2 accuracy:		100.00 %
0.0021979508455842733
0.0028719280380755663
Batch of classes 1 out of 7 batches
Epoch 13 of 15 took 40.358s
  training loss:		0.007521
  validation loss:		0.011572
  top 1 accuracy:		96.95 %
  top 2 accuracy:		100.00 %
0.01014639064669609
0.007893364876508713
Batch of classes 1 out of 7 batches
Epoch 14 of 15 took 39.938s
  training loss:		0.007537
  validation loss:		0.026473
  top 1 accuracy:		93.55 %
  top 2 accuracy:		100.00 %
0.02405201643705368
0.011486822739243507
Batch of classes 1 out of 7 batches
Epoch 15 of 15 took 40.619s
  training loss:		0.007029
  validation loss:		0.009142
  top 1 accuracy:		97.65 %
  top 2 accuracy:		100.00 %
=> Load model weights: /home/chuqli/scratch/CNNDetection/checkpoints/no_aug/model_epoch_best.pth
=> Load Done
Updating exemplar set...
Computing mean-of_exemplars and theoretical mean...
Computing accuracy on the original batch of classes...
Final results on gaugan classes:
  top 1 accuracy iCaRL          :		97.90 %
  top 1 accuracy Hybrid 1       :		97.65 %
  top 1 accuracy NCM            :		97.95 %
Binary accuracy:
Final results on gaugan classes:
  top 1 accuracy iCaRL          :		97.90 %
  top 1 accuracy Hybrid 1       :		97.65 %
  top 1 accuracy NCM            :		97.95 %
Final results on cumul of classes:
  top 1 accuracy iCaRL          :		97.90 %
  top 1 accuracy Hybrid 1       :		97.65 %
  top 1 accuracy NCM            :		97.95 %
Binary accuracy:
Final results on binary cumul of classes:
  top 1 accuracy iCaRL          :		97.90 %
  top 1 accuracy Hybrid 1       :		97.65 %
  top 1 accuracy NCM            :		97.95 %
Classes in this batch: tensor([2, 3])
Data Size: 2400


Before first epoch
  validation loss:		1.204531
  top 1 accuracy:		0.00 %
  top 2 accuracy:		0.00 %
Batch of classes number 2 arrives ...
0.5525880455970764
0.12564240396022797
Batch of classes 2 out of 7 batches
Epoch 1 of 15 took 28.100s
  training loss:		0.158929
  validation loss:		0.296586
  top 1 accuracy:		2.88 %
  top 2 accuracy:		66.50 %
0.10242800414562225
0.0769837498664856
Batch of classes 2 out of 7 batches
Epoch 2 of 15 took 28.166s
  training loss:		0.116261
  validation loss:		0.299414
  top 1 accuracy:		16.25 %
  top 2 accuracy:		76.63 %
0.11384280025959015
0.09784381091594696
Batch of classes 2 out of 7 batches
Epoch 3 of 15 took 27.711s
  training loss:		0.109450
  validation loss:		0.302996
  top 1 accuracy:		47.62 %
  top 2 accuracy:		68.75 %
0.10625384002923965
0.0723494216799736
Batch of classes 2 out of 7 batches
Epoch 4 of 15 took 27.647s
  training loss:		0.092669
  validation loss:		0.219056
  top 1 accuracy:		44.00 %
  top 2 accuracy:		82.25 %
0.07813403010368347
0.10709915310144424
Batch of classes 2 out of 7 batches
Epoch 5 of 15 took 27.543s
  training loss:		0.089808
  validation loss:		0.353671
  top 1 accuracy:		15.38 %
  top 2 accuracy:		82.00 %
0.07894831895828247
0.08666395395994186
Batch of classes 2 out of 7 batches
Epoch 6 of 15 took 27.634s
  training loss:		0.083825
  validation loss:		0.331832
  top 1 accuracy:		20.87 %
  top 2 accuracy:		67.00 %
0.0922822430729866
0.0830371081829071
Batch of classes 2 out of 7 batches
Epoch 7 of 15 took 27.284s
  training loss:		0.080922
  validation loss:		0.280879
  top 1 accuracy:		35.62 %
  top 2 accuracy:		88.13 %
0.06952089071273804
0.0624828115105629
Batch of classes 2 out of 7 batches
Epoch 8 of 15 took 27.503s
  training loss:		0.077828
  validation loss:		0.210838
  top 1 accuracy:		54.87 %
  top 2 accuracy:		83.25 %
0.06213489919900894
0.06022658944129944
Batch of classes 2 out of 7 batches
Epoch 9 of 15 took 27.509s
  training loss:		0.073835
  validation loss:		0.230444
  top 1 accuracy:		47.87 %
  top 2 accuracy:		85.37 %
0.05845477059483528
0.05080215260386467
Batch of classes 2 out of 7 batches
Epoch 10 of 15 took 27.601s
  training loss:		0.071563
  validation loss:		0.353270
  top 1 accuracy:		47.12 %
  top 2 accuracy:		90.87 %
0.04098009318113327
0.05588454380631447
Batch of classes 2 out of 7 batches
Epoch 11 of 15 took 27.304s
  training loss:		0.058088
  validation loss:		0.252528
  top 1 accuracy:		53.50 %
  top 2 accuracy:		95.00 %
0.06274308264255524
0.04677649959921837
Batch of classes 2 out of 7 batches
Epoch 12 of 15 took 27.649s
  training loss:		0.052626
  validation loss:		0.252987
  top 1 accuracy:		56.25 %
  top 2 accuracy:		94.88 %
0.04790494590997696
0.053299982100725174
Batch of classes 2 out of 7 batches
Epoch 13 of 15 took 27.155s
  training loss:		0.049417
  validation loss:		0.275565
  top 1 accuracy:		55.50 %
  top 2 accuracy:		93.75 %
0.03294990211725235
0.05419526994228363
Batch of classes 2 out of 7 batches
Epoch 14 of 15 took 27.342s
  training loss:		0.046850
  validation loss:		0.280026
  top 1 accuracy:		59.87 %
  top 2 accuracy:		97.25 %
0.03671617805957794
0.0391245074570179
Batch of classes 2 out of 7 batches
Epoch 15 of 15 took 27.319s
  training loss:		0.045974
  validation loss:		0.304399
  top 1 accuracy:		60.00 %
  top 2 accuracy:		97.50 %
Updating exemplar set...
Computing mean-of_exemplars and theoretical mean...
Computing accuracy on the original batch of classes...
Final results on gaugan classes:
  top 1 accuracy iCaRL          :		73.80 %
  top 1 accuracy Hybrid 1       :		76.45 %
  top 1 accuracy NCM            :		75.80 %
Binary accuracy:
Final results on gaugan classes:
  top 1 accuracy iCaRL          :		93.70 %
  top 1 accuracy Hybrid 1       :		85.85 %
  top 1 accuracy NCM            :		94.00 %
Final results on biggan classes:
  top 1 accuracy iCaRL          :		78.25 %
  top 1 accuracy Hybrid 1       :		60.00 %
  top 1 accuracy NCM            :		77.50 %
Binary accuracy:
Final results on biggan classes:
  top 1 accuracy iCaRL          :		97.00 %
  top 1 accuracy Hybrid 1       :		94.00 %
  top 1 accuracy NCM            :		97.00 %
Final results on cumul of classes:
  top 1 accuracy iCaRL          :		75.07 %
  top 1 accuracy Hybrid 1       :		71.75 %
  top 1 accuracy NCM            :		76.29 %
Binary accuracy:
Final results on binary cumul of classes:
  top 1 accuracy iCaRL          :		94.64 %
  top 1 accuracy Hybrid 1       :		88.18 %
  top 1 accuracy NCM            :		94.86 %
Classes in this batch: tensor([4, 5])
Data Size: 1572


Before first epoch
  validation loss:		1.311765
  top 1 accuracy:		0.00 %
  top 2 accuracy:		0.00 %
Batch of classes number 3 arrives ...
0.49943265318870544
0.17650415003299713
Batch of classes 3 out of 7 batches
Epoch 1 of 15 took 27.187s
  training loss:		0.185576
  validation loss:		0.572309
  top 1 accuracy:		1.34 %
  top 2 accuracy:		26.91 %
0.13460102677345276
0.10887301713228226
Batch of classes 3 out of 7 batches
Epoch 2 of 15 took 26.105s
  training loss:		0.126104
  validation loss:		0.445141
  top 1 accuracy:		24.43 %
  top 2 accuracy:		51.34 %
0.1323901116847992
0.0992545634508133
Batch of classes 3 out of 7 batches
Epoch 3 of 15 took 26.241s
  training loss:		0.116171
  validation loss:		0.467424
  top 1 accuracy:		30.92 %
  top 2 accuracy:		46.18 %
0.10419812798500061
0.11504832655191422
Batch of classes 3 out of 7 batches
Epoch 4 of 15 took 26.393s
  training loss:		0.111255
  validation loss:		0.356710
  top 1 accuracy:		54.58 %
  top 2 accuracy:		73.85 %
0.11703711748123169
0.10028059780597687
Batch of classes 3 out of 7 batches
Epoch 5 of 15 took 26.061s
  training loss:		0.108785
  validation loss:		0.485084
  top 1 accuracy:		20.99 %
  top 2 accuracy:		46.95 %
0.1097596287727356
0.08420082181692123
Batch of classes 3 out of 7 batches
Epoch 6 of 15 took 25.956s
  training loss:		0.109019
  validation loss:		0.438527
  top 1 accuracy:		35.50 %
  top 2 accuracy:		64.69 %
0.09206923097372055
0.10738512873649597
Batch of classes 3 out of 7 batches
Epoch 7 of 15 took 26.204s
  training loss:		0.106190
  validation loss:		0.388273
  top 1 accuracy:		46.37 %
  top 2 accuracy:		69.47 %
0.09735855460166931
0.08403721451759338
Batch of classes 3 out of 7 batches
Epoch 8 of 15 took 26.286s
  training loss:		0.104474
  validation loss:		0.440209
  top 1 accuracy:		51.15 %
  top 2 accuracy:		76.34 %
0.10562989860773087
0.10462845861911774
Batch of classes 3 out of 7 batches
Epoch 9 of 15 took 26.216s
  training loss:		0.099150
  validation loss:		0.469507
  top 1 accuracy:		42.37 %
  top 2 accuracy:		68.32 %
0.07665546983480453
0.09624078869819641
Batch of classes 3 out of 7 batches
Epoch 10 of 15 took 26.254s
  training loss:		0.096566
  validation loss:		0.436509
  top 1 accuracy:		43.89 %
  top 2 accuracy:		63.17 %
0.074550561606884
0.09174080193042755
Batch of classes 3 out of 7 batches
Epoch 11 of 15 took 26.317s
  training loss:		0.083806
  validation loss:		0.389421
  top 1 accuracy:		71.95 %
  top 2 accuracy:		85.50 %
0.06607495993375778
0.08963751047849655
Batch of classes 3 out of 7 batches
Epoch 12 of 15 took 26.472s
  training loss:		0.080258
  validation loss:		0.388233
  top 1 accuracy:		78.05 %
  top 2 accuracy:		88.55 %
0.06437863409519196
0.062178533524274826
Batch of classes 3 out of 7 batches
Epoch 13 of 15 took 26.432s
  training loss:		0.078311
  validation loss:		0.409561
  top 1 accuracy:		79.39 %
  top 2 accuracy:		89.69 %
0.07461386919021606
0.07632768154144287
Batch of classes 3 out of 7 batches
Epoch 14 of 15 took 26.470s
  training loss:		0.077088
  validation loss:		0.415206
  top 1 accuracy:		80.53 %
  top 2 accuracy:		90.65 %
0.06734713912010193
0.07235251367092133
Batch of classes 3 out of 7 batches
Epoch 15 of 15 took 26.368s
  training loss:		0.077515
  validation loss:		0.392767
  top 1 accuracy:		78.24 %
  top 2 accuracy:		89.31 %
Updating exemplar set...
Computing mean-of_exemplars and theoretical mean...
Computing accuracy on the original batch of classes...
Final results on gaugan classes:
  top 1 accuracy iCaRL          :		74.70 %
  top 1 accuracy Hybrid 1       :		80.70 %
  top 1 accuracy NCM            :		76.55 %
Binary accuracy:
Final results on gaugan classes:
  top 1 accuracy iCaRL          :		94.00 %
  top 1 accuracy Hybrid 1       :		88.20 %
  top 1 accuracy NCM            :		93.95 %
Final results on biggan classes:
  top 1 accuracy iCaRL          :		70.38 %
  top 1 accuracy Hybrid 1       :		50.88 %
  top 1 accuracy NCM            :		69.62 %
Binary accuracy:
Final results on biggan classes:
  top 1 accuracy iCaRL          :		96.12 %
  top 1 accuracy Hybrid 1       :		85.50 %
  top 1 accuracy NCM            :		96.12 %
Final results on cyclegan classes:
  top 1 accuracy iCaRL          :		92.94 %
  top 1 accuracy Hybrid 1       :		78.24 %
  top 1 accuracy NCM            :		92.75 %
Binary accuracy:
Final results on cyclegan classes:
  top 1 accuracy iCaRL          :		96.56 %
  top 1 accuracy Hybrid 1       :		92.75 %
  top 1 accuracy NCM            :		96.37 %
Final results on cumul of classes:
  top 1 accuracy iCaRL          :		76.53 %
  top 1 accuracy Hybrid 1       :		73.13 %
  top 1 accuracy NCM            :		77.44 %
Binary accuracy:
Final results on binary cumul of classes:
  top 1 accuracy iCaRL          :		94.92 %
  top 1 accuracy Hybrid 1       :		88.27 %
  top 1 accuracy NCM            :		94.86 %
Classes in this batch: tensor([6, 7])
Data Size: 7656


Before first epoch
  validation loss:		1.222053
  top 1 accuracy:		0.00 %
  top 2 accuracy:		0.00 %
Batch of classes number 4 arrives ...
0.9292667508125305
0.14531397819519043
0.12507371604442596
Batch of classes 4 out of 7 batches
Epoch 1 of 15 took 78.841s
  training loss:		0.168576
  validation loss:		0.441499
  top 1 accuracy:		54.27 %
  top 2 accuracy:		56.86 %
0.12181666493415833
0.10434501618146896
0.11824879795312881
Batch of classes 4 out of 7 batches
Epoch 2 of 15 took 77.666s
  training loss:		0.112599
  validation loss:		0.322435
  top 1 accuracy:		96.83 %
  top 2 accuracy:		98.47 %
0.1064843162894249
0.13916808366775513
0.10426128655672073
Batch of classes 4 out of 7 batches
Epoch 3 of 15 took 77.111s
  training loss:		0.108355
  validation loss:		0.278567
  top 1 accuracy:		81.39 %
  top 2 accuracy:		91.85 %
0.10402406007051468
0.12816983461380005
0.10983499884605408
Batch of classes 4 out of 7 batches
Epoch 4 of 15 took 77.149s
  training loss:		0.106091
  validation loss:		0.386351
  top 1 accuracy:		87.34 %
  top 2 accuracy:		95.77 %
0.11783964931964874
0.10797824710607529
0.08510161191225052
Batch of classes 4 out of 7 batches
Epoch 5 of 15 took 77.290s
  training loss:		0.103982
  validation loss:		0.302852
  top 1 accuracy:		97.26 %
  top 2 accuracy:		98.75 %
0.10655596852302551
0.10264698415994644
0.10654748976230621
Batch of classes 4 out of 7 batches
Epoch 6 of 15 took 76.015s
  training loss:		0.103886
  validation loss:		0.264562
  top 1 accuracy:		88.68 %
  top 2 accuracy:		91.97 %
0.09487493336200714
0.13136543333530426
0.0973997637629509
Batch of classes 4 out of 7 batches
Epoch 7 of 15 took 76.559s
  training loss:		0.103291
  validation loss:		0.312536
  top 1 accuracy:		98.51 %
  top 2 accuracy:		99.49 %
0.09137444943189621
0.11700771749019623
0.1002780869603157
Batch of classes 4 out of 7 batches
Epoch 8 of 15 took 75.775s
  training loss:		0.101768
  validation loss:		0.314611
  top 1 accuracy:		88.17 %
  top 2 accuracy:		91.85 %
0.12488242983818054
0.09323842823505402
0.10691042244434357
Batch of classes 4 out of 7 batches
Epoch 9 of 15 took 76.592s
  training loss:		0.104406
  validation loss:		0.259585
  top 1 accuracy:		95.73 %
  top 2 accuracy:		97.73 %
0.11142125725746155
0.10873117297887802
0.10549984872341156
Batch of classes 4 out of 7 batches
Epoch 10 of 15 took 77.319s
  training loss:		0.102546
  validation loss:		0.297445
  top 1 accuracy:		98.67 %
  top 2 accuracy:		99.29 %
0.10920055210590363
0.0867520347237587
0.09778840839862823
Batch of classes 4 out of 7 batches
Epoch 11 of 15 took 77.728s
  training loss:		0.095872
  validation loss:		0.341905
  top 1 accuracy:		97.73 %
  top 2 accuracy:		99.26 %
0.08680061250925064
0.08337511867284775
0.08056618273258209
Batch of classes 4 out of 7 batches
Epoch 12 of 15 took 78.165s
  training loss:		0.093544
  validation loss:		0.339041
  top 1 accuracy:		99.73 %
  top 2 accuracy:		99.92 %
0.09048907458782196
0.10790394246578217
0.11785899102687836
Batch of classes 4 out of 7 batches
Epoch 13 of 15 took 77.979s
  training loss:		0.093764
  validation loss:		0.378139
  top 1 accuracy:		99.76 %
  top 2 accuracy:		99.96 %
0.09155508130788803
0.0807020515203476
0.08870308101177216
Batch of classes 4 out of 7 batches
Epoch 14 of 15 took 77.874s
  training loss:		0.092811
  validation loss:		0.369258
  top 1 accuracy:		99.69 %
  top 2 accuracy:		99.96 %
0.10426603257656097
0.09840122610330582
0.09264717996120453
Batch of classes 4 out of 7 batches
Epoch 15 of 15 took 76.654s
  training loss:		0.092953
  validation loss:		0.341411
  top 1 accuracy:		99.53 %
  top 2 accuracy:		99.88 %
Updating exemplar set...
Computing mean-of_exemplars and theoretical mean...
Computing accuracy on the original batch of classes...
Final results on gaugan classes:
  top 1 accuracy iCaRL          :		73.00 %
  top 1 accuracy Hybrid 1       :		77.20 %
  top 1 accuracy NCM            :		73.00 %
Binary accuracy:
Final results on gaugan classes:
  top 1 accuracy iCaRL          :		91.95 %
  top 1 accuracy Hybrid 1       :		87.15 %
  top 1 accuracy NCM            :		91.85 %
Final results on biggan classes:
  top 1 accuracy iCaRL          :		67.62 %
  top 1 accuracy Hybrid 1       :		53.00 %
  top 1 accuracy NCM            :		66.88 %
Binary accuracy:
Final results on biggan classes:
  top 1 accuracy iCaRL          :		93.62 %
  top 1 accuracy Hybrid 1       :		86.25 %
  top 1 accuracy NCM            :		93.75 %
Final results on cyclegan classes:
  top 1 accuracy iCaRL          :		90.65 %
  top 1 accuracy Hybrid 1       :		67.94 %
  top 1 accuracy NCM            :		90.84 %
Binary accuracy:
Final results on cyclegan classes:
  top 1 accuracy iCaRL          :		95.80 %
  top 1 accuracy Hybrid 1       :		89.50 %
  top 1 accuracy NCM            :		95.80 %
Final results on imle classes:
  top 1 accuracy iCaRL          :		99.96 %
  top 1 accuracy Hybrid 1       :		99.53 %
  top 1 accuracy NCM            :		99.92 %
Binary accuracy:
Final results on imle classes:
  top 1 accuracy iCaRL          :		100.00 %
  top 1 accuracy Hybrid 1       :		99.96 %
  top 1 accuracy NCM            :		100.00 %
Final results on cumul of classes:
  top 1 accuracy iCaRL          :		85.55 %
  top 1 accuracy Hybrid 1       :		82.78 %
  top 1 accuracy NCM            :		85.45 %
Binary accuracy:
Final results on binary cumul of classes:
  top 1 accuracy iCaRL          :		96.02 %
  top 1 accuracy Hybrid 1       :		92.80 %
  top 1 accuracy NCM            :		96.00 %
Classes in this batch: tensor([8, 9])
Data Size: 3248


Before first epoch
  validation loss:		0.775519
  top 1 accuracy:		0.00 %
  top 2 accuracy:		0.00 %
Batch of classes number 5 arrives ...
0.8985384106636047
0.2596517503261566
Batch of classes 5 out of 7 batches
Epoch 1 of 15 took 39.225s
  training loss:		0.277805
  validation loss:		0.466933
  top 1 accuracy:		33.92 %
  top 2 accuracy:		84.84 %
0.20541483163833618
0.25088033080101013
Batch of classes 5 out of 7 batches
Epoch 2 of 15 took 39.383s
  training loss:		0.206707
  validation loss:		0.410694
  top 1 accuracy:		71.44 %
  top 2 accuracy:		89.00 %
0.2124432474374771
0.19382606446743011
Batch of classes 5 out of 7 batches
Epoch 3 of 15 took 39.144s
  training loss:		0.194243
  validation loss:		0.349838
  top 1 accuracy:		91.59 %
  top 2 accuracy:		93.90 %
0.22660191357135773
0.18981872498989105
Batch of classes 5 out of 7 batches
Epoch 4 of 15 took 39.235s
  training loss:		0.194301
  validation loss:		0.371218
  top 1 accuracy:		89.56 %
  top 2 accuracy:		93.62 %
0.17430011928081512
0.1656361222267151
Batch of classes 5 out of 7 batches
Epoch 5 of 15 took 39.155s
  training loss:		0.189450
  validation loss:		0.380060
  top 1 accuracy:		76.89 %
  top 2 accuracy:		85.67 %
0.17592842876911163
0.17406176030635834
Batch of classes 5 out of 7 batches
Epoch 6 of 15 took 39.556s
  training loss:		0.187715
  validation loss:		0.372382
  top 1 accuracy:		92.79 %
  top 2 accuracy:		95.01 %
0.1951625794172287
0.19455532729625702
Batch of classes 5 out of 7 batches
Epoch 7 of 15 took 39.070s
  training loss:		0.188386
  validation loss:		0.360192
  top 1 accuracy:		91.50 %
  top 2 accuracy:		93.35 %
0.1765952706336975
0.16578564047813416
Batch of classes 5 out of 7 batches
Epoch 8 of 15 took 39.169s
  training loss:		0.186610
  validation loss:		0.387704
  top 1 accuracy:		88.35 %
  top 2 accuracy:		91.13 %
0.20235569775104523
0.21556653082370758
Batch of classes 5 out of 7 batches
Epoch 9 of 15 took 39.631s
  training loss:		0.186835
  validation loss:		0.378038
  top 1 accuracy:		90.30 %
  top 2 accuracy:		92.98 %
0.20677107572555542
0.20294252038002014
Batch of classes 5 out of 7 batches
Epoch 10 of 15 took 39.175s
  training loss:		0.189337
  validation loss:		0.369402
  top 1 accuracy:		90.48 %
  top 2 accuracy:		93.81 %
0.17256169021129608
0.19256173074245453
Batch of classes 5 out of 7 batches
Epoch 11 of 15 took 39.048s
  training loss:		0.180427
  validation loss:		0.371614
  top 1 accuracy:		93.72 %
  top 2 accuracy:		95.19 %
0.1887175440788269
0.18504898250102997
Batch of classes 5 out of 7 batches
Epoch 12 of 15 took 38.794s
  training loss:		0.178874
  validation loss:		0.379198
  top 1 accuracy:		93.72 %
  top 2 accuracy:		95.19 %
0.17186257243156433
0.1893198937177658
Batch of classes 5 out of 7 batches
Epoch 13 of 15 took 39.501s
  training loss:		0.178148
  validation loss:		0.370710
  top 1 accuracy:		92.98 %
  top 2 accuracy:		94.27 %
0.18527045845985413
0.167342871427536
Batch of classes 5 out of 7 batches
Epoch 14 of 15 took 39.093s
  training loss:		0.176881
  validation loss:		0.373460
  top 1 accuracy:		94.36 %
  top 2 accuracy:		95.29 %
0.180049866437912
0.17336636781692505
Batch of classes 5 out of 7 batches
Epoch 15 of 15 took 39.210s
  training loss:		0.179316
  validation loss:		0.365943
  top 1 accuracy:		93.90 %
  top 2 accuracy:		94.92 %
Updating exemplar set...
Computing mean-of_exemplars and theoretical mean...
Computing accuracy on the original batch of classes...
Final results on gaugan classes:
  top 1 accuracy iCaRL          :		69.35 %
  top 1 accuracy Hybrid 1       :		67.75 %
  top 1 accuracy NCM            :		70.10 %
Binary accuracy:
Final results on gaugan classes:
  top 1 accuracy iCaRL          :		88.95 %
  top 1 accuracy Hybrid 1       :		77.35 %
  top 1 accuracy NCM            :		89.00 %
Final results on biggan classes:
  top 1 accuracy iCaRL          :		62.12 %
  top 1 accuracy Hybrid 1       :		44.75 %
  top 1 accuracy NCM            :		61.75 %
Binary accuracy:
Final results on biggan classes:
  top 1 accuracy iCaRL          :		90.75 %
  top 1 accuracy Hybrid 1       :		78.62 %
  top 1 accuracy NCM            :		89.88 %
Final results on cyclegan classes:
  top 1 accuracy iCaRL          :		90.27 %
  top 1 accuracy Hybrid 1       :		58.02 %
  top 1 accuracy NCM            :		90.46 %
Binary accuracy:
Final results on cyclegan classes:
  top 1 accuracy iCaRL          :		94.85 %
  top 1 accuracy Hybrid 1       :		82.63 %
  top 1 accuracy NCM            :		94.85 %
Final results on imle classes:
  top 1 accuracy iCaRL          :		100.00 %
  top 1 accuracy Hybrid 1       :		96.83 %
  top 1 accuracy NCM            :		100.00 %
Binary accuracy:
Final results on imle classes:
  top 1 accuracy iCaRL          :		100.00 %
  top 1 accuracy Hybrid 1       :		99.88 %
  top 1 accuracy NCM            :		100.00 %
Final results on deepfake classes:
  top 1 accuracy iCaRL          :		95.10 %
  top 1 accuracy Hybrid 1       :		93.90 %
  top 1 accuracy NCM            :		95.10 %
Binary accuracy:
Final results on deepfake classes:
  top 1 accuracy iCaRL          :		96.30 %
  top 1 accuracy Hybrid 1       :		96.30 %
  top 1 accuracy NCM            :		96.30 %
Final results on cumul of classes:
  top 1 accuracy iCaRL          :		85.34 %
  top 1 accuracy Hybrid 1       :		79.10 %
  top 1 accuracy NCM            :		85.53 %
Binary accuracy:
Final results on binary cumul of classes:
  top 1 accuracy iCaRL          :		94.80 %
  top 1 accuracy Hybrid 1       :		89.11 %
  top 1 accuracy NCM            :		94.71 %
Classes in this batch: tensor([10, 11])
Data Size: 7658


Before first epoch
  validation loss:		1.710727
  top 1 accuracy:		0.00 %
  top 2 accuracy:		0.00 %
Batch of classes number 6 arrives ...
0.8718664050102234
0.18839769065380096
0.14546187222003937
Batch of classes 6 out of 7 batches
Epoch 1 of 15 took 76.973s
  training loss:		0.189833
  validation loss:		0.632973
  top 1 accuracy:		53.72 %
  top 2 accuracy:		92.52 %
0.135466530919075
0.1491486132144928
0.11744797229766846
Batch of classes 6 out of 7 batches
Epoch 2 of 15 took 76.261s
  training loss:		0.145092
  validation loss:		0.899691
  top 1 accuracy:		50.43 %
  top 2 accuracy:		85.93 %
0.1493050903081894
0.14456427097320557
0.14824387431144714
Batch of classes 6 out of 7 batches
Epoch 3 of 15 took 75.898s
  training loss:		0.144793
  validation loss:		0.553849
  top 1 accuracy:		60.19 %
  top 2 accuracy:		91.22 %
0.1412503719329834
0.13911376893520355
0.14889129996299744
Batch of classes 6 out of 7 batches
Epoch 4 of 15 took 76.242s
  training loss:		0.143959
  validation loss:		0.559562
  top 1 accuracy:		21.98 %
  top 2 accuracy:		45.53 %
0.15239857137203217
0.1258518248796463
0.13384602963924408
Batch of classes 6 out of 7 batches
Epoch 5 of 15 took 75.163s
  training loss:		0.142218
  validation loss:		0.734099
  top 1 accuracy:		51.06 %
  top 2 accuracy:		93.14 %
0.12509772181510925
0.14193196594715118
0.1283435821533203
Batch of classes 6 out of 7 batches
Epoch 6 of 15 took 75.950s
  training loss:		0.142727
  validation loss:		0.752098
  top 1 accuracy:		49.10 %
  top 2 accuracy:		69.16 %
0.13111835718154907
0.14743489027023315
0.12331870943307877
Batch of classes 6 out of 7 batches
Epoch 7 of 15 took 75.522s
  training loss:		0.141724
  validation loss:		0.767957
  top 1 accuracy:		52.00 %
  top 2 accuracy:		91.85 %
0.149882972240448
0.1457553505897522
0.1630840301513672
Batch of classes 6 out of 7 batches
Epoch 8 of 15 took 76.169s
  training loss:		0.140501
  validation loss:		0.740015
  top 1 accuracy:		58.62 %
  top 2 accuracy:		91.46 %
0.1592710018157959
0.12512677907943726
0.14187997579574585
Batch of classes 6 out of 7 batches
Epoch 9 of 15 took 76.085s
  training loss:		0.144375
  validation loss:		0.533376
  top 1 accuracy:		50.04 %
  top 2 accuracy:		59.17 %
0.14047858119010925
0.1392776370048523
0.14573973417282104
Batch of classes 6 out of 7 batches
Epoch 10 of 15 took 76.894s
  training loss:		0.141934
  validation loss:		0.632295
  top 1 accuracy:		66.26 %
  top 2 accuracy:		96.36 %
0.11865733563899994
0.12693992257118225
0.12153900414705276
Batch of classes 6 out of 7 batches
Epoch 11 of 15 took 77.662s
  training loss:		0.134892
  validation loss:		0.701071
  top 1 accuracy:		75.82 %
  top 2 accuracy:		98.04 %
0.14663465321063995
0.1092231422662735
0.12144692242145538
Batch of classes 6 out of 7 batches
Epoch 12 of 15 took 77.611s
  training loss:		0.132447
  validation loss:		0.685325
  top 1 accuracy:		83.74 %
  top 2 accuracy:		98.00 %
0.12477092444896698
0.1532284915447235
0.13067403435707092
Batch of classes 6 out of 7 batches
Epoch 13 of 15 took 76.804s
  training loss:		0.131531
  validation loss:		0.710778
  top 1 accuracy:		87.97 %
  top 2 accuracy:		99.37 %
0.1324268877506256
0.15000656247138977
0.10249470174312592
Batch of classes 6 out of 7 batches
Epoch 14 of 15 took 76.880s
  training loss:		0.131210
  validation loss:		0.716565
  top 1 accuracy:		87.11 %
  top 2 accuracy:		98.35 %
0.14537709951400757
0.12477543950080872
0.12193731218576431
Batch of classes 6 out of 7 batches
Epoch 15 of 15 took 77.083s
  training loss:		0.131072
  validation loss:		0.657936
  top 1 accuracy:		94.47 %
  top 2 accuracy:		99.41 %
Updating exemplar set...
Computing mean-of_exemplars and theoretical mean...
Computing accuracy on the original batch of classes...
Final results on gaugan classes:
  top 1 accuracy iCaRL          :		64.95 %
  top 1 accuracy Hybrid 1       :		68.70 %
  top 1 accuracy NCM            :		66.05 %
Binary accuracy:
Final results on gaugan classes:
  top 1 accuracy iCaRL          :		84.65 %
  top 1 accuracy Hybrid 1       :		76.90 %
  top 1 accuracy NCM            :		85.15 %
Final results on biggan classes:
  top 1 accuracy iCaRL          :		62.37 %
  top 1 accuracy Hybrid 1       :		40.12 %
  top 1 accuracy NCM            :		61.38 %
Binary accuracy:
Final results on biggan classes:
  top 1 accuracy iCaRL          :		86.75 %
  top 1 accuracy Hybrid 1       :		76.12 %
  top 1 accuracy NCM            :		86.88 %
Final results on cyclegan classes:
  top 1 accuracy iCaRL          :		86.83 %
  top 1 accuracy Hybrid 1       :		57.25 %
  top 1 accuracy NCM            :		87.60 %
Binary accuracy:
Final results on cyclegan classes:
  top 1 accuracy iCaRL          :		94.08 %
  top 1 accuracy Hybrid 1       :		81.49 %
  top 1 accuracy NCM            :		93.89 %
Final results on imle classes:
  top 1 accuracy iCaRL          :		69.28 %
  top 1 accuracy Hybrid 1       :		54.90 %
  top 1 accuracy NCM            :		76.25 %
Binary accuracy:
Final results on imle classes:
  top 1 accuracy iCaRL          :		99.92 %
  top 1 accuracy Hybrid 1       :		99.76 %
  top 1 accuracy NCM            :		99.92 %
Final results on deepfake classes:
  top 1 accuracy iCaRL          :		95.01 %
  top 1 accuracy Hybrid 1       :		90.57 %
  top 1 accuracy NCM            :		95.01 %
Binary accuracy:
Final results on deepfake classes:
  top 1 accuracy iCaRL          :		96.21 %
  top 1 accuracy Hybrid 1       :		95.66 %
  top 1 accuracy NCM            :		96.03 %
Final results on crn classes:
  top 1 accuracy iCaRL          :		80.53 %
  top 1 accuracy Hybrid 1       :		94.47 %
  top 1 accuracy NCM            :		73.51 %
Binary accuracy:
Final results on crn classes:
  top 1 accuracy iCaRL          :		100.00 %
  top 1 accuracy Hybrid 1       :		100.00 %
  top 1 accuracy NCM            :		100.00 %
Final results on cumul of classes:
  top 1 accuracy iCaRL          :		74.70 %
  top 1 accuracy Hybrid 1       :		71.37 %
  top 1 accuracy NCM            :		74.88 %
Binary accuracy:
Final results on binary cumul of classes:
  top 1 accuracy iCaRL          :		94.88 %
  top 1 accuracy Hybrid 1       :		91.56 %
  top 1 accuracy NCM            :		94.96 %
Classes in this batch: tensor([12, 13])
Data Size: 6208


Before first epoch
  validation loss:		1.014717
  top 1 accuracy:		0.00 %
  top 2 accuracy:		0.00 %
Batch of classes number 7 arrives ...
1.0999300479888916
0.4171983003616333
0.34439530968666077
Batch of classes 7 out of 7 batches
Epoch 1 of 15 took 62.210s
  training loss:		0.389694
  validation loss:		0.566755
  top 1 accuracy:		0.00 %
  top 2 accuracy:		1.50 %
0.4018314480781555
0.3741260766983032
0.33578065037727356
Batch of classes 7 out of 7 batches
Epoch 2 of 15 took 62.298s
  training loss:		0.350441
  validation loss:		0.563232
  top 1 accuracy:		18.42 %
  top 2 accuracy:		31.22 %
0.353237122297287
0.34496620297431946
0.3183017373085022
Batch of classes 7 out of 7 batches
Epoch 3 of 15 took 61.716s
  training loss:		0.342899
  validation loss:		0.507718
  top 1 accuracy:		3.49 %
  top 2 accuracy:		12.31 %
0.35193565487861633
0.3136790990829468
0.36926525831222534
Batch of classes 7 out of 7 batches
Epoch 4 of 15 took 62.456s
  training loss:		0.338225
  validation loss:		0.571818
  top 1 accuracy:		22.83 %
  top 2 accuracy:		41.98 %
0.360531747341156
0.31683623790740967
0.36756545305252075
Batch of classes 7 out of 7 batches
Epoch 5 of 15 took 62.054s
  training loss:		0.335712
  validation loss:		0.540767
  top 1 accuracy:		17.01 %
  top 2 accuracy:		35.92 %
0.3342578113079071
0.299468994140625
0.321902334690094
Batch of classes 7 out of 7 batches
Epoch 6 of 15 took 61.840s
  training loss:		0.333154
  validation loss:		0.551152
  top 1 accuracy:		34.76 %
  top 2 accuracy:		47.65 %
0.3106249272823334
0.36403459310531616
0.33855098485946655
Batch of classes 7 out of 7 batches
Epoch 7 of 15 took 60.623s
  training loss:		0.329652
  validation loss:		0.531545
  top 1 accuracy:		40.96 %
  top 2 accuracy:		49.10 %
0.3509384095668793
0.3428913652896881
0.3120688796043396
Batch of classes 7 out of 7 batches
Epoch 8 of 15 took 62.337s
  training loss:		0.327733
  validation loss:		0.528985
  top 1 accuracy:		31.22 %
  top 2 accuracy:		46.78 %
0.3543146252632141
0.328854501247406
0.29497474431991577
Batch of classes 7 out of 7 batches
Epoch 9 of 15 took 62.243s
  training loss:		0.327213
  validation loss:		0.531269
  top 1 accuracy:		31.94 %
  top 2 accuracy:		46.00 %
0.31218597292900085
0.33090558648109436
0.3209746778011322
Batch of classes 7 out of 7 batches
Epoch 10 of 15 took 62.219s
  training loss:		0.324593
  validation loss:		0.547643
  top 1 accuracy:		28.21 %
  top 2 accuracy:		47.07 %
0.31724998354911804
0.30360448360443115
0.31222793459892273
Batch of classes 7 out of 7 batches
Epoch 11 of 15 took 63.181s
  training loss:		0.313717
  validation loss:		0.537143
  top 1 accuracy:		43.58 %
  top 2 accuracy:		59.67 %
0.30227136611938477
0.31172725558280945
0.2820136845111847
Batch of classes 7 out of 7 batches
Epoch 12 of 15 took 63.385s
  training loss:		0.310478
  validation loss:		0.524977
  top 1 accuracy:		42.32 %
  top 2 accuracy:		58.31 %
0.31201401352882385
0.276817262172699
0.31799259781837463
Batch of classes 7 out of 7 batches
Epoch 13 of 15 took 62.430s
  training loss:		0.306796
  validation loss:		0.534953
  top 1 accuracy:		45.95 %
  top 2 accuracy:		59.96 %
0.26581132411956787
0.32967114448547363
0.2910025119781494
Batch of classes 7 out of 7 batches
Epoch 14 of 15 took 62.763s
  training loss:		0.306362
  validation loss:		0.530489
  top 1 accuracy:		49.93 %
  top 2 accuracy:		62.53 %
0.32345712184906006
0.2808050215244293
0.33634039759635925
Batch of classes 7 out of 7 batches
Epoch 15 of 15 took 64.014s
  training loss:		0.304590
  validation loss:		0.528283
  top 1 accuracy:		45.71 %
  top 2 accuracy:		59.28 %
Updating exemplar set...
Computing mean-of_exemplars and theoretical mean...
Computing accuracy on the original batch of classes...
Final results on gaugan classes:
  top 1 accuracy iCaRL          :		57.40 %
  top 1 accuracy Hybrid 1       :		58.90 %
  top 1 accuracy NCM            :		58.55 %
Binary accuracy:
Final results on gaugan classes:
  top 1 accuracy iCaRL          :		75.75 %
  top 1 accuracy Hybrid 1       :		69.90 %
  top 1 accuracy NCM            :		77.15 %
Final results on biggan classes:
  top 1 accuracy iCaRL          :		48.12 %
  top 1 accuracy Hybrid 1       :		27.88 %
  top 1 accuracy NCM            :		48.62 %
Binary accuracy:
Final results on biggan classes:
  top 1 accuracy iCaRL          :		74.88 %
  top 1 accuracy Hybrid 1       :		64.75 %
  top 1 accuracy NCM            :		75.12 %
Final results on cyclegan classes:
  top 1 accuracy iCaRL          :		81.87 %
  top 1 accuracy Hybrid 1       :		48.47 %
  top 1 accuracy NCM            :		83.02 %
Binary accuracy:
Final results on cyclegan classes:
  top 1 accuracy iCaRL          :		92.75 %
  top 1 accuracy Hybrid 1       :		75.19 %
  top 1 accuracy NCM            :		92.75 %
Final results on imle classes:
  top 1 accuracy iCaRL          :		77.94 %
  top 1 accuracy Hybrid 1       :		57.52 %
  top 1 accuracy NCM            :		73.39 %
Binary accuracy:
Final results on imle classes:
  top 1 accuracy iCaRL          :		99.96 %
  top 1 accuracy Hybrid 1       :		99.02 %
  top 1 accuracy NCM            :		99.92 %
Final results on deepfake classes:
  top 1 accuracy iCaRL          :		90.02 %
  top 1 accuracy Hybrid 1       :		85.67 %
  top 1 accuracy NCM            :		90.11 %
Binary accuracy:
Final results on deepfake classes:
  top 1 accuracy iCaRL          :		95.47 %
  top 1 accuracy Hybrid 1       :		94.45 %
  top 1 accuracy NCM            :		95.47 %
Final results on crn classes:
  top 1 accuracy iCaRL          :		70.53 %
  top 1 accuracy Hybrid 1       :		89.46 %
  top 1 accuracy NCM            :		75.16 %
Binary accuracy:
Final results on crn classes:
  top 1 accuracy iCaRL          :		100.00 %
  top 1 accuracy Hybrid 1       :		100.00 %
  top 1 accuracy NCM            :		99.96 %
Final results on wild classes:
  top 1 accuracy iCaRL          :		71.21 %
  top 1 accuracy Hybrid 1       :		45.71 %
  top 1 accuracy NCM            :		70.92 %
Binary accuracy:
Final results on wild classes:
  top 1 accuracy iCaRL          :		77.51 %
  top 1 accuracy Hybrid 1       :		70.38 %
  top 1 accuracy NCM            :		77.22 %
Final results on cumul of classes:
  top 1 accuracy iCaRL          :		70.80 %
  top 1 accuracy Hybrid 1       :		62.87 %
  top 1 accuracy NCM            :		71.06 %
Binary accuracy:
Final results on binary cumul of classes:
  top 1 accuracy iCaRL          :		89.30 %
  top 1 accuracy Hybrid 1       :		85.22 %
  top 1 accuracy NCM            :		89.49 %
usage: main_icarl_CNND.py [-h] [--mode MODE] [--model_type MODEL_TYPE]
                          [--model_name MODEL_NAME] [--rz_interp RZ_INTERP]
                          [--blur_prob BLUR_PROB] [--blur_sig BLUR_SIG]
                          [--jpg_prob JPG_PROB] [--jpg_method JPG_METHOD]
                          [--jpg_qual JPG_QUAL] [--dataroot DATAROOT]
                          [--task_name TASK_NAME] [--class_bal]
                          [--batch_size BATCH_SIZE] [--loadSize LOADSIZE]
                          [--cropSize CROPSIZE] [--gpuid GPUID [GPUID ...]]
                          [--name NAME] [--epoch EPOCH]
                          [--num_threads NUM_THREADS]
                          [--checkpoints_dir CHECKPOINTS_DIR]
                          [--serial_batches] [--resize_or_crop RESIZE_OR_CROP]
                          [--no_flip] [--init_type INIT_TYPE]
                          [--init_gain INIT_GAIN] [--suffix SUFFIX]
                          [--fine_tun] [--pretrain_name PRETRAIN_NAME]
                          [--earlystop_epoch EARLYSTOP_EPOCH] [--data_aug]
                          [--save_latest_freq SAVE_LATEST_FREQ]
                          [--save_epoch_freq SAVE_EPOCH_FREQ]
                          [--continue_train] [--train_split TRAIN_SPLIT]
                          [--val_split VAL_SPLIT]
                          [--model_weights MODEL_WEIGHTS]
                          [--multiclass MULTICLASS [MULTICLASS ...]]
                          [--outfile OUTFILE] [--num_classes NUM_CLASSES]
                          [--init_lr INIT_LR] [--num_epochs NUM_EPOCHS]
                          [--add_binary]
main_icarl_CNND.py: error: unrecognized arguments: ----add_binary
