----------------- Options ---------------
               add_binary: True                          	[default: False]
               batch_size: 32                            	[default: 64]
                blur_prob: 0                             
                 blur_sig: 0.5                           
          checkpoints_dir: /scratch_net/kringel/chuqli/CNNDetection/checkpoints	[default: ./checkpoints]
                class_bal: False                         
           continue_train: False                         
                 cropSize: 224                           
                 data_aug: False                         
                 dataroot: /srv/beegfs02/scratch/generative_modeling/data/Deepfake/test	[default: /srv/beegfs02/scratch/generative_modeling/data/Deepfake/Adam-NSCL]
          earlystop_epoch: 5                             
                    epoch: latest                        
                 fine_tun: False                         
                    gpuid: [1]                           
                init_gain: 0.02                          
                  init_lr: 0.0005                        
                init_type: normal                        
                  isTrain: True                          	[default: None]
               jpg_method: cv2                           
                 jpg_prob: 0                             
                 jpg_qual: 75                            
                 loadSize: 256                           
                     mode: binary                        
               model_name: resnet18                      
               model_type: resnet                        
            model_weights: /home/chuqli/scratch/CNNDetection/checkpoints/no_aug/model_epoch_best.pth	[default: None]
               multiclass: [0, 0, 1, 0, 0, 0, 0]         	[default: [1]]
                     name: icarl_df                      	[default: experiment_name]
                  no_flip: False                         
              num_classes: 2                             
               num_epochs: 15                            	[default: 12]
              num_threads: 4                             
                  outfile: temp_0.1.csv                  
            pretrain_name:                               
           resize_or_crop: scale_and_crop                
                rz_interp: bilinear                      
          save_epoch_freq: 20                            
         save_latest_freq: 2000                          
           serial_batches: False                         
                   suffix:                               
                task_name: gaugan,biggan,cyclegan,imle,deepfake,crn,wild	[default: ]
              train_split: train                         
                val_split: val                           
----------------- End -------------------
{'All': 14}
Task order: ['gaugan', 'biggan', 'cyclegan', 'imle', 'deepfake', 'crn', 'wild']
=> Load model weights: /home/chuqli/scratch/CNNDetection/checkpoints/no_aug/model_epoch_best.pth
=> Load Done
Classes in this batch: tensor([0, 1])
Data Size: 6000


Before first epoch
  validation loss:		1.309705
  top 1 accuracy:		17.05 %
  top 2 accuracy:		17.30 %
Batch of classes number 1 arrives ...
1.747412919998169
0.31532853841781616
Batch of classes 1 out of 7 batches
Epoch 1 of 15 took 42.182s
  training loss:		0.415960
  validation loss:		0.093287
  top 1 accuracy:		73.70 %
  top 2 accuracy:		100.00 %
0.44627732038497925
0.1750347763299942
Batch of classes 1 out of 7 batches
Epoch 2 of 15 took 40.119s
  training loss:		0.266915
  validation loss:		0.095714
  top 1 accuracy:		67.60 %
  top 2 accuracy:		100.00 %
0.24698522686958313
0.0999920517206192
Batch of classes 1 out of 7 batches
Epoch 3 of 15 took 40.258s
  training loss:		0.219182
  validation loss:		0.052077
  top 1 accuracy:		84.45 %
  top 2 accuracy:		100.00 %
0.1558833122253418
0.26913827657699585
Batch of classes 1 out of 7 batches
Epoch 4 of 15 took 39.954s
  training loss:		0.188398
  validation loss:		0.095836
  top 1 accuracy:		73.25 %
  top 2 accuracy:		100.00 %
0.08069051802158356
0.20298081636428833
Batch of classes 1 out of 7 batches
Epoch 5 of 15 took 40.354s
  training loss:		0.163812
  validation loss:		0.036387
  top 1 accuracy:		90.00 %
  top 2 accuracy:		100.00 %
0.12903867661952972
0.191510409116745
Batch of classes 1 out of 7 batches
Epoch 6 of 15 took 40.167s
  training loss:		0.146937
  validation loss:		0.048545
  top 1 accuracy:		86.05 %
  top 2 accuracy:		99.95 %
0.36473068594932556
0.09266823530197144
Batch of classes 1 out of 7 batches
Epoch 7 of 15 took 40.175s
  training loss:		0.139349
  validation loss:		0.027340
  top 1 accuracy:		92.75 %
  top 2 accuracy:		99.95 %
0.07431712001562119
0.30202654004096985
Batch of classes 1 out of 7 batches
Epoch 8 of 15 took 40.363s
  training loss:		0.128041
  validation loss:		0.037043
  top 1 accuracy:		89.45 %
  top 2 accuracy:		100.00 %
0.12752032279968262
0.17089436948299408
Batch of classes 1 out of 7 batches
Epoch 9 of 15 took 40.297s
  training loss:		0.112338
  validation loss:		0.030699
  top 1 accuracy:		91.40 %
  top 2 accuracy:		100.00 %
0.17418020963668823
0.0487334169447422
Batch of classes 1 out of 7 batches
Epoch 10 of 15 took 40.052s
  training loss:		0.117205
  validation loss:		0.055098
  top 1 accuracy:		85.65 %
  top 2 accuracy:		100.00 %
0.05099467933177948
0.04130638763308525
Batch of classes 1 out of 7 batches
Epoch 11 of 15 took 40.560s
  training loss:		0.060090
  validation loss:		0.014877
  top 1 accuracy:		95.85 %
  top 2 accuracy:		100.00 %
0.021883461624383926
0.010135183110833168
Batch of classes 1 out of 7 batches
Epoch 12 of 15 took 40.175s
  training loss:		0.046420
  validation loss:		0.008733
  top 1 accuracy:		97.85 %
  top 2 accuracy:		100.00 %
0.013198621571063995
0.05270824953913689
Batch of classes 1 out of 7 batches
Epoch 13 of 15 took 40.353s
  training loss:		0.038212
  validation loss:		0.010889
  top 1 accuracy:		97.20 %
  top 2 accuracy:		100.00 %
0.04508257657289505
0.12130755931138992
Batch of classes 1 out of 7 batches
Epoch 14 of 15 took 40.515s
  training loss:		0.039946
  validation loss:		0.012343
  top 1 accuracy:		96.65 %
  top 2 accuracy:		100.00 %
0.20493009686470032
0.06348732858896255
Batch of classes 1 out of 7 batches
Epoch 15 of 15 took 40.382s
  training loss:		0.037197
  validation loss:		0.012338
  top 1 accuracy:		96.70 %
  top 2 accuracy:		100.00 %
=> Load model weights: /home/chuqli/scratch/CNNDetection/checkpoints/no_aug/model_epoch_best.pth
=> Load Done
Updating exemplar set...
Computing mean-of_exemplars and theoretical mean...
Computing accuracy on the original batch of classes...
Final results on gaugan classes:
  top 1 accuracy iCaRL          :		97.40 %
  top 1 accuracy Hybrid 1       :		96.70 %
  top 1 accuracy NCM            :		97.40 %
Binary accuracy:
Final results on gaugan classes:
  top 1 accuracy iCaRL          :		97.40 %
  top 1 accuracy Hybrid 1       :		96.70 %
  top 1 accuracy NCM            :		97.40 %
Final results on cumul of classes:
  top 1 accuracy iCaRL          :		97.40 %
  top 1 accuracy Hybrid 1       :		96.70 %
  top 1 accuracy NCM            :		97.40 %
Binary accuracy:
Final results on binary cumul of classes:
  top 1 accuracy iCaRL          :		97.40 %
  top 1 accuracy Hybrid 1       :		96.70 %
  top 1 accuracy NCM            :		97.40 %
Classes in this batch: tensor([2, 3])
Data Size: 2400


Before first epoch
  validation loss:		1.601641
  top 1 accuracy:		0.00 %
  top 2 accuracy:		0.00 %
Batch of classes number 2 arrives ...
1.1396074295043945
0.3943558931350708
Batch of classes 2 out of 7 batches
Epoch 1 of 15 took 28.917s
  training loss:		0.436192
  validation loss:		0.116481
  top 1 accuracy:		73.75 %
  top 2 accuracy:		89.63 %
0.1814287155866623
0.1421075016260147
Batch of classes 2 out of 7 batches
Epoch 2 of 15 took 28.273s
  training loss:		0.282491
  validation loss:		0.117300
  top 1 accuracy:		71.75 %
  top 2 accuracy:		87.50 %
0.16731303930282593
0.14325927197933197
Batch of classes 2 out of 7 batches
Epoch 3 of 15 took 28.066s
  training loss:		0.229996
  validation loss:		0.076824
  top 1 accuracy:		83.63 %
  top 2 accuracy:		94.25 %
0.1948392540216446
0.15319514274597168
Batch of classes 2 out of 7 batches
Epoch 4 of 15 took 28.088s
  training loss:		0.205132
  validation loss:		0.081948
  top 1 accuracy:		79.00 %
  top 2 accuracy:		91.75 %
0.15861111879348755
0.17364248633384705
Batch of classes 2 out of 7 batches
Epoch 5 of 15 took 28.030s
  training loss:		0.204188
  validation loss:		0.096980
  top 1 accuracy:		77.13 %
  top 2 accuracy:		89.88 %
0.2142554223537445
0.2193286120891571
Batch of classes 2 out of 7 batches
Epoch 6 of 15 took 28.056s
  training loss:		0.187477
  validation loss:		0.076015
  top 1 accuracy:		80.62 %
  top 2 accuracy:		95.00 %
0.13011319935321808
0.14528211951255798
Batch of classes 2 out of 7 batches
Epoch 7 of 15 took 28.142s
  training loss:		0.159545
  validation loss:		0.071286
  top 1 accuracy:		75.63 %
  top 2 accuracy:		98.00 %
0.08181650936603546
0.08383256196975708
Batch of classes 2 out of 7 batches
Epoch 8 of 15 took 27.978s
  training loss:		0.164413
  validation loss:		0.089038
  top 1 accuracy:		74.50 %
  top 2 accuracy:		94.38 %
0.09653320908546448
0.1291305422782898
Batch of classes 2 out of 7 batches
Epoch 9 of 15 took 28.122s
  training loss:		0.156605
  validation loss:		0.047417
  top 1 accuracy:		88.50 %
  top 2 accuracy:		97.87 %
0.10954533517360687
0.08024346083402634
Batch of classes 2 out of 7 batches
Epoch 10 of 15 took 28.036s
  training loss:		0.143677
  validation loss:		0.111896
  top 1 accuracy:		66.37 %
  top 2 accuracy:		87.25 %
0.19195014238357544
0.1055295467376709
Batch of classes 2 out of 7 batches
Epoch 11 of 15 took 28.168s
  training loss:		0.095058
  validation loss:		0.044411
  top 1 accuracy:		88.63 %
  top 2 accuracy:		98.75 %
0.13273431360721588
0.038898274302482605
Batch of classes 2 out of 7 batches
Epoch 12 of 15 took 28.372s
  training loss:		0.077220
  validation loss:		0.058262
  top 1 accuracy:		80.62 %
  top 2 accuracy:		98.87 %
0.04399210959672928
0.03725234419107437
Batch of classes 2 out of 7 batches
Epoch 13 of 15 took 28.064s
  training loss:		0.065312
  validation loss:		0.041237
  top 1 accuracy:		88.38 %
  top 2 accuracy:		99.12 %
0.07123181223869324
0.03591107577085495
Batch of classes 2 out of 7 batches
Epoch 14 of 15 took 28.091s
  training loss:		0.059093
  validation loss:		0.036947
  top 1 accuracy:		91.87 %
  top 2 accuracy:		99.37 %
0.060160912573337555
0.04998277127742767
Batch of classes 2 out of 7 batches
Epoch 15 of 15 took 27.896s
  training loss:		0.059897
  validation loss:		0.038115
  top 1 accuracy:		90.00 %
  top 2 accuracy:		99.25 %
Updating exemplar set...
Computing mean-of_exemplars and theoretical mean...
Computing accuracy on the original batch of classes...
Final results on gaugan classes:
  top 1 accuracy iCaRL          :		76.25 %
  top 1 accuracy Hybrid 1       :		57.35 %
  top 1 accuracy NCM            :		76.65 %
Binary accuracy:
Final results on gaugan classes:
  top 1 accuracy iCaRL          :		91.95 %
  top 1 accuracy Hybrid 1       :		88.50 %
  top 1 accuracy NCM            :		92.10 %
Final results on biggan classes:
  top 1 accuracy iCaRL          :		75.88 %
  top 1 accuracy Hybrid 1       :		90.00 %
  top 1 accuracy NCM            :		76.12 %
Binary accuracy:
Final results on biggan classes:
  top 1 accuracy iCaRL          :		96.62 %
  top 1 accuracy Hybrid 1       :		96.88 %
  top 1 accuracy NCM            :		96.75 %
Final results on cumul of classes:
  top 1 accuracy iCaRL          :		76.14 %
  top 1 accuracy Hybrid 1       :		66.68 %
  top 1 accuracy NCM            :		76.50 %
Binary accuracy:
Final results on binary cumul of classes:
  top 1 accuracy iCaRL          :		93.29 %
  top 1 accuracy Hybrid 1       :		90.89 %
  top 1 accuracy NCM            :		93.43 %
Classes in this batch: tensor([4, 5])
Data Size: 1572


Before first epoch
  validation loss:		1.160895
  top 1 accuracy:		0.00 %
  top 2 accuracy:		0.00 %
Batch of classes number 3 arrives ...
0.9210214614868164
0.3758070766925812
Batch of classes 3 out of 7 batches
Epoch 1 of 15 took 27.446s
  training loss:		0.366666
  validation loss:		0.110773
  top 1 accuracy:		69.08 %
  top 2 accuracy:		87.98 %
0.20670610666275024
0.19117823243141174
Batch of classes 3 out of 7 batches
Epoch 2 of 15 took 27.067s
  training loss:		0.259558
  validation loss:		0.104838
  top 1 accuracy:		73.28 %
  top 2 accuracy:		90.08 %
0.364572674036026
0.23453807830810547
Batch of classes 3 out of 7 batches
Epoch 3 of 15 took 26.888s
  training loss:		0.212081
  validation loss:		0.085661
  top 1 accuracy:		78.82 %
  top 2 accuracy:		90.08 %
0.1995687186717987
0.16226926445960999
Batch of classes 3 out of 7 batches
Epoch 4 of 15 took 27.012s
  training loss:		0.187225
  validation loss:		0.083885
  top 1 accuracy:		79.58 %
  top 2 accuracy:		93.51 %
0.18367034196853638
0.1819891333580017
Batch of classes 3 out of 7 batches
Epoch 5 of 15 took 26.898s
  training loss:		0.173389
  validation loss:		0.071662
  top 1 accuracy:		81.68 %
  top 2 accuracy:		94.47 %
0.1363387256860733
0.13302171230316162
Batch of classes 3 out of 7 batches
Epoch 6 of 15 took 26.882s
  training loss:		0.190105
  validation loss:		0.108458
  top 1 accuracy:		70.99 %
  top 2 accuracy:		85.31 %
0.12004481256008148
0.0762021616101265
Batch of classes 3 out of 7 batches
Epoch 7 of 15 took 26.996s
  training loss:		0.145452
  validation loss:		0.085136
  top 1 accuracy:		74.24 %
  top 2 accuracy:		87.40 %
0.08468566089868546
0.1637658178806305
Batch of classes 3 out of 7 batches
Epoch 8 of 15 took 26.944s
  training loss:		0.137513
  validation loss:		0.128504
  top 1 accuracy:		67.56 %
  top 2 accuracy:		87.60 %
0.2006959319114685
0.2681412100791931
Batch of classes 3 out of 7 batches
Epoch 9 of 15 took 27.201s
  training loss:		0.277211
  validation loss:		0.080215
  top 1 accuracy:		78.82 %
  top 2 accuracy:		87.98 %
0.16880452632904053
0.13481533527374268
Batch of classes 3 out of 7 batches
Epoch 10 of 15 took 27.055s
  training loss:		0.146293
  validation loss:		0.046381
  top 1 accuracy:		89.69 %
  top 2 accuracy:		95.80 %
0.10202725976705551
0.1109253540635109
Batch of classes 3 out of 7 batches
Epoch 11 of 15 took 27.009s
  training loss:		0.095466
  validation loss:		0.031992
  top 1 accuracy:		91.98 %
  top 2 accuracy:		95.99 %
0.11075970530509949
0.0658017247915268
Batch of classes 3 out of 7 batches
Epoch 12 of 15 took 27.036s
  training loss:		0.080578
  validation loss:		0.028694
  top 1 accuracy:		93.89 %
  top 2 accuracy:		97.52 %
0.10256887972354889
0.034901294857263565
Batch of classes 3 out of 7 batches
Epoch 13 of 15 took 26.962s
  training loss:		0.065436
  validation loss:		0.028600
  top 1 accuracy:		92.75 %
  top 2 accuracy:		97.14 %
0.030929412692785263
0.054288461804389954
Batch of classes 3 out of 7 batches
Epoch 14 of 15 took 26.874s
  training loss:		0.060497
  validation loss:		0.023024
  top 1 accuracy:		94.85 %
  top 2 accuracy:		98.28 %
0.04432708024978638
0.06809946894645691
Batch of classes 3 out of 7 batches
Epoch 15 of 15 took 26.808s
  training loss:		0.056791
  validation loss:		0.034427
  top 1 accuracy:		92.18 %
  top 2 accuracy:		96.56 %
Updating exemplar set...
Computing mean-of_exemplars and theoretical mean...
Computing accuracy on the original batch of classes...
Final results on gaugan classes:
  top 1 accuracy iCaRL          :		75.75 %
  top 1 accuracy Hybrid 1       :		65.10 %
  top 1 accuracy NCM            :		75.45 %
Binary accuracy:
Final results on gaugan classes:
  top 1 accuracy iCaRL          :		93.20 %
  top 1 accuracy Hybrid 1       :		92.65 %
  top 1 accuracy NCM            :		93.00 %
Final results on biggan classes:
  top 1 accuracy iCaRL          :		64.50 %
  top 1 accuracy Hybrid 1       :		73.25 %
  top 1 accuracy NCM            :		64.88 %
Binary accuracy:
Final results on biggan classes:
  top 1 accuracy iCaRL          :		92.75 %
  top 1 accuracy Hybrid 1       :		92.25 %
  top 1 accuracy NCM            :		92.88 %
Final results on cyclegan classes:
  top 1 accuracy iCaRL          :		89.69 %
  top 1 accuracy Hybrid 1       :		92.18 %
  top 1 accuracy NCM            :		89.69 %
Binary accuracy:
Final results on cyclegan classes:
  top 1 accuracy iCaRL          :		97.14 %
  top 1 accuracy Hybrid 1       :		97.14 %
  top 1 accuracy NCM            :		97.14 %
Final results on cumul of classes:
  top 1 accuracy iCaRL          :		75.24 %
  top 1 accuracy Hybrid 1       :		71.33 %
  top 1 accuracy NCM            :		75.15 %
Binary accuracy:
Final results on binary cumul of classes:
  top 1 accuracy iCaRL          :		93.71 %
  top 1 accuracy Hybrid 1       :		93.26 %
  top 1 accuracy NCM            :		93.62 %
Classes in this batch: tensor([6, 7])
Data Size: 7656


Before first epoch
  validation loss:		0.936869
  top 1 accuracy:		0.00 %
  top 2 accuracy:		0.00 %
Batch of classes number 4 arrives ...
1.171985149383545
0.08089515566825867
0.1806681752204895
Batch of classes 4 out of 7 batches
Epoch 1 of 15 took 83.463s
  training loss:		0.176043
  validation loss:		0.028194
  top 1 accuracy:		94.95 %
  top 2 accuracy:		97.65 %
0.08522302657365799
0.18827420473098755
0.06982684135437012
Batch of classes 4 out of 7 batches
Epoch 2 of 15 took 76.846s
  training loss:		0.084532
  validation loss:		0.013646
  top 1 accuracy:		97.49 %
  top 2 accuracy:		99.73 %
0.036097925156354904
0.0681317150592804
0.05631081759929657
Batch of classes 4 out of 7 batches
Epoch 3 of 15 took 77.538s
  training loss:		0.066546
  validation loss:		0.021077
  top 1 accuracy:		95.18 %
  top 2 accuracy:		97.41 %
0.10642612725496292
0.09643185138702393
0.05787574499845505
Batch of classes 4 out of 7 batches
Epoch 4 of 15 took 76.676s
  training loss:		0.065584
  validation loss:		0.001762
  top 1 accuracy:		99.84 %
  top 2 accuracy:		99.92 %
0.08335055410861969
0.11586425453424454
0.029026363044977188
Batch of classes 4 out of 7 batches
Epoch 5 of 15 took 77.230s
  training loss:		0.057903
  validation loss:		0.006054
  top 1 accuracy:		98.98 %
  top 2 accuracy:		99.65 %
0.06538169831037521
0.027235396206378937
0.09975104033946991
Batch of classes 4 out of 7 batches
Epoch 6 of 15 took 77.110s
  training loss:		0.057799
  validation loss:		0.019446
  top 1 accuracy:		95.96 %
  top 2 accuracy:		97.88 %
0.06486497819423676
0.0822540670633316
0.03578925132751465
Batch of classes 4 out of 7 batches
Epoch 7 of 15 took 77.265s
  training loss:		0.073248
  validation loss:		0.002398
  top 1 accuracy:		99.73 %
  top 2 accuracy:		99.88 %
0.041249461472034454
0.033520422875881195
0.02147258073091507
Batch of classes 4 out of 7 batches
Epoch 8 of 15 took 77.071s
  training loss:		0.056034
  validation loss:		0.002045
  top 1 accuracy:		99.76 %
  top 2 accuracy:		99.96 %
0.06280636787414551
0.15214231610298157
0.005291540175676346
Batch of classes 4 out of 7 batches
Epoch 9 of 15 took 77.050s
  training loss:		0.051834
  validation loss:		0.031274
  top 1 accuracy:		92.44 %
  top 2 accuracy:		95.85 %
0.048495855182409286
0.027527015656232834
0.028617743402719498
Batch of classes 4 out of 7 batches
Epoch 10 of 15 took 77.850s
  training loss:		0.272220
  validation loss:		0.061867
  top 1 accuracy:		97.30 %
  top 2 accuracy:		99.88 %
0.7779757976531982
1.0207115411758423
0.9278364777565002
Batch of classes 4 out of 7 batches
Epoch 11 of 15 took 77.725s
  training loss:		0.555300
  validation loss:		0.207478
  top 1 accuracy:		96.04 %
  top 2 accuracy:		99.84 %
0.388577401638031
0.42997172474861145
0.4456946849822998
Batch of classes 4 out of 7 batches
Epoch 12 of 15 took 77.234s
  training loss:		0.458938
  validation loss:		0.115028
  top 1 accuracy:		97.14 %
  top 2 accuracy:		99.33 %
0.4974474310874939
0.34011366963386536
0.37172144651412964
Batch of classes 4 out of 7 batches
Epoch 13 of 15 took 76.987s
  training loss:		0.440973
  validation loss:		0.295167
  top 1 accuracy:		97.10 %
  top 2 accuracy:		99.53 %
0.34761670231819153
0.4060158133506775
0.38916298747062683
Batch of classes 4 out of 7 batches
Epoch 14 of 15 took 77.502s
  training loss:		0.434048
  validation loss:		0.189724
  top 1 accuracy:		97.92 %
  top 2 accuracy:		99.80 %
0.4945720136165619
0.4147984981536865
0.3473705053329468
Batch of classes 4 out of 7 batches
Epoch 15 of 15 took 77.713s
  training loss:		0.414692
  validation loss:		0.398005
  top 1 accuracy:		95.81 %
  top 2 accuracy:		98.90 %
Updating exemplar set...
Computing mean-of_exemplars and theoretical mean...
Computing accuracy on the original batch of classes...
Final results on gaugan classes:
  top 1 accuracy iCaRL          :		14.25 %
  top 1 accuracy Hybrid 1       :		7.75 %
  top 1 accuracy NCM            :		19.05 %
Binary accuracy:
Final results on gaugan classes:
  top 1 accuracy iCaRL          :		55.05 %
  top 1 accuracy Hybrid 1       :		59.95 %
  top 1 accuracy NCM            :		55.65 %
Final results on biggan classes:
  top 1 accuracy iCaRL          :		12.75 %
  top 1 accuracy Hybrid 1       :		12.75 %
  top 1 accuracy NCM            :		11.88 %
Binary accuracy:
Final results on biggan classes:
  top 1 accuracy iCaRL          :		50.50 %
  top 1 accuracy Hybrid 1       :		52.62 %
  top 1 accuracy NCM            :		50.88 %
Final results on cyclegan classes:
  top 1 accuracy iCaRL          :		42.18 %
  top 1 accuracy Hybrid 1       :		35.88 %
  top 1 accuracy NCM            :		43.32 %
Binary accuracy:
Final results on cyclegan classes:
  top 1 accuracy iCaRL          :		53.05 %
  top 1 accuracy Hybrid 1       :		51.15 %
  top 1 accuracy NCM            :		55.15 %
Final results on imle classes:
  top 1 accuracy iCaRL          :		93.10 %
  top 1 accuracy Hybrid 1       :		96.75 %
  top 1 accuracy NCM            :		92.99 %
Binary accuracy:
Final results on imle classes:
  top 1 accuracy iCaRL          :		96.32 %
  top 1 accuracy Hybrid 1       :		96.90 %
  top 1 accuracy NCM            :		96.20 %
Final results on cumul of classes:
  top 1 accuracy iCaRL          :		50.78 %
  top 1 accuracy Hybrid 1       :		49.59 %
  top 1 accuracy NCM            :		52.35 %
Binary accuracy:
Final results on binary cumul of classes:
  top 1 accuracy iCaRL          :		72.17 %
  top 1 accuracy Hybrid 1       :		74.22 %
  top 1 accuracy NCM            :		72.57 %
Classes in this batch: tensor([8, 9])
Data Size: 3248


Before first epoch
  validation loss:		0.808751
  top 1 accuracy:		0.00 %
  top 2 accuracy:		0.00 %
Batch of classes number 5 arrives ...
2.208216667175293
1.045648455619812
Batch of classes 5 out of 7 batches
Epoch 1 of 15 took 41.089s
  training loss:		1.074194
  validation loss:		0.144727
  top 1 accuracy:		47.97 %
  top 2 accuracy:		81.89 %
0.8777339458465576
0.7739821672439575
Batch of classes 5 out of 7 batches
Epoch 2 of 15 took 40.902s
  training loss:		0.789525
  validation loss:		0.098301
  top 1 accuracy:		71.16 %
  top 2 accuracy:		94.18 %
0.4348544478416443
0.5416445136070251
Batch of classes 5 out of 7 batches
Epoch 3 of 15 took 40.819s
  training loss:		0.438732
  validation loss:		0.080290
  top 1 accuracy:		77.73 %
  top 2 accuracy:		99.63 %
0.3909316658973694
0.32880282402038574
Batch of classes 5 out of 7 batches
Epoch 4 of 15 took 41.047s
  training loss:		0.394514
  validation loss:		0.091755
  top 1 accuracy:		62.85 %
  top 2 accuracy:		99.54 %
0.4017069339752197
0.3131115138530731
Batch of classes 5 out of 7 batches
Epoch 5 of 15 took 40.951s
  training loss:		0.317998
  validation loss:		0.038833
  top 1 accuracy:		90.20 %
  top 2 accuracy:		98.98 %
0.22248825430870056
0.3695635199546814
Batch of classes 5 out of 7 batches
Epoch 6 of 15 took 40.965s
  training loss:		0.259207
  validation loss:		0.034479
  top 1 accuracy:		90.48 %
  top 2 accuracy:		98.61 %
0.22543686628341675
0.19928494095802307
Batch of classes 5 out of 7 batches
Epoch 7 of 15 took 41.101s
  training loss:		0.234568
  validation loss:		0.037809
  top 1 accuracy:		92.88 %
  top 2 accuracy:		97.69 %
0.24048858880996704
0.2159646898508072
Batch of classes 5 out of 7 batches
Epoch 8 of 15 took 40.996s
  training loss:		0.215385
  validation loss:		0.028146
  top 1 accuracy:		93.25 %
  top 2 accuracy:		98.15 %
0.2970472574234009
0.4633370339870453
Batch of classes 5 out of 7 batches
Epoch 9 of 15 took 41.163s
  training loss:		0.218078
  validation loss:		0.041606
  top 1 accuracy:		90.11 %
  top 2 accuracy:		98.15 %
0.16450293362140656
0.3699920177459717
Batch of classes 5 out of 7 batches
Epoch 10 of 15 took 40.889s
  training loss:		0.202885
  validation loss:		0.036956
  top 1 accuracy:		91.40 %
  top 2 accuracy:		97.97 %
0.14370012283325195
0.21920982003211975
Batch of classes 5 out of 7 batches
Epoch 11 of 15 took 40.721s
  training loss:		0.178133
  validation loss:		0.021186
  top 1 accuracy:		94.92 %
  top 2 accuracy:		97.87 %
0.15918195247650146
0.12752589583396912
Batch of classes 5 out of 7 batches
Epoch 12 of 15 took 40.721s
  training loss:		0.170041
  validation loss:		0.020575
  top 1 accuracy:		95.01 %
  top 2 accuracy:		98.15 %
0.16060912609100342
0.13883060216903687
Batch of classes 5 out of 7 batches
Epoch 13 of 15 took 40.700s
  training loss:		0.168333
  validation loss:		0.020598
  top 1 accuracy:		94.73 %
  top 2 accuracy:		98.52 %
0.15648385882377625
0.2229900062084198
Batch of classes 5 out of 7 batches
Epoch 14 of 15 took 40.889s
  training loss:		0.160012
  validation loss:		0.023220
  top 1 accuracy:		94.36 %
  top 2 accuracy:		97.87 %
0.17349904775619507
0.12557926774024963
Batch of classes 5 out of 7 batches
Epoch 15 of 15 took 40.867s
  training loss:		0.159998
  validation loss:		0.016478
  top 1 accuracy:		96.03 %
  top 2 accuracy:		98.80 %
Updating exemplar set...
Computing mean-of_exemplars and theoretical mean...
Computing accuracy on the original batch of classes...
Final results on gaugan classes:
  top 1 accuracy iCaRL          :		35.85 %
  top 1 accuracy Hybrid 1       :		26.00 %
  top 1 accuracy NCM            :		36.40 %
Binary accuracy:
Final results on gaugan classes:
  top 1 accuracy iCaRL          :		59.55 %
  top 1 accuracy Hybrid 1       :		60.30 %
  top 1 accuracy NCM            :		59.85 %
Final results on biggan classes:
  top 1 accuracy iCaRL          :		14.50 %
  top 1 accuracy Hybrid 1       :		18.75 %
  top 1 accuracy NCM            :		13.25 %
Binary accuracy:
Final results on biggan classes:
  top 1 accuracy iCaRL          :		60.12 %
  top 1 accuracy Hybrid 1       :		60.62 %
  top 1 accuracy NCM            :		59.50 %
Final results on cyclegan classes:
  top 1 accuracy iCaRL          :		55.34 %
  top 1 accuracy Hybrid 1       :		55.34 %
  top 1 accuracy NCM            :		55.73 %
Binary accuracy:
Final results on cyclegan classes:
  top 1 accuracy iCaRL          :		71.18 %
  top 1 accuracy Hybrid 1       :		67.94 %
  top 1 accuracy NCM            :		70.99 %
Final results on imle classes:
  top 1 accuracy iCaRL          :		95.57 %
  top 1 accuracy Hybrid 1       :		95.22 %
  top 1 accuracy NCM            :		95.53 %
Binary accuracy:
Final results on imle classes:
  top 1 accuracy iCaRL          :		97.69 %
  top 1 accuracy Hybrid 1       :		96.63 %
  top 1 accuracy NCM            :		97.14 %
Final results on deepfake classes:
  top 1 accuracy iCaRL          :		96.12 %
  top 1 accuracy Hybrid 1       :		96.03 %
  top 1 accuracy NCM            :		96.03 %
Binary accuracy:
Final results on deepfake classes:
  top 1 accuracy iCaRL          :		96.40 %
  top 1 accuracy Hybrid 1       :		96.12 %
  top 1 accuracy NCM            :		96.30 %
Final results on cumul of classes:
  top 1 accuracy iCaRL          :		66.14 %
  top 1 accuracy Hybrid 1       :		63.65 %
  top 1 accuracy NCM            :		66.15 %
Binary accuracy:
Final results on binary cumul of classes:
  top 1 accuracy iCaRL          :		80.21 %
  top 1 accuracy Hybrid 1       :		79.81 %
  top 1 accuracy NCM            :		79.99 %
Classes in this batch: tensor([10, 11])
Data Size: 7658


Before first epoch
  validation loss:		1.273378
  top 1 accuracy:		0.00 %
  top 2 accuracy:		0.00 %
Batch of classes number 6 arrives ...
0.9416003823280334
0.12256163358688354
0.12207147479057312
Batch of classes 6 out of 7 batches
Epoch 1 of 15 took 78.483s
  training loss:		0.201218
  validation loss:		0.028416
  top 1 accuracy:		97.26 %
  top 2 accuracy:		98.08 %
0.08424645662307739
0.14709827303886414
0.10692320764064789
Batch of classes 6 out of 7 batches
Epoch 2 of 15 took 78.186s
  training loss:		0.119516
  validation loss:		0.007928
  top 1 accuracy:		99.57 %
  top 2 accuracy:		99.84 %
0.16385355591773987
0.10448407381772995
0.19267268478870392
Batch of classes 6 out of 7 batches
Epoch 3 of 15 took 78.051s
  training loss:		0.102761
  validation loss:		0.008890
  top 1 accuracy:		99.53 %
  top 2 accuracy:		99.76 %
0.04300661012530327
0.05291087180376053
0.16531436145305634
Batch of classes 6 out of 7 batches
Epoch 4 of 15 took 78.366s
  training loss:		0.107733
  validation loss:		0.008746
  top 1 accuracy:		99.76 %
  top 2 accuracy:		99.92 %
0.06807953119277954
0.014814441092312336
0.07276846468448639
Batch of classes 6 out of 7 batches
Epoch 5 of 15 took 78.486s
  training loss:		0.094529
  validation loss:		0.005911
  top 1 accuracy:		99.37 %
  top 2 accuracy:		99.84 %
0.02193547785282135
0.06178712099790573
0.030310487374663353
Batch of classes 6 out of 7 batches
Epoch 6 of 15 took 78.826s
  training loss:		0.092570
  validation loss:		0.008866
  top 1 accuracy:		99.80 %
  top 2 accuracy:		99.84 %
0.046244192868471146
0.10199569165706635
0.02578788250684738
Batch of classes 6 out of 7 batches
Epoch 7 of 15 took 77.948s
  training loss:		0.090535
  validation loss:		0.004095
  top 1 accuracy:		99.76 %
  top 2 accuracy:		99.96 %
0.09474445134401321
0.02551165781915188
0.10546748340129852
Batch of classes 6 out of 7 batches
Epoch 8 of 15 took 78.278s
  training loss:		0.088033
  validation loss:		0.003203
  top 1 accuracy:		100.00 %
  top 2 accuracy:		100.00 %
0.11105849593877792
0.060985371470451355
0.07198411226272583
Batch of classes 6 out of 7 batches
Epoch 9 of 15 took 78.184s
  training loss:		0.087615
  validation loss:		0.009253
  top 1 accuracy:		99.26 %
  top 2 accuracy:		99.61 %
0.11216621100902557
0.11326473951339722
0.0645589679479599
Batch of classes 6 out of 7 batches
Epoch 10 of 15 took 77.905s
  training loss:		0.081881
  validation loss:		0.003050
  top 1 accuracy:		99.96 %
  top 2 accuracy:		99.96 %
0.15574249625205994
0.0920804962515831
0.05648091807961464
Batch of classes 6 out of 7 batches
Epoch 11 of 15 took 78.150s
  training loss:		0.065552
  validation loss:		0.003288
  top 1 accuracy:		99.88 %
  top 2 accuracy:		99.96 %
0.16947411000728607
0.026380445808172226
0.0412454754114151
Batch of classes 6 out of 7 batches
Epoch 12 of 15 took 78.479s
  training loss:		0.056720
  validation loss:		0.005169
  top 1 accuracy:		99.84 %
  top 2 accuracy:		99.96 %
0.02421904355287552
0.06311618536710739
0.03159092366695404
Batch of classes 6 out of 7 batches
Epoch 13 of 15 took 78.068s
  training loss:		0.052118
  validation loss:		0.002814
  top 1 accuracy:		99.96 %
  top 2 accuracy:		99.96 %
0.03146686032414436
0.05094339698553085
0.014339854940772057
Batch of classes 6 out of 7 batches
Epoch 14 of 15 took 77.799s
  training loss:		0.048085
  validation loss:		0.004176
  top 1 accuracy:		99.96 %
  top 2 accuracy:		99.96 %
0.07907858490943909
0.07847010344266891
0.05162738636136055
Batch of classes 6 out of 7 batches
Epoch 15 of 15 took 78.582s
  training loss:		0.043104
  validation loss:		0.003736
  top 1 accuracy:		99.96 %
  top 2 accuracy:		100.00 %
Updating exemplar set...
Computing mean-of_exemplars and theoretical mean...
Computing accuracy on the original batch of classes...
Final results on gaugan classes:
  top 1 accuracy iCaRL          :		32.85 %
  top 1 accuracy Hybrid 1       :		36.60 %
  top 1 accuracy NCM            :		31.05 %
Binary accuracy:
Final results on gaugan classes:
  top 1 accuracy iCaRL          :		59.90 %
  top 1 accuracy Hybrid 1       :		58.35 %
  top 1 accuracy NCM            :		59.60 %
Final results on biggan classes:
  top 1 accuracy iCaRL          :		21.50 %
  top 1 accuracy Hybrid 1       :		14.75 %
  top 1 accuracy NCM            :		23.62 %
Binary accuracy:
Final results on biggan classes:
  top 1 accuracy iCaRL          :		59.12 %
  top 1 accuracy Hybrid 1       :		57.62 %
  top 1 accuracy NCM            :		58.50 %
Final results on cyclegan classes:
  top 1 accuracy iCaRL          :		53.24 %
  top 1 accuracy Hybrid 1       :		52.10 %
  top 1 accuracy NCM            :		53.63 %
Binary accuracy:
Final results on cyclegan classes:
  top 1 accuracy iCaRL          :		66.98 %
  top 1 accuracy Hybrid 1       :		66.03 %
  top 1 accuracy NCM            :		66.41 %
Final results on imle classes:
  top 1 accuracy iCaRL          :		73.94 %
  top 1 accuracy Hybrid 1       :		48.35 %
  top 1 accuracy NCM            :		74.33 %
Binary accuracy:
Final results on imle classes:
  top 1 accuracy iCaRL          :		99.41 %
  top 1 accuracy Hybrid 1       :		99.02 %
  top 1 accuracy NCM            :		99.41 %
Final results on deepfake classes:
  top 1 accuracy iCaRL          :		93.25 %
  top 1 accuracy Hybrid 1       :		92.33 %
  top 1 accuracy NCM            :		93.25 %
Binary accuracy:
Final results on deepfake classes:
  top 1 accuracy iCaRL          :		93.53 %
  top 1 accuracy Hybrid 1       :		93.16 %
  top 1 accuracy NCM            :		93.53 %
Final results on crn classes:
  top 1 accuracy iCaRL          :		74.88 %
  top 1 accuracy Hybrid 1       :		99.96 %
  top 1 accuracy NCM            :		74.49 %
Binary accuracy:
Final results on crn classes:
  top 1 accuracy iCaRL          :		99.92 %
  top 1 accuracy Hybrid 1       :		100.00 %
  top 1 accuracy NCM            :		99.92 %
Final results on cumul of classes:
  top 1 accuracy iCaRL          :		62.20 %
  top 1 accuracy Hybrid 1       :		62.11 %
  top 1 accuracy NCM            :		62.02 %
Binary accuracy:
Final results on binary cumul of classes:
  top 1 accuracy iCaRL          :		85.39 %
  top 1 accuracy Hybrid 1       :		84.76 %
  top 1 accuracy NCM            :		85.25 %
Classes in this batch: tensor([12, 13])
Data Size: 6208


Before first epoch
  validation loss:		0.820757
  top 1 accuracy:		0.00 %
  top 2 accuracy:		0.00 %
Batch of classes number 7 arrives ...
3.3406848907470703
0.49471616744995117
0.4207109808921814
Batch of classes 7 out of 7 batches
Epoch 1 of 15 took 64.334s
  training loss:		0.606396
  validation loss:		0.106869
  top 1 accuracy:		58.51 %
  top 2 accuracy:		97.09 %
0.39845043420791626
0.4496963918209076
0.38426434993743896
Batch of classes 7 out of 7 batches
Epoch 2 of 15 took 64.893s
  training loss:		0.409961
  validation loss:		0.113684
  top 1 accuracy:		58.12 %
  top 2 accuracy:		96.22 %
0.4289416968822479
0.4143792986869812
0.3640021085739136
Batch of classes 7 out of 7 batches
Epoch 3 of 15 took 64.631s
  training loss:		0.388373
  validation loss:		0.088243
  top 1 accuracy:		68.06 %
  top 2 accuracy:		99.08 %
0.34454023838043213
0.31751295924186707
0.3106955587863922
Batch of classes 7 out of 7 batches
Epoch 4 of 15 took 63.789s
  training loss:		0.363303
  validation loss:		0.084743
  top 1 accuracy:		70.29 %
  top 2 accuracy:		98.69 %
0.30376124382019043
0.35465335845947266
0.5039788484573364
Batch of classes 7 out of 7 batches
Epoch 5 of 15 took 64.377s
  training loss:		0.352881
  validation loss:		0.089838
  top 1 accuracy:		68.40 %
  top 2 accuracy:		99.13 %
0.29314082860946655
0.25313839316368103
0.3069458603858948
Batch of classes 7 out of 7 batches
Epoch 6 of 15 took 64.139s
  training loss:		0.336330
  validation loss:		0.090226
  top 1 accuracy:		68.54 %
  top 2 accuracy:		98.25 %
0.34006792306900024
0.4582216739654541
0.32666999101638794
Batch of classes 7 out of 7 batches
Epoch 7 of 15 took 64.668s
  training loss:		0.331237
  validation loss:		0.088403
  top 1 accuracy:		69.03 %
  top 2 accuracy:		98.98 %
0.19722586870193481
0.36995625495910645
0.248812735080719
Batch of classes 7 out of 7 batches
Epoch 8 of 15 took 64.361s
  training loss:		0.312192
  validation loss:		0.090253
  top 1 accuracy:		69.27 %
  top 2 accuracy:		98.11 %
0.3502552807331085
0.2704044282436371
0.2782764136791229
Batch of classes 7 out of 7 batches
Epoch 9 of 15 took 63.242s
  training loss:		0.309143
  validation loss:		0.085977
  top 1 accuracy:		70.58 %
  top 2 accuracy:		98.35 %
0.3084830343723297
0.2777327597141266
0.31324976682662964
Batch of classes 7 out of 7 batches
Epoch 10 of 15 took 64.318s
  training loss:		0.296087
  validation loss:		0.087717
  top 1 accuracy:		71.84 %
  top 2 accuracy:		97.53 %
0.29826346039772034
0.22332188487052917
0.29230406880378723
Batch of classes 7 out of 7 batches
Epoch 11 of 15 took 64.165s
  training loss:		0.265140
  validation loss:		0.082120
  top 1 accuracy:		73.44 %
  top 2 accuracy:		98.25 %
0.22820636630058289
0.2785266935825348
0.22705072164535522
Batch of classes 7 out of 7 batches
Epoch 12 of 15 took 64.364s
  training loss:		0.254537
  validation loss:		0.081677
  top 1 accuracy:		73.97 %
  top 2 accuracy:		98.45 %
0.2318578064441681
0.2556285858154297
0.2754870653152466
Batch of classes 7 out of 7 batches
Epoch 13 of 15 took 63.642s
  training loss:		0.246405
  validation loss:		0.083948
  top 1 accuracy:		74.21 %
  top 2 accuracy:		98.11 %
0.18222421407699585
0.3320830464363098
0.2250487208366394
Batch of classes 7 out of 7 batches
Epoch 14 of 15 took 64.729s
  training loss:		0.246222
  validation loss:		0.082149
  top 1 accuracy:		74.21 %
  top 2 accuracy:		98.50 %
0.26140883564949036
0.15254168212413788
0.27083849906921387
Batch of classes 7 out of 7 batches
Epoch 15 of 15 took 64.075s
  training loss:		0.237256
  validation loss:		0.082206
  top 1 accuracy:		75.23 %
  top 2 accuracy:		97.82 %
Updating exemplar set...
Computing mean-of_exemplars and theoretical mean...
Computing accuracy on the original batch of classes...
Final results on gaugan classes:
  top 1 accuracy iCaRL          :		33.45 %
  top 1 accuracy Hybrid 1       :		38.50 %
  top 1 accuracy NCM            :		30.05 %
Binary accuracy:
Final results on gaugan classes:
  top 1 accuracy iCaRL          :		58.95 %
  top 1 accuracy Hybrid 1       :		58.55 %
  top 1 accuracy NCM            :		59.70 %
Final results on biggan classes:
  top 1 accuracy iCaRL          :		25.12 %
  top 1 accuracy Hybrid 1       :		17.12 %
  top 1 accuracy NCM            :		23.50 %
Binary accuracy:
Final results on biggan classes:
  top 1 accuracy iCaRL          :		61.00 %
  top 1 accuracy Hybrid 1       :		63.25 %
  top 1 accuracy NCM            :		61.87 %
Final results on cyclegan classes:
  top 1 accuracy iCaRL          :		57.06 %
  top 1 accuracy Hybrid 1       :		55.92 %
  top 1 accuracy NCM            :		58.40 %
Binary accuracy:
Final results on cyclegan classes:
  top 1 accuracy iCaRL          :		72.90 %
  top 1 accuracy Hybrid 1       :		70.04 %
  top 1 accuracy NCM            :		71.18 %
Final results on imle classes:
  top 1 accuracy iCaRL          :		70.10 %
  top 1 accuracy Hybrid 1       :		74.73 %
  top 1 accuracy NCM            :		74.61 %
Binary accuracy:
Final results on imle classes:
  top 1 accuracy iCaRL          :		99.26 %
  top 1 accuracy Hybrid 1       :		99.22 %
  top 1 accuracy NCM            :		99.18 %
Final results on deepfake classes:
  top 1 accuracy iCaRL          :		83.73 %
  top 1 accuracy Hybrid 1       :		72.18 %
  top 1 accuracy NCM            :		83.83 %
Binary accuracy:
Final results on deepfake classes:
  top 1 accuracy iCaRL          :		90.67 %
  top 1 accuracy Hybrid 1       :		90.02 %
  top 1 accuracy NCM            :		90.76 %
Final results on crn classes:
  top 1 accuracy iCaRL          :		77.66 %
  top 1 accuracy Hybrid 1       :		72.61 %
  top 1 accuracy NCM            :		72.81 %
Binary accuracy:
Final results on crn classes:
  top 1 accuracy iCaRL          :		99.61 %
  top 1 accuracy Hybrid 1       :		99.29 %
  top 1 accuracy NCM            :		99.76 %
Final results on wild classes:
  top 1 accuracy iCaRL          :		69.22 %
  top 1 accuracy Hybrid 1       :		75.23 %
  top 1 accuracy NCM            :		69.51 %
Binary accuracy:
Final results on wild classes:
  top 1 accuracy iCaRL          :		75.57 %
  top 1 accuracy Hybrid 1       :		75.86 %
  top 1 accuracy NCM            :		75.47 %
Final results on cumul of classes:
  top 1 accuracy iCaRL          :		62.85 %
  top 1 accuracy Hybrid 1       :		63.02 %
  top 1 accuracy NCM            :		62.20 %
Binary accuracy:
Final results on binary cumul of classes:
  top 1 accuracy iCaRL          :		83.50 %
  top 1 accuracy Hybrid 1       :		83.38 %
  top 1 accuracy NCM            :		83.63 %
