----------------- Options ---------------
               add_binary: False                         
               batch_size: 32                            	[default: 64]
                   binary: False                         
              binary_loss: sum_b_sig                     
            binary_weight: 0.5                           
                blur_prob: 0                             
                 blur_sig: 0.5                           
          checkpoints_dir: /scratch_net/kringel/chuqli/CNNDetection/checkpoints	[default: ./checkpoints]
                class_bal: False                         
           continue_train: False                         
                 cropSize: 224                           
                 data_aug: False                         
                 dataroot: /srv/beegfs02/scratch/generative_modeling/data/Deepfake/test	[default: /srv/beegfs02/scratch/generative_modeling/data/Deepfake/Adam-NSCL]
          earlystop_epoch: 5                             
                    epoch: latest                        
                 fine_tun: False                         
                    gpuid: [1]                           
                init_gain: 0.02                          
                  init_lr: 0.0005                        
                init_type: normal                        
                  isTrain: True                          	[default: None]
               jpg_method: cv2                           
                 jpg_prob: 0                             
                 jpg_qual: 75                            
          label_smoothing: False                         
                 loadSize: 256                           
                    mixup: False                         
              mixup_alpha: 0.1                           
                     mode: binary                        
               model_name: resnet18                      
               model_type: resnet                        
            model_weights: /home/chuqli/scratch/CNNDetection/checkpoints/no_aug/model_epoch_best.pth	[default: None]
               multiclass: [0, 0, 1, 0, 0, 0, 0]         	[default: [1]]
                     name: icarl_df_7_new1               	[default: experiment_name]
                  no_flip: False                         
              num_classes: 2                             
               num_epochs: 30                            	[default: 12]
              num_threads: 4                             
                  outfile: temp_0.1.csv                  
            pretrain_name:                               
           resize_or_crop: scale_and_crop                
                rz_interp: bilinear                      
          save_epoch_freq: 20                            
         save_latest_freq: 2000                          
                 schedule: [10, 20, 30]                  	[default: [10]]
           serial_batches: False                         
          smoothing_alpha: 0.1                           
                   suffix:                               
                task_name: gaugan,biggan,cyclegan,imle,deepfake,crn,wild	[default: ]
              train_split: train                         
                val_split: val                           
----------------- End -------------------
{'All': 14}
Task order: ['gaugan', 'biggan', 'cyclegan', 'imle', 'deepfake', 'crn', 'wild']
=> Load model weights: /home/chuqli/scratch/CNNDetection/checkpoints/no_aug/model_epoch_best.pth
=> Load Done
Classes in this batch: tensor([0, 1])
Data Size: 6000


Before first epoch
  validation loss:		1.309705
  top 1 accuracy:		17.05 %
  top 2 accuracy:		17.30 %
Batch of classes number 1 arrives ...
1.2331509590148926
0.09255453944206238
Batch of classes 1 out of 7 batches
Epoch 1 of 30 took 157.145s
  training loss:		0.125368
  validation loss:		0.049466
  top 1 accuracy:		84.95 %
  top 2 accuracy:		100.00 %
0.10544023662805557
0.03239622339606285
Batch of classes 1 out of 7 batches
Epoch 2 of 30 took 154.494s
  training loss:		0.045851
  validation loss:		0.049922
  top 1 accuracy:		85.00 %
  top 2 accuracy:		100.00 %
0.02961961179971695
0.029237650334835052
Batch of classes 1 out of 7 batches
Epoch 3 of 30 took 150.448s
  training loss:		0.033432
  validation loss:		0.021681
  top 1 accuracy:		94.75 %
  top 2 accuracy:		100.00 %
0.01425565592944622
0.013554108329117298
Batch of classes 1 out of 7 batches
Epoch 4 of 30 took 148.866s
  training loss:		0.029188
  validation loss:		0.033047
  top 1 accuracy:		90.50 %
  top 2 accuracy:		100.00 %
0.01905757747590542
0.024378934875130653
Batch of classes 1 out of 7 batches
Epoch 5 of 30 took 151.428s
  training loss:		0.027564
  validation loss:		0.018614
  top 1 accuracy:		95.15 %
  top 2 accuracy:		100.00 %
0.01361008733510971
0.029558643698692322
Batch of classes 1 out of 7 batches
Epoch 6 of 30 took 151.131s
  training loss:		0.022818
  validation loss:		0.043390
  top 1 accuracy:		86.95 %
  top 2 accuracy:		99.95 %
0.03639363870024681
0.012320099398493767
Batch of classes 1 out of 7 batches
Epoch 7 of 30 took 145.690s
  training loss:		0.025032
  validation loss:		0.023384
  top 1 accuracy:		94.50 %
  top 2 accuracy:		100.00 %
0.036681316792964935
0.03283436968922615
Batch of classes 1 out of 7 batches
Epoch 8 of 30 took 147.418s
  training loss:		0.022155
  validation loss:		0.013454
  top 1 accuracy:		96.70 %
  top 2 accuracy:		100.00 %
0.022026928141713142
0.02139921672642231
Batch of classes 1 out of 7 batches
Epoch 9 of 30 took 147.538s
  training loss:		0.018256
  validation loss:		0.021106
  top 1 accuracy:		94.15 %
  top 2 accuracy:		100.00 %
0.027171337977051735
0.016767246648669243
Batch of classes 1 out of 7 batches
Epoch 10 of 30 took 146.295s
  training loss:		0.016694
  validation loss:		0.019802
  top 1 accuracy:		94.00 %
  top 2 accuracy:		100.00 %
0.008576909080147743
0.004378615878522396
Batch of classes 1 out of 7 batches
Epoch 11 of 30 took 146.214s
  training loss:		0.008843
  validation loss:		0.006441
  top 1 accuracy:		98.55 %
  top 2 accuracy:		100.00 %
0.002084888983517885
0.004074180033057928
Batch of classes 1 out of 7 batches
Epoch 12 of 30 took 145.108s
  training loss:		0.005045
  validation loss:		0.005012
  top 1 accuracy:		98.85 %
  top 2 accuracy:		100.00 %
0.0029056433122605085
0.003303535981103778
Batch of classes 1 out of 7 batches
Epoch 13 of 30 took 129.486s
  training loss:		0.005158
  validation loss:		0.004685
  top 1 accuracy:		98.75 %
  top 2 accuracy:		100.00 %
0.00639832578599453
0.005280069075524807
Batch of classes 1 out of 7 batches
Epoch 14 of 30 took 94.085s
  training loss:		0.004401
  validation loss:		0.004815
  top 1 accuracy:		98.60 %
  top 2 accuracy:		100.00 %
0.008122023195028305
0.010635320097208023
Batch of classes 1 out of 7 batches
Epoch 15 of 30 took 59.372s
  training loss:		0.005808
  validation loss:		0.005212
  top 1 accuracy:		98.65 %
  top 2 accuracy:		100.00 %
0.007087039295583963
0.0006414431845769286
Batch of classes 1 out of 7 batches
Epoch 16 of 30 took 43.102s
  training loss:		0.004163
  validation loss:		0.004316
  top 1 accuracy:		98.80 %
  top 2 accuracy:		100.00 %
0.0012631714344024658
0.00043111969716846943
Batch of classes 1 out of 7 batches
Epoch 17 of 30 took 41.552s
  training loss:		0.004020
  validation loss:		0.005914
  top 1 accuracy:		98.35 %
  top 2 accuracy:		100.00 %
0.0013195114443078637
0.00044114317279309034
Batch of classes 1 out of 7 batches
Epoch 18 of 30 took 41.388s
  training loss:		0.004757
  validation loss:		0.004464
  top 1 accuracy:		98.85 %
  top 2 accuracy:		100.00 %
0.0033036163076758385
0.0025130410213023424
Batch of classes 1 out of 7 batches
Epoch 19 of 30 took 41.805s
  training loss:		0.003532
  validation loss:		0.006786
  top 1 accuracy:		97.80 %
  top 2 accuracy:		100.00 %
0.0027460972778499126
0.0029199097771197557
Batch of classes 1 out of 7 batches
Epoch 20 of 30 took 41.266s
  training loss:		0.004646
  validation loss:		0.003854
  top 1 accuracy:		99.00 %
  top 2 accuracy:		100.00 %
0.00045955932000651956
0.00024949025828391314
Batch of classes 1 out of 7 batches
Epoch 21 of 30 took 41.283s
  training loss:		0.002071
  validation loss:		0.002607
  top 1 accuracy:		99.40 %
  top 2 accuracy:		100.00 %
0.003224654821678996
0.0001374069252051413
Batch of classes 1 out of 7 batches
Epoch 22 of 30 took 41.650s
  training loss:		0.001679
  validation loss:		0.002517
  top 1 accuracy:		99.40 %
  top 2 accuracy:		100.00 %
0.004082067869603634
0.00020793692965526134
Batch of classes 1 out of 7 batches
Epoch 23 of 30 took 41.200s
  training loss:		0.001222
  validation loss:		0.002989
  top 1 accuracy:		99.30 %
  top 2 accuracy:		100.00 %
0.003570782719179988
0.0010600195964798331
Batch of classes 1 out of 7 batches
Epoch 24 of 30 took 41.409s
  training loss:		0.001411
  validation loss:		0.002712
  top 1 accuracy:		99.20 %
  top 2 accuracy:		100.00 %
0.0027500793803483248
0.00023194268578663468
Batch of classes 1 out of 7 batches
Epoch 25 of 30 took 41.445s
  training loss:		0.001177
  validation loss:		0.002933
  top 1 accuracy:		99.30 %
  top 2 accuracy:		100.00 %
9.27997098187916e-05
0.0001802423212211579
Batch of classes 1 out of 7 batches
Epoch 26 of 30 took 41.185s
  training loss:		0.001133
  validation loss:		0.002205
  top 1 accuracy:		99.45 %
  top 2 accuracy:		100.00 %
0.0005742257344536483
0.00016224557475652546
Batch of classes 1 out of 7 batches
Epoch 27 of 30 took 41.511s
  training loss:		0.000747
  validation loss:		0.003968
  top 1 accuracy:		99.05 %
  top 2 accuracy:		100.00 %
0.00019825335766654462
0.00044164041173644364
Batch of classes 1 out of 7 batches
Epoch 28 of 30 took 41.780s
  training loss:		0.001404
  validation loss:		0.003081
  top 1 accuracy:		99.15 %
  top 2 accuracy:		100.00 %
0.0007886788225732744
3.14787685056217e-05
Batch of classes 1 out of 7 batches
Epoch 29 of 30 took 41.904s
  training loss:		0.001203
  validation loss:		0.002238
  top 1 accuracy:		99.40 %
  top 2 accuracy:		100.00 %
0.00026417605113238096
0.0001225489831995219
Batch of classes 1 out of 7 batches
Epoch 30 of 30 took 41.533s
  training loss:		0.000436
  validation loss:		0.001746
  top 1 accuracy:		99.65 %
  top 2 accuracy:		100.00 %
=> Load model weights: /home/chuqli/scratch/CNNDetection/checkpoints/no_aug/model_epoch_best.pth
=> Load Done
Updating exemplar set...
Computing mean-of_exemplars and theoretical mean...
tensor(500)
tensor(500)
Computing accuracy on the original batch of classes...
Final results on gaugan classes:
  top 1 accuracy iCaRL          :		99.60 %
  top 1 accuracy Hybrid 1       :		99.65 %
  top 1 accuracy NCM            :		99.65 %
Binary accuracy:
Final results on gaugan classes:
  top 1 accuracy iCaRL          :		99.60 %
  top 1 accuracy Hybrid 1       :		99.55 %
  top 1 accuracy NCM            :		99.65 %
Final results on cumul of classes:
  top 1 accuracy iCaRL          :		99.60 %
  top 1 accuracy Hybrid 1       :		99.65 %
  top 1 accuracy NCM            :		99.65 %
Binary accuracy:
Final results on binary cumul of classes:
  top 1 accuracy iCaRL          :		99.60 %
  top 1 accuracy Hybrid 1       :		99.55 %
  top 1 accuracy NCM            :		99.65 %
Classes in this batch: tensor([2, 3])
Data Size: 2400


Before first epoch
  validation loss:		1.849749
  top 1 accuracy:		0.00 %
  top 2 accuracy:		0.12 %
Batch of classes number 2 arrives ...
0.5019606947898865
0.10112404078245163
Batch of classes 2 out of 7 batches
Epoch 1 of 30 took 35.645s
  training loss:		0.167126
  validation loss:		0.458721
  top 1 accuracy:		7.25 %
  top 2 accuracy:		74.87 %
0.13597241044044495
0.13316349685192108
Batch of classes 2 out of 7 batches
Epoch 2 of 30 took 25.670s
  training loss:		0.102981
  validation loss:		0.241106
  top 1 accuracy:		32.75 %
  top 2 accuracy:		87.88 %
0.12683987617492676
0.09477410465478897
Batch of classes 2 out of 7 batches
Epoch 3 of 30 took 25.755s
  training loss:		0.090467
  validation loss:		0.481565
  top 1 accuracy:		13.88 %
  top 2 accuracy:		81.00 %
0.10104985535144806
0.05189763754606247
Batch of classes 2 out of 7 batches
Epoch 4 of 30 took 25.881s
  training loss:		0.082652
  validation loss:		0.288801
  top 1 accuracy:		48.12 %
  top 2 accuracy:		81.38 %
0.08918609470129013
0.07117003202438354
Batch of classes 2 out of 7 batches
Epoch 5 of 30 took 26.094s
  training loss:		0.082794
  validation loss:		0.296552
  top 1 accuracy:		38.00 %
  top 2 accuracy:		93.25 %
0.0748542845249176
0.0457347072660923
Batch of classes 2 out of 7 batches
Epoch 6 of 30 took 25.797s
  training loss:		0.073750
  validation loss:		0.310194
  top 1 accuracy:		41.00 %
  top 2 accuracy:		93.00 %
0.06791378557682037
0.07376669347286224
Batch of classes 2 out of 7 batches
Epoch 7 of 30 took 26.288s
  training loss:		0.071697
  validation loss:		0.295771
  top 1 accuracy:		54.12 %
  top 2 accuracy:		90.62 %
0.06689275801181793
0.07311173528432846
Batch of classes 2 out of 7 batches
Epoch 8 of 30 took 25.611s
  training loss:		0.069529
  validation loss:		0.382017
  top 1 accuracy:		43.38 %
  top 2 accuracy:		94.50 %
0.05594987794756889
0.06456675380468369
Batch of classes 2 out of 7 batches
Epoch 9 of 30 took 26.008s
  training loss:		0.068975
  validation loss:		0.418652
  top 1 accuracy:		51.13 %
  top 2 accuracy:		92.87 %
0.07848262786865234
0.0530707873404026
Batch of classes 2 out of 7 batches
Epoch 10 of 30 took 25.961s
  training loss:		0.060908
  validation loss:		0.286607
  top 1 accuracy:		57.25 %
  top 2 accuracy:		90.87 %
0.06882085651159286
0.06060419976711273
Batch of classes 2 out of 7 batches
Epoch 11 of 30 took 25.762s
  training loss:		0.053850
  validation loss:		0.292383
  top 1 accuracy:		58.75 %
  top 2 accuracy:		97.87 %
0.0819975882768631
0.033910371363162994
Batch of classes 2 out of 7 batches
Epoch 12 of 30 took 26.321s
  training loss:		0.047305
  validation loss:		0.310401
  top 1 accuracy:		57.75 %
  top 2 accuracy:		96.50 %
0.0276659969240427
0.02893918938934803
Batch of classes 2 out of 7 batches
Epoch 13 of 30 took 25.939s
  training loss:		0.047008
  validation loss:		0.342886
  top 1 accuracy:		58.50 %
  top 2 accuracy:		97.87 %
0.037417538464069366
0.03666495531797409
Batch of classes 2 out of 7 batches
Epoch 14 of 30 took 26.072s
  training loss:		0.044294
  validation loss:		0.360585
  top 1 accuracy:		60.12 %
  top 2 accuracy:		98.50 %
0.03042701818048954
0.0538036935031414
Batch of classes 2 out of 7 batches
Epoch 15 of 30 took 25.986s
  training loss:		0.043943
  validation loss:		0.527004
  top 1 accuracy:		59.75 %
  top 2 accuracy:		99.25 %
0.036615706980228424
0.0383070707321167
Batch of classes 2 out of 7 batches
Epoch 16 of 30 took 25.854s
  training loss:		0.042824
  validation loss:		0.299143
  top 1 accuracy:		63.00 %
  top 2 accuracy:		95.63 %
0.02397291734814644
0.040342435240745544
Batch of classes 2 out of 7 batches
Epoch 17 of 30 took 26.245s
  training loss:		0.041391
  validation loss:		0.322753
  top 1 accuracy:		69.75 %
  top 2 accuracy:		97.75 %
0.04601040109992027
0.04043962433934212
Batch of classes 2 out of 7 batches
Epoch 18 of 30 took 25.698s
  training loss:		0.039930
  validation loss:		0.317943
  top 1 accuracy:		70.38 %
  top 2 accuracy:		97.75 %
0.03090374916791916
0.027101965621113777
Batch of classes 2 out of 7 batches
Epoch 19 of 30 took 25.989s
  training loss:		0.040347
  validation loss:		0.402659
  top 1 accuracy:		60.75 %
  top 2 accuracy:		97.37 %
0.03193359076976776
0.02108130231499672
Batch of classes 2 out of 7 batches
Epoch 20 of 30 took 25.509s
  training loss:		0.038746
  validation loss:		0.336931
  top 1 accuracy:		70.25 %
  top 2 accuracy:		97.87 %
0.05054229870438576
0.03502775356173515
Batch of classes 2 out of 7 batches
Epoch 21 of 30 took 26.015s
  training loss:		0.035195
  validation loss:		0.349532
  top 1 accuracy:		65.62 %
  top 2 accuracy:		98.50 %
0.022607501596212387
0.03660547733306885
Batch of classes 2 out of 7 batches
Epoch 22 of 30 took 25.898s
  training loss:		0.033431
  validation loss:		0.387270
  top 1 accuracy:		68.25 %
  top 2 accuracy:		98.37 %
0.02625225856900215
0.02974884770810604
Batch of classes 2 out of 7 batches
Epoch 23 of 30 took 25.291s
  training loss:		0.032648
  validation loss:		0.311430
  top 1 accuracy:		77.00 %
  top 2 accuracy:		98.25 %
0.0462944433093071
0.03674107789993286
Batch of classes 2 out of 7 batches
Epoch 24 of 30 took 25.775s
  training loss:		0.035216
  validation loss:		0.317366
  top 1 accuracy:		75.38 %
  top 2 accuracy:		98.00 %
0.026811370626091957
0.05179242044687271
Batch of classes 2 out of 7 batches
Epoch 25 of 30 took 25.763s
  training loss:		0.033276
  validation loss:		0.322588
  top 1 accuracy:		74.12 %
  top 2 accuracy:		98.00 %
0.015501839108765125
0.04266192391514778
Batch of classes 2 out of 7 batches
Epoch 26 of 30 took 25.941s
  training loss:		0.032380
  validation loss:		0.360693
  top 1 accuracy:		70.63 %
  top 2 accuracy:		98.87 %
0.024708213284611702
0.04219796136021614
Batch of classes 2 out of 7 batches
Epoch 27 of 30 took 25.685s
  training loss:		0.030511
  validation loss:		0.374769
  top 1 accuracy:		71.25 %
  top 2 accuracy:		98.75 %
0.024621743708848953
0.03620532900094986
Batch of classes 2 out of 7 batches
Epoch 28 of 30 took 25.946s
  training loss:		0.030176
  validation loss:		0.373708
  top 1 accuracy:		75.75 %
  top 2 accuracy:		98.62 %
0.020115584135055542
0.06807178258895874
Batch of classes 2 out of 7 batches
Epoch 29 of 30 took 25.891s
  training loss:		0.030438
  validation loss:		0.407324
  top 1 accuracy:		72.25 %
  top 2 accuracy:		98.62 %
0.040229227393865585
0.035544026643037796
Batch of classes 2 out of 7 batches
Epoch 30 of 30 took 25.707s
  training loss:		0.032499
  validation loss:		0.384780
  top 1 accuracy:		68.50 %
  top 2 accuracy:		98.50 %
Updating exemplar set...
Computing mean-of_exemplars and theoretical mean...
tensor(448)
tensor(448)
tensor(448)
tensor(448)
Computing accuracy on the original batch of classes...
Final results on gaugan classes:
  top 1 accuracy iCaRL          :		77.95 %
  top 1 accuracy Hybrid 1       :		91.25 %
  top 1 accuracy NCM            :		81.55 %
Binary accuracy:
Final results on gaugan classes:
  top 1 accuracy iCaRL          :		97.15 %
  top 1 accuracy Hybrid 1       :		86.50 %
  top 1 accuracy NCM            :		97.30 %
Final results on biggan classes:
  top 1 accuracy iCaRL          :		85.62 %
  top 1 accuracy Hybrid 1       :		68.50 %
  top 1 accuracy NCM            :		83.38 %
Binary accuracy:
Final results on biggan classes:
  top 1 accuracy iCaRL          :		99.00 %
  top 1 accuracy Hybrid 1       :		95.88 %
  top 1 accuracy NCM            :		99.00 %
Final results on cumul of classes:
  top 1 accuracy iCaRL          :		80.14 %
  top 1 accuracy Hybrid 1       :		84.75 %
  top 1 accuracy NCM            :		82.07 %
Binary accuracy:
Final results on binary cumul of classes:
  top 1 accuracy iCaRL          :		97.68 %
  top 1 accuracy Hybrid 1       :		89.18 %
  top 1 accuracy NCM            :		97.79 %
Classes in this batch: tensor([4, 5])
Data Size: 1572


Before first epoch
  validation loss:		1.394158
  top 1 accuracy:		0.00 %
  top 2 accuracy:		0.00 %
Batch of classes number 3 arrives ...
0.3992137312889099
0.15572446584701538
Batch of classes 3 out of 7 batches
Epoch 1 of 30 took 32.062s
  training loss:		0.189918
  validation loss:		0.434793
  top 1 accuracy:		0.19 %
  top 2 accuracy:		32.63 %
0.14656101167201996
0.12417265772819519
Batch of classes 3 out of 7 batches
Epoch 2 of 30 took 23.713s
  training loss:		0.124749
  validation loss:		0.459456
  top 1 accuracy:		15.08 %
  top 2 accuracy:		50.95 %
0.09031135588884354
0.09504695236682892
Batch of classes 3 out of 7 batches
Epoch 3 of 30 took 23.561s
  training loss:		0.106105
  validation loss:		0.436249
  top 1 accuracy:		29.58 %
  top 2 accuracy:		64.50 %
0.09301916509866714
0.09805449098348618
Batch of classes 3 out of 7 batches
Epoch 4 of 30 took 23.477s
  training loss:		0.103345
  validation loss:		0.493628
  top 1 accuracy:		45.80 %
  top 2 accuracy:		70.80 %
0.0896284431219101
0.12495312094688416
Batch of classes 3 out of 7 batches
Epoch 5 of 30 took 23.593s
  training loss:		0.098525
  validation loss:		0.417404
  top 1 accuracy:		61.83 %
  top 2 accuracy:		83.02 %
0.10580555349588394
0.09867260605096817
Batch of classes 3 out of 7 batches
Epoch 6 of 30 took 23.676s
  training loss:		0.093186
  validation loss:		0.393689
  top 1 accuracy:		58.78 %
  top 2 accuracy:		77.48 %
0.07980767637491226
0.09160403162240982
Batch of classes 3 out of 7 batches
Epoch 7 of 30 took 23.764s
  training loss:		0.094888
  validation loss:		0.455611
  top 1 accuracy:		53.05 %
  top 2 accuracy:		71.56 %
0.09707551449537277
0.0789862722158432
Batch of classes 3 out of 7 batches
Epoch 8 of 30 took 23.650s
  training loss:		0.091599
  validation loss:		0.398295
  top 1 accuracy:		70.23 %
  top 2 accuracy:		87.21 %
0.10267852246761322
0.11385836452245712
Batch of classes 3 out of 7 batches
Epoch 9 of 30 took 23.811s
  training loss:		0.090606
  validation loss:		0.392591
  top 1 accuracy:		71.95 %
  top 2 accuracy:		90.27 %
0.11791089922189713
0.08414102345705032
Batch of classes 3 out of 7 batches
Epoch 10 of 30 took 23.495s
  training loss:		0.093289
  validation loss:		0.406233
  top 1 accuracy:		67.75 %
  top 2 accuracy:		86.64 %
0.07020694017410278
0.06429067254066467
Batch of classes 3 out of 7 batches
Epoch 11 of 30 took 23.326s
  training loss:		0.076210
  validation loss:		0.382054
  top 1 accuracy:		77.86 %
  top 2 accuracy:		91.03 %
0.09648136049509048
0.06360312551259995
Batch of classes 3 out of 7 batches
Epoch 12 of 30 took 23.883s
  training loss:		0.072808
  validation loss:		0.376020
  top 1 accuracy:		79.77 %
  top 2 accuracy:		91.79 %
0.08749999850988388
0.04615462198853493
Batch of classes 3 out of 7 batches
Epoch 13 of 30 took 23.721s
  training loss:		0.076064
  validation loss:		0.373214
  top 1 accuracy:		75.38 %
  top 2 accuracy:		90.84 %
0.06175662949681282
0.09814964979887009
Batch of classes 3 out of 7 batches
Epoch 14 of 30 took 23.377s
  training loss:		0.073395
  validation loss:		0.379542
  top 1 accuracy:		79.01 %
  top 2 accuracy:		88.55 %
0.06786414235830307
0.050272662192583084
Batch of classes 3 out of 7 batches
Epoch 15 of 30 took 23.604s
  training loss:		0.073614
  validation loss:		0.428277
  top 1 accuracy:		77.29 %
  top 2 accuracy:		91.60 %
0.05964023247361183
0.0856536328792572
Batch of classes 3 out of 7 batches
Epoch 16 of 30 took 23.808s
  training loss:		0.070521
  validation loss:		0.376564
  top 1 accuracy:		88.36 %
  top 2 accuracy:		95.42 %
0.06258860975503922
0.06527068465948105
Batch of classes 3 out of 7 batches
Epoch 17 of 30 took 23.558s
  training loss:		0.070426
  validation loss:		0.372742
  top 1 accuracy:		84.92 %
  top 2 accuracy:		94.08 %
0.07088363170623779
0.08023704588413239
Batch of classes 3 out of 7 batches
Epoch 18 of 30 took 23.553s
  training loss:		0.073439
  validation loss:		0.394063
  top 1 accuracy:		78.05 %
  top 2 accuracy:		91.03 %
0.08141836524009705
0.08104300498962402
Batch of classes 3 out of 7 batches
Epoch 19 of 30 took 23.765s
  training loss:		0.072336
  validation loss:		0.406832
  top 1 accuracy:		78.05 %
  top 2 accuracy:		91.79 %
0.07090608030557632
0.06976456940174103
Batch of classes 3 out of 7 batches
Epoch 20 of 30 took 23.452s
  training loss:		0.069485
  validation loss:		0.438988
  top 1 accuracy:		78.24 %
  top 2 accuracy:		92.75 %
0.06629976630210876
0.06445358693599701
Batch of classes 3 out of 7 batches
Epoch 21 of 30 took 23.810s
  training loss:		0.067556
  validation loss:		0.386541
  top 1 accuracy:		83.78 %
  top 2 accuracy:		93.32 %
0.062406040728092194
0.06750930845737457
Batch of classes 3 out of 7 batches
Epoch 22 of 30 took 24.019s
  training loss:		0.069570
  validation loss:		0.428096
  top 1 accuracy:		83.78 %
  top 2 accuracy:		93.70 %
0.07789170742034912
0.05885224789381027
Batch of classes 3 out of 7 batches
Epoch 23 of 30 took 23.736s
  training loss:		0.066819
  validation loss:		0.422624
  top 1 accuracy:		86.83 %
  top 2 accuracy:		94.47 %
0.05328695476055145
0.059935301542282104
Batch of classes 3 out of 7 batches
Epoch 24 of 30 took 23.724s
  training loss:		0.065555
  validation loss:		0.386101
  top 1 accuracy:		87.02 %
  top 2 accuracy:		93.89 %
0.05251959338784218
0.05189134553074837
Batch of classes 3 out of 7 batches
Epoch 25 of 30 took 23.724s
  training loss:		0.069562
  validation loss:		0.394948
  top 1 accuracy:		86.64 %
  top 2 accuracy:		94.08 %
0.0703406110405922
0.05981174856424332
Batch of classes 3 out of 7 batches
Epoch 26 of 30 took 23.971s
  training loss:		0.068084
  validation loss:		0.414151
  top 1 accuracy:		83.78 %
  top 2 accuracy:		93.70 %
0.05981878191232681
0.04838379845023155
Batch of classes 3 out of 7 batches
Epoch 27 of 30 took 23.670s
  training loss:		0.065727
  validation loss:		0.387154
  top 1 accuracy:		87.98 %
  top 2 accuracy:		94.85 %
0.06474371254444122
0.07860307395458221
Batch of classes 3 out of 7 batches
Epoch 28 of 30 took 24.040s
  training loss:		0.064088
  validation loss:		0.397922
  top 1 accuracy:		84.92 %
  top 2 accuracy:		94.27 %
0.05681062117218971
0.06233762949705124
Batch of classes 3 out of 7 batches
Epoch 29 of 30 took 23.544s
  training loss:		0.066602
  validation loss:		0.387663
  top 1 accuracy:		85.88 %
  top 2 accuracy:		94.47 %
0.07782824337482452
0.06528748571872711
Batch of classes 3 out of 7 batches
Epoch 30 of 30 took 23.663s
  training loss:		0.067046
  validation loss:		0.436545
  top 1 accuracy:		86.45 %
  top 2 accuracy:		93.70 %
Updating exemplar set...
Computing mean-of_exemplars and theoretical mean...
tensor(299)
tensor(299)
tensor(299)
tensor(299)
tensor(299)
tensor(299)
Computing accuracy on the original batch of classes...
Final results on gaugan classes:
  top 1 accuracy iCaRL          :		77.95 %
  top 1 accuracy Hybrid 1       :		90.20 %
  top 1 accuracy NCM            :		79.80 %
Binary accuracy:
Final results on gaugan classes:
  top 1 accuracy iCaRL          :		96.90 %
  top 1 accuracy Hybrid 1       :		75.85 %
  top 1 accuracy NCM            :		96.95 %
Final results on biggan classes:
  top 1 accuracy iCaRL          :		76.88 %
  top 1 accuracy Hybrid 1       :		59.50 %
  top 1 accuracy NCM            :		75.62 %
Binary accuracy:
Final results on biggan classes:
  top 1 accuracy iCaRL          :		96.75 %
  top 1 accuracy Hybrid 1       :		84.00 %
  top 1 accuracy NCM            :		96.88 %
Final results on cyclegan classes:
  top 1 accuracy iCaRL          :		95.61 %
  top 1 accuracy Hybrid 1       :		86.45 %
  top 1 accuracy NCM            :		95.61 %
Binary accuracy:
Final results on cyclegan classes:
  top 1 accuracy iCaRL          :		98.66 %
  top 1 accuracy Hybrid 1       :		95.04 %
  top 1 accuracy NCM            :		98.66 %
Final results on cumul of classes:
  top 1 accuracy iCaRL          :		80.48 %
  top 1 accuracy Hybrid 1       :		82.22 %
  top 1 accuracy NCM            :		81.29 %
Binary accuracy:
Final results on binary cumul of classes:
  top 1 accuracy iCaRL          :		97.14 %
  top 1 accuracy Hybrid 1       :		80.84 %
  top 1 accuracy NCM            :		97.20 %
Classes in this batch: tensor([6, 7])
Data Size: 7656


Before first epoch
  validation loss:		1.520661
  top 1 accuracy:		0.00 %
  top 2 accuracy:		0.00 %
Batch of classes number 4 arrives ...
0.881534218788147
0.1384563446044922
0.11119168996810913
Batch of classes 4 out of 7 batches
Epoch 1 of 30 took 222.377s
  training loss:		0.167870
  validation loss:		0.414941
  top 1 accuracy:		75.20 %
  top 2 accuracy:		85.78 %
0.11742282658815384
0.12174514681100845
0.09060312062501907
Batch of classes 4 out of 7 batches
Epoch 2 of 30 took 195.848s
  training loss:		0.105615
  validation loss:		0.367287
  top 1 accuracy:		98.28 %
  top 2 accuracy:		99.26 %
0.09851129353046417
0.10491757839918137
0.11347093433141708
Batch of classes 4 out of 7 batches
Epoch 3 of 30 took 79.126s
  training loss:		0.100632
  validation loss:		0.273214
  top 1 accuracy:		96.47 %
  top 2 accuracy:		98.75 %
0.11155565828084946
0.10546919703483582
0.11702154576778412
Batch of classes 4 out of 7 batches
Epoch 4 of 30 took 75.818s
  training loss:		0.098368
  validation loss:		0.493228
  top 1 accuracy:		97.81 %
  top 2 accuracy:		98.63 %
0.10673504322767258
0.09224483370780945
0.08924936503171921
Batch of classes 4 out of 7 batches
Epoch 5 of 30 took 75.327s
  training loss:		0.096737
  validation loss:		0.369262
  top 1 accuracy:		92.59 %
  top 2 accuracy:		94.44 %
0.10681478679180145
0.09006812423467636
0.09060350805521011
Batch of classes 4 out of 7 batches
Epoch 6 of 30 took 76.321s
  training loss:		0.097922
  validation loss:		0.355526
  top 1 accuracy:		98.94 %
  top 2 accuracy:		99.61 %
0.09887970983982086
0.13344644010066986
0.08612612634897232
Batch of classes 4 out of 7 batches
Epoch 7 of 30 took 75.893s
  training loss:		0.095247
  validation loss:		0.411668
  top 1 accuracy:		94.87 %
  top 2 accuracy:		96.87 %
0.08906690031290054
0.07142295688390732
0.09292248636484146
Batch of classes 4 out of 7 batches
Epoch 8 of 30 took 76.023s
  training loss:		0.094922
  validation loss:		0.417956
  top 1 accuracy:		98.35 %
  top 2 accuracy:		98.94 %
0.08903928101062775
0.10134586691856384
0.07824353873729706
Batch of classes 4 out of 7 batches
Epoch 9 of 30 took 76.146s
  training loss:		0.094312
  validation loss:		0.412364
  top 1 accuracy:		98.04 %
  top 2 accuracy:		99.02 %
0.09385038167238235
0.10382639616727829
0.0987333431839943
Batch of classes 4 out of 7 batches
Epoch 10 of 30 took 75.738s
  training loss:		0.098870
  validation loss:		0.402642
  top 1 accuracy:		98.98 %
  top 2 accuracy:		99.73 %
0.10782968997955322
0.09598810970783234
0.07949338108301163
Batch of classes 4 out of 7 batches
Epoch 11 of 30 took 75.293s
  training loss:		0.089614
  validation loss:		0.372281
  top 1 accuracy:		99.45 %
  top 2 accuracy:		99.96 %
0.06485617160797119
0.09012097865343094
0.07732730358839035
Batch of classes 4 out of 7 batches
Epoch 12 of 30 took 75.966s
  training loss:		0.088089
  validation loss:		0.388031
  top 1 accuracy:		98.90 %
  top 2 accuracy:		99.61 %
0.0978030413389206
0.08211406320333481
0.09548334032297134
Batch of classes 4 out of 7 batches
Epoch 13 of 30 took 75.767s
  training loss:		0.087738
  validation loss:		0.344645
  top 1 accuracy:		99.84 %
  top 2 accuracy:		99.96 %
0.08858568966388702
0.08412075787782669
0.10442540049552917
Batch of classes 4 out of 7 batches
Epoch 14 of 30 took 75.873s
  training loss:		0.088872
  validation loss:		0.410409
  top 1 accuracy:		89.81 %
  top 2 accuracy:		94.44 %
0.09812141954898834
0.07137258350849152
0.07743244618177414
Batch of classes 4 out of 7 batches
Epoch 15 of 30 took 76.155s
  training loss:		0.086686
  validation loss:		0.356425
  top 1 accuracy:		99.22 %
  top 2 accuracy:		99.69 %
0.09361301362514496
0.07161243259906769
0.09201739728450775
Batch of classes 4 out of 7 batches
Epoch 16 of 30 took 146.898s
  training loss:		0.087089
  validation loss:		0.365491
  top 1 accuracy:		99.80 %
  top 2 accuracy:		100.00 %
0.07369683682918549
0.07330360263586044
0.09764771908521652
Batch of classes 4 out of 7 batches
Epoch 17 of 30 took 118.284s
  training loss:		0.087947
  validation loss:		0.433546
  top 1 accuracy:		99.80 %
  top 2 accuracy:		100.00 %
0.08282855898141861
0.07953502982854843
0.08542974293231964
Batch of classes 4 out of 7 batches
Epoch 18 of 30 took 76.141s
  training loss:		0.089192
  validation loss:		0.390891
  top 1 accuracy:		98.16 %
  top 2 accuracy:		99.37 %
0.09237083792686462
0.09726541489362717
0.08491186797618866
Batch of classes 4 out of 7 batches
Epoch 19 of 30 took 76.325s
  training loss:		0.087437
  validation loss:		0.382379
  top 1 accuracy:		98.71 %
  top 2 accuracy:		99.65 %
0.07659552991390228
0.0905662328004837
0.09142784029245377
Batch of classes 4 out of 7 batches
Epoch 20 of 30 took 76.333s
  training loss:		0.086657
  validation loss:		0.385286
  top 1 accuracy:		97.96 %
  top 2 accuracy:		99.18 %
0.07563674449920654
0.07986617088317871
0.09921567142009735
Batch of classes 4 out of 7 batches
Epoch 21 of 30 took 76.169s
  training loss:		0.085693
  validation loss:		0.384532
  top 1 accuracy:		99.80 %
  top 2 accuracy:		99.96 %
0.06726809591054916
0.10351476073265076
0.09751317650079727
Batch of classes 4 out of 7 batches
Epoch 22 of 30 took 87.497s
  training loss:		0.084855
  validation loss:		0.394529
  top 1 accuracy:		99.88 %
  top 2 accuracy:		100.00 %
0.09537900239229202
0.09758704155683517
0.09888701140880585
Batch of classes 4 out of 7 batches
Epoch 23 of 30 took 108.982s
  training loss:		0.085019
  validation loss:		0.382687
  top 1 accuracy:		99.53 %
  top 2 accuracy:		99.96 %
0.08976251631975174
0.0987231582403183
0.09194841235876083
Batch of classes 4 out of 7 batches
Epoch 24 of 30 took 76.134s
  training loss:		0.085934
  validation loss:		0.375418
  top 1 accuracy:		99.41 %
  top 2 accuracy:		99.84 %
0.0796002671122551
0.09074095636606216
0.08056124299764633
Batch of classes 4 out of 7 batches
Epoch 25 of 30 took 76.356s
  training loss:		0.085346
  validation loss:		0.372519
  top 1 accuracy:		99.73 %
  top 2 accuracy:		99.96 %
0.08383987098932266
0.0857938602566719
0.0782020092010498
Batch of classes 4 out of 7 batches
Epoch 26 of 30 took 76.550s
  training loss:		0.085153
  validation loss:		0.370036
  top 1 accuracy:		99.80 %
  top 2 accuracy:		100.00 %
0.08721604198217392
0.09418264031410217
0.080071821808815
Batch of classes 4 out of 7 batches
Epoch 27 of 30 took 76.285s
  training loss:		0.085601
  validation loss:		0.380440
  top 1 accuracy:		99.69 %
  top 2 accuracy:		99.96 %
0.08486379683017731
0.08416307717561722
0.07029552757740021
Batch of classes 4 out of 7 batches
Epoch 28 of 30 took 76.084s
  training loss:		0.084853
  validation loss:		0.386399
  top 1 accuracy:		99.73 %
  top 2 accuracy:		99.96 %
0.09114111214876175
0.083775594830513
0.08125729858875275
Batch of classes 4 out of 7 batches
Epoch 29 of 30 took 77.047s
  training loss:		0.084317
  validation loss:		0.375822
  top 1 accuracy:		99.88 %
  top 2 accuracy:		100.00 %
0.09468937665224075
0.08609037846326828
0.07022695988416672
Batch of classes 4 out of 7 batches
Epoch 30 of 30 took 75.967s
  training loss:		0.085422
  validation loss:		0.394172
  top 1 accuracy:		99.88 %
  top 2 accuracy:		100.00 %
Updating exemplar set...
Computing mean-of_exemplars and theoretical mean...
tensor(224)
tensor(224)
tensor(224)
tensor(224)
tensor(224)
tensor(224)
tensor(224)
tensor(224)
Computing accuracy on the original batch of classes...
Final results on gaugan classes:
  top 1 accuracy iCaRL          :		78.75 %
  top 1 accuracy Hybrid 1       :		89.35 %
  top 1 accuracy NCM            :		79.35 %
Binary accuracy:
Final results on gaugan classes:
  top 1 accuracy iCaRL          :		97.50 %
  top 1 accuracy Hybrid 1       :		70.85 %
  top 1 accuracy NCM            :		97.45 %
Final results on biggan classes:
  top 1 accuracy iCaRL          :		76.00 %
  top 1 accuracy Hybrid 1       :		55.25 %
  top 1 accuracy NCM            :		74.75 %
Binary accuracy:
Final results on biggan classes:
  top 1 accuracy iCaRL          :		96.88 %
  top 1 accuracy Hybrid 1       :		87.50 %
  top 1 accuracy NCM            :		96.75 %
Final results on cyclegan classes:
  top 1 accuracy iCaRL          :		92.37 %
  top 1 accuracy Hybrid 1       :		68.13 %
  top 1 accuracy NCM            :		92.56 %
Binary accuracy:
Final results on cyclegan classes:
  top 1 accuracy iCaRL          :		97.14 %
  top 1 accuracy Hybrid 1       :		86.83 %
  top 1 accuracy NCM            :		96.95 %
Final results on imle classes:
  top 1 accuracy iCaRL          :		99.96 %
  top 1 accuracy Hybrid 1       :		99.88 %
  top 1 accuracy NCM            :		99.96 %
Binary accuracy:
Final results on imle classes:
  top 1 accuracy iCaRL          :		100.00 %
  top 1 accuracy Hybrid 1       :		99.06 %
  top 1 accuracy NCM            :		100.00 %
Final results on cumul of classes:
  top 1 accuracy iCaRL          :		88.80 %
  top 1 accuracy Hybrid 1       :		87.39 %
  top 1 accuracy NCM            :		88.85 %
Binary accuracy:
Final results on binary cumul of classes:
  top 1 accuracy iCaRL          :		98.47 %
  top 1 accuracy Hybrid 1       :		86.79 %
  top 1 accuracy NCM            :		98.42 %
Classes in this batch: tensor([8, 9])
Data Size: 3248


Before first epoch
  validation loss:		0.929232
  top 1 accuracy:		0.00 %
  top 2 accuracy:		0.00 %
Batch of classes number 5 arrives ...
0.9146521687507629
0.2008620947599411
Batch of classes 5 out of 7 batches
Epoch 1 of 30 took 49.327s
  training loss:		0.269996
  validation loss:		0.459007
  top 1 accuracy:		47.60 %
  top 2 accuracy:		82.62 %
0.1805717498064041
0.18512214720249176
Batch of classes 5 out of 7 batches
Epoch 2 of 30 took 36.106s
  training loss:		0.185446
  validation loss:		0.464743
  top 1 accuracy:		79.57 %
  top 2 accuracy:		89.37 %
0.1702934205532074
0.1600334495306015
Batch of classes 5 out of 7 batches
Epoch 3 of 30 took 35.236s
  training loss:		0.179279
  validation loss:		0.442573
  top 1 accuracy:		85.12 %
  top 2 accuracy:		89.00 %
0.16302704811096191
0.18357543647289276
Batch of classes 5 out of 7 batches
Epoch 4 of 30 took 36.432s
  training loss:		0.174868
  validation loss:		0.475976
  top 1 accuracy:		83.46 %
  top 2 accuracy:		90.76 %
0.15530823171138763
0.16792930662631989
Batch of classes 5 out of 7 batches
Epoch 5 of 30 took 35.697s
  training loss:		0.170552
  validation loss:		0.466084
  top 1 accuracy:		90.76 %
  top 2 accuracy:		92.61 %
0.1894541084766388
0.14489221572875977
Batch of classes 5 out of 7 batches
Epoch 6 of 30 took 35.782s
  training loss:		0.172306
  validation loss:		0.521018
  top 1 accuracy:		80.41 %
  top 2 accuracy:		86.04 %
0.1586775779724121
0.18519911170005798
Batch of classes 5 out of 7 batches
Epoch 7 of 30 took 35.339s
  training loss:		0.170380
  validation loss:		0.492153
  top 1 accuracy:		91.13 %
  top 2 accuracy:		93.25 %
0.18321117758750916
0.1847725510597229
Batch of classes 5 out of 7 batches
Epoch 8 of 30 took 36.070s
  training loss:		0.171092
  validation loss:		0.487132
  top 1 accuracy:		86.32 %
  top 2 accuracy:		89.00 %
0.15239420533180237
0.1637578308582306
Batch of classes 5 out of 7 batches
Epoch 9 of 30 took 36.090s
  training loss:		0.170321
  validation loss:		0.495140
  top 1 accuracy:		83.09 %
  top 2 accuracy:		90.94 %
0.17188826203346252
0.15875643491744995
Batch of classes 5 out of 7 batches
Epoch 10 of 30 took 35.795s
  training loss:		0.169886
  validation loss:		0.441972
  top 1 accuracy:		91.13 %
  top 2 accuracy:		93.99 %
0.15542897582054138
0.15054504573345184
Batch of classes 5 out of 7 batches
Epoch 11 of 30 took 36.167s
  training loss:		0.161993
  validation loss:		0.490324
  top 1 accuracy:		93.99 %
  top 2 accuracy:		95.10 %
0.18498735129833221
0.14345628023147583
Batch of classes 5 out of 7 batches
Epoch 12 of 30 took 36.197s
  training loss:		0.160948
  validation loss:		0.460014
  top 1 accuracy:		93.07 %
  top 2 accuracy:		95.56 %
0.1478692889213562
0.1447901725769043
Batch of classes 5 out of 7 batches
Epoch 13 of 30 took 36.455s
  training loss:		0.159241
  validation loss:		0.479772
  top 1 accuracy:		93.25 %
  top 2 accuracy:		94.82 %
0.1682434380054474
0.1469600647687912
Batch of classes 5 out of 7 batches
Epoch 14 of 30 took 36.070s
  training loss:		0.160019
  validation loss:		0.486359
  top 1 accuracy:		92.79 %
  top 2 accuracy:		94.09 %
0.16067297756671906
0.15826301276683807
Batch of classes 5 out of 7 batches
Epoch 15 of 30 took 36.208s
  training loss:		0.158641
  validation loss:		0.489592
  top 1 accuracy:		93.62 %
  top 2 accuracy:		95.01 %
0.1671571433544159
0.1459522247314453
Batch of classes 5 out of 7 batches
Epoch 16 of 30 took 36.103s
  training loss:		0.159160
  validation loss:		0.482794
  top 1 accuracy:		90.02 %
  top 2 accuracy:		92.98 %
0.17301498353481293
0.15363356471061707
Batch of classes 5 out of 7 batches
Epoch 17 of 30 took 36.164s
  training loss:		0.158652
  validation loss:		0.487475
  top 1 accuracy:		91.50 %
  top 2 accuracy:		94.09 %
0.18412849307060242
0.18662099540233612
Batch of classes 5 out of 7 batches
Epoch 18 of 30 took 35.801s
  training loss:		0.159888
  validation loss:		0.487127
  top 1 accuracy:		93.35 %
  top 2 accuracy:		95.29 %
0.19086851179599762
0.1846294105052948
Batch of classes 5 out of 7 batches
Epoch 19 of 30 took 36.058s
  training loss:		0.159795
  validation loss:		0.498380
  top 1 accuracy:		94.18 %
  top 2 accuracy:		95.84 %
0.14965122938156128
0.18037445843219757
Batch of classes 5 out of 7 batches
Epoch 20 of 30 took 36.294s
  training loss:		0.158377
  validation loss:		0.482778
  top 1 accuracy:		92.79 %
  top 2 accuracy:		93.99 %
0.14375720918178558
0.17722676694393158
Batch of classes 5 out of 7 batches
Epoch 21 of 30 took 35.899s
  training loss:		0.156629
  validation loss:		0.488832
  top 1 accuracy:		93.81 %
  top 2 accuracy:		95.47 %
0.15813347697257996
0.13405194878578186
Batch of classes 5 out of 7 batches
Epoch 22 of 30 took 36.442s
  training loss:		0.156104
  validation loss:		0.485485
  top 1 accuracy:		92.88 %
  top 2 accuracy:		95.01 %
0.1551508903503418
0.1260887086391449
Batch of classes 5 out of 7 batches
Epoch 23 of 30 took 35.928s
  training loss:		0.155826
  validation loss:		0.484330
  top 1 accuracy:		93.44 %
  top 2 accuracy:		95.56 %
0.1718260943889618
0.16559749841690063
Batch of classes 5 out of 7 batches
Epoch 24 of 30 took 35.951s
  training loss:		0.155755
  validation loss:		0.484247
  top 1 accuracy:		93.35 %
  top 2 accuracy:		95.47 %
0.15474745631217957
0.15235455334186554
Batch of classes 5 out of 7 batches
Epoch 25 of 30 took 36.033s
  training loss:		0.155784
  validation loss:		0.484790
  top 1 accuracy:		93.90 %
  top 2 accuracy:		95.66 %
0.1548512578010559
0.18298710882663727
Batch of classes 5 out of 7 batches
Epoch 26 of 30 took 36.224s
  training loss:		0.155538
  validation loss:		0.481618
  top 1 accuracy:		93.25 %
  top 2 accuracy:		95.10 %
0.16921034455299377
0.13944250345230103
Batch of classes 5 out of 7 batches
Epoch 27 of 30 took 35.951s
  training loss:		0.155977
  validation loss:		0.480347
  top 1 accuracy:		93.90 %
  top 2 accuracy:		95.66 %
0.14350616931915283
0.15812666714191437
Batch of classes 5 out of 7 batches
Epoch 28 of 30 took 36.388s
  training loss:		0.155751
  validation loss:		0.475878
  top 1 accuracy:		91.87 %
  top 2 accuracy:		94.27 %
0.19163420796394348
0.1435099095106125
Batch of classes 5 out of 7 batches
Epoch 29 of 30 took 35.852s
  training loss:		0.155516
  validation loss:		0.490030
  top 1 accuracy:		94.18 %
  top 2 accuracy:		95.56 %
0.1738908439874649
0.13362938165664673
Batch of classes 5 out of 7 batches
Epoch 30 of 30 took 36.326s
  training loss:		0.155752
  validation loss:		0.481851
  top 1 accuracy:		94.73 %
  top 2 accuracy:		95.66 %
Updating exemplar set...
Computing mean-of_exemplars and theoretical mean...
tensor(180)
tensor(180)
tensor(180)
tensor(180)
tensor(180)
tensor(180)
tensor(180)
tensor(180)
tensor(180)
tensor(180)
Computing accuracy on the original batch of classes...
Final results on gaugan classes:
  top 1 accuracy iCaRL          :		79.85 %
  top 1 accuracy Hybrid 1       :		83.80 %
  top 1 accuracy NCM            :		80.15 %
Binary accuracy:
Final results on gaugan classes:
  top 1 accuracy iCaRL          :		95.60 %
  top 1 accuracy Hybrid 1       :		55.55 %
  top 1 accuracy NCM            :		95.70 %
Final results on biggan classes:
  top 1 accuracy iCaRL          :		69.62 %
  top 1 accuracy Hybrid 1       :		46.62 %
  top 1 accuracy NCM            :		68.75 %
Binary accuracy:
Final results on biggan classes:
  top 1 accuracy iCaRL          :		96.50 %
  top 1 accuracy Hybrid 1       :		64.12 %
  top 1 accuracy NCM            :		96.75 %
Final results on cyclegan classes:
  top 1 accuracy iCaRL          :		91.03 %
  top 1 accuracy Hybrid 1       :		56.11 %
  top 1 accuracy NCM            :		90.65 %
Binary accuracy:
Final results on cyclegan classes:
  top 1 accuracy iCaRL          :		97.14 %
  top 1 accuracy Hybrid 1       :		85.31 %
  top 1 accuracy NCM            :		96.95 %
Final results on imle classes:
  top 1 accuracy iCaRL          :		99.96 %
  top 1 accuracy Hybrid 1       :		98.32 %
  top 1 accuracy NCM            :		99.96 %
Binary accuracy:
Final results on imle classes:
  top 1 accuracy iCaRL          :		99.96 %
  top 1 accuracy Hybrid 1       :		99.45 %
  top 1 accuracy NCM            :		99.96 %
Final results on deepfake classes:
  top 1 accuracy iCaRL          :		96.49 %
  top 1 accuracy Hybrid 1       :		94.73 %
  top 1 accuracy NCM            :		96.49 %
Binary accuracy:
Final results on deepfake classes:
  top 1 accuracy iCaRL          :		96.58 %
  top 1 accuracy Hybrid 1       :		90.39 %
  top 1 accuracy NCM            :		96.58 %
Final results on cumul of classes:
  top 1 accuracy iCaRL          :		89.48 %
  top 1 accuracy Hybrid 1       :		84.46 %
  top 1 accuracy NCM            :		89.44 %
Binary accuracy:
Final results on binary cumul of classes:
  top 1 accuracy iCaRL          :		97.57 %
  top 1 accuracy Hybrid 1       :		80.30 %
  top 1 accuracy NCM            :		97.61 %
Classes in this batch: tensor([10, 11])
Data Size: 7658


Before first epoch
  validation loss:		2.012969
  top 1 accuracy:		0.00 %
  top 2 accuracy:		0.00 %
Batch of classes number 6 arrives ...
0.813800573348999
0.23903822898864746
0.13688209652900696
Batch of classes 6 out of 7 batches
Epoch 1 of 30 took 209.498s
  training loss:		0.182890
  validation loss:		0.627086
  top 1 accuracy:		49.37 %
  top 2 accuracy:		77.94 %
0.11343270540237427
0.1133347749710083
0.13272899389266968
Batch of classes 6 out of 7 batches
Epoch 2 of 30 took 147.507s
  training loss:		0.131978
  validation loss:		0.824255
  top 1 accuracy:		32.33 %
  top 2 accuracy:		86.29 %
0.12566933035850525
0.1359858214855194
0.10840807855129242
Batch of classes 6 out of 7 batches
Epoch 3 of 30 took 198.943s
  training loss:		0.130538
  validation loss:		0.769938
  top 1 accuracy:		47.22 %
  top 2 accuracy:		90.16 %
0.12440340220928192
0.1435817927122116
0.1427098512649536
Batch of classes 6 out of 7 batches
Epoch 4 of 30 took 201.321s
  training loss:		0.128059
  validation loss:		0.613320
  top 1 accuracy:		40.05 %
  top 2 accuracy:		69.32 %
0.11847450584173203
0.14547625184059143
0.10556390881538391
Batch of classes 6 out of 7 batches
Epoch 5 of 30 took 197.944s
  training loss:		0.128796
  validation loss:		0.777703
  top 1 accuracy:		49.84 %
  top 2 accuracy:		63.01 %
0.11052019149065018
0.11893565952777863
0.1193343997001648
Batch of classes 6 out of 7 batches
Epoch 6 of 30 took 120.021s
  training loss:		0.128959
  validation loss:		0.748648
  top 1 accuracy:		44.91 %
  top 2 accuracy:		64.30 %
0.11522386223077774
0.131318598985672
0.13618291914463043
Batch of classes 6 out of 7 batches
Epoch 7 of 30 took 75.122s
  training loss:		0.127114
  validation loss:		0.783534
  top 1 accuracy:		55.37 %
  top 2 accuracy:		86.83 %
0.1409771740436554
0.14631059765815735
0.11445596069097519
Batch of classes 6 out of 7 batches
Epoch 8 of 30 took 75.677s
  training loss:		0.124235
  validation loss:		0.803770
  top 1 accuracy:		74.29 %
  top 2 accuracy:		97.77 %
0.12368155270814896
0.12261702865362167
0.1190238893032074
Batch of classes 6 out of 7 batches
Epoch 9 of 30 took 75.114s
  training loss:		0.126459
  validation loss:		0.850313
  top 1 accuracy:		66.14 %
  top 2 accuracy:		88.24 %
0.1235811784863472
0.11686477810144424
0.1306857317686081
Batch of classes 6 out of 7 batches
Epoch 10 of 30 took 75.334s
  training loss:		0.122118
  validation loss:		0.783301
  top 1 accuracy:		69.95 %
  top 2 accuracy:		90.52 %
0.15410980582237244
0.11245889961719513
0.1422249674797058
Batch of classes 6 out of 7 batches
Epoch 11 of 30 took 75.584s
  training loss:		0.119770
  validation loss:		0.755636
  top 1 accuracy:		88.87 %
  top 2 accuracy:		99.06 %
0.09707503765821457
0.11491082608699799
0.1290840357542038
Batch of classes 6 out of 7 batches
Epoch 12 of 30 took 75.187s
  training loss:		0.119087
  validation loss:		0.715749
  top 1 accuracy:		91.03 %
  top 2 accuracy:		97.96 %
0.1380285918712616
0.13485893607139587
0.13905015587806702
Batch of classes 6 out of 7 batches
Epoch 13 of 30 took 75.210s
  training loss:		0.117808
  validation loss:		0.766279
  top 1 accuracy:		97.37 %
  top 2 accuracy:		99.80 %
0.13148537278175354
0.1191687136888504
0.1389847844839096
Batch of classes 6 out of 7 batches
Epoch 14 of 30 took 75.794s
  training loss:		0.117560
  validation loss:		0.795962
  top 1 accuracy:		93.61 %
  top 2 accuracy:		99.41 %
0.13529899716377258
0.1333138793706894
0.11891719698905945
Batch of classes 6 out of 7 batches
Epoch 15 of 30 took 75.123s
  training loss:		0.117392
  validation loss:		0.790237
  top 1 accuracy:		79.47 %
  top 2 accuracy:		95.69 %
0.10929020494222641
0.12130196392536163
0.1274275779724121
Batch of classes 6 out of 7 batches
Epoch 16 of 30 took 75.438s
  training loss:		0.118130
  validation loss:		0.753850
  top 1 accuracy:		92.16 %
  top 2 accuracy:		98.94 %
0.09597338736057281
0.10132260620594025
0.12518338859081268
Batch of classes 6 out of 7 batches
Epoch 17 of 30 took 75.267s
  training loss:		0.117629
  validation loss:		0.758574
  top 1 accuracy:		95.30 %
  top 2 accuracy:		99.57 %
0.09352312982082367
0.13159212470054626
0.12672577798366547
Batch of classes 6 out of 7 batches
Epoch 18 of 30 took 75.557s
  training loss:		0.117425
  validation loss:		0.770447
  top 1 accuracy:		95.18 %
  top 2 accuracy:		99.69 %
0.11491398513317108
0.1325390785932541
0.11372581124305725
Batch of classes 6 out of 7 batches
Epoch 19 of 30 took 75.227s
  training loss:		0.117600
  validation loss:		0.791441
  top 1 accuracy:		98.43 %
  top 2 accuracy:		100.00 %
0.11426496505737305
0.11211670190095901
0.13059628009796143
Batch of classes 6 out of 7 batches
Epoch 20 of 30 took 76.049s
  training loss:		0.117433
  validation loss:		0.801545
  top 1 accuracy:		85.82 %
  top 2 accuracy:		98.43 %
0.15180420875549316
0.1471560001373291
0.10061292350292206
Batch of classes 6 out of 7 batches
Epoch 21 of 30 took 75.379s
  training loss:		0.116190
  validation loss:		0.769959
  top 1 accuracy:		96.90 %
  top 2 accuracy:		99.80 %
0.14078687131404877
0.1273139864206314
0.13755258917808533
Batch of classes 6 out of 7 batches
Epoch 22 of 30 took 74.802s
  training loss:		0.115901
  validation loss:		0.798406
  top 1 accuracy:		98.71 %
  top 2 accuracy:		99.92 %
0.12426785379648209
0.10811631381511688
0.10107327997684479
Batch of classes 6 out of 7 batches
Epoch 23 of 30 took 74.801s
  training loss:		0.116507
  validation loss:		0.753086
  top 1 accuracy:		98.28 %
  top 2 accuracy:		99.80 %
0.09938322007656097
0.1108563020825386
0.1386723816394806
Batch of classes 6 out of 7 batches
Epoch 24 of 30 took 75.131s
  training loss:		0.116439
  validation loss:		0.743584
  top 1 accuracy:		95.92 %
  top 2 accuracy:		99.53 %
0.125168114900589
0.11106322705745697
0.11185268312692642
Batch of classes 6 out of 7 batches
Epoch 25 of 30 took 75.233s
  training loss:		0.115604
  validation loss:		0.760978
  top 1 accuracy:		98.71 %
  top 2 accuracy:		99.80 %
0.13063856959342957
0.10110390931367874
0.09520110487937927
Batch of classes 6 out of 7 batches
Epoch 26 of 30 took 79.312s
  training loss:		0.115986
  validation loss:		0.768912
  top 1 accuracy:		98.08 %
  top 2 accuracy:		99.88 %
0.14687316119670868
0.119703009724617
0.12372548878192902
Batch of classes 6 out of 7 batches
Epoch 27 of 30 took 75.063s
  training loss:		0.115681
  validation loss:		0.778117
  top 1 accuracy:		97.65 %
  top 2 accuracy:		99.88 %
0.1061696857213974
0.10215111821889877
0.09205867350101471
Batch of classes 6 out of 7 batches
Epoch 28 of 30 took 75.816s
  training loss:		0.116530
  validation loss:		0.786205
  top 1 accuracy:		97.02 %
  top 2 accuracy:		99.80 %
0.09743715077638626
0.12561923265457153
0.11918558925390244
Batch of classes 6 out of 7 batches
Epoch 29 of 30 took 75.475s
  training loss:		0.116595
  validation loss:		0.765952
  top 1 accuracy:		99.49 %
  top 2 accuracy:		99.92 %
0.12134084850549698
0.10478411614894867
0.10486431419849396
Batch of classes 6 out of 7 batches
Epoch 30 of 30 took 75.464s
  training loss:		0.115049
  validation loss:		0.782444
  top 1 accuracy:		99.26 %
  top 2 accuracy:		99.96 %
Updating exemplar set...
Computing mean-of_exemplars and theoretical mean...
tensor(150)
tensor(150)
tensor(150)
tensor(150)
tensor(150)
tensor(150)
tensor(150)
tensor(150)
tensor(150)
tensor(150)
tensor(150)
tensor(150)
Computing accuracy on the original batch of classes...
Final results on gaugan classes:
  top 1 accuracy iCaRL          :		78.85 %
  top 1 accuracy Hybrid 1       :		79.00 %
  top 1 accuracy NCM            :		78.65 %
Binary accuracy:
Final results on gaugan classes:
  top 1 accuracy iCaRL          :		94.75 %
  top 1 accuracy Hybrid 1       :		52.50 %
  top 1 accuracy NCM            :		94.40 %
Final results on biggan classes:
  top 1 accuracy iCaRL          :		68.62 %
  top 1 accuracy Hybrid 1       :		38.88 %
  top 1 accuracy NCM            :		68.50 %
Binary accuracy:
Final results on biggan classes:
  top 1 accuracy iCaRL          :		94.00 %
  top 1 accuracy Hybrid 1       :		64.88 %
  top 1 accuracy NCM            :		94.00 %
Final results on cyclegan classes:
  top 1 accuracy iCaRL          :		90.65 %
  top 1 accuracy Hybrid 1       :		52.48 %
  top 1 accuracy NCM            :		91.79 %
Binary accuracy:
Final results on cyclegan classes:
  top 1 accuracy iCaRL          :		95.99 %
  top 1 accuracy Hybrid 1       :		78.82 %
  top 1 accuracy NCM            :		95.61 %
Final results on imle classes:
  top 1 accuracy iCaRL          :		69.79 %
  top 1 accuracy Hybrid 1       :		50.43 %
  top 1 accuracy NCM            :		80.33 %
Binary accuracy:
Final results on imle classes:
  top 1 accuracy iCaRL          :		100.00 %
  top 1 accuracy Hybrid 1       :		94.36 %
  top 1 accuracy NCM            :		100.00 %
Final results on deepfake classes:
  top 1 accuracy iCaRL          :		96.12 %
  top 1 accuracy Hybrid 1       :		92.61 %
  top 1 accuracy NCM            :		96.40 %
Binary accuracy:
Final results on deepfake classes:
  top 1 accuracy iCaRL          :		96.30 %
  top 1 accuracy Hybrid 1       :		85.49 %
  top 1 accuracy NCM            :		96.49 %
Final results on crn classes:
  top 1 accuracy iCaRL          :		80.25 %
  top 1 accuracy Hybrid 1       :		99.26 %
  top 1 accuracy NCM            :		69.63 %
Binary accuracy:
Final results on crn classes:
  top 1 accuracy iCaRL          :		100.00 %
  top 1 accuracy Hybrid 1       :		99.92 %
  top 1 accuracy NCM            :		100.00 %
Final results on cumul of classes:
  top 1 accuracy iCaRL          :		78.55 %
  top 1 accuracy Hybrid 1       :		73.48 %
  top 1 accuracy NCM            :		78.57 %
Binary accuracy:
Final results on binary cumul of classes:
  top 1 accuracy iCaRL          :		97.75 %
  top 1 accuracy Hybrid 1       :		82.70 %
  top 1 accuracy NCM            :		97.68 %
Classes in this batch: tensor([12, 13])
Data Size: 6208


Before first epoch
  validation loss:		1.268230
  top 1 accuracy:		0.00 %
  top 2 accuracy:		0.00 %
Batch of classes number 7 arrives ...
1.2924683094024658
0.32467612624168396
0.3090406358242035
Batch of classes 7 out of 7 batches
Epoch 1 of 30 took 83.778s
  training loss:		0.351953
  validation loss:		0.632684
  top 1 accuracy:		0.00 %
  top 2 accuracy:		0.00 %
0.2817767262458801
0.2985527217388153
0.3008635640144348
Batch of classes 7 out of 7 batches
Epoch 2 of 30 took 57.404s
  training loss:		0.305598
  validation loss:		0.791017
  top 1 accuracy:		3.68 %
  top 2 accuracy:		7.71 %
0.29618701338768005
0.3094502389431
0.30738893151283264
Batch of classes 7 out of 7 batches
Epoch 3 of 30 took 57.798s
  training loss:		0.297040
  validation loss:		0.644580
  top 1 accuracy:		3.49 %
  top 2 accuracy:		17.60 %
0.3408252000808716
0.2816537320613861
0.32086583971977234
Batch of classes 7 out of 7 batches
Epoch 4 of 30 took 57.602s
  training loss:		0.290969
  validation loss:		0.847466
  top 1 accuracy:		8.63 %
  top 2 accuracy:		28.31 %
0.29923880100250244
0.30072709918022156
0.3292219340801239
Batch of classes 7 out of 7 batches
Epoch 5 of 30 took 57.165s
  training loss:		0.288485
  validation loss:		0.700523
  top 1 accuracy:		4.85 %
  top 2 accuracy:		17.94 %
0.26171597838401794
0.3167935907840729
0.30122023820877075
Batch of classes 7 out of 7 batches
Epoch 6 of 30 took 57.823s
  training loss:		0.285051
  validation loss:		0.750982
  top 1 accuracy:		4.94 %
  top 2 accuracy:		22.10 %
0.3262236714363098
0.2700146734714508
0.2800285816192627
Batch of classes 7 out of 7 batches
Epoch 7 of 30 took 58.350s
  training loss:		0.283236
  validation loss:		0.679507
  top 1 accuracy:		22.78 %
  top 2 accuracy:		44.89 %
0.3239150643348694
0.25107136368751526
0.3007548749446869
Batch of classes 7 out of 7 batches
Epoch 8 of 30 took 57.334s
  training loss:		0.280745
  validation loss:		0.651285
  top 1 accuracy:		25.21 %
  top 2 accuracy:		43.72 %
0.2803981602191925
0.30388253927230835
0.23873475193977356
Batch of classes 7 out of 7 batches
Epoch 9 of 30 took 57.442s
  training loss:		0.279600
  validation loss:		0.673722
  top 1 accuracy:		21.52 %
  top 2 accuracy:		38.54 %
0.23430253565311432
0.27343297004699707
0.22860398888587952
Batch of classes 7 out of 7 batches
Epoch 10 of 30 took 58.136s
  training loss:		0.274903
  validation loss:		0.647533
  top 1 accuracy:		22.88 %
  top 2 accuracy:		41.20 %
0.25508004426956177
0.29122501611709595
0.25896599888801575
Batch of classes 7 out of 7 batches
Epoch 11 of 30 took 58.258s
  training loss:		0.263878
  validation loss:		0.694088
  top 1 accuracy:		32.91 %
  top 2 accuracy:		48.81 %
0.28786030411720276
0.22255460917949677
0.254538893699646
Batch of classes 7 out of 7 batches
Epoch 12 of 30 took 57.154s
  training loss:		0.260081
  validation loss:		0.706436
  top 1 accuracy:		32.53 %
  top 2 accuracy:		49.49 %
0.280272901058197
0.2697281241416931
0.25393739342689514
Batch of classes 7 out of 7 batches
Epoch 13 of 30 took 58.161s
  training loss:		0.258128
  validation loss:		0.688052
  top 1 accuracy:		37.66 %
  top 2 accuracy:		51.87 %
0.22076769173145294
0.2846190929412842
0.25712186098098755
Batch of classes 7 out of 7 batches
Epoch 14 of 30 took 57.840s
  training loss:		0.257179
  validation loss:		0.739053
  top 1 accuracy:		40.28 %
  top 2 accuracy:		53.56 %
0.2832978367805481
0.21224883198738098
0.22936218976974487
Batch of classes 7 out of 7 batches
Epoch 15 of 30 took 57.143s
  training loss:		0.254853
  validation loss:		0.725241
  top 1 accuracy:		42.22 %
  top 2 accuracy:		56.52 %
0.2421962022781372
0.22763566672801971
0.24912092089653015
Batch of classes 7 out of 7 batches
Epoch 16 of 30 took 57.782s
  training loss:		0.253476
  validation loss:		0.693392
  top 1 accuracy:		43.19 %
  top 2 accuracy:		57.78 %
0.285763144493103
0.2710086405277252
0.2653908133506775
Batch of classes 7 out of 7 batches
Epoch 17 of 30 took 57.835s
  training loss:		0.252361
  validation loss:		0.723905
  top 1 accuracy:		38.68 %
  top 2 accuracy:		53.95 %
0.23606935143470764
0.2709716856479645
0.27441057562828064
Batch of classes 7 out of 7 batches
Epoch 18 of 30 took 57.886s
  training loss:		0.250773
  validation loss:		0.719524
  top 1 accuracy:		47.46 %
  top 2 accuracy:		61.22 %
0.23282437026500702
0.2611357271671295
0.2744855582714081
Batch of classes 7 out of 7 batches
Epoch 19 of 30 took 58.268s
  training loss:		0.250826
  validation loss:		0.724527
  top 1 accuracy:		42.07 %
  top 2 accuracy:		56.62 %
0.2585600018501282
0.2458948791027069
0.23664477467536926
Batch of classes 7 out of 7 batches
Epoch 20 of 30 took 57.660s
  training loss:		0.249925
  validation loss:		0.737228
  top 1 accuracy:		39.99 %
  top 2 accuracy:		53.81 %
0.22276835143566132
0.24548998475074768
0.2260081171989441
Batch of classes 7 out of 7 batches
Epoch 21 of 30 took 57.892s
  training loss:		0.244018
  validation loss:		0.720418
  top 1 accuracy:		45.61 %
  top 2 accuracy:		58.36 %
0.24538828432559967
0.22213353216648102
0.2290886640548706
Batch of classes 7 out of 7 batches
Epoch 22 of 30 took 58.086s
  training loss:		0.241764
  validation loss:		0.730373
  top 1 accuracy:		47.99 %
  top 2 accuracy:		60.69 %
0.2423153668642044
0.29427453875541687
0.23769976198673248
Batch of classes 7 out of 7 batches
Epoch 23 of 30 took 57.794s
  training loss:		0.242711
  validation loss:		0.713148
  top 1 accuracy:		48.23 %
  top 2 accuracy:		60.79 %
0.2370787262916565
0.2737243175506592
0.25369730591773987
Batch of classes 7 out of 7 batches
Epoch 24 of 30 took 58.377s
  training loss:		0.240715
  validation loss:		0.728633
  top 1 accuracy:		48.62 %
  top 2 accuracy:		61.71 %
0.2275875061750412
0.2382044494152069
0.23332160711288452
Batch of classes 7 out of 7 batches
Epoch 25 of 30 took 58.191s
  training loss:		0.239084
  validation loss:		0.722110
  top 1 accuracy:		48.67 %
  top 2 accuracy:		60.98 %
0.22656622529029846
0.244695782661438
0.2061769664287567
Batch of classes 7 out of 7 batches
Epoch 26 of 30 took 58.285s
  training loss:		0.238012
  validation loss:		0.729526
  top 1 accuracy:		48.13 %
  top 2 accuracy:		60.35 %
0.23745444416999817
0.24264851212501526
0.2287510335445404
Batch of classes 7 out of 7 batches
Epoch 27 of 30 took 58.282s
  training loss:		0.239320
  validation loss:		0.711860
  top 1 accuracy:		50.70 %
  top 2 accuracy:		62.24 %
0.2326333075761795
0.21227259933948517
0.28169724345207214
Batch of classes 7 out of 7 batches
Epoch 28 of 30 took 58.789s
  training loss:		0.237928
  validation loss:		0.715664
  top 1 accuracy:		53.03 %
  top 2 accuracy:		62.63 %
0.24446243047714233
0.20656171441078186
0.2543930411338806
Batch of classes 7 out of 7 batches
Epoch 29 of 30 took 58.007s
  training loss:		0.237486
  validation loss:		0.716032
  top 1 accuracy:		50.17 %
  top 2 accuracy:		62.19 %
0.2606689929962158
0.2226523756980896
0.242739737033844
Batch of classes 7 out of 7 batches
Epoch 30 of 30 took 58.179s
  training loss:		0.235894
  validation loss:		0.729561
  top 1 accuracy:		51.53 %
  top 2 accuracy:		62.92 %
Updating exemplar set...
Computing mean-of_exemplars and theoretical mean...
tensor(128)
tensor(128)
tensor(128)
tensor(128)
tensor(128)
tensor(128)
tensor(128)
tensor(128)
tensor(128)
tensor(128)
tensor(128)
tensor(128)
tensor(128)
tensor(128)
Computing accuracy on the original batch of classes...
Final results on gaugan classes:
  top 1 accuracy iCaRL          :		71.90 %
  top 1 accuracy Hybrid 1       :		72.20 %
  top 1 accuracy NCM            :		69.55 %
Binary accuracy:
Final results on gaugan classes:
  top 1 accuracy iCaRL          :		89.00 %
  top 1 accuracy Hybrid 1       :		55.75 %
  top 1 accuracy NCM            :		88.45 %
Final results on biggan classes:
  top 1 accuracy iCaRL          :		61.00 %
  top 1 accuracy Hybrid 1       :		31.62 %
  top 1 accuracy NCM            :		63.62 %
Binary accuracy:
Final results on biggan classes:
  top 1 accuracy iCaRL          :		89.00 %
  top 1 accuracy Hybrid 1       :		60.38 %
  top 1 accuracy NCM            :		89.62 %
Final results on cyclegan classes:
  top 1 accuracy iCaRL          :		88.93 %
  top 1 accuracy Hybrid 1       :		52.29 %
  top 1 accuracy NCM            :		89.69 %
Binary accuracy:
Final results on cyclegan classes:
  top 1 accuracy iCaRL          :		94.85 %
  top 1 accuracy Hybrid 1       :		75.38 %
  top 1 accuracy NCM            :		94.66 %
Final results on imle classes:
  top 1 accuracy iCaRL          :		76.02 %
  top 1 accuracy Hybrid 1       :		49.92 %
  top 1 accuracy NCM            :		74.65 %
Binary accuracy:
Final results on imle classes:
  top 1 accuracy iCaRL          :		99.96 %
  top 1 accuracy Hybrid 1       :		86.56 %
  top 1 accuracy NCM            :		99.96 %
Final results on deepfake classes:
  top 1 accuracy iCaRL          :		87.80 %
  top 1 accuracy Hybrid 1       :		86.51 %
  top 1 accuracy NCM            :		87.80 %
Binary accuracy:
Final results on deepfake classes:
  top 1 accuracy iCaRL          :		95.10 %
  top 1 accuracy Hybrid 1       :		86.78 %
  top 1 accuracy NCM            :		95.10 %
Final results on crn classes:
  top 1 accuracy iCaRL          :		73.86 %
  top 1 accuracy Hybrid 1       :		99.14 %
  top 1 accuracy NCM            :		75.24 %
Binary accuracy:
Final results on crn classes:
  top 1 accuracy iCaRL          :		99.96 %
  top 1 accuracy Hybrid 1       :		99.65 %
  top 1 accuracy NCM            :		99.96 %
Final results on wild classes:
  top 1 accuracy iCaRL          :		78.87 %
  top 1 accuracy Hybrid 1       :		51.53 %
  top 1 accuracy NCM            :		78.77 %
Binary accuracy:
Final results on wild classes:
  top 1 accuracy iCaRL          :		79.59 %
  top 1 accuracy Hybrid 1       :		53.08 %
  top 1 accuracy NCM            :		79.64 %
Final results on cumul of classes:
  top 1 accuracy iCaRL          :		75.99 %
  top 1 accuracy Hybrid 1       :		67.17 %
  top 1 accuracy NCM            :		75.78 %
Binary accuracy:
Final results on binary cumul of classes:
  top 1 accuracy iCaRL          :		92.99 %
  top 1 accuracy Hybrid 1       :		75.86 %
  top 1 accuracy NCM            :		92.94 %
tensor([[[ 99.6000,   0.0000,   0.0000,   0.0000,   0.0000,   0.0000,   0.0000],
         [ 99.5500,   0.0000,   0.0000,   0.0000,   0.0000,   0.0000,   0.0000],
         [ 99.6500,   0.0000,   0.0000,   0.0000,   0.0000,   0.0000,   0.0000]],

        [[ 97.1500,  99.0000,   0.0000,   0.0000,   0.0000,   0.0000,   0.0000],
         [ 86.5000,  95.8750,   0.0000,   0.0000,   0.0000,   0.0000,   0.0000],
         [ 97.3000,  99.0000,   0.0000,   0.0000,   0.0000,   0.0000,   0.0000]],

        [[ 96.9000,  96.7500,  98.6641,   0.0000,   0.0000,   0.0000,   0.0000],
         [ 75.8500,  84.0000,  95.0382,   0.0000,   0.0000,   0.0000,   0.0000],
         [ 96.9500,  96.8750,  98.6641,   0.0000,   0.0000,   0.0000,   0.0000]],

        [[ 97.5000,  96.8750,  97.1374, 100.0000,   0.0000,   0.0000,   0.0000],
         [ 70.8500,  87.5000,  86.8321,  99.0596,   0.0000,   0.0000,   0.0000],
         [ 97.4500,  96.7500,  96.9466, 100.0000,   0.0000,   0.0000,   0.0000]],

        [[ 95.6000,  96.5000,  97.1374,  99.9608,  96.5804,   0.0000,   0.0000],
         [ 55.5500,  64.1250,  85.3053,  99.4514,  90.3882,   0.0000,   0.0000],
         [ 95.7000,  96.7500,  96.9466,  99.9608,  96.5804,   0.0000,   0.0000]],

        [[ 94.7500,  94.0000,  95.9924, 100.0000,  96.3031, 100.0000,   0.0000],
         [ 52.5000,  64.8750,  78.8168,  94.3574,  85.4898,  99.9216,   0.0000],
         [ 94.4000,  94.0000,  95.6107, 100.0000,  96.4880, 100.0000,   0.0000]],

        [[ 89.0000,  89.0000,  94.8473,  99.9608,  95.1017,  99.9608,  79.5928],
         [ 55.7500,  60.3750,  75.3817,  86.5596,  86.7837,  99.6473,  53.0780],
         [ 88.4500,  89.6250,  94.6565,  99.9608,  95.1017,  99.9608,  79.6413]]])
tensor([92.4948, 73.9393, 92.4852])
