----------------- Options ---------------
               add_binary: False                         
               batch_size: 32                            	[default: 64]
                   binary: False                         
            binary_weight: 0.5                           
                blur_prob: 0                             
                 blur_sig: 0.5                           
          checkpoints_dir: /scratch_net/kringel/chuqli/CNNDetection/checkpoints	[default: ./checkpoints]
                class_bal: False                         
           continue_train: False                         
                 cropSize: 224                           
                 data_aug: False                         
                 dataroot: /srv/beegfs02/scratch/generative_modeling/data/Deepfake/test	[default: /srv/beegfs02/scratch/generative_modeling/data/Deepfake/Adam-NSCL]
          earlystop_epoch: 5                             
                    epoch: latest                        
                 fine_tun: False                         
                    gpuid: [1]                           
                init_gain: 0.02                          
                  init_lr: 0.0005                        
                init_type: normal                        
                  isTrain: True                          	[default: None]
               jpg_method: cv2                           
                 jpg_prob: 0                             
                 jpg_qual: 75                            
          label_smoothing: False                         
                 loadSize: 256                           
                    mixup: False                         
              mixup_alpha: 0.1                           
                     mode: binary                        
               model_name: resnet18                      
               model_type: resnet                        
            model_weights: /home/chuqli/scratch/CNNDetection/checkpoints/no_aug/model_epoch_best.pth	[default: None]
               multiclass: [0, 0, 1, 0, 0, 0, 0]         	[default: [1]]
                     name: icarl_df_7_new                	[default: experiment_name]
                  no_flip: False                         
              num_classes: 2                             
               num_epochs: 30                            	[default: 12]
              num_threads: 4                             
                  outfile: temp_0.1.csv                  
            pretrain_name:                               
           resize_or_crop: scale_and_crop                
                rz_interp: bilinear                      
          save_epoch_freq: 20                            
         save_latest_freq: 2000                          
                 schedule: [10, 20, 30]                  	[default: [10]]
           serial_batches: False                         
          smoothing_alpha: 0.1                           
                   suffix:                               
                task_name: gaugan,biggan,cyclegan,imle,deepfake,crn,wild	[default: ]
              train_split: train                         
                val_split: val                           
----------------- End -------------------
{'All': 14}
Task order: ['gaugan', 'biggan', 'cyclegan', 'imle', 'deepfake', 'crn', 'wild']
=> Load model weights: /home/chuqli/scratch/CNNDetection/checkpoints/no_aug/model_epoch_best.pth
=> Load Done
Classes in this batch: tensor([0, 1])
Data Size: 6000


Before first epoch
  validation loss:		1.309705
  top 1 accuracy:		17.05 %
  top 2 accuracy:		17.30 %
Batch of classes number 1 arrives ...
1.2331514358520508
0.09541675448417664
Batch of classes 1 out of 7 batches
Epoch 1 of 30 took 105.393s
  training loss:		0.126123
  validation loss:		0.053378
  top 1 accuracy:		84.20 %
  top 2 accuracy:		100.00 %
0.08632927387952805
0.0348920002579689
Batch of classes 1 out of 7 batches
Epoch 2 of 30 took 40.980s
  training loss:		0.045593
  validation loss:		0.044825
  top 1 accuracy:		86.20 %
  top 2 accuracy:		100.00 %
0.03413787856698036
0.02208600752055645
Batch of classes 1 out of 7 batches
Epoch 3 of 30 took 40.882s
  training loss:		0.033886
  validation loss:		0.047269
  top 1 accuracy:		86.85 %
  top 2 accuracy:		100.00 %
0.04204728826880455
0.012382572516798973
Batch of classes 1 out of 7 batches
Epoch 4 of 30 took 41.124s
  training loss:		0.028613
  validation loss:		0.018940
  top 1 accuracy:		95.10 %
  top 2 accuracy:		100.00 %
0.03290324658155441
0.028627295047044754
Batch of classes 1 out of 7 batches
Epoch 5 of 30 took 41.097s
  training loss:		0.026687
  validation loss:		0.075086
  top 1 accuracy:		82.75 %
  top 2 accuracy:		99.95 %
0.03686900809407234
0.02709232270717621
Batch of classes 1 out of 7 batches
Epoch 6 of 30 took 41.476s
  training loss:		0.025394
  validation loss:		0.023486
  top 1 accuracy:		94.75 %
  top 2 accuracy:		100.00 %
0.06378393620252609
0.016894320026040077
Batch of classes 1 out of 7 batches
Epoch 7 of 30 took 41.432s
  training loss:		0.024074
  validation loss:		0.029185
  top 1 accuracy:		91.75 %
  top 2 accuracy:		100.00 %
0.04431740194559097
0.04509195312857628
Batch of classes 1 out of 7 batches
Epoch 8 of 30 took 41.075s
  training loss:		0.022414
  validation loss:		0.017928
  top 1 accuracy:		94.85 %
  top 2 accuracy:		100.00 %
0.024375470355153084
0.01614578627049923
Batch of classes 1 out of 7 batches
Epoch 9 of 30 took 41.371s
  training loss:		0.019126
  validation loss:		0.020364
  top 1 accuracy:		94.65 %
  top 2 accuracy:		100.00 %
0.016857799142599106
0.021021056920289993
Batch of classes 1 out of 7 batches
Epoch 10 of 30 took 40.669s
  training loss:		0.016955
  validation loss:		0.022706
  top 1 accuracy:		94.55 %
  top 2 accuracy:		100.00 %
0.016034964472055435
0.0023820344358682632
Batch of classes 1 out of 7 batches
Epoch 11 of 30 took 41.208s
  training loss:		0.011155
  validation loss:		0.009894
  top 1 accuracy:		97.75 %
  top 2 accuracy:		100.00 %
0.0012749385787174106
0.005223383661359549
Batch of classes 1 out of 7 batches
Epoch 12 of 30 took 41.217s
  training loss:		0.006809
  validation loss:		0.006967
  top 1 accuracy:		98.20 %
  top 2 accuracy:		100.00 %
0.0024753203615546227
0.002354659140110016
Batch of classes 1 out of 7 batches
Epoch 13 of 30 took 41.346s
  training loss:		0.005629
  validation loss:		0.005039
  top 1 accuracy:		98.80 %
  top 2 accuracy:		100.00 %
0.0012584420619532466
0.0018473912496119738
Batch of classes 1 out of 7 batches
Epoch 14 of 30 took 40.964s
  training loss:		0.004709
  validation loss:		0.004699
  top 1 accuracy:		98.75 %
  top 2 accuracy:		100.00 %
0.007463797926902771
0.013850773684680462
Batch of classes 1 out of 7 batches
Epoch 15 of 30 took 41.058s
  training loss:		0.005847
  validation loss:		0.007280
  top 1 accuracy:		98.00 %
  top 2 accuracy:		100.00 %
0.011727810837328434
0.0007469102856703103
Batch of classes 1 out of 7 batches
Epoch 16 of 30 took 41.322s
  training loss:		0.004719
  validation loss:		0.003489
  top 1 accuracy:		99.35 %
  top 2 accuracy:		100.00 %
0.008733609691262245
0.0009667010745033622
Batch of classes 1 out of 7 batches
Epoch 17 of 30 took 41.550s
  training loss:		0.004748
  validation loss:		0.007581
  top 1 accuracy:		98.15 %
  top 2 accuracy:		100.00 %
0.009372537955641747
9.672297892393544e-05
Batch of classes 1 out of 7 batches
Epoch 18 of 30 took 40.803s
  training loss:		0.004578
  validation loss:		0.007102
  top 1 accuracy:		97.90 %
  top 2 accuracy:		100.00 %
0.00044025099487043917
0.004022951237857342
Batch of classes 1 out of 7 batches
Epoch 19 of 30 took 40.928s
  training loss:		0.004007
  validation loss:		0.002864
  top 1 accuracy:		99.35 %
  top 2 accuracy:		100.00 %
0.0005244359490461648
0.001208076486364007
Batch of classes 1 out of 7 batches
Epoch 20 of 30 took 41.375s
  training loss:		0.005055
  validation loss:		0.004022
  top 1 accuracy:		98.75 %
  top 2 accuracy:		100.00 %
0.0005532492650672793
0.00012165880616521463
Batch of classes 1 out of 7 batches
Epoch 21 of 30 took 41.000s
  training loss:		0.001774
  validation loss:		0.002287
  top 1 accuracy:		99.60 %
  top 2 accuracy:		100.00 %
0.006961226928979158
0.00020066612341906875
Batch of classes 1 out of 7 batches
Epoch 22 of 30 took 41.161s
  training loss:		0.002263
  validation loss:		0.002157
  top 1 accuracy:		99.40 %
  top 2 accuracy:		100.00 %
0.005893202964216471
0.000119636686576996
Batch of classes 1 out of 7 batches
Epoch 23 of 30 took 40.883s
  training loss:		0.001362
  validation loss:		0.002405
  top 1 accuracy:		99.40 %
  top 2 accuracy:		100.00 %
6.070968083804473e-05
0.00021387648303061724
Batch of classes 1 out of 7 batches
Epoch 24 of 30 took 41.200s
  training loss:		0.001331
  validation loss:		0.002682
  top 1 accuracy:		99.60 %
  top 2 accuracy:		100.00 %
0.0018088232027366757
0.0008506553713232279
Batch of classes 1 out of 7 batches
Epoch 25 of 30 took 40.847s
  training loss:		0.001515
  validation loss:		0.002434
  top 1 accuracy:		99.35 %
  top 2 accuracy:		100.00 %
0.00010883602226385847
0.00029910128796473145
Batch of classes 1 out of 7 batches
Epoch 26 of 30 took 49.719s
  training loss:		0.001112
  validation loss:		0.002511
  top 1 accuracy:		99.30 %
  top 2 accuracy:		100.00 %
0.0014813762390986085
0.0001031980718835257
Batch of classes 1 out of 7 batches
Epoch 27 of 30 took 40.969s
  training loss:		0.000795
  validation loss:		0.002965
  top 1 accuracy:		99.15 %
  top 2 accuracy:		100.00 %
0.0002656957949511707
0.004759982228279114
Batch of classes 1 out of 7 batches
Epoch 28 of 30 took 41.284s
  training loss:		0.001282
  validation loss:		0.002379
  top 1 accuracy:		99.45 %
  top 2 accuracy:		100.00 %
0.001199957448989153
5.790412978967652e-05
Batch of classes 1 out of 7 batches
Epoch 29 of 30 took 41.324s
  training loss:		0.001078
  validation loss:		0.002081
  top 1 accuracy:		99.45 %
  top 2 accuracy:		100.00 %
6.619659689022228e-05
5.40788569196593e-05
Batch of classes 1 out of 7 batches
Epoch 30 of 30 took 40.965s
  training loss:		0.000501
  validation loss:		0.001936
  top 1 accuracy:		99.65 %
  top 2 accuracy:		100.00 %
=> Load model weights: /home/chuqli/scratch/CNNDetection/checkpoints/no_aug/model_epoch_best.pth
=> Load Done
Updating exemplar set...
Computing mean-of_exemplars and theoretical mean...
tensor(500)
tensor(500)
Computing accuracy on the original batch of classes...
Final results on gaugan classes:
  top 1 accuracy iCaRL          :		99.60 %
  top 1 accuracy Hybrid 1       :		99.65 %
  top 1 accuracy NCM            :		99.55 %
Binary accuracy:
Final results on gaugan classes:
  top 1 accuracy iCaRL          :		99.65 %
  top 1 accuracy Hybrid 1       :		99.45 %
  top 1 accuracy NCM            :		99.60 %
Final results on cumul of classes:
  top 1 accuracy iCaRL          :		99.60 %
  top 1 accuracy Hybrid 1       :		99.65 %
  top 1 accuracy NCM            :		99.55 %
Binary accuracy:
Final results on binary cumul of classes:
  top 1 accuracy iCaRL          :		99.65 %
  top 1 accuracy Hybrid 1       :		99.45 %
  top 1 accuracy NCM            :		99.60 %
Classes in this batch: tensor([2, 3])
Data Size: 2400


Before first epoch
  validation loss:		1.762756
  top 1 accuracy:		0.00 %
  top 2 accuracy:		0.00 %
Batch of classes number 2 arrives ...
0.5050978660583496
0.09474895894527435
Batch of classes 2 out of 7 batches
Epoch 1 of 30 took 45.980s
  training loss:		0.174329
  validation loss:		0.270346
  top 1 accuracy:		20.62 %
  top 2 accuracy:		80.87 %
0.1610892117023468
0.0906401202082634
Batch of classes 2 out of 7 batches
Epoch 2 of 30 took 26.884s
  training loss:		0.100677
  validation loss:		0.331883
  top 1 accuracy:		28.37 %
  top 2 accuracy:		91.50 %
0.10989727079868317
0.10774630308151245
Batch of classes 2 out of 7 batches
Epoch 3 of 30 took 26.620s
  training loss:		0.088341
  validation loss:		0.346866
  top 1 accuracy:		12.75 %
  top 2 accuracy:		80.25 %
0.07523836940526962
0.06397084891796112
Batch of classes 2 out of 7 batches
Epoch 4 of 30 took 26.270s
  training loss:		0.082168
  validation loss:		0.294406
  top 1 accuracy:		47.37 %
  top 2 accuracy:		86.12 %
0.07662210613489151
0.07086305320262909
Batch of classes 2 out of 7 batches
Epoch 5 of 30 took 26.475s
  training loss:		0.080437
  validation loss:		0.288534
  top 1 accuracy:		35.37 %
  top 2 accuracy:		93.12 %
0.06381627172231674
0.04885293170809746
Batch of classes 2 out of 7 batches
Epoch 6 of 30 took 26.614s
  training loss:		0.073949
  validation loss:		0.335796
  top 1 accuracy:		46.00 %
  top 2 accuracy:		93.62 %
0.07693265378475189
0.07785018533468246
Batch of classes 2 out of 7 batches
Epoch 7 of 30 took 26.334s
  training loss:		0.070909
  validation loss:		0.323505
  top 1 accuracy:		45.63 %
  top 2 accuracy:		90.38 %
0.06351011991500854
0.08451514691114426
Batch of classes 2 out of 7 batches
Epoch 8 of 30 took 26.104s
  training loss:		0.067732
  validation loss:		0.334273
  top 1 accuracy:		42.88 %
  top 2 accuracy:		88.88 %
0.05762764811515808
0.09886353462934494
Batch of classes 2 out of 7 batches
Epoch 9 of 30 took 26.508s
  training loss:		0.070234
  validation loss:		0.478032
  top 1 accuracy:		45.88 %
  top 2 accuracy:		95.50 %
0.05327584221959114
0.05065472796559334
Batch of classes 2 out of 7 batches
Epoch 10 of 30 took 26.198s
  training loss:		0.060494
  validation loss:		0.723373
  top 1 accuracy:		45.38 %
  top 2 accuracy:		96.50 %
0.07452431321144104
0.054973188787698746
Batch of classes 2 out of 7 batches
Epoch 11 of 30 took 26.610s
  training loss:		0.053318
  validation loss:		0.342396
  top 1 accuracy:		52.63 %
  top 2 accuracy:		97.00 %
0.06412338465452194
0.034111328423023224
Batch of classes 2 out of 7 batches
Epoch 12 of 30 took 26.698s
  training loss:		0.047032
  validation loss:		0.336719
  top 1 accuracy:		58.38 %
  top 2 accuracy:		97.25 %
0.025254596024751663
0.03659026697278023
Batch of classes 2 out of 7 batches
Epoch 13 of 30 took 26.270s
  training loss:		0.045723
  validation loss:		0.382132
  top 1 accuracy:		59.62 %
  top 2 accuracy:		98.12 %
0.039316706359386444
0.04400191083550453
Batch of classes 2 out of 7 batches
Epoch 14 of 30 took 26.676s
  training loss:		0.045799
  validation loss:		0.422659
  top 1 accuracy:		56.75 %
  top 2 accuracy:		98.12 %
0.030332958325743675
0.05709630250930786
Batch of classes 2 out of 7 batches
Epoch 15 of 30 took 26.560s
  training loss:		0.041902
  validation loss:		0.478786
  top 1 accuracy:		63.63 %
  top 2 accuracy:		98.25 %
0.025223765522241592
0.030526066198945045
Batch of classes 2 out of 7 batches
Epoch 16 of 30 took 26.656s
  training loss:		0.042454
  validation loss:		0.290430
  top 1 accuracy:		62.12 %
  top 2 accuracy:		94.50 %
0.023107308894395828
0.044610776007175446
Batch of classes 2 out of 7 batches
Epoch 17 of 30 took 26.503s
  training loss:		0.042099
  validation loss:		0.332722
  top 1 accuracy:		69.50 %
  top 2 accuracy:		98.50 %
0.04229672625660896
0.0300745852291584
Batch of classes 2 out of 7 batches
Epoch 18 of 30 took 26.349s
  training loss:		0.041763
  validation loss:		0.298264
  top 1 accuracy:		70.63 %
  top 2 accuracy:		97.75 %
0.02347247675061226
0.030734902247786522
Batch of classes 2 out of 7 batches
Epoch 19 of 30 took 26.553s
  training loss:		0.037384
  validation loss:		0.498980
  top 1 accuracy:		57.13 %
  top 2 accuracy:		97.00 %
0.05416969209909439
0.03216322511434555
Batch of classes 2 out of 7 batches
Epoch 20 of 30 took 26.054s
  training loss:		0.037951
  validation loss:		0.339660
  top 1 accuracy:		78.75 %
  top 2 accuracy:		98.25 %
0.024678504094481468
0.033540528267621994
Batch of classes 2 out of 7 batches
Epoch 21 of 30 took 26.401s
  training loss:		0.033564
  validation loss:		0.378769
  top 1 accuracy:		66.75 %
  top 2 accuracy:		98.00 %
0.015142503194510937
0.029269684106111526
Batch of classes 2 out of 7 batches
Epoch 22 of 30 took 25.943s
  training loss:		0.032617
  validation loss:		0.539949
  top 1 accuracy:		64.75 %
  top 2 accuracy:		98.50 %
0.017035484313964844
0.03708791732788086
Batch of classes 2 out of 7 batches
Epoch 23 of 30 took 26.617s
  training loss:		0.030489
  validation loss:		0.365956
  top 1 accuracy:		70.13 %
  top 2 accuracy:		98.25 %
0.037128787487745285
0.0367157906293869
Batch of classes 2 out of 7 batches
Epoch 24 of 30 took 26.523s
  training loss:		0.033735
  validation loss:		0.351611
  top 1 accuracy:		73.50 %
  top 2 accuracy:		97.87 %
0.02748652920126915
0.05487097427248955
Batch of classes 2 out of 7 batches
Epoch 25 of 30 took 26.710s
  training loss:		0.031595
  validation loss:		0.406971
  top 1 accuracy:		69.25 %
  top 2 accuracy:		97.75 %
0.014272747561335564
0.026965878903865814
Batch of classes 2 out of 7 batches
Epoch 26 of 30 took 26.562s
  training loss:		0.032509
  validation loss:		0.493131
  top 1 accuracy:		69.25 %
  top 2 accuracy:		98.25 %
0.02504597418010235
0.04415711387991905
Batch of classes 2 out of 7 batches
Epoch 27 of 30 took 26.532s
  training loss:		0.030033
  validation loss:		0.369306
  top 1 accuracy:		71.50 %
  top 2 accuracy:		98.12 %
0.02842184528708458
0.03590025752782822
Batch of classes 2 out of 7 batches
Epoch 28 of 30 took 26.819s
  training loss:		0.030036
  validation loss:		0.339537
  top 1 accuracy:		77.88 %
  top 2 accuracy:		98.62 %
0.012598777189850807
0.14432020485401154
Batch of classes 2 out of 7 batches
Epoch 29 of 30 took 32.256s
  training loss:		0.030057
  validation loss:		0.451462
  top 1 accuracy:		68.12 %
  top 2 accuracy:		98.62 %
0.04045301675796509
0.03640744090080261
Batch of classes 2 out of 7 batches
Epoch 30 of 30 took 26.754s
  training loss:		0.031615
  validation loss:		0.385234
  top 1 accuracy:		70.25 %
  top 2 accuracy:		98.37 %
Updating exemplar set...
Computing mean-of_exemplars and theoretical mean...
tensor(448)
tensor(448)
tensor(448)
tensor(448)
Computing accuracy on the original batch of classes...
Final results on gaugan classes:
  top 1 accuracy iCaRL          :		79.80 %
  top 1 accuracy Hybrid 1       :		90.45 %
  top 1 accuracy NCM            :		81.10 %
Binary accuracy:
Final results on gaugan classes:
  top 1 accuracy iCaRL          :		97.10 %
  top 1 accuracy Hybrid 1       :		87.85 %
  top 1 accuracy NCM            :		97.10 %
Final results on biggan classes:
  top 1 accuracy iCaRL          :		83.50 %
  top 1 accuracy Hybrid 1       :		70.25 %
  top 1 accuracy NCM            :		82.25 %
Binary accuracy:
Final results on biggan classes:
  top 1 accuracy iCaRL          :		98.38 %
  top 1 accuracy Hybrid 1       :		98.00 %
  top 1 accuracy NCM            :		98.38 %
Final results on cumul of classes:
  top 1 accuracy iCaRL          :		80.86 %
  top 1 accuracy Hybrid 1       :		84.68 %
  top 1 accuracy NCM            :		81.43 %
Binary accuracy:
Final results on binary cumul of classes:
  top 1 accuracy iCaRL          :		97.46 %
  top 1 accuracy Hybrid 1       :		90.75 %
  top 1 accuracy NCM            :		97.46 %
Classes in this batch: tensor([4, 5])
Data Size: 1572


Before first epoch
  validation loss:		1.278549
  top 1 accuracy:		0.00 %
  top 2 accuracy:		0.00 %
Batch of classes number 3 arrives ...
0.38778263330459595
0.14045719802379608
Batch of classes 3 out of 7 batches
Epoch 1 of 30 took 33.336s
  training loss:		0.191073
  validation loss:		0.450262
  top 1 accuracy:		2.10 %
  top 2 accuracy:		36.07 %
0.1101423054933548
0.12677015364170074
Batch of classes 3 out of 7 batches
Epoch 2 of 30 took 24.181s
  training loss:		0.128043
  validation loss:		0.327172
  top 1 accuracy:		41.41 %
  top 2 accuracy:		63.55 %
0.10380233079195023
0.1045086607336998
Batch of classes 3 out of 7 batches
Epoch 3 of 30 took 24.022s
  training loss:		0.115813
  validation loss:		0.349189
  top 1 accuracy:		56.30 %
  top 2 accuracy:		78.05 %
0.09590806066989899
0.08629795163869858
Batch of classes 3 out of 7 batches
Epoch 4 of 30 took 24.380s
  training loss:		0.109894
  validation loss:		0.415986
  top 1 accuracy:		38.17 %
  top 2 accuracy:		62.02 %
0.0974503681063652
0.11234619468450546
Batch of classes 3 out of 7 batches
Epoch 5 of 30 took 24.424s
  training loss:		0.109214
  validation loss:		0.357523
  top 1 accuracy:		61.07 %
  top 2 accuracy:		77.29 %
0.0850369781255722
0.11021111160516739
Batch of classes 3 out of 7 batches
Epoch 6 of 30 took 24.128s
  training loss:		0.101932
  validation loss:		0.393195
  top 1 accuracy:		54.01 %
  top 2 accuracy:		79.77 %
0.0917520746588707
0.07431375980377197
Batch of classes 3 out of 7 batches
Epoch 7 of 30 took 24.284s
  training loss:		0.098006
  validation loss:		0.442651
  top 1 accuracy:		54.39 %
  top 2 accuracy:		76.53 %
0.08964167535305023
0.08349286764860153
Batch of classes 3 out of 7 batches
Epoch 8 of 30 took 24.408s
  training loss:		0.096168
  validation loss:		0.425273
  top 1 accuracy:		48.85 %
  top 2 accuracy:		69.47 %
0.10500283539295197
0.1305277943611145
Batch of classes 3 out of 7 batches
Epoch 9 of 30 took 24.370s
  training loss:		0.094537
  validation loss:		0.390321
  top 1 accuracy:		66.03 %
  top 2 accuracy:		85.69 %
0.1116776242852211
0.06886886060237885
Batch of classes 3 out of 7 batches
Epoch 10 of 30 took 24.158s
  training loss:		0.094944
  validation loss:		0.370834
  top 1 accuracy:		66.60 %
  top 2 accuracy:		86.26 %
0.07316882908344269
0.05727957934141159
Batch of classes 3 out of 7 batches
Epoch 11 of 30 took 24.478s
  training loss:		0.080438
  validation loss:		0.348686
  top 1 accuracy:		80.92 %
  top 2 accuracy:		90.27 %
0.09076349437236786
0.08408037573099136
Batch of classes 3 out of 7 batches
Epoch 12 of 30 took 24.403s
  training loss:		0.078670
  validation loss:		0.353339
  top 1 accuracy:		81.49 %
  top 2 accuracy:		91.03 %
0.08405516296625137
0.056557342410087585
Batch of classes 3 out of 7 batches
Epoch 13 of 30 took 24.432s
  training loss:		0.081134
  validation loss:		0.358237
  top 1 accuracy:		78.63 %
  top 2 accuracy:		90.08 %
0.07110556215047836
0.10239456593990326
Batch of classes 3 out of 7 batches
Epoch 14 of 30 took 23.983s
  training loss:		0.078016
  validation loss:		0.366816
  top 1 accuracy:		77.86 %
  top 2 accuracy:		90.08 %
0.08910496532917023
0.0650135725736618
Batch of classes 3 out of 7 batches
Epoch 15 of 30 took 23.835s
  training loss:		0.076783
  validation loss:		0.370587
  top 1 accuracy:		81.49 %
  top 2 accuracy:		92.75 %
0.06713533401489258
0.05597846210002899
Batch of classes 3 out of 7 batches
Epoch 16 of 30 took 24.270s
  training loss:		0.074423
  validation loss:		0.332623
  top 1 accuracy:		89.50 %
  top 2 accuracy:		94.85 %
0.07489688694477081
0.07058117538690567
Batch of classes 3 out of 7 batches
Epoch 17 of 30 took 24.344s
  training loss:		0.075384
  validation loss:		0.384331
  top 1 accuracy:		77.67 %
  top 2 accuracy:		90.65 %
0.06893327832221985
0.0733099952340126
Batch of classes 3 out of 7 batches
Epoch 18 of 30 took 24.360s
  training loss:		0.074498
  validation loss:		0.373502
  top 1 accuracy:		79.20 %
  top 2 accuracy:		91.22 %
0.056131795048713684
0.07613735646009445
Batch of classes 3 out of 7 batches
Epoch 19 of 30 took 24.363s
  training loss:		0.075902
  validation loss:		0.378971
  top 1 accuracy:		76.15 %
  top 2 accuracy:		90.46 %
0.07233718037605286
0.07239806652069092
Batch of classes 3 out of 7 batches
Epoch 20 of 30 took 24.537s
  training loss:		0.075225
  validation loss:		0.354702
  top 1 accuracy:		84.92 %
  top 2 accuracy:		92.94 %
0.07082465291023254
0.07962898164987564
Batch of classes 3 out of 7 batches
Epoch 21 of 30 took 24.116s
  training loss:		0.070534
  validation loss:		0.364765
  top 1 accuracy:		84.92 %
  top 2 accuracy:		93.51 %
0.057596687227487564
0.07002827525138855
Batch of classes 3 out of 7 batches
Epoch 22 of 30 took 24.437s
  training loss:		0.073126
  validation loss:		0.369303
  top 1 accuracy:		87.02 %
  top 2 accuracy:		92.75 %
0.0761740580201149
0.07143618166446686
Batch of classes 3 out of 7 batches
Epoch 23 of 30 took 24.411s
  training loss:		0.071617
  validation loss:		0.396131
  top 1 accuracy:		84.92 %
  top 2 accuracy:		93.13 %
0.04623272269964218
0.06573157757520676
Batch of classes 3 out of 7 batches
Epoch 24 of 30 took 24.359s
  training loss:		0.070401
  validation loss:		0.363865
  top 1 accuracy:		88.36 %
  top 2 accuracy:		93.32 %
0.04978403076529503
0.06465767323970795
Batch of classes 3 out of 7 batches
Epoch 25 of 30 took 24.372s
  training loss:		0.073063
  validation loss:		0.364091
  top 1 accuracy:		88.17 %
  top 2 accuracy:		93.70 %
0.06250468641519547
0.06683092564344406
Batch of classes 3 out of 7 batches
Epoch 26 of 30 took 24.214s
  training loss:		0.072591
  validation loss:		0.384924
  top 1 accuracy:		83.78 %
  top 2 accuracy:		93.89 %
0.062818743288517
0.05427049845457077
Batch of classes 3 out of 7 batches
Epoch 27 of 30 took 24.521s
  training loss:		0.068593
  validation loss:		0.373347
  top 1 accuracy:		88.36 %
  top 2 accuracy:		93.89 %
0.07097303867340088
0.0902862623333931
Batch of classes 3 out of 7 batches
Epoch 28 of 30 took 24.636s
  training loss:		0.068686
  validation loss:		0.361632
  top 1 accuracy:		86.64 %
  top 2 accuracy:		93.70 %
0.06210695952177048
0.05202440544962883
Batch of classes 3 out of 7 batches
Epoch 29 of 30 took 24.548s
  training loss:		0.069924
  validation loss:		0.373213
  top 1 accuracy:		87.98 %
  top 2 accuracy:		93.70 %
0.05872248858213425
0.06694383919239044
Batch of classes 3 out of 7 batches
Epoch 30 of 30 took 30.458s
  training loss:		0.069562
  validation loss:		0.388157
  top 1 accuracy:		87.98 %
  top 2 accuracy:		93.70 %
Updating exemplar set...
Computing mean-of_exemplars and theoretical mean...
tensor(299)
tensor(299)
tensor(299)
tensor(299)
tensor(299)
tensor(299)
Computing accuracy on the original batch of classes...
Final results on gaugan classes:
  top 1 accuracy iCaRL          :		76.95 %
  top 1 accuracy Hybrid 1       :		89.45 %
  top 1 accuracy NCM            :		77.50 %
Binary accuracy:
Final results on gaugan classes:
  top 1 accuracy iCaRL          :		96.45 %
  top 1 accuracy Hybrid 1       :		78.55 %
  top 1 accuracy NCM            :		96.50 %
Final results on biggan classes:
  top 1 accuracy iCaRL          :		78.38 %
  top 1 accuracy Hybrid 1       :		58.25 %
  top 1 accuracy NCM            :		78.75 %
Binary accuracy:
Final results on biggan classes:
  top 1 accuracy iCaRL          :		96.50 %
  top 1 accuracy Hybrid 1       :		83.25 %
  top 1 accuracy NCM            :		96.50 %
Final results on cyclegan classes:
  top 1 accuracy iCaRL          :		94.47 %
  top 1 accuracy Hybrid 1       :		87.98 %
  top 1 accuracy NCM            :		94.08 %
Binary accuracy:
Final results on cyclegan classes:
  top 1 accuracy iCaRL          :		98.28 %
  top 1 accuracy Hybrid 1       :		95.23 %
  top 1 accuracy NCM            :		98.28 %
Final results on cumul of classes:
  top 1 accuracy iCaRL          :		80.05 %
  top 1 accuracy Hybrid 1       :		81.71 %
  top 1 accuracy NCM            :		80.42 %
Binary accuracy:
Final results on binary cumul of classes:
  top 1 accuracy iCaRL          :		96.75 %
  top 1 accuracy Hybrid 1       :		82.31 %
  top 1 accuracy NCM            :		96.78 %
Classes in this batch: tensor([6, 7])
Data Size: 7656


Before first epoch
  validation loss:		1.481821
  top 1 accuracy:		0.00 %
  top 2 accuracy:		0.00 %
Batch of classes number 4 arrives ...
0.8909337520599365
0.1343899369239807
0.1252766251564026
Batch of classes 4 out of 7 batches
Epoch 1 of 30 took 155.267s
  training loss:		0.176883
  validation loss:		0.438614
  top 1 accuracy:		79.51 %
  top 2 accuracy:		88.52 %
0.10879701375961304
0.12680229544639587
0.10931799560785294
Batch of classes 4 out of 7 batches
Epoch 2 of 30 took 74.769s
  training loss:		0.112374
  validation loss:		0.345957
  top 1 accuracy:		98.63 %
  top 2 accuracy:		99.26 %
0.11481902003288269
0.11254078149795532
0.10594172775745392
Batch of classes 4 out of 7 batches
Epoch 3 of 30 took 74.891s
  training loss:		0.107840
  validation loss:		0.363091
  top 1 accuracy:		95.49 %
  top 2 accuracy:		97.84 %
0.1314687579870224
0.11437354981899261
0.11394033581018448
Batch of classes 4 out of 7 batches
Epoch 4 of 30 took 74.548s
  training loss:		0.103753
  validation loss:		0.348287
  top 1 accuracy:		82.56 %
  top 2 accuracy:		85.34 %
0.10275575518608093
0.09633293002843857
0.091163769364357
Batch of classes 4 out of 7 batches
Epoch 5 of 30 took 74.778s
  training loss:		0.102177
  validation loss:		0.337036
  top 1 accuracy:		97.37 %
  top 2 accuracy:		98.20 %
0.12598907947540283
0.10072088986635208
0.09437217563390732
Batch of classes 4 out of 7 batches
Epoch 6 of 30 took 75.331s
  training loss:		0.101899
  validation loss:		0.352709
  top 1 accuracy:		91.07 %
  top 2 accuracy:		93.65 %
0.10308922082185745
0.1204327642917633
0.09651627391576767
Batch of classes 4 out of 7 batches
Epoch 7 of 30 took 84.293s
  training loss:		0.101562
  validation loss:		0.489021
  top 1 accuracy:		92.44 %
  top 2 accuracy:		94.67 %
0.10011504590511322
0.07943858951330185
0.09871461242437363
Batch of classes 4 out of 7 batches
Epoch 8 of 30 took 74.874s
  training loss:		0.101484
  validation loss:		0.371558
  top 1 accuracy:		97.96 %
  top 2 accuracy:		98.82 %
0.10344815999269485
0.09948195517063141
0.09074333310127258
Batch of classes 4 out of 7 batches
Epoch 9 of 30 took 74.400s
  training loss:		0.101391
  validation loss:		0.383768
  top 1 accuracy:		98.86 %
  top 2 accuracy:		99.69 %
0.0941203385591507
0.0995209589600563
0.09727900475263596
Batch of classes 4 out of 7 batches
Epoch 10 of 30 took 74.865s
  training loss:		0.099787
  validation loss:		0.365244
  top 1 accuracy:		99.96 %
  top 2 accuracy:		100.00 %
0.10396179556846619
0.10132031887769699
0.08744117617607117
Batch of classes 4 out of 7 batches
Epoch 11 of 30 took 74.580s
  training loss:		0.096036
  validation loss:		0.359008
  top 1 accuracy:		99.41 %
  top 2 accuracy:		99.88 %
0.06660524755716324
0.10668326914310455
0.08430072665214539
Batch of classes 4 out of 7 batches
Epoch 12 of 30 took 74.920s
  training loss:		0.093331
  validation loss:		0.368063
  top 1 accuracy:		99.69 %
  top 2 accuracy:		99.96 %
0.09474120289087296
0.09883342683315277
0.09984352439641953
Batch of classes 4 out of 7 batches
Epoch 13 of 30 took 74.648s
  training loss:		0.093117
  validation loss:		0.338501
  top 1 accuracy:		99.65 %
  top 2 accuracy:		99.92 %
0.09505171328783035
0.08321730047464371
0.10469278693199158
Batch of classes 4 out of 7 batches
Epoch 14 of 30 took 75.393s
  training loss:		0.093765
  validation loss:		0.341709
  top 1 accuracy:		90.13 %
  top 2 accuracy:		94.08 %
0.0978500097990036
0.07749149203300476
0.08188429474830627
Batch of classes 4 out of 7 batches
Epoch 15 of 30 took 74.628s
  training loss:		0.093159
  validation loss:		0.341734
  top 1 accuracy:		99.53 %
  top 2 accuracy:		99.88 %
0.08574538677930832
0.10354941338300705
0.09692957252264023
Batch of classes 4 out of 7 batches
Epoch 16 of 30 took 75.088s
  training loss:		0.092815
  validation loss:		0.352170
  top 1 accuracy:		99.61 %
  top 2 accuracy:		99.92 %
0.08403484523296356
0.08384602516889572
0.09922481328248978
Batch of classes 4 out of 7 batches
Epoch 17 of 30 took 74.631s
  training loss:		0.093703
  validation loss:		0.377556
  top 1 accuracy:		99.33 %
  top 2 accuracy:		99.80 %
0.08906976133584976
0.0895100012421608
0.09454909712076187
Batch of classes 4 out of 7 batches
Epoch 18 of 30 took 74.444s
  training loss:		0.093305
  validation loss:		0.363428
  top 1 accuracy:		99.65 %
  top 2 accuracy:		99.88 %
0.08910728991031647
0.10044162720441818
0.09755028039216995
Batch of classes 4 out of 7 batches
Epoch 19 of 30 took 74.986s
  training loss:		0.093343
  validation loss:		0.378062
  top 1 accuracy:		99.14 %
  top 2 accuracy:		99.49 %
0.08398716896772385
0.09042827785015106
0.10496421158313751
Batch of classes 4 out of 7 batches
Epoch 20 of 30 took 75.521s
  training loss:		0.092614
  validation loss:		0.393961
  top 1 accuracy:		98.90 %
  top 2 accuracy:		99.80 %
0.0819714292883873
0.09250354021787643
0.10625561326742172
Batch of classes 4 out of 7 batches
Epoch 21 of 30 took 75.030s
  training loss:		0.091381
  validation loss:		0.351585
  top 1 accuracy:		99.88 %
  top 2 accuracy:		99.96 %
0.07681707292795181
0.0991247221827507
0.09716840833425522
Batch of classes 4 out of 7 batches
Epoch 22 of 30 took 75.492s
  training loss:		0.090396
  validation loss:		0.359901
  top 1 accuracy:		99.88 %
  top 2 accuracy:		99.96 %
0.10747554153203964
0.09235253185033798
0.10867244005203247
Batch of classes 4 out of 7 batches
Epoch 23 of 30 took 80.479s
  training loss:		0.090195
  validation loss:		0.362474
  top 1 accuracy:		99.80 %
  top 2 accuracy:		99.96 %
0.10622065514326096
0.10768695920705795
0.09168604761362076
Batch of classes 4 out of 7 batches
Epoch 24 of 30 took 74.940s
  training loss:		0.090846
  validation loss:		0.356959
  top 1 accuracy:		99.76 %
  top 2 accuracy:		99.96 %
0.08089014887809753
0.1070168986916542
0.10129105299711227
Batch of classes 4 out of 7 batches
Epoch 25 of 30 took 75.607s
  training loss:		0.090794
  validation loss:		0.363785
  top 1 accuracy:		99.76 %
  top 2 accuracy:		99.96 %
0.10300340503454208
0.09007991850376129
0.09946943074464798
Batch of classes 4 out of 7 batches
Epoch 26 of 30 took 75.199s
  training loss:		0.090078
  validation loss:		0.355293
  top 1 accuracy:		99.84 %
  top 2 accuracy:		99.96 %
0.08214765042066574
0.10212700814008713
0.07328566908836365
Batch of classes 4 out of 7 batches
Epoch 27 of 30 took 75.298s
  training loss:		0.089674
  validation loss:		0.356478
  top 1 accuracy:		99.84 %
  top 2 accuracy:		100.00 %
0.08115974813699722
0.08921400457620621
0.08273199200630188
Batch of classes 4 out of 7 batches
Epoch 28 of 30 took 74.207s
  training loss:		0.090165
  validation loss:		0.354801
  top 1 accuracy:		99.73 %
  top 2 accuracy:		99.96 %
0.08761142194271088
0.08931794762611389
0.08024028688669205
Batch of classes 4 out of 7 batches
Epoch 29 of 30 took 75.036s
  training loss:		0.089991
  validation loss:		0.353944
  top 1 accuracy:		99.69 %
  top 2 accuracy:		99.96 %
0.08167099952697754
0.08826125413179398
0.07945858687162399
Batch of classes 4 out of 7 batches
Epoch 30 of 30 took 74.555s
  training loss:		0.091346
  validation loss:		0.369188
  top 1 accuracy:		99.88 %
  top 2 accuracy:		99.96 %
Updating exemplar set...
Computing mean-of_exemplars and theoretical mean...
tensor(224)
tensor(224)
tensor(224)
tensor(224)
tensor(224)
tensor(224)
tensor(224)
tensor(224)
Computing accuracy on the original batch of classes...
Final results on gaugan classes:
  top 1 accuracy iCaRL          :		79.50 %
  top 1 accuracy Hybrid 1       :		89.85 %
  top 1 accuracy NCM            :		79.65 %
Binary accuracy:
Final results on gaugan classes:
  top 1 accuracy iCaRL          :		96.80 %
  top 1 accuracy Hybrid 1       :		69.45 %
  top 1 accuracy NCM            :		96.80 %
Final results on biggan classes:
  top 1 accuracy iCaRL          :		74.25 %
  top 1 accuracy Hybrid 1       :		58.38 %
  top 1 accuracy NCM            :		73.12 %
Binary accuracy:
Final results on biggan classes:
  top 1 accuracy iCaRL          :		97.25 %
  top 1 accuracy Hybrid 1       :		91.38 %
  top 1 accuracy NCM            :		97.12 %
Final results on cyclegan classes:
  top 1 accuracy iCaRL          :		92.94 %
  top 1 accuracy Hybrid 1       :		70.04 %
  top 1 accuracy NCM            :		92.75 %
Binary accuracy:
Final results on cyclegan classes:
  top 1 accuracy iCaRL          :		96.76 %
  top 1 accuracy Hybrid 1       :		89.69 %
  top 1 accuracy NCM            :		96.56 %
Final results on imle classes:
  top 1 accuracy iCaRL          :		100.00 %
  top 1 accuracy Hybrid 1       :		99.88 %
  top 1 accuracy NCM            :		100.00 %
Binary accuracy:
Final results on imle classes:
  top 1 accuracy iCaRL          :		100.00 %
  top 1 accuracy Hybrid 1       :		99.53 %
  top 1 accuracy NCM            :		100.00 %
Final results on cumul of classes:
  top 1 accuracy iCaRL          :		88.89 %
  top 1 accuracy Hybrid 1       :		88.16 %
  top 1 accuracy NCM            :		88.77 %
Binary accuracy:
Final results on binary cumul of classes:
  top 1 accuracy iCaRL          :		98.25 %
  top 1 accuracy Hybrid 1       :		87.30 %
  top 1 accuracy NCM            :		98.21 %
Classes in this batch: tensor([8, 9])
Data Size: 3248


Before first epoch
  validation loss:		1.049280
  top 1 accuracy:		0.00 %
  top 2 accuracy:		0.00 %
Batch of classes number 5 arrives ...
0.7639543414115906
0.17732158303260803
Batch of classes 5 out of 7 batches
Epoch 1 of 30 took 51.417s
  training loss:		0.249230
  validation loss:		0.631549
  top 1 accuracy:		0.00 %
  top 2 accuracy:		38.45 %
0.15155403316020966
0.16427907347679138
Batch of classes 5 out of 7 batches
Epoch 2 of 30 took 36.523s
  training loss:		0.163726
  validation loss:		0.539867
  top 1 accuracy:		61.55 %
  top 2 accuracy:		78.84 %
0.1710302084684372
0.14453981816768646
Batch of classes 5 out of 7 batches
Epoch 3 of 30 took 36.283s
  training loss:		0.156592
  validation loss:		0.559507
  top 1 accuracy:		73.57 %
  top 2 accuracy:		85.86 %
0.14885255694389343
0.15098631381988525
Batch of classes 5 out of 7 batches
Epoch 4 of 30 took 36.313s
  training loss:		0.154938
  validation loss:		0.555904
  top 1 accuracy:		88.17 %
  top 2 accuracy:		92.98 %
0.1495351493358612
0.15264640748500824
Batch of classes 5 out of 7 batches
Epoch 5 of 30 took 36.889s
  training loss:		0.148448
  validation loss:		0.548824
  top 1 accuracy:		88.91 %
  top 2 accuracy:		92.88 %
0.1557983011007309
0.1417793333530426
Batch of classes 5 out of 7 batches
Epoch 6 of 30 took 36.488s
  training loss:		0.151466
  validation loss:		0.589924
  top 1 accuracy:		84.57 %
  top 2 accuracy:		89.65 %
0.12433214485645294
0.1656613051891327
Batch of classes 5 out of 7 batches
Epoch 7 of 30 took 36.485s
  training loss:		0.146542
  validation loss:		0.557426
  top 1 accuracy:		88.35 %
  top 2 accuracy:		92.24 %
0.14700277149677277
0.1416906714439392
Batch of classes 5 out of 7 batches
Epoch 8 of 30 took 36.278s
  training loss:		0.147682
  validation loss:		0.592381
  top 1 accuracy:		88.54 %
  top 2 accuracy:		94.27 %
0.135074645280838
0.1362731009721756
Batch of classes 5 out of 7 batches
Epoch 9 of 30 took 36.863s
  training loss:		0.147709
  validation loss:		0.606477
  top 1 accuracy:		73.66 %
  top 2 accuracy:		91.40 %
0.150633305311203
0.1546301543712616
Batch of classes 5 out of 7 batches
Epoch 10 of 30 took 36.710s
  training loss:		0.146561
  validation loss:		0.577915
  top 1 accuracy:		79.57 %
  top 2 accuracy:		85.95 %
0.13683710992336273
0.12552885711193085
Batch of classes 5 out of 7 batches
Epoch 11 of 30 took 36.142s
  training loss:		0.139621
  validation loss:		0.567816
  top 1 accuracy:		91.13 %
  top 2 accuracy:		93.44 %
0.16204138100147247
0.1264801025390625
Batch of classes 5 out of 7 batches
Epoch 12 of 30 took 36.772s
  training loss:		0.138401
  validation loss:		0.557729
  top 1 accuracy:		90.94 %
  top 2 accuracy:		93.99 %
0.13646450638771057
0.14408071339130402
Batch of classes 5 out of 7 batches
Epoch 13 of 30 took 36.918s
  training loss:		0.136884
  validation loss:		0.564972
  top 1 accuracy:		87.25 %
  top 2 accuracy:		92.42 %
0.15222914516925812
0.13796541094779968
Batch of classes 5 out of 7 batches
Epoch 14 of 30 took 36.714s
  training loss:		0.137988
  validation loss:		0.585382
  top 1 accuracy:		91.87 %
  top 2 accuracy:		93.81 %
0.13807153701782227
0.13209325075149536
Batch of classes 5 out of 7 batches
Epoch 15 of 30 took 36.585s
  training loss:		0.136091
  validation loss:		0.616796
  top 1 accuracy:		91.68 %
  top 2 accuracy:		94.45 %
0.15619298815727234
0.12037010490894318
Batch of classes 5 out of 7 batches
Epoch 16 of 30 took 36.659s
  training loss:		0.135854
  validation loss:		0.562186
  top 1 accuracy:		91.22 %
  top 2 accuracy:		94.36 %
0.1395248919725418
0.13055555522441864
Batch of classes 5 out of 7 batches
Epoch 17 of 30 took 36.239s
  training loss:		0.136522
  validation loss:		0.588864
  top 1 accuracy:		86.14 %
  top 2 accuracy:		91.13 %
0.1477222442626953
0.15880796313285828
Batch of classes 5 out of 7 batches
Epoch 18 of 30 took 36.331s
  training loss:		0.135831
  validation loss:		0.566736
  top 1 accuracy:		90.85 %
  top 2 accuracy:		94.09 %
0.1547372043132782
0.1659208983182907
Batch of classes 5 out of 7 batches
Epoch 19 of 30 took 35.984s
  training loss:		0.137099
  validation loss:		0.599126
  top 1 accuracy:		88.91 %
  top 2 accuracy:		93.53 %
0.14199693500995636
0.14463631808757782
Batch of classes 5 out of 7 batches
Epoch 20 of 30 took 37.189s
  training loss:		0.135760
  validation loss:		0.581919
  top 1 accuracy:		91.77 %
  top 2 accuracy:		95.38 %
0.13176581263542175
0.14947541058063507
Batch of classes 5 out of 7 batches
Epoch 21 of 30 took 36.211s
  training loss:		0.134161
  validation loss:		0.573780
  top 1 accuracy:		92.33 %
  top 2 accuracy:		94.82 %
0.12759844958782196
0.11115708202123642
Batch of classes 5 out of 7 batches
Epoch 22 of 30 took 36.838s
  training loss:		0.133525
  validation loss:		0.575690
  top 1 accuracy:		90.76 %
  top 2 accuracy:		93.53 %
0.12721171975135803
0.12316134572029114
Batch of classes 5 out of 7 batches
Epoch 23 of 30 took 36.709s
  training loss:		0.133252
  validation loss:		0.589270
  top 1 accuracy:		92.33 %
  top 2 accuracy:		95.10 %
0.14630770683288574
0.130160391330719
Batch of classes 5 out of 7 batches
Epoch 24 of 30 took 36.678s
  training loss:		0.132878
  validation loss:		0.565661
  top 1 accuracy:		92.24 %
  top 2 accuracy:		95.10 %
0.1422661989927292
0.12180183827877045
Batch of classes 5 out of 7 batches
Epoch 25 of 30 took 36.769s
  training loss:		0.133499
  validation loss:		0.580066
  top 1 accuracy:		92.51 %
  top 2 accuracy:		94.64 %
0.14746037125587463
0.14809803664684296
Batch of classes 5 out of 7 batches
Epoch 26 of 30 took 36.816s
  training loss:		0.132943
  validation loss:		0.600630
  top 1 accuracy:		91.04 %
  top 2 accuracy:		93.62 %
0.1596052050590515
0.12946933507919312
Batch of classes 5 out of 7 batches
Epoch 27 of 30 took 36.490s
  training loss:		0.134164
  validation loss:		0.596410
  top 1 accuracy:		92.51 %
  top 2 accuracy:		95.19 %
0.13595075905323029
0.12950316071510315
Batch of classes 5 out of 7 batches
Epoch 28 of 30 took 36.268s
  training loss:		0.133352
  validation loss:		0.574500
  top 1 accuracy:		90.76 %
  top 2 accuracy:		94.09 %
0.15160949528217316
0.12939783930778503
Batch of classes 5 out of 7 batches
Epoch 29 of 30 took 36.995s
  training loss:		0.133395
  validation loss:		0.571646
  top 1 accuracy:		93.07 %
  top 2 accuracy:		95.47 %
0.14002647995948792
0.12240412831306458
Batch of classes 5 out of 7 batches
Epoch 30 of 30 took 35.890s
  training loss:		0.132801
  validation loss:		0.578290
  top 1 accuracy:		91.96 %
  top 2 accuracy:		94.73 %
Updating exemplar set...
Computing mean-of_exemplars and theoretical mean...
tensor(180)
tensor(180)
tensor(180)
tensor(180)
tensor(180)
tensor(180)
tensor(180)
tensor(180)
tensor(180)
tensor(180)
Computing accuracy on the original batch of classes...
Final results on gaugan classes:
  top 1 accuracy iCaRL          :		79.10 %
  top 1 accuracy Hybrid 1       :		81.25 %
  top 1 accuracy NCM            :		77.85 %
Binary accuracy:
Final results on gaugan classes:
  top 1 accuracy iCaRL          :		94.85 %
  top 1 accuracy Hybrid 1       :		52.65 %
  top 1 accuracy NCM            :		94.60 %
Final results on biggan classes:
  top 1 accuracy iCaRL          :		68.25 %
  top 1 accuracy Hybrid 1       :		55.75 %
  top 1 accuracy NCM            :		69.25 %
Binary accuracy:
Final results on biggan classes:
  top 1 accuracy iCaRL          :		94.88 %
  top 1 accuracy Hybrid 1       :		64.62 %
  top 1 accuracy NCM            :		94.50 %
Final results on cyclegan classes:
  top 1 accuracy iCaRL          :		90.65 %
  top 1 accuracy Hybrid 1       :		57.06 %
  top 1 accuracy NCM            :		90.27 %
Binary accuracy:
Final results on cyclegan classes:
  top 1 accuracy iCaRL          :		95.99 %
  top 1 accuracy Hybrid 1       :		87.02 %
  top 1 accuracy NCM            :		95.99 %
Final results on imle classes:
  top 1 accuracy iCaRL          :		99.92 %
  top 1 accuracy Hybrid 1       :		98.04 %
  top 1 accuracy NCM            :		99.92 %
Binary accuracy:
Final results on imle classes:
  top 1 accuracy iCaRL          :		100.00 %
  top 1 accuracy Hybrid 1       :		99.80 %
  top 1 accuracy NCM            :		100.00 %
Final results on deepfake classes:
  top 1 accuracy iCaRL          :		96.49 %
  top 1 accuracy Hybrid 1       :		91.96 %
  top 1 accuracy NCM            :		96.40 %
Binary accuracy:
Final results on deepfake classes:
  top 1 accuracy iCaRL          :		96.67 %
  top 1 accuracy Hybrid 1       :		74.86 %
  top 1 accuracy NCM            :		96.58 %
Final results on cumul of classes:
  top 1 accuracy iCaRL          :		89.06 %
  top 1 accuracy Hybrid 1       :		84.32 %
  top 1 accuracy NCM            :		88.78 %
Binary accuracy:
Final results on binary cumul of classes:
  top 1 accuracy iCaRL          :		97.11 %
  top 1 accuracy Hybrid 1       :		77.36 %
  top 1 accuracy NCM            :		96.98 %
Classes in this batch: tensor([10, 11])
Data Size: 7658


Before first epoch
  validation loss:		1.985435
  top 1 accuracy:		0.00 %
  top 2 accuracy:		0.00 %
Batch of classes number 6 arrives ...
0.8239949941635132
0.29853934049606323
0.17015202343463898
Batch of classes 6 out of 7 batches
Epoch 1 of 30 took 150.510s
  training loss:		0.211863
  validation loss:		0.714612
  top 1 accuracy:		44.44 %
  top 2 accuracy:		63.60 %
0.12735800445079803
0.12685059010982513
0.15830259025096893
Batch of classes 6 out of 7 batches
Epoch 2 of 30 took 75.609s
  training loss:		0.149238
  validation loss:		0.647668
  top 1 accuracy:		50.31 %
  top 2 accuracy:		88.32 %
0.1387411206960678
0.15738242864608765
0.12415191531181335
Batch of classes 6 out of 7 batches
Epoch 3 of 30 took 74.590s
  training loss:		0.146506
  validation loss:		0.592762
  top 1 accuracy:		43.50 %
  top 2 accuracy:		71.87 %
0.14413486421108246
0.17786146700382233
0.14986559748649597
Batch of classes 6 out of 7 batches
Epoch 4 of 30 took 74.930s
  training loss:		0.145861
  validation loss:		0.719455
  top 1 accuracy:		49.10 %
  top 2 accuracy:		75.04 %
0.139576256275177
0.1611732691526413
0.11869855225086212
Batch of classes 6 out of 7 batches
Epoch 5 of 30 took 74.708s
  training loss:		0.146736
  validation loss:		0.668273
  top 1 accuracy:		50.16 %
  top 2 accuracy:		77.86 %
0.12993547320365906
0.15359127521514893
0.14539466798305511
Batch of classes 6 out of 7 batches
Epoch 6 of 30 took 75.125s
  training loss:		0.145269
  validation loss:		0.707129
  top 1 accuracy:		52.00 %
  top 2 accuracy:		83.11 %
0.13351672887802124
0.1405591368675232
0.15554803609848022
Batch of classes 6 out of 7 batches
Epoch 7 of 30 took 74.979s
  training loss:		0.142257
  validation loss:		0.765137
  top 1 accuracy:		55.41 %
  top 2 accuracy:		96.75 %
0.15266644954681396
0.1564774513244629
0.11300373077392578
Batch of classes 6 out of 7 batches
Epoch 8 of 30 took 74.795s
  training loss:		0.142416
  validation loss:		0.623398
  top 1 accuracy:		70.81 %
  top 2 accuracy:		93.03 %
0.14029747247695923
0.13234573602676392
0.12796542048454285
Batch of classes 6 out of 7 batches
Epoch 9 of 30 took 77.610s
  training loss:		0.141756
  validation loss:		0.746652
  top 1 accuracy:		89.15 %
  top 2 accuracy:		98.24 %
0.14271758496761322
0.13447162508964539
0.14661481976509094
Batch of classes 6 out of 7 batches
Epoch 10 of 30 took 78.599s
  training loss:		0.140731
  validation loss:		0.696680
  top 1 accuracy:		46.59 %
  top 2 accuracy:		66.69 %
0.1496228277683258
0.14057233929634094
0.14866316318511963
Batch of classes 6 out of 7 batches
Epoch 11 of 30 took 74.561s
  training loss:		0.135968
  validation loss:		0.689151
  top 1 accuracy:		86.05 %
  top 2 accuracy:		99.06 %
0.1166544184088707
0.1240486279129982
0.13930481672286987
Batch of classes 6 out of 7 batches
Epoch 12 of 30 took 75.101s
  training loss:		0.135073
  validation loss:		0.700473
  top 1 accuracy:		91.46 %
  top 2 accuracy:		99.61 %
0.15904241800308228
0.1452835500240326
0.14843665063381195
Batch of classes 6 out of 7 batches
Epoch 13 of 30 took 74.549s
  training loss:		0.133006
  validation loss:		0.696070
  top 1 accuracy:		94.67 %
  top 2 accuracy:		99.69 %
0.12961211800575256
0.12850752472877502
0.14533111453056335
Batch of classes 6 out of 7 batches
Epoch 14 of 30 took 75.246s
  training loss:		0.133074
  validation loss:		0.701503
  top 1 accuracy:		92.01 %
  top 2 accuracy:		99.26 %
0.14868958294391632
0.13602586090564728
0.1333097219467163
Batch of classes 6 out of 7 batches
Epoch 15 of 30 took 74.585s
  training loss:		0.132969
  validation loss:		0.728262
  top 1 accuracy:		90.28 %
  top 2 accuracy:		99.69 %
0.12963169813156128
0.13358911871910095
0.138534277677536
Batch of classes 6 out of 7 batches
Epoch 16 of 30 took 74.116s
  training loss:		0.133357
  validation loss:		0.687316
  top 1 accuracy:		96.94 %
  top 2 accuracy:		99.57 %
0.11655386537313461
0.1140582337975502
0.1374693214893341
Batch of classes 6 out of 7 batches
Epoch 17 of 30 took 74.906s
  training loss:		0.133219
  validation loss:		0.690093
  top 1 accuracy:		97.73 %
  top 2 accuracy:		100.00 %
0.10265794396400452
0.13943958282470703
0.13188916444778442
Batch of classes 6 out of 7 batches
Epoch 18 of 30 took 74.511s
  training loss:		0.132475
  validation loss:		0.743189
  top 1 accuracy:		97.61 %
  top 2 accuracy:		99.88 %
0.13639669120311737
0.13137297332286835
0.12052325159311295
Batch of classes 6 out of 7 batches
Epoch 19 of 30 took 75.331s
  training loss:		0.132431
  validation loss:		0.752000
  top 1 accuracy:		95.77 %
  top 2 accuracy:		99.88 %
0.13351017236709595
0.1250688135623932
0.1335153579711914
Batch of classes 6 out of 7 batches
Epoch 20 of 30 took 75.332s
  training loss:		0.132735
  validation loss:		0.753436
  top 1 accuracy:		95.38 %
  top 2 accuracy:		99.49 %
0.15733033418655396
0.15792059898376465
0.11286082118749619
Batch of classes 6 out of 7 batches
Epoch 21 of 30 took 75.059s
  training loss:		0.131762
  validation loss:		0.707057
  top 1 accuracy:		90.79 %
  top 2 accuracy:		99.57 %
0.15460947155952454
0.1588018387556076
0.1451641172170639
Batch of classes 6 out of 7 batches
Epoch 22 of 30 took 75.369s
  training loss:		0.131479
  validation loss:		0.750850
  top 1 accuracy:		94.51 %
  top 2 accuracy:		99.88 %
0.12923437356948853
0.1358034759759903
0.122547447681427
Batch of classes 6 out of 7 batches
Epoch 23 of 30 took 75.068s
  training loss:		0.131630
  validation loss:		0.699450
  top 1 accuracy:		95.02 %
  top 2 accuracy:		99.92 %
0.10863752663135529
0.13376134634017944
0.15229426324367523
Batch of classes 6 out of 7 batches
Epoch 24 of 30 took 73.927s
  training loss:		0.130961
  validation loss:		0.705727
  top 1 accuracy:		97.49 %
  top 2 accuracy:		99.92 %
0.14407694339752197
0.12786057591438293
0.14325755834579468
Batch of classes 6 out of 7 batches
Epoch 25 of 30 took 81.809s
  training loss:		0.130636
  validation loss:		0.722205
  top 1 accuracy:		97.37 %
  top 2 accuracy:		100.00 %
0.14892809092998505
0.13145394623279572
0.1109820008277893
Batch of classes 6 out of 7 batches
Epoch 26 of 30 took 74.188s
  training loss:		0.131504
  validation loss:		0.711560
  top 1 accuracy:		95.92 %
  top 2 accuracy:		99.96 %
0.15725064277648926
0.14417360723018646
0.13862405717372894
Batch of classes 6 out of 7 batches
Epoch 27 of 30 took 74.916s
  training loss:		0.131252
  validation loss:		0.731578
  top 1 accuracy:		94.75 %
  top 2 accuracy:		99.88 %
0.11525092273950577
0.1276760697364807
0.10599055141210556
Batch of classes 6 out of 7 batches
Epoch 28 of 30 took 74.885s
  training loss:		0.131072
  validation loss:		0.713593
  top 1 accuracy:		95.38 %
  top 2 accuracy:		99.88 %
0.10673446208238602
0.14426463842391968
0.14284351468086243
Batch of classes 6 out of 7 batches
Epoch 29 of 30 took 75.179s
  training loss:		0.131142
  validation loss:		0.708559
  top 1 accuracy:		94.20 %
  top 2 accuracy:		99.88 %
0.14281678199768066
0.12065224349498749
0.12721677124500275
Batch of classes 6 out of 7 batches
Epoch 30 of 30 took 74.326s
  training loss:		0.130633
  validation loss:		0.738225
  top 1 accuracy:		96.04 %
  top 2 accuracy:		99.96 %
Updating exemplar set...
Computing mean-of_exemplars and theoretical mean...
tensor(150)
tensor(150)
tensor(150)
tensor(150)
tensor(150)
tensor(150)
tensor(150)
tensor(150)
tensor(150)
tensor(150)
tensor(150)
tensor(150)
Computing accuracy on the original batch of classes...
Final results on gaugan classes:
  top 1 accuracy iCaRL          :		74.30 %
  top 1 accuracy Hybrid 1       :		72.15 %
  top 1 accuracy NCM            :		72.50 %
Binary accuracy:
Final results on gaugan classes:
  top 1 accuracy iCaRL          :		92.90 %
  top 1 accuracy Hybrid 1       :		53.15 %
  top 1 accuracy NCM            :		92.45 %
Final results on biggan classes:
  top 1 accuracy iCaRL          :		71.50 %
  top 1 accuracy Hybrid 1       :		48.62 %
  top 1 accuracy NCM            :		70.12 %
Binary accuracy:
Final results on biggan classes:
  top 1 accuracy iCaRL          :		93.88 %
  top 1 accuracy Hybrid 1       :		61.12 %
  top 1 accuracy NCM            :		93.00 %
Final results on cyclegan classes:
  top 1 accuracy iCaRL          :		89.31 %
  top 1 accuracy Hybrid 1       :		55.73 %
  top 1 accuracy NCM            :		90.65 %
Binary accuracy:
Final results on cyclegan classes:
  top 1 accuracy iCaRL          :		95.61 %
  top 1 accuracy Hybrid 1       :		78.44 %
  top 1 accuracy NCM            :		95.99 %
Final results on imle classes:
  top 1 accuracy iCaRL          :		70.57 %
  top 1 accuracy Hybrid 1       :		53.84 %
  top 1 accuracy NCM            :		81.27 %
Binary accuracy:
Final results on imle classes:
  top 1 accuracy iCaRL          :		100.00 %
  top 1 accuracy Hybrid 1       :		99.10 %
  top 1 accuracy NCM            :		100.00 %
Final results on deepfake classes:
  top 1 accuracy iCaRL          :		96.12 %
  top 1 accuracy Hybrid 1       :		91.31 %
  top 1 accuracy NCM            :		96.12 %
Binary accuracy:
Final results on deepfake classes:
  top 1 accuracy iCaRL          :		96.21 %
  top 1 accuracy Hybrid 1       :		69.96 %
  top 1 accuracy NCM            :		96.21 %
Final results on crn classes:
  top 1 accuracy iCaRL          :		79.47 %
  top 1 accuracy Hybrid 1       :		96.04 %
  top 1 accuracy NCM            :		68.69 %
Binary accuracy:
Final results on crn classes:
  top 1 accuracy iCaRL          :		100.00 %
  top 1 accuracy Hybrid 1       :		99.84 %
  top 1 accuracy NCM            :		100.00 %
Final results on cumul of classes:
  top 1 accuracy iCaRL          :		77.76 %
  top 1 accuracy Hybrid 1       :		72.94 %
  top 1 accuracy NCM            :		77.32 %
Binary accuracy:
Final results on binary cumul of classes:
  top 1 accuracy iCaRL          :		97.32 %
  top 1 accuracy Hybrid 1       :		81.99 %
  top 1 accuracy NCM            :		97.17 %
Classes in this batch: tensor([12, 13])
Data Size: 6208


Before first epoch
  validation loss:		1.326840
  top 1 accuracy:		0.00 %
  top 2 accuracy:		0.00 %
Batch of classes number 7 arrives ...
1.3358455896377563
0.3379567265510559
0.2691037952899933
Batch of classes 7 out of 7 batches
Epoch 1 of 30 took 90.867s
  training loss:		0.325131
  validation loss:		0.772055
  top 1 accuracy:		0.00 %
  top 2 accuracy:		0.00 %
0.2593805193901062
0.2597607672214508
0.2892703413963318
Batch of classes 7 out of 7 batches
Epoch 2 of 30 took 57.651s
  training loss:		0.283274
  validation loss:		0.777017
  top 1 accuracy:		0.19 %
  top 2 accuracy:		2.04 %
0.2782825827598572
0.2739846408367157
0.26149487495422363
Batch of classes 7 out of 7 batches
Epoch 3 of 30 took 57.404s
  training loss:		0.274259
  validation loss:		0.726239
  top 1 accuracy:		0.10 %
  top 2 accuracy:		9.21 %
0.3157617747783661
0.26582273840904236
0.2989276945590973
Batch of classes 7 out of 7 batches
Epoch 4 of 30 took 56.866s
  training loss:		0.269173
  validation loss:		0.818752
  top 1 accuracy:		1.94 %
  top 2 accuracy:		17.94 %
0.27558469772338867
0.29217329621315
0.2934578061103821
Batch of classes 7 out of 7 batches
Epoch 5 of 30 took 59.337s
  training loss:		0.264129
  validation loss:		0.746535
  top 1 accuracy:		1.70 %
  top 2 accuracy:		14.20 %
0.23184041678905487
0.28719842433929443
0.286196768283844
Batch of classes 7 out of 7 batches
Epoch 6 of 30 took 57.544s
  training loss:		0.261506
  validation loss:		0.766297
  top 1 accuracy:		2.67 %
  top 2 accuracy:		13.14 %
0.2955683469772339
0.23907417058944702
0.2734479010105133
Batch of classes 7 out of 7 batches
Epoch 7 of 30 took 57.044s
  training loss:		0.257907
  validation loss:		0.752052
  top 1 accuracy:		8.05 %
  top 2 accuracy:		31.07 %
0.30689752101898193
0.24614210426807404
0.2811037003993988
Batch of classes 7 out of 7 batches
Epoch 8 of 30 took 57.679s
  training loss:		0.255461
  validation loss:		0.736879
  top 1 accuracy:		17.55 %
  top 2 accuracy:		39.41 %
0.24229231476783752
0.2630065679550171
0.2441142201423645
Batch of classes 7 out of 7 batches
Epoch 9 of 30 took 57.642s
  training loss:		0.255131
  validation loss:		0.735675
  top 1 accuracy:		18.71 %
  top 2 accuracy:		37.66 %
0.21697014570236206
0.2513863444328308
0.2101115882396698
Batch of classes 7 out of 7 batches
Epoch 10 of 30 took 57.653s
  training loss:		0.251343
  validation loss:		0.746834
  top 1 accuracy:		6.01 %
  top 2 accuracy:		23.02 %
0.2393254041671753
0.24471287429332733
0.22033967077732086
Batch of classes 7 out of 7 batches
Epoch 11 of 30 took 57.860s
  training loss:		0.238761
  validation loss:		0.781194
  top 1 accuracy:		22.83 %
  top 2 accuracy:		41.78 %
0.23456014692783356
0.2038101702928543
0.22818410396575928
Batch of classes 7 out of 7 batches
Epoch 12 of 30 took 56.200s
  training loss:		0.235467
  validation loss:		0.775142
  top 1 accuracy:		22.59 %
  top 2 accuracy:		39.70 %
0.25233781337738037
0.2269013375043869
0.228907972574234
Batch of classes 7 out of 7 batches
Epoch 13 of 30 took 58.042s
  training loss:		0.232818
  validation loss:		0.751823
  top 1 accuracy:		29.96 %
  top 2 accuracy:		47.94 %
0.20243054628372192
0.2620204985141754
0.21507421135902405
Batch of classes 7 out of 7 batches
Epoch 14 of 30 took 57.773s
  training loss:		0.231605
  validation loss:		0.820460
  top 1 accuracy:		32.33 %
  top 2 accuracy:		43.58 %
0.2624770998954773
0.20993377268314362
0.20954197645187378
Batch of classes 7 out of 7 batches
Epoch 15 of 30 took 57.577s
  training loss:		0.229770
  validation loss:		0.814327
  top 1 accuracy:		31.07 %
  top 2 accuracy:		47.41 %
0.2532650828361511
0.20170585811138153
0.23347188532352448
Batch of classes 7 out of 7 batches
Epoch 16 of 30 took 56.581s
  training loss:		0.229644
  validation loss:		0.749952
  top 1 accuracy:		37.66 %
  top 2 accuracy:		54.10 %
0.2451954334974289
0.23396898806095123
0.24051149189472198
Batch of classes 7 out of 7 batches
Epoch 17 of 30 took 57.616s
  training loss:		0.227686
  validation loss:		0.779053
  top 1 accuracy:		32.77 %
  top 2 accuracy:		48.52 %
0.2050202637910843
0.22817248106002808
0.2631048262119293
Batch of classes 7 out of 7 batches
Epoch 18 of 30 took 57.775s
  training loss:		0.226403
  validation loss:		0.760715
  top 1 accuracy:		40.23 %
  top 2 accuracy:		54.10 %
0.2073628306388855
0.2517348527908325
0.2511332631111145
Batch of classes 7 out of 7 batches
Epoch 19 of 30 took 57.775s
  training loss:		0.225719
  validation loss:		0.803777
  top 1 accuracy:		35.43 %
  top 2 accuracy:		47.70 %
0.22621557116508484
0.2204427421092987
0.20384198427200317
Batch of classes 7 out of 7 batches
Epoch 20 of 30 took 57.713s
  training loss:		0.223953
  validation loss:		0.791376
  top 1 accuracy:		40.09 %
  top 2 accuracy:		52.88 %
0.18948999047279358
0.22632747888565063
0.2050064653158188
Batch of classes 7 out of 7 batches
Epoch 21 of 30 took 57.113s
  training loss:		0.218623
  validation loss:		0.756077
  top 1 accuracy:		44.98 %
  top 2 accuracy:		57.97 %
0.22636166214942932
0.218958780169487
0.21985583007335663
Batch of classes 7 out of 7 batches
Epoch 22 of 30 took 58.080s
  training loss:		0.216261
  validation loss:		0.777013
  top 1 accuracy:		45.95 %
  top 2 accuracy:		58.65 %
0.2033892124891281
0.2768571078777313
0.2152327448129654
Batch of classes 7 out of 7 batches
Epoch 23 of 30 took 57.815s
  training loss:		0.217101
  validation loss:		0.768068
  top 1 accuracy:		47.41 %
  top 2 accuracy:		58.94 %
0.21387594938278198
0.24387243390083313
0.23852655291557312
Batch of classes 7 out of 7 batches
Epoch 24 of 30 took 58.116s
  training loss:		0.214896
  validation loss:		0.787662
  top 1 accuracy:		45.76 %
  top 2 accuracy:		58.51 %
0.20508863031864166
0.22589752078056335
0.20845042169094086
Batch of classes 7 out of 7 batches
Epoch 25 of 30 took 61.999s
  training loss:		0.214176
  validation loss:		0.770467
  top 1 accuracy:		46.44 %
  top 2 accuracy:		57.73 %
0.19616033136844635
0.22178113460540771
0.18197675049304962
Batch of classes 7 out of 7 batches
Epoch 26 of 30 took 57.628s
  training loss:		0.214193
  validation loss:		0.759887
  top 1 accuracy:		46.92 %
  top 2 accuracy:		58.75 %
0.2042326182126999
0.20231632888317108
0.19054014980793
Batch of classes 7 out of 7 batches
Epoch 27 of 30 took 57.857s
  training loss:		0.214507
  validation loss:		0.776887
  top 1 accuracy:		45.47 %
  top 2 accuracy:		57.63 %
0.19999271631240845
0.18582893908023834
0.2543507218360901
Batch of classes 7 out of 7 batches
Epoch 28 of 30 took 57.727s
  training loss:		0.213216
  validation loss:		0.793318
  top 1 accuracy:		48.67 %
  top 2 accuracy:		60.54 %
0.21257026493549347
0.20699280500411987
0.23656722903251648
Batch of classes 7 out of 7 batches
Epoch 29 of 30 took 57.616s
  training loss:		0.211619
  validation loss:		0.785173
  top 1 accuracy:		46.39 %
  top 2 accuracy:		57.97 %
0.23104745149612427
0.20259544253349304
0.22086136043071747
Batch of classes 7 out of 7 batches
Epoch 30 of 30 took 57.324s
  training loss:		0.210992
  validation loss:		0.783800
  top 1 accuracy:		49.59 %
  top 2 accuracy:		61.22 %
Updating exemplar set...
Computing mean-of_exemplars and theoretical mean...
tensor(128)
tensor(128)
tensor(128)
tensor(128)
tensor(128)
tensor(128)
tensor(128)
tensor(128)
tensor(128)
tensor(128)
tensor(128)
tensor(128)
tensor(128)
tensor(128)
Computing accuracy on the original batch of classes...
Final results on gaugan classes:
  top 1 accuracy iCaRL          :		68.85 %
  top 1 accuracy Hybrid 1       :		59.90 %
  top 1 accuracy NCM            :		66.50 %
Binary accuracy:
Final results on gaugan classes:
  top 1 accuracy iCaRL          :		84.65 %
  top 1 accuracy Hybrid 1       :		50.65 %
  top 1 accuracy NCM            :		85.05 %
Final results on biggan classes:
  top 1 accuracy iCaRL          :		57.75 %
  top 1 accuracy Hybrid 1       :		33.25 %
  top 1 accuracy NCM            :		59.88 %
Binary accuracy:
Final results on biggan classes:
  top 1 accuracy iCaRL          :		85.50 %
  top 1 accuracy Hybrid 1       :		52.62 %
  top 1 accuracy NCM            :		85.75 %
Final results on cyclegan classes:
  top 1 accuracy iCaRL          :		83.21 %
  top 1 accuracy Hybrid 1       :		52.29 %
  top 1 accuracy NCM            :		84.73 %
Binary accuracy:
Final results on cyclegan classes:
  top 1 accuracy iCaRL          :		93.51 %
  top 1 accuracy Hybrid 1       :		66.03 %
  top 1 accuracy NCM            :		94.08 %
Final results on imle classes:
  top 1 accuracy iCaRL          :		74.73 %
  top 1 accuracy Hybrid 1       :		50.71 %
  top 1 accuracy NCM            :		73.71 %
Binary accuracy:
Final results on imle classes:
  top 1 accuracy iCaRL          :		99.88 %
  top 1 accuracy Hybrid 1       :		91.22 %
  top 1 accuracy NCM            :		99.88 %
Final results on deepfake classes:
  top 1 accuracy iCaRL          :		88.17 %
  top 1 accuracy Hybrid 1       :		75.60 %
  top 1 accuracy NCM            :		88.26 %
Binary accuracy:
Final results on deepfake classes:
  top 1 accuracy iCaRL          :		95.10 %
  top 1 accuracy Hybrid 1       :		63.40 %
  top 1 accuracy NCM            :		95.19 %
Final results on crn classes:
  top 1 accuracy iCaRL          :		75.00 %
  top 1 accuracy Hybrid 1       :		98.39 %
  top 1 accuracy NCM            :		75.94 %
Binary accuracy:
Final results on crn classes:
  top 1 accuracy iCaRL          :		99.96 %
  top 1 accuracy Hybrid 1       :		98.79 %
  top 1 accuracy NCM            :		99.96 %
Final results on wild classes:
  top 1 accuracy iCaRL          :		80.76 %
  top 1 accuracy Hybrid 1       :		49.59 %
  top 1 accuracy NCM            :		80.47 %
Binary accuracy:
Final results on wild classes:
  top 1 accuracy iCaRL          :		81.48 %
  top 1 accuracy Hybrid 1       :		52.30 %
  top 1 accuracy NCM            :		81.24 %
Final results on cumul of classes:
  top 1 accuracy iCaRL          :		75.31 %
  top 1 accuracy Hybrid 1       :		63.80 %
  top 1 accuracy NCM            :		75.06 %
Binary accuracy:
Final results on binary cumul of classes:
  top 1 accuracy iCaRL          :		92.26 %
  top 1 accuracy Hybrid 1       :		72.53 %
  top 1 accuracy NCM            :		92.34 %
tensor([[[ 99.6500,   0.0000,   0.0000,   0.0000,   0.0000,   0.0000,   0.0000],
         [ 99.4500,   0.0000,   0.0000,   0.0000,   0.0000,   0.0000,   0.0000],
         [ 99.6000,   0.0000,   0.0000,   0.0000,   0.0000,   0.0000,   0.0000]],

        [[ 97.1000,  98.3750,   0.0000,   0.0000,   0.0000,   0.0000,   0.0000],
         [ 87.8500,  98.0000,   0.0000,   0.0000,   0.0000,   0.0000,   0.0000],
         [ 97.1000,  98.3750,   0.0000,   0.0000,   0.0000,   0.0000,   0.0000]],

        [[ 96.4500,  96.5000,  98.2824,   0.0000,   0.0000,   0.0000,   0.0000],
         [ 78.5500,  83.2500,  95.2290,   0.0000,   0.0000,   0.0000,   0.0000],
         [ 96.5000,  96.5000,  98.2824,   0.0000,   0.0000,   0.0000,   0.0000]],

        [[ 96.8000,  97.2500,  96.7557, 100.0000,   0.0000,   0.0000,   0.0000],
         [ 69.4500,  91.3750,  89.6947,  99.5298,   0.0000,   0.0000,   0.0000],
         [ 96.8000,  97.1250,  96.5649, 100.0000,   0.0000,   0.0000,   0.0000]],

        [[ 94.8500,  94.8750,  95.9924, 100.0000,  96.6728,   0.0000,   0.0000],
         [ 52.6500,  64.6250,  87.0229,  99.8041,  74.8614,   0.0000,   0.0000],
         [ 94.6000,  94.5000,  95.9924, 100.0000,  96.5804,   0.0000,   0.0000]],

        [[ 92.9000,  93.8750,  95.6107, 100.0000,  96.2107, 100.0000,   0.0000],
         [ 53.1500,  61.1250,  78.4351,  99.0987,  69.9630,  99.8433,   0.0000],
         [ 92.4500,  93.0000,  95.9924, 100.0000,  96.2107, 100.0000,   0.0000]],

        [[ 84.6500,  85.5000,  93.5115,  99.8824,  95.1017,  99.9608,  81.4833],
         [ 50.6500,  52.6250,  66.0305,  91.2226,  63.4011,  98.7853,  52.3025],
         [ 85.0500,  85.7500,  94.0840,  99.8824,  95.1941,  99.9608,  81.2409]]])
tensor([91.4414, 67.8596, 91.5946])
